Mplus VERSION 8.2
MUTHEN & MUTHEN
03/19/2019   2:12 PM

INPUT INSTRUCTIONS

  TITLE: Full SEM Model 5 of Burnout for Secondary Teachers;

  DATA: file=allsecondary.dat;
        format = free;

  variable:
  names = rolea1 rolea2 rolec1 rolec2 work1 work2 cclim1 cclim2 cclim3
  cclim4 dec1 dec2 ssup1 ssup2 psup1 psup2 self1 self2 self3 elc1
  elc2 elc3 elc4 elc5 ee1 ee2 ee3 dp1 dp2 pa1 pa2 pa3;
  usevariables = rolea1-pa3;

  Analysis:
  estimator = MLM; !due to non-normality

  Model:

  !measurement model
  !added cross-loading indicators
  F1 by rolea1-rolea2 dec2; !role ambiguity
  F2 by rolec1-rolec2; !role conflict
  F3 by work1-work2; !work overload
  F4 by cclim1-cclim4; !classroom climate
  F5 by dec1-dec2; !decision-making
  F6 by ssup1-ssup2 dec2; !superior support
  F7 by psup1-psup2; !peer support
  F8 by self1-self3; !self-esteem
  F9 by elc1-elc5; !external loc. of control
  F10 by ee1-ee3; !emotional exhaustion
  F11 by dp1-dp2; !depersonalization
  F12 by pa1-pa3; !personal accomplishment

  !structural model
  !freely estimate F11 on F4
  !freely estimate F12 on F5
  !freely estimate F9 on F2
  !freely estimate F9 on F8
  F8 on F5 F6 F7;
  F9 on F5 F2 F8;
  F10 on F2 F3 F4;
  F11 on F2 F10 F4;
  F12 on F1 F8 F9 F10 F11 F5;

  Output: modindices; tech1;



INPUT READING TERMINATED NORMALLY



Full SEM Model 5 of Burnout for Secondary Teachers;

SUMMARY OF ANALYSIS

Number of groups                                                 1
Number of observations                                        1430

Number of dependent variables                                   32
Number of independent variables                                  0
Number of continuous latent variables                           12

Observed dependent variables

  Continuous
   ROLEA1      ROLEA2      ROLEC1      ROLEC2      WORK1       WORK2
   CCLIM1      CCLIM2      CCLIM3      CCLIM4      DEC1        DEC2
   SSUP1       SSUP2       PSUP1       PSUP2       SELF1       SELF2
   SELF3       ELC1        ELC2        ELC3        ELC4        ELC5
   EE1         EE2         EE3         DP1         DP2         PA1
   PA2         PA3

Continuous latent variables
   F1          F2          F3          F4          F5          F6
   F7          F8          F9          F10         F11         F12


Estimator                                                      MLM
Information matrix                                        EXPECTED
Maximum number of iterations                                  1000
Convergence criterion                                    0.500D-04
Maximum number of steepest descent iterations                   20

Input data file(s)
  allsecondary.dat

Input data format  FREE



UNIVARIATE SAMPLE STATISTICS


     UNIVARIATE HIGHER-ORDER MOMENT DESCRIPTIVE STATISTICS

         Variable/         Mean/     Skewness/   Minimum/ % with                Percentiles
        Sample Size      Variance    Kurtosis    Maximum  Min/Max      20%/60%    40%/80%    Median

     ROLEA1                2.401       0.646       1.000    7.48%       1.670      2.000      2.330
            1430.000       0.835       0.425       6.000    0.21%       2.670      3.000
     ROLEA2                2.086       1.203       1.000   19.16%       1.500      1.500      2.000
            1430.000       0.945       1.454       6.000    0.28%       2.000      3.000
     ROLEC1                3.015       0.243       1.000    3.71%       2.000      2.670      3.000
            1430.000       1.213      -0.456       6.000    0.84%       3.330      4.000
     ROLEC2                3.018       0.399       1.000    6.92%       2.000      2.500      3.000
            1430.000       1.523      -0.429       6.000    2.31%       3.500      4.000
     WORK1                 3.240       0.151       1.000    3.64%       2.000      3.000      3.330
            1430.000       1.443      -0.666       6.000    1.40%       3.670      4.330
     WORK2                 2.243       0.920       1.000   21.12%       1.000      2.000      2.000
            1430.000       1.186       0.516       6.000    0.63%       2.500      3.000
     CCLIM1                2.964      -0.299       1.000    0.28%       2.670      3.000      3.000
            1430.000       0.292       0.063       4.000    4.55%       3.000      3.330
     CCLIM2                2.723      -0.349       1.000    1.19%       2.330      2.670      2.670
            1430.000       0.395      -0.220       4.000    1.82%       3.000      3.330
     CCLIM3                2.928      -0.191       1.000    0.35%       2.670      2.670      3.000
            1430.000       0.243       0.500       4.000    3.57%       3.000      3.330
     CCLIM4                3.053      -0.620       1.000    2.24%       2.500      3.000      3.000
            1430.000       0.535      -0.044       4.000   19.09%       3.500      3.500
     DEC1                  4.039      -0.526       1.000    0.84%       3.330      4.000      4.000
            1430.000       1.019       0.144       6.000    1.82%       4.330      5.000
     DEC2                  4.242      -0.641       1.000    3.01%       3.000      4.000      4.500
            1430.000       1.763      -0.381       6.000   11.82%       5.000      5.500
     SSUP1                 4.299      -0.708       1.000    1.89%       3.330      4.100      4.330
            1430.000       1.548      -0.064       6.000    9.09%       4.670      5.330
     SSUP2                 4.370      -0.803       1.000    2.87%       3.500      4.500      4.500
            1430.000       1.588       0.089       6.000   13.43%       5.000      5.500
     PSUP1                 4.571      -0.739       1.000    0.35%       3.670      4.330      4.670
            1430.000       0.931       0.507       6.000    7.97%       5.000      5.330
     PSUP2                 4.621      -0.722       1.000    0.35%       4.000      4.500      4.500
            1430.000       0.857       0.647       6.000   10.77%       5.000      5.500
     SELF1                 3.603      -1.470       1.000    0.21%       3.330      3.670      3.670
            1430.000       0.198       3.470       4.000   39.51%       3.670      4.000
     SELF2                 3.613      -1.585       1.000    0.21%       3.250      3.750      3.750
            1430.000       0.254       2.682       4.000   45.52%       4.000      4.000
     SELF3                 3.483      -1.218       1.000    0.28%       3.000      3.330      3.670
            1430.000       0.296       1.596       4.000   34.34%       3.670      4.000
     ELC1                  2.918      -0.056       1.000    0.35%       2.400      2.800      3.000
            1430.000       0.389       0.042       4.800    0.14%       3.000      3.400
     ELC2                  3.008       0.017       1.000    0.28%       2.500      2.750      3.000
            1430.000       0.393       0.083       5.000    0.28%       3.250      3.500
     ELC3                  2.801      -0.076       1.000    0.21%       2.400      2.600      2.800
            1430.000       0.300       0.242       4.800    0.07%       3.000      3.200
     ELC4                  2.200       0.342       1.000    2.94%       1.750      2.000      2.250
            1430.000       0.366      -0.001       4.500    0.07%       2.250      2.750
     ELC5                  2.483       0.079       1.000    1.47%       2.000      2.400      2.400
            1430.000       0.415      -0.245       4.800    0.07%       2.600      3.000
     EE1                   3.855       0.062       1.000    0.70%       2.670      3.330      4.000
            1430.000       1.714      -0.578       7.000    1.05%       4.330      5.000
     EE2                   3.530       0.369       1.000    0.91%       2.330      3.000      3.330
            1430.000       1.580      -0.323       7.000    0.63%       3.670      4.670
     EE3                   3.165       0.596       1.000    2.10%       2.000      2.670      3.000
            1430.000       1.683      -0.242       7.000    0.28%       3.330      4.330
     DP1                   2.319       1.160       1.000   10.63%       1.330      1.670      2.000
            1430.000       1.198       1.348       6.670    0.21%       2.330      3.000
     DP2                   2.086       1.439       1.000   28.39%       1.000      1.500      1.500
            1430.000       1.396       1.957       7.000    0.21%       2.000      3.000
     PA1                   5.748      -0.813       2.000    0.07%       5.000      5.670      6.000
            1430.000       0.833       0.405       7.000    9.51%       6.000      6.670
     PA2                   5.850      -0.886       2.000    0.14%       5.000      6.000      6.000
            1430.000       0.927       0.385       7.000   17.97%       6.500      6.500
     PA3                   5.815      -0.836       2.000    0.14%       5.000      5.670      6.000
            1430.000       0.929       0.337       7.000   14.76%       6.330      6.670


THE MODEL ESTIMATION TERMINATED NORMALLY

     WARNING:  THE LATENT VARIABLE COVARIANCE MATRIX (PSI) IS NOT POSITIVE
     DEFINITE.  THIS COULD INDICATE A NEGATIVE VARIANCE/RESIDUAL VARIANCE FOR A
     LATENT VARIABLE, A CORRELATION GREATER OR EQUAL TO ONE BETWEEN TWO LATENT
     VARIABLES, OR A LINEAR DEPENDENCY AMONG MORE THAN TWO LATENT VARIABLES.
     CHECK THE TECH4 OUTPUT FOR MORE INFORMATION.
     PROBLEM INVOLVING VARIABLE F10.
!still this warning...



MODEL FIT INFORMATION

Number of Free Parameters                      137

Loglikelihood

          H0 Value                      -47115.388
          H1 Value                      -46371.583

Information Criteria

          Akaike (AIC)                   94504.776
          Bayesian (BIC)                 95226.140
          Sample-Size Adjusted BIC       94790.938
            (n* = (n + 2) / 24)

Chi-Square Test of Model Fit

          Value                           1331.636*
          Degrees of Freedom                   423
          P-Value                           0.0000
          Scaling Correction Factor         1.1171
            for MLM

*   The chi-square value for MLM, MLMV, MLR, ULSMV, WLSM and WLSMV cannot be used
    for chi-square difference testing in the regular way.  MLM, MLR and WLSM
    chi-square difference testing is described on the Mplus website.  MLMV, WLSMV,
    and ULSMV difference testing is done using the DIFFTEST option.

RMSEA (Root Mean Square Error Of Approximation)

          Estimate                           0.039
          90 Percent C.I.                    0.036  0.041
          Probability RMSEA <= .05           1.000

CFI/TLI

          CFI                                0.955
          TLI                                0.948

Chi-Square Test of Model Fit for the Baseline Model

          Value                          20859.447
          Degrees of Freedom                   496
          P-Value                           0.0000

SRMR (Standardized Root Mean Square Residual)

          Value                              0.039

!again slight improvement in model fit

MODEL RESULTS

                                                    Two-Tailed
                    Estimate       S.E.  Est./S.E.    P-Value

 F1       BY
    ROLEA1             1.000      0.000    999.000    999.000
    ROLEA2             1.240      0.054     23.089      0.000
    DEC2               0.170      0.075      2.264      0.024

 F2       BY
    ROLEC1             1.000      0.000    999.000    999.000
    ROLEC2             1.300      0.050     26.148      0.000

 F3       BY
    WORK1              1.000      0.000    999.000    999.000
    WORK2              0.749      0.031     24.151      0.000

 F4       BY
    CCLIM1             1.000      0.000    999.000    999.000
    CCLIM2             1.486      0.072     20.575      0.000
    CCLIM3             0.962      0.053     18.275      0.000
    CCLIM4             1.328      0.075     17.652      0.000

 F5       BY
    DEC1               1.000      0.000    999.000    999.000
    DEC2               0.343      0.101      3.381      0.001

 F6       BY
    SSUP1              1.000      0.000    999.000    999.000
    SSUP2              1.093      0.024     45.278      0.000
    DEC2               0.866      0.053     16.460      0.000

 F7       BY
    PSUP1              1.000      0.000    999.000    999.000
    PSUP2              1.070      0.043     24.727      0.000

 F8       BY
    SELF1              1.000      0.000    999.000    999.000
    SELF2              1.278      0.042     30.409      0.000
    SELF3              1.358      0.052     25.908      0.000

 F9       BY
    ELC1               1.000      0.000    999.000    999.000
    ELC2               0.848      0.041     20.932      0.000
    ELC3               0.956      0.040     24.056      0.000
    ELC4               0.919      0.045     20.451      0.000
    ELC5               1.132      0.047     24.026      0.000

 F10      BY
    EE1                1.000      0.000    999.000    999.000
    EE2                1.020      0.019     54.820      0.000
    EE3                0.970      0.021     45.452      0.000

 F11      BY
    DP1                1.000      0.000    999.000    999.000
    DP2                0.894      0.039     22.799      0.000

 F12      BY
    PA1                1.000      0.000    999.000    999.000
    PA2                1.029      0.036     28.966      0.000
    PA3                0.958      0.037     25.673      0.000

 F8       ON
    F5                 0.591      0.074      8.038      0.000
    F6                -0.220      0.037     -5.960      0.000
    F7                -0.109      0.039     -2.826      0.005

 F9       ON
    F5                -0.076      0.027     -2.803      0.005
    F2                 0.174      0.026      6.744      0.000
    F8                -0.257      0.048     -5.337      0.000

 F10      ON
    F2                -6.507      3.439     -1.892      0.058
    F3                 6.262      2.913      2.149      0.032
    F4                -0.718      0.492     -1.460      0.144
!these are still bouncing around, some significant, some not

 F11      ON
    F2                 0.173      0.047      3.688      0.000
    F10                0.302      0.031      9.640      0.000
    F4                -0.959      0.100     -9.579      0.000

 F12      ON
    F1                 0.259      0.074      3.512      0.000
    F8                 0.521      0.090      5.815      0.000
    F9                -0.162      0.055     -2.958      0.003
    F10                0.013      0.027      0.463      0.643
!still non-sig
    F11               -0.202      0.030     -6.680      0.000
    F5                 0.417      0.065      6.386      0.000

 F2       WITH
    F1                 0.366      0.023     15.659      0.000

 F3       WITH
    F1                 0.421      0.026     16.436      0.000
    F2                 0.669      0.033     20.216      0.000

 F4       WITH
    F1                -0.063      0.008     -8.136      0.000
    F2                -0.083      0.010     -8.278      0.000
    F3                -0.095      0.012     -7.716      0.000

 F5       WITH
    F1                -0.359      0.024    -15.233      0.000
    F2                -0.378      0.026    -14.674      0.000
    F3                -0.461      0.028    -16.205      0.000
    F4                 0.101      0.010     10.051      0.000

 F6       WITH
    F1                -0.386      0.028    -13.578      0.000
    F2                -0.430      0.030    -14.296      0.000
    F3                -0.500      0.032    -15.487      0.000
    F4                 0.121      0.013      9.363      0.000
    F5                 0.650      0.036     18.162      0.000

 F7       WITH
    F1                -0.243      0.021    -11.681      0.000
    F2                -0.236      0.022    -10.952      0.000
    F3                -0.280      0.024    -11.574      0.000
    F4                 0.056      0.009      6.245      0.000
    F5                 0.397      0.027     14.541      0.000
    F6                 0.398      0.030     13.273      0.000

 Intercepts
    ROLEA1             2.401      0.024     99.362      0.000
    ROLEA2             2.086      0.026     81.108      0.000
    ROLEC1             3.015      0.029    103.524      0.000
    ROLEC2             3.018      0.033     92.468      0.000
    WORK1              3.240      0.032    101.996      0.000
    WORK2              2.243      0.029     77.885      0.000
    CCLIM1             2.964      0.014    207.379      0.000
    CCLIM2             2.723      0.017    163.890      0.000
    CCLIM3             2.928      0.013    224.532      0.000
    CCLIM4             3.053      0.019    157.758      0.000
    DEC1               4.039      0.027    151.305      0.000
    DEC2               4.242      0.035    120.842      0.000
    SSUP1              4.299      0.033    130.631      0.000
    SSUP2              4.370      0.033    131.136      0.000
    PSUP1              4.571      0.026    179.200      0.000
    PSUP2              4.621      0.024    188.754      0.000
    SELF1              3.603      0.012    306.319      0.000
    SELF2              3.613      0.013    271.109      0.000
    SELF3              3.483      0.014    241.972      0.000
    ELC1               2.918      0.016    176.985      0.000
    ELC2               3.008      0.017    181.556      0.000
    ELC3               2.801      0.014    193.300      0.000
    ELC4               2.200      0.016    137.503      0.000
    ELC5               2.483      0.017    145.731      0.000
    EE1                3.855      0.035    111.347      0.000
    EE2                3.530      0.033    106.201      0.000
    EE3                3.165      0.034     92.281      0.000
    DP1                2.319      0.029     80.113      0.000
    DP2                2.086      0.031     66.763      0.000
    PA1                5.748      0.024    238.172      0.000
    PA2                5.850      0.025    229.759      0.000
    PA3                5.815      0.025    228.188      0.000

 Variances
    F1                 0.410      0.031     13.288      0.000
    F2                 0.577      0.040     14.515      0.000
    F3                 0.802      0.044     18.087      0.000
    F4                 0.111      0.010     11.389      0.000
    F5                 0.493      0.035     14.182      0.000
    F6                 1.154      0.056     20.559      0.000
    F7                 0.600      0.041     14.608      0.000

 Residual Variances
    ROLEA1             0.425      0.023     18.249      0.000
    ROLEA2             0.316      0.026     12.289      0.000
    ROLEC1             0.636      0.027     23.464      0.000
    ROLEC2             0.548      0.035     15.837      0.000
    WORK1              0.641      0.027     23.322      0.000
    WORK2              0.737      0.033     22.107      0.000
    CCLIM1             0.181      0.007     24.466      0.000
    CCLIM2             0.150      0.010     15.580      0.000
    CCLIM3             0.140      0.007     19.568      0.000
    CCLIM4             0.340      0.015     22.493      0.000
    DEC1               0.525      0.023     22.573      0.000
    DEC2               0.596      0.032     18.884      0.000
    SSUP1              0.395      0.024     16.324      0.000
    SSUP2              0.209      0.021      9.891      0.000
    PSUP1              0.331      0.025     13.106      0.000
    PSUP2              0.170      0.025      6.781      0.000
    SELF1              0.082      0.005     17.536      0.000
    SELF2              0.065      0.005     13.821      0.000
    SELF3              0.083      0.006     13.802      0.000
    ELC1               0.208      0.009     21.882      0.000
    ELC2               0.262      0.010     25.504      0.000
    ELC3               0.135      0.007     18.661      0.000
    ELC4               0.213      0.010     22.357      0.000
    ELC5               0.183      0.009     19.896      0.000
    EE1                0.408      0.022     18.877      0.000
    EE2                0.222      0.018     12.472      0.000
    EE3                0.454      0.022     20.268      0.000
    DP1                0.257      0.041      6.320      0.000
    DP2                0.643      0.044     14.783      0.000
    PA1                0.265      0.020     13.436      0.000
    PA2                0.325      0.022     14.523      0.000
    PA3                0.407      0.023     17.544      0.000
    F8                 0.082      0.008     10.678      0.000
    F9                 0.130      0.010     12.662      0.000
    F10               -0.171      0.427     -0.400      0.689
!still negative, hence the warning
    F11                0.544      0.045     12.078      0.000
    F12                0.365      0.023     16.233      0.000


QUALITY OF NUMERICAL RESULTS

     Condition Number for the Information Matrix              0.491E-07
       (ratio of smallest to largest eigenvalue)


MODEL MODIFICATION INDICES

NOTE:  Modification indices for direct effects of observed dependent variables
regressed on covariates may not be included.  To include these, request
MODINDICES (ALL).

Minimum M.I. value for printing the modification index    10.000

                                   M.I.     E.P.C.  Std E.P.C.  StdYX E.P.C.

BY Statements
!ignore, ignore, ignore!

F1       BY ROLEC1                16.076     0.352      0.226        0.205
F1       BY WORK1                 20.237    -0.388     -0.248       -0.207
F1       BY CCLIM1                33.391    -0.141     -0.091       -0.168
F1       BY DEC1                  20.640    -0.420     -0.269       -0.266
F1       BY SSUP1                 19.118    -0.221     -0.141       -0.114
F1       BY SSUP2                 28.177     0.291      0.186        0.148
F1       BY EE2                   21.531    -0.178     -0.114       -0.091
F1       BY EE3                   47.813     0.296      0.190        0.146
F1       BY PA1                   26.985    -0.188     -0.120       -0.133
F1       BY PA2                   16.768     0.156      0.100        0.105
F2       BY WORK1                 13.551    -1.110     -0.843       -0.702
F2       BY WORK2                 13.551     0.831      0.631        0.580
F2       BY CCLIM1                55.842    -0.154     -0.117       -0.216
F2       BY CCLIM3                14.343     0.070      0.053        0.108
F2       BY DEC1                  15.546    -0.264     -0.200       -0.198
F2       BY EE2                   38.774    -0.233     -0.177       -0.141
F2       BY EE3                   42.442     0.267      0.203        0.156
F2       BY PA1                   24.518    -0.149     -0.113       -0.124
F2       BY PA2                   23.640     0.154      0.117        0.122
F3       BY CCLIM1                61.516    -0.134     -0.120       -0.222
F3       BY CCLIM3                15.537     0.061      0.054        0.110
F3       BY SSUP1                 14.215    -0.119     -0.107       -0.086
F3       BY SSUP2                 12.445     0.116      0.104        0.082
F3       BY EE2                   36.123    -0.223     -0.200       -0.159
F3       BY EE3                   36.839     0.248      0.222        0.171
F3       BY PA1                   34.446    -0.150     -0.134       -0.148
F3       BY PA2                   27.764     0.142      0.127        0.133
F4       BY EE1                   11.721     0.267      0.089        0.068
F4       BY EE3                   47.278    -0.549     -0.183       -0.141
F4       BY PA1                   10.235     0.210      0.070        0.077
F5       BY ROLEC1                16.320    -0.254     -0.178       -0.162
F5       BY CCLIM1                47.075     0.152      0.107        0.197
F5       BY CCLIM3                12.276    -0.070     -0.049       -0.100
F5       BY SSUP1                 15.845     0.278      0.195        0.157
F5       BY SSUP2                 15.845    -0.304     -0.214       -0.169
F5       BY EE1                   10.542     0.130      0.092        0.070
F5       BY EE3                   45.614    -0.277     -0.195       -0.150
F5       BY PA1                   42.460     0.221      0.155        0.171
F5       BY PA2                   27.694    -0.187     -0.132       -0.137
F6       BY ROLEC1                14.000    -0.116     -0.125       -0.113
F6       BY CCLIM1                28.108     0.074      0.079        0.146
F6       BY EE1                   17.042     0.091      0.097        0.074
F6       BY EE3                   30.584    -0.124     -0.133       -0.103
F6       BY PA1                   19.835     0.091      0.097        0.107
F6       BY PA2                   18.101    -0.091     -0.098       -0.103
F7       BY ROLEC1                11.799    -0.138     -0.107       -0.097
F7       BY CCLIM1                14.739     0.072      0.056        0.104
F7       BY EE3                   17.256    -0.131     -0.101       -0.078
F8       BY WORK1                 12.954     0.380      0.129        0.107
F8       BY DEC1                  31.403    -1.015     -0.345       -0.342
F8       BY DEC2                  11.570     0.319      0.108        0.082
F8       BY EE1                   14.791     0.290      0.099        0.075
F8       BY EE3                   25.579    -0.391     -0.133       -0.102
F8       BY DP1                   13.201    -0.284     -0.097       -0.088
F8       BY PA1                   31.277     0.385      0.131        0.144
F8       BY PA2                   30.534    -0.401     -0.136       -0.142
F9       BY PA1                   12.439    -0.187     -0.080       -0.088
F9       BY PA2                   13.666     0.207      0.088        0.092
F10      BY WORK1                 11.784     0.193      0.221        0.184
F10      BY WORK2                 10.587    -0.138     -0.157       -0.144
F10      BY CCLIM1                39.952    -0.084     -0.096       -0.177
F10      BY CCLIM2                10.132     0.049      0.056        0.089
F10      BY DEC1                  18.881     0.191      0.218        0.216
F10      BY SSUP1                 13.786    -0.077     -0.088       -0.071
F10      BY SSUP2                 11.147     0.072      0.082        0.065
F10      BY PA1                   51.935    -0.144     -0.164       -0.181
F10      BY PA2                   18.366     0.090      0.103        0.108
F10      BY PA3                   11.446     0.073      0.083        0.086
F11      BY WORK1                 10.836    -0.123     -0.119       -0.099
F11      BY CCLIM1                13.631    -0.069     -0.067       -0.123
F11      BY DEC1                  11.394     0.103      0.099        0.099
F11      BY EE1                   18.998    -0.132     -0.128       -0.098
F11      BY EE3                   47.258     0.213      0.206        0.159
F12      BY WORK1                 14.547     0.165      0.124        0.103
F12      BY DEC2                  11.230     0.137      0.102        0.077
F12      BY EE1                   44.513     0.230      0.172        0.131
F12      BY EE3                   36.197    -0.212     -0.159       -0.122

ON/BY Statements
!structural paths here

F2       ON F8       /
F8       BY F2                    19.063     0.129      0.058        0.058
F3       ON F8       /
F8       BY F3                    22.934    -0.175     -0.066       -0.066
F3       ON F10      /
F10      BY F3                    16.479     4.934      6.297        6.297
F4       ON F10      /
F10      BY F4                    16.873    -5.349    -18.349      -18.349
F4       ON F12      /
F12      BY F4                    14.756     0.087      0.196        0.196
F5       ON F8       /
F8       BY F5                    16.703    -0.903     -0.437       -0.437
F5       ON F10      /
F10      BY F5                    12.405     2.965      4.825        4.825
F6       ON F8       /
F8       BY F6                    28.318     2.552      0.808        0.808
F7       ON F8       /
F8       BY F7                    39.443     4.164      1.829        1.829
F8       ON F1       /
F1       BY F8                    22.803     0.261      0.491        0.491
F8       ON F10      /
F10      BY F8                    18.589    -0.121     -0.406       -0.406
F8       ON F11      /
F11      BY F8                    22.979    -0.066     -0.188       -0.188
F8       ON F12      /
F12      BY F8                    18.652     0.239      0.526        0.526
F10      ON F1       /
F1       BY F10                   12.635     1.838      1.030        1.030
F10      ON F5       /
F5       BY F10                   13.447    -1.368     -0.841       -0.841
F10      ON F8       /
F8       BY F10                   26.940    -1.068     -0.318       -0.318
!high MI and we still have problems assoc. with f10
!reasonable that high levels of self-esteem associated with low
!levels of emotional exhaustion
F11      ON F8       /
F8       BY F11                   19.676    -0.404     -0.142       -0.142
F12      ON F2       /
F2       BY F12                   14.653     0.261      0.265        0.265
F12      ON F3       /
F3       BY F12                   17.470     0.282      0.338        0.338
F12      ON F4       /
F4       BY F12                   10.359     0.284      0.127        0.127

WITH Statements

WORK2    WITH ROLEC1              10.795    -0.074     -0.074       -0.109
WORK2    WITH WORK1               16.520     0.101      0.101        0.147
CCLIM1   WITH WORK1               14.888    -0.043     -0.043       -0.126
CCLIM3   WITH CCLIM2              13.051     0.029      0.029        0.202
DEC1     WITH WORK1               11.520    -0.066     -0.066       -0.114
DEC1     WITH WORK2               11.497     0.065      0.065        0.104
DEC2     WITH DEC1                19.060     0.079      0.079        0.141
SSUP1    WITH DEC2                27.234    -0.140     -0.140       -0.289
SSUP2    WITH DEC1                21.330    -0.070     -0.070       -0.211
SSUP2    WITH SSUP1               21.786     0.240      0.240        0.833
PSUP1    WITH DEC2                16.215    -0.064     -0.064       -0.144
PSUP1    WITH SSUP1               28.178     0.070      0.070        0.194
PSUP1    WITH SSUP2               10.506    -0.039     -0.039       -0.149
PSUP2    WITH SSUP1               24.586    -0.061     -0.061       -0.237
PSUP2    WITH SSUP2               23.454     0.056      0.056        0.298
PSUP2    WITH PSUP1               39.444     3.326      3.326       14.025
ELC1     WITH WORK2               19.448    -0.054     -0.054       -0.139
ELC2     WITH ELC1                42.372     0.052      0.052        0.221
ELC5     WITH WORK2               11.379     0.041      0.041        0.110
ELC5     WITH ELC2                17.358    -0.034     -0.034       -0.153
EE1      WITH WORK1               72.265     0.153      0.153        0.299
EE1      WITH CCLIM1              12.551    -0.033     -0.033       -0.121
EE2      WITH WORK1               12.696    -0.057     -0.057       -0.152
EE2      WITH WORK2               12.329    -0.056     -0.056       -0.139
EE2      WITH EE1                 65.686     0.227      0.227        0.754
EE3      WITH ROLEC1              11.550     0.061      0.061        0.114
EE3      WITH CCLIM2              12.637    -0.035     -0.035       -0.136
EE3      WITH EE1                 41.397    -0.156     -0.156       -0.362
DP2      WITH ELC4                11.021    -0.040     -0.040       -0.109
PA1      WITH EE3                 17.810    -0.055     -0.055       -0.159
PA2      WITH ROLEC1              11.057     0.053      0.053        0.118
PA2      WITH SELF2               16.165    -0.024     -0.024       -0.164
PA3      WITH PA1                 29.415    -0.125     -0.125       -0.379
PA3      WITH PA2                 48.603     0.162      0.162        0.446
F8       WITH F2                  19.063     0.010      0.048        0.048
F8       WITH F3                  22.935    -0.014     -0.056       -0.056
F8       WITH F5                  16.703    -0.074     -0.367       -0.367
F8       WITH F6                  28.318     0.208      0.678        0.678
F8       WITH F7                  39.443     0.339      1.535        1.535
F10      WITH F3                  16.524    -0.844    999.000      999.000
F10      WITH F4                  16.873     0.914    999.000      999.000
F10      WITH F5                  12.406    -0.507    999.000      999.000
F10      WITH F8                  24.965    -0.085    999.000      999.000
F11      WITH F8                  18.886    -0.034     -0.162       -0.162
F12      WITH F4                  11.633     0.028      0.138        0.138
F12      WITH F9                  14.653    -0.196     -0.898       -0.898


TECHNICAL 1 OUTPUT


     PARAMETER SPECIFICATION


           NU
              ROLEA1        ROLEA2        ROLEC1        ROLEC2        WORK1
              ________      ________      ________      ________      ________
                  1             2             3             4             5


           NU
              WORK2         CCLIM1        CCLIM2        CCLIM3        CCLIM4
              ________      ________      ________      ________      ________
                  6             7             8             9            10


           NU
              DEC1          DEC2          SSUP1         SSUP2         PSUP1
              ________      ________      ________      ________      ________
                 11            12            13            14            15


           NU
              PSUP2         SELF1         SELF2         SELF3         ELC1
              ________      ________      ________      ________      ________
                 16            17            18            19            20


           NU
              ELC2          ELC3          ELC4          ELC5          EE1
              ________      ________      ________      ________      ________
                 21            22            23            24            25


           NU
              EE2           EE3           DP1           DP2           PA1
              ________      ________      ________      ________      ________
                 26            27            28            29            30


           NU
              PA2           PA3
              ________      ________
                 31            32


           LAMBDA
              F1            F2            F3            F4            F5
              ________      ________      ________      ________      ________
 ROLEA1             0             0             0             0             0
 ROLEA2            33             0             0             0             0
 ROLEC1             0             0             0             0             0
 ROLEC2             0            34             0             0             0
 WORK1              0             0             0             0             0
 WORK2              0             0            35             0             0
 CCLIM1             0             0             0             0             0
 CCLIM2             0             0             0            36             0
 CCLIM3             0             0             0            37             0
 CCLIM4             0             0             0            38             0
 DEC1               0             0             0             0             0
 DEC2              39             0             0             0            40
 SSUP1              0             0             0             0             0
 SSUP2              0             0             0             0             0
 PSUP1              0             0             0             0             0
 PSUP2              0             0             0             0             0
 SELF1              0             0             0             0             0
 SELF2              0             0             0             0             0
 SELF3              0             0             0             0             0
 ELC1               0             0             0             0             0
 ELC2               0             0             0             0             0
 ELC3               0             0             0             0             0
 ELC4               0             0             0             0             0
 ELC5               0             0             0             0             0
 EE1                0             0             0             0             0
 EE2                0             0             0             0             0
 EE3                0             0             0             0             0
 DP1                0             0             0             0             0
 DP2                0             0             0             0             0
 PA1                0             0             0             0             0
 PA2                0             0             0             0             0
 PA3                0             0             0             0             0


           LAMBDA
              F6            F7            F8            F9            F10
              ________      ________      ________      ________      ________
 ROLEA1             0             0             0             0             0
 ROLEA2             0             0             0             0             0
 ROLEC1             0             0             0             0             0
 ROLEC2             0             0             0             0             0
 WORK1              0             0             0             0             0
 WORK2              0             0             0             0             0
 CCLIM1             0             0             0             0             0
 CCLIM2             0             0             0             0             0
 CCLIM3             0             0             0             0             0
 CCLIM4             0             0             0             0             0
 DEC1               0             0             0             0             0
 DEC2              41             0             0             0             0
 SSUP1              0             0             0             0             0
 SSUP2             42             0             0             0             0
 PSUP1              0             0             0             0             0
 PSUP2              0            43             0             0             0
 SELF1              0             0             0             0             0
 SELF2              0             0            44             0             0
 SELF3              0             0            45             0             0
 ELC1               0             0             0             0             0
 ELC2               0             0             0            46             0
 ELC3               0             0             0            47             0
 ELC4               0             0             0            48             0
 ELC5               0             0             0            49             0
 EE1                0             0             0             0             0
 EE2                0             0             0             0            50
 EE3                0             0             0             0            51
 DP1                0             0             0             0             0
 DP2                0             0             0             0             0
 PA1                0             0             0             0             0
 PA2                0             0             0             0             0
 PA3                0             0             0             0             0


           LAMBDA
              F11           F12
              ________      ________
 ROLEA1             0             0
 ROLEA2             0             0
 ROLEC1             0             0
 ROLEC2             0             0
 WORK1              0             0
 WORK2              0             0
 CCLIM1             0             0
 CCLIM2             0             0
 CCLIM3             0             0
 CCLIM4             0             0
 DEC1               0             0
 DEC2               0             0
 SSUP1              0             0
 SSUP2              0             0
 PSUP1              0             0
 PSUP2              0             0
 SELF1              0             0
 SELF2              0             0
 SELF3              0             0
 ELC1               0             0
 ELC2               0             0
 ELC3               0             0
 ELC4               0             0
 ELC5               0             0
 EE1                0             0
 EE2                0             0
 EE3                0             0
 DP1                0             0
 DP2               52             0
 PA1                0             0
 PA2                0            53
 PA3                0            54


           THETA
              ROLEA1        ROLEA2        ROLEC1        ROLEC2        WORK1
              ________      ________      ________      ________      ________
 ROLEA1            55
 ROLEA2             0            56
 ROLEC1             0             0            57
 ROLEC2             0             0             0            58
 WORK1              0             0             0             0            59
 WORK2              0             0             0             0             0
 CCLIM1             0             0             0             0             0
 CCLIM2             0             0             0             0             0
 CCLIM3             0             0             0             0             0
 CCLIM4             0             0             0             0             0
 DEC1               0             0             0             0             0
 DEC2               0             0             0             0             0
 SSUP1              0             0             0             0             0
 SSUP2              0             0             0             0             0
 PSUP1              0             0             0             0             0
 PSUP2              0             0             0             0             0
 SELF1              0             0             0             0             0
 SELF2              0             0             0             0             0
 SELF3              0             0             0             0             0
 ELC1               0             0             0             0             0
 ELC2               0             0             0             0             0
 ELC3               0             0             0             0             0
 ELC4               0             0             0             0             0
 ELC5               0             0             0             0             0
 EE1                0             0             0             0             0
 EE2                0             0             0             0             0
 EE3                0             0             0             0             0
 DP1                0             0             0             0             0
 DP2                0             0             0             0             0
 PA1                0             0             0             0             0
 PA2                0             0             0             0             0
 PA3                0             0             0             0             0


           THETA
              WORK2         CCLIM1        CCLIM2        CCLIM3        CCLIM4
              ________      ________      ________      ________      ________
 WORK2             60
 CCLIM1             0            61
 CCLIM2             0             0            62
 CCLIM3             0             0             0            63
 CCLIM4             0             0             0             0            64
 DEC1               0             0             0             0             0
 DEC2               0             0             0             0             0
 SSUP1              0             0             0             0             0
 SSUP2              0             0             0             0             0
 PSUP1              0             0             0             0             0
 PSUP2              0             0             0             0             0
 SELF1              0             0             0             0             0
 SELF2              0             0             0             0             0
 SELF3              0             0             0             0             0
 ELC1               0             0             0             0             0
 ELC2               0             0             0             0             0
 ELC3               0             0             0             0             0
 ELC4               0             0             0             0             0
 ELC5               0             0             0             0             0
 EE1                0             0             0             0             0
 EE2                0             0             0             0             0
 EE3                0             0             0             0             0
 DP1                0             0             0             0             0
 DP2                0             0             0             0             0
 PA1                0             0             0             0             0
 PA2                0             0             0             0             0
 PA3                0             0             0             0             0


           THETA
              DEC1          DEC2          SSUP1         SSUP2         PSUP1
              ________      ________      ________      ________      ________
 DEC1              65
 DEC2               0            66
 SSUP1              0             0            67
 SSUP2              0             0             0            68
 PSUP1              0             0             0             0            69
 PSUP2              0             0             0             0             0
 SELF1              0             0             0             0             0
 SELF2              0             0             0             0             0
 SELF3              0             0             0             0             0
 ELC1               0             0             0             0             0
 ELC2               0             0             0             0             0
 ELC3               0             0             0             0             0
 ELC4               0             0             0             0             0
 ELC5               0             0             0             0             0
 EE1                0             0             0             0             0
 EE2                0             0             0             0             0
 EE3                0             0             0             0             0
 DP1                0             0             0             0             0
 DP2                0             0             0             0             0
 PA1                0             0             0             0             0
 PA2                0             0             0             0             0
 PA3                0             0             0             0             0


           THETA
              PSUP2         SELF1         SELF2         SELF3         ELC1
              ________      ________      ________      ________      ________
 PSUP2             70
 SELF1              0            71
 SELF2              0             0            72
 SELF3              0             0             0            73
 ELC1               0             0             0             0            74
 ELC2               0             0             0             0             0
 ELC3               0             0             0             0             0
 ELC4               0             0             0             0             0
 ELC5               0             0             0             0             0
 EE1                0             0             0             0             0
 EE2                0             0             0             0             0
 EE3                0             0             0             0             0
 DP1                0             0             0             0             0
 DP2                0             0             0             0             0
 PA1                0             0             0             0             0
 PA2                0             0             0             0             0
 PA3                0             0             0             0             0


           THETA
              ELC2          ELC3          ELC4          ELC5          EE1
              ________      ________      ________      ________      ________
 ELC2              75
 ELC3               0            76
 ELC4               0             0            77
 ELC5               0             0             0            78
 EE1                0             0             0             0            79
 EE2                0             0             0             0             0
 EE3                0             0             0             0             0
 DP1                0             0             0             0             0
 DP2                0             0             0             0             0
 PA1                0             0             0             0             0
 PA2                0             0             0             0             0
 PA3                0             0             0             0             0


           THETA
              EE2           EE3           DP1           DP2           PA1
              ________      ________      ________      ________      ________
 EE2               80
 EE3                0            81
 DP1                0             0            82
 DP2                0             0             0            83
 PA1                0             0             0             0            84
 PA2                0             0             0             0             0
 PA3                0             0             0             0             0


           THETA
              PA2           PA3
              ________      ________
 PA2               85
 PA3                0            86


           ALPHA
              F1            F2            F3            F4            F5
              ________      ________      ________      ________      ________
                  0             0             0             0             0


           ALPHA
              F6            F7            F8            F9            F10
              ________      ________      ________      ________      ________
                  0             0             0             0             0


           ALPHA
              F11           F12
              ________      ________
                  0             0


           BETA
              F1            F2            F3            F4            F5
              ________      ________      ________      ________      ________
 F1                 0             0             0             0             0
 F2                 0             0             0             0             0
 F3                 0             0             0             0             0
 F4                 0             0             0             0             0
 F5                 0             0             0             0             0
 F6                 0             0             0             0             0
 F7                 0             0             0             0             0
 F8                 0             0             0             0            87
 F9                 0            90             0             0            91
 F10                0            93            94            95             0
 F11                0            96             0            97             0
 F12               99             0             0             0           100


           BETA
              F6            F7            F8            F9            F10
              ________      ________      ________      ________      ________
 F1                 0             0             0             0             0
 F2                 0             0             0             0             0
 F3                 0             0             0             0             0
 F4                 0             0             0             0             0
 F5                 0             0             0             0             0
 F6                 0             0             0             0             0
 F7                 0             0             0             0             0
 F8                88            89             0             0             0
 F9                 0             0            92             0             0
 F10                0             0             0             0             0
 F11                0             0             0             0            98
 F12                0             0           101           102           103


           BETA
              F11           F12
              ________      ________
 F1                 0             0
 F2                 0             0
 F3                 0             0
 F4                 0             0
 F5                 0             0
 F6                 0             0
 F7                 0             0
 F8                 0             0
 F9                 0             0
 F10                0             0
 F11                0             0
 F12              104             0


           PSI
              F1            F2            F3            F4            F5
              ________      ________      ________      ________      ________
 F1               105
 F2               106           107
 F3               108           109           110
 F4               111           112           113           114
 F5               115           116           117           118           119
 F6               120           121           122           123           124
 F7               126           127           128           129           130
 F8                 0             0             0             0             0
 F9                 0             0             0             0             0
 F10                0             0             0             0             0
 F11                0             0             0             0             0
 F12                0             0             0             0             0


           PSI
              F6            F7            F8            F9            F10
              ________      ________      ________      ________      ________
 F6               125
 F7               131           132
 F8                 0             0           133
 F9                 0             0             0           134
 F10                0             0             0             0           135
 F11                0             0             0             0             0
 F12                0             0             0             0             0


           PSI
              F11           F12
              ________      ________
 F11              136
 F12                0           137


     STARTING VALUES


           NU
              ROLEA1        ROLEA2        ROLEC1        ROLEC2        WORK1
              ________      ________      ________      ________      ________
                2.401         2.086         3.015         3.018         3.240


           NU
              WORK2         CCLIM1        CCLIM2        CCLIM3        CCLIM4
              ________      ________      ________      ________      ________
                2.243         2.964         2.723         2.928         3.053


           NU
              DEC1          DEC2          SSUP1         SSUP2         PSUP1
              ________      ________      ________      ________      ________
                4.039         4.242         4.299         4.370         4.571


           NU
              PSUP2         SELF1         SELF2         SELF3         ELC1
              ________      ________      ________      ________      ________
                4.621         3.603         3.613         3.483         2.918


           NU
              ELC2          ELC3          ELC4          ELC5          EE1
              ________      ________      ________      ________      ________
                3.008         2.801         2.200         2.483         3.855


           NU
              EE2           EE3           DP1           DP2           PA1
              ________      ________      ________      ________      ________
                3.530         3.165         2.319         2.086         5.748


           NU
              PA2           PA3
              ________      ________
                5.850         5.815


           LAMBDA
              F1            F2            F3            F4            F5
              ________      ________      ________      ________      ________
 ROLEA1         1.000         0.000         0.000         0.000         0.000
 ROLEA2         1.000         0.000         0.000         0.000         0.000
 ROLEC1         0.000         1.000         0.000         0.000         0.000
 ROLEC2         0.000         1.000         0.000         0.000         0.000
 WORK1          0.000         0.000         1.000         0.000         0.000
 WORK2          0.000         0.000         1.000         0.000         0.000
 CCLIM1         0.000         0.000         0.000         1.000         0.000
 CCLIM2         0.000         0.000         0.000         1.000         0.000
 CCLIM3         0.000         0.000         0.000         1.000         0.000
 CCLIM4         0.000         0.000         0.000         1.000         0.000
 DEC1           0.000         0.000         0.000         0.000         1.000
 DEC2           1.000         0.000         0.000         0.000         1.000
 SSUP1          0.000         0.000         0.000         0.000         0.000
 SSUP2          0.000         0.000         0.000         0.000         0.000
 PSUP1          0.000         0.000         0.000         0.000         0.000
 PSUP2          0.000         0.000         0.000         0.000         0.000
 SELF1          0.000         0.000         0.000         0.000         0.000
 SELF2          0.000         0.000         0.000         0.000         0.000
 SELF3          0.000         0.000         0.000         0.000         0.000
 ELC1           0.000         0.000         0.000         0.000         0.000
 ELC2           0.000         0.000         0.000         0.000         0.000
 ELC3           0.000         0.000         0.000         0.000         0.000
 ELC4           0.000         0.000         0.000         0.000         0.000
 ELC5           0.000         0.000         0.000         0.000         0.000
 EE1            0.000         0.000         0.000         0.000         0.000
 EE2            0.000         0.000         0.000         0.000         0.000
 EE3            0.000         0.000         0.000         0.000         0.000
 DP1            0.000         0.000         0.000         0.000         0.000
 DP2            0.000         0.000         0.000         0.000         0.000
 PA1            0.000         0.000         0.000         0.000         0.000
 PA2            0.000         0.000         0.000         0.000         0.000
 PA3            0.000         0.000         0.000         0.000         0.000


           LAMBDA
              F6            F7            F8            F9            F10
              ________      ________      ________      ________      ________
 ROLEA1         0.000         0.000         0.000         0.000         0.000
 ROLEA2         0.000         0.000         0.000         0.000         0.000
 ROLEC1         0.000         0.000         0.000         0.000         0.000
 ROLEC2         0.000         0.000         0.000         0.000         0.000
 WORK1          0.000         0.000         0.000         0.000         0.000
 WORK2          0.000         0.000         0.000         0.000         0.000
 CCLIM1         0.000         0.000         0.000         0.000         0.000
 CCLIM2         0.000         0.000         0.000         0.000         0.000
 CCLIM3         0.000         0.000         0.000         0.000         0.000
 CCLIM4         0.000         0.000         0.000         0.000         0.000
 DEC1           0.000         0.000         0.000         0.000         0.000
 DEC2           1.000         0.000         0.000         0.000         0.000
 SSUP1          1.000         0.000         0.000         0.000         0.000
 SSUP2          1.000         0.000         0.000         0.000         0.000
 PSUP1          0.000         1.000         0.000         0.000         0.000
 PSUP2          0.000         1.000         0.000         0.000         0.000
 SELF1          0.000         0.000         1.000         0.000         0.000
 SELF2          0.000         0.000         1.000         0.000         0.000
 SELF3          0.000         0.000         1.000         0.000         0.000
 ELC1           0.000         0.000         0.000         1.000         0.000
 ELC2           0.000         0.000         0.000         1.000         0.000
 ELC3           0.000         0.000         0.000         1.000         0.000
 ELC4           0.000         0.000         0.000         1.000         0.000
 ELC5           0.000         0.000         0.000         1.000         0.000
 EE1            0.000         0.000         0.000         0.000         1.000
 EE2            0.000         0.000         0.000         0.000         1.000
 EE3            0.000         0.000         0.000         0.000         1.000
 DP1            0.000         0.000         0.000         0.000         0.000
 DP2            0.000         0.000         0.000         0.000         0.000
 PA1            0.000         0.000         0.000         0.000         0.000
 PA2            0.000         0.000         0.000         0.000         0.000
 PA3            0.000         0.000         0.000         0.000         0.000


           LAMBDA
              F11           F12
              ________      ________
 ROLEA1         0.000         0.000
 ROLEA2         0.000         0.000
 ROLEC1         0.000         0.000
 ROLEC2         0.000         0.000
 WORK1          0.000         0.000
 WORK2          0.000         0.000
 CCLIM1         0.000         0.000
 CCLIM2         0.000         0.000
 CCLIM3         0.000         0.000
 CCLIM4         0.000         0.000
 DEC1           0.000         0.000
 DEC2           0.000         0.000
 SSUP1          0.000         0.000
 SSUP2          0.000         0.000
 PSUP1          0.000         0.000
 PSUP2          0.000         0.000
 SELF1          0.000         0.000
 SELF2          0.000         0.000
 SELF3          0.000         0.000
 ELC1           0.000         0.000
 ELC2           0.000         0.000
 ELC3           0.000         0.000
 ELC4           0.000         0.000
 ELC5           0.000         0.000
 EE1            0.000         0.000
 EE2            0.000         0.000
 EE3            0.000         0.000
 DP1            1.000         0.000
 DP2            1.000         0.000
 PA1            0.000         1.000
 PA2            0.000         1.000
 PA3            0.000         1.000


           THETA
              ROLEA1        ROLEA2        ROLEC1        ROLEC2        WORK1
              ________      ________      ________      ________      ________
 ROLEA1         0.417
 ROLEA2         0.000         0.473
 ROLEC1         0.000         0.000         0.606
 ROLEC2         0.000         0.000         0.000         0.762
 WORK1          0.000         0.000         0.000         0.000         0.721
 WORK2          0.000         0.000         0.000         0.000         0.000
 CCLIM1         0.000         0.000         0.000         0.000         0.000
 CCLIM2         0.000         0.000         0.000         0.000         0.000
 CCLIM3         0.000         0.000         0.000         0.000         0.000
 CCLIM4         0.000         0.000         0.000         0.000         0.000
 DEC1           0.000         0.000         0.000         0.000         0.000
 DEC2           0.000         0.000         0.000         0.000         0.000
 SSUP1          0.000         0.000         0.000         0.000         0.000
 SSUP2          0.000         0.000         0.000         0.000         0.000
 PSUP1          0.000         0.000         0.000         0.000         0.000
 PSUP2          0.000         0.000         0.000         0.000         0.000
 SELF1          0.000         0.000         0.000         0.000         0.000
 SELF2          0.000         0.000         0.000         0.000         0.000
 SELF3          0.000         0.000         0.000         0.000         0.000
 ELC1           0.000         0.000         0.000         0.000         0.000
 ELC2           0.000         0.000         0.000         0.000         0.000
 ELC3           0.000         0.000         0.000         0.000         0.000
 ELC4           0.000         0.000         0.000         0.000         0.000
 ELC5           0.000         0.000         0.000         0.000         0.000
 EE1            0.000         0.000         0.000         0.000         0.000
 EE2            0.000         0.000         0.000         0.000         0.000
 EE3            0.000         0.000         0.000         0.000         0.000
 DP1            0.000         0.000         0.000         0.000         0.000
 DP2            0.000         0.000         0.000         0.000         0.000
 PA1            0.000         0.000         0.000         0.000         0.000
 PA2            0.000         0.000         0.000         0.000         0.000
 PA3            0.000         0.000         0.000         0.000         0.000


           THETA
              WORK2         CCLIM1        CCLIM2        CCLIM3        CCLIM4
              ________      ________      ________      ________      ________
 WORK2          0.593
 CCLIM1         0.000         0.146
 CCLIM2         0.000         0.000         0.197
 CCLIM3         0.000         0.000         0.000         0.122
 CCLIM4         0.000         0.000         0.000         0.000         0.268
 DEC1           0.000         0.000         0.000         0.000         0.000
 DEC2           0.000         0.000         0.000         0.000         0.000
 SSUP1          0.000         0.000         0.000         0.000         0.000
 SSUP2          0.000         0.000         0.000         0.000         0.000
 PSUP1          0.000         0.000         0.000         0.000         0.000
 PSUP2          0.000         0.000         0.000         0.000         0.000
 SELF1          0.000         0.000         0.000         0.000         0.000
 SELF2          0.000         0.000         0.000         0.000         0.000
 SELF3          0.000         0.000         0.000         0.000         0.000
 ELC1           0.000         0.000         0.000         0.000         0.000
 ELC2           0.000         0.000         0.000         0.000         0.000
 ELC3           0.000         0.000         0.000         0.000         0.000
 ELC4           0.000         0.000         0.000         0.000         0.000
 ELC5           0.000         0.000         0.000         0.000         0.000
 EE1            0.000         0.000         0.000         0.000         0.000
 EE2            0.000         0.000         0.000         0.000         0.000
 EE3            0.000         0.000         0.000         0.000         0.000
 DP1            0.000         0.000         0.000         0.000         0.000
 DP2            0.000         0.000         0.000         0.000         0.000
 PA1            0.000         0.000         0.000         0.000         0.000
 PA2            0.000         0.000         0.000         0.000         0.000
 PA3            0.000         0.000         0.000         0.000         0.000


           THETA
              DEC1          DEC2          SSUP1         SSUP2         PSUP1
              ________      ________      ________      ________      ________
 DEC1           0.509
 DEC2           0.000         0.881
 SSUP1          0.000         0.000         0.774
 SSUP2          0.000         0.000         0.000         0.794
 PSUP1          0.000         0.000         0.000         0.000         0.465
 PSUP2          0.000         0.000         0.000         0.000         0.000
 SELF1          0.000         0.000         0.000         0.000         0.000
 SELF2          0.000         0.000         0.000         0.000         0.000
 SELF3          0.000         0.000         0.000         0.000         0.000
 ELC1           0.000         0.000         0.000         0.000         0.000
 ELC2           0.000         0.000         0.000         0.000         0.000
 ELC3           0.000         0.000         0.000         0.000         0.000
 ELC4           0.000         0.000         0.000         0.000         0.000
 ELC5           0.000         0.000         0.000         0.000         0.000
 EE1            0.000         0.000         0.000         0.000         0.000
 EE2            0.000         0.000         0.000         0.000         0.000
 EE3            0.000         0.000         0.000         0.000         0.000
 DP1            0.000         0.000         0.000         0.000         0.000
 DP2            0.000         0.000         0.000         0.000         0.000
 PA1            0.000         0.000         0.000         0.000         0.000
 PA2            0.000         0.000         0.000         0.000         0.000
 PA3            0.000         0.000         0.000         0.000         0.000


           THETA
              PSUP2         SELF1         SELF2         SELF3         ELC1
              ________      ________      ________      ________      ________
 PSUP2          0.428
 SELF1          0.000         0.099
 SELF2          0.000         0.000         0.127
 SELF3          0.000         0.000         0.000         0.148
 ELC1           0.000         0.000         0.000         0.000         0.194
 ELC2           0.000         0.000         0.000         0.000         0.000
 ELC3           0.000         0.000         0.000         0.000         0.000
 ELC4           0.000         0.000         0.000         0.000         0.000
 ELC5           0.000         0.000         0.000         0.000         0.000
 EE1            0.000         0.000         0.000         0.000         0.000
 EE2            0.000         0.000         0.000         0.000         0.000
 EE3            0.000         0.000         0.000         0.000         0.000
 DP1            0.000         0.000         0.000         0.000         0.000
 DP2            0.000         0.000         0.000         0.000         0.000
 PA1            0.000         0.000         0.000         0.000         0.000
 PA2            0.000         0.000         0.000         0.000         0.000
 PA3            0.000         0.000         0.000         0.000         0.000


           THETA
              ELC2          ELC3          ELC4          ELC5          EE1
              ________      ________      ________      ________      ________
 ELC2           0.196
 ELC3           0.000         0.150
 ELC4           0.000         0.000         0.183
 ELC5           0.000         0.000         0.000         0.208
 EE1            0.000         0.000         0.000         0.000         0.857
 EE2            0.000         0.000         0.000         0.000         0.000
 EE3            0.000         0.000         0.000         0.000         0.000
 DP1            0.000         0.000         0.000         0.000         0.000
 DP2            0.000         0.000         0.000         0.000         0.000
 PA1            0.000         0.000         0.000         0.000         0.000
 PA2            0.000         0.000         0.000         0.000         0.000
 PA3            0.000         0.000         0.000         0.000         0.000


           THETA
              EE2           EE3           DP1           DP2           PA1
              ________      ________      ________      ________      ________
 EE2            0.790
 EE3            0.000         0.841
 DP1            0.000         0.000         0.599
 DP2            0.000         0.000         0.000         0.698
 PA1            0.000         0.000         0.000         0.000         0.416
 PA2            0.000         0.000         0.000         0.000         0.000
 PA3            0.000         0.000         0.000         0.000         0.000


           THETA
              PA2           PA3
              ________      ________
 PA2            0.463
 PA3            0.000         0.464


           ALPHA
              F1            F2            F3            F4            F5
              ________      ________      ________      ________      ________
                0.000         0.000         0.000         0.000         0.000


           ALPHA
              F6            F7            F8            F9            F10
              ________      ________      ________      ________      ________
                0.000         0.000         0.000         0.000         0.000


           ALPHA
              F11           F12
              ________      ________
                0.000         0.000


           BETA
              F1            F2            F3            F4            F5
              ________      ________      ________      ________      ________
 F1             0.000         0.000         0.000         0.000         0.000
 F2             0.000         0.000         0.000         0.000         0.000
 F3             0.000         0.000         0.000         0.000         0.000
 F4             0.000         0.000         0.000         0.000         0.000
 F5             0.000         0.000         0.000         0.000         0.000
 F6             0.000         0.000         0.000         0.000         0.000
 F7             0.000         0.000         0.000         0.000         0.000
 F8             0.000         0.000         0.000         0.000         0.000
 F9             0.000         0.000         0.000         0.000         0.000
 F10            0.000         0.000         0.000         0.000         0.000
 F11            0.000         0.000         0.000         0.000         0.000
 F12            0.000         0.000         0.000         0.000         0.000


           BETA
              F6            F7            F8            F9            F10
              ________      ________      ________      ________      ________
 F1             0.000         0.000         0.000         0.000         0.000
 F2             0.000         0.000         0.000         0.000         0.000
 F3             0.000         0.000         0.000         0.000         0.000
 F4             0.000         0.000         0.000         0.000         0.000
 F5             0.000         0.000         0.000         0.000         0.000
 F6             0.000         0.000         0.000         0.000         0.000
 F7             0.000         0.000         0.000         0.000         0.000
 F8             0.000         0.000         0.000         0.000         0.000
 F9             0.000         0.000         0.000         0.000         0.000
 F10            0.000         0.000         0.000         0.000         0.000
 F11            0.000         0.000         0.000         0.000         0.000
 F12            0.000         0.000         0.000         0.000         0.000


           BETA
              F11           F12
              ________      ________
 F1             0.000         0.000
 F2             0.000         0.000
 F3             0.000         0.000
 F4             0.000         0.000
 F5             0.000         0.000
 F6             0.000         0.000
 F7             0.000         0.000
 F8             0.000         0.000
 F9             0.000         0.000
 F10            0.000         0.000
 F11            0.000         0.000
 F12            0.000         0.000


           PSI
              F1            F2            F3            F4            F5
              ________      ________      ________      ________      ________
 F1             0.050
 F2             0.000         0.050
 F3             0.000         0.000         0.050
 F4             0.000         0.000         0.000         0.050
 F5             0.000         0.000         0.000         0.000         0.050
 F6             0.000         0.000         0.000         0.000         0.000
 F7             0.000         0.000         0.000         0.000         0.000
 F8             0.000         0.000         0.000         0.000         0.000
 F9             0.000         0.000         0.000         0.000         0.000
 F10            0.000         0.000         0.000         0.000         0.000
 F11            0.000         0.000         0.000         0.000         0.000
 F12            0.000         0.000         0.000         0.000         0.000


           PSI
              F6            F7            F8            F9            F10
              ________      ________      ________      ________      ________
 F6             0.050
 F7             0.000         0.050
 F8             0.000         0.000         0.050
 F9             0.000         0.000         0.000         0.050
 F10            0.000         0.000         0.000         0.000         0.050
 F11            0.000         0.000         0.000         0.000         0.000
 F12            0.000         0.000         0.000         0.000         0.000


           PSI
              F11           F12
              ________      ________
 F11            0.050
 F12            0.000         0.050


DIAGRAM INFORMATION

  Use View Diagram under the Diagram menu in the Mplus Editor to view the diagram.
  If running Mplus from the Mplus Diagrammer, the diagram opens automatically.

  Diagram output
    h:\sem ta lab & lecture 2019\3.19.19 power and full sems\full sem 3.26.5.dgm

     Beginning Time:  14:12:46
        Ending Time:  14:12:50
       Elapsed Time:  00:00:04



MUTHEN & MUTHEN
3463 Stoner Ave.
Los Angeles, CA  90066

Tel: (310) 391-9971
Fax: (310) 391-8971
Web: www.StatModel.com
Support: Support@StatModel.com

Copyright (c) 1998-2018 Muthen & Muthen
