Mplus VERSION 8.7
MUTHEN & MUTHEN
02/28/2022   4:28 PM

INPUT INSTRUCTIONS

  Title: ESEM model of habit development measure;

  Data:
  FILE = habit development.csv;

  Variable:
  NAMES = x1-x9;
  USEVARIABLES = x1-x9;
  MISSING = .;

  Analysis:
  ESTIMATOR = MLR;
  ROTATION = GEOMIN (.5);
  !telling Mplus to use a geomin rotation, allows latent factors to covary


  Model:
  f1 f2 by x1-x9 (*1);
  !the (*1) code indicates that these factors are estimated from this list of
  !indicators as a single set of ESEM factors, involving all possible
  !cross-loadings between the indicators and the factors

  Output:
  sampstat stdyx modindices;



*** WARNING
  Data set contains cases with missing on all variables.
  These cases were not included in the analysis.
  Number of cases with missing on all variables:  2
   1 WARNING(S) FOUND IN THE INPUT INSTRUCTIONS



ESEM model of habit development measure;

SUMMARY OF ANALYSIS

Number of groups                                                 1
Number of observations                                         430

Number of dependent variables                                    9
Number of independent variables                                  0
Number of continuous latent variables                            2

Observed dependent variables

  Continuous
   X1          X2          X3          X4          X5          X6
   X7          X8          X9

Continuous latent variables

  EFA factors
  *1:   F1          F2


Estimator                                                      MLR
Rotation                                                    GEOMIN
Row standardization                                    CORRELATION
Type of rotation                                           OBLIQUE
Epsilon value                                            0.500D+00
Information matrix                                        OBSERVED
Maximum number of iterations                                  1000
Convergence criterion                                    0.500D-04
Maximum number of steepest descent iterations                   20
Maximum number of iterations for H1                           2000
Convergence criterion for H1                             0.100D-03
Optimization Specifications for the Exploratory Factor Analysis
Rotation Algorithm
  Number of random starts                                       30
  Maximum number of iterations                               10000
  Derivative convergence criterion                       0.100D-04

Input data file(s)
  habit development.csv

Input data format  FREE


SUMMARY OF DATA

     Number of missing data patterns            40


COVARIANCE COVERAGE OF DATA

Minimum covariance coverage value   0.100


     PROPORTION OF DATA PRESENT


           Covariance Coverage
              X1            X2            X3            X4            X5
              ________      ________      ________      ________      ________
 X1             0.895
 X2             0.874         0.958
 X3             0.877         0.944         0.974
 X4             0.879         0.947         0.963         0.977
 X5             0.879         0.947         0.963         0.965         0.977
 X6             0.860         0.926         0.940         0.942         0.944
 X7             0.842         0.858         0.870         0.870         0.874
 X8             0.814         0.863         0.874         0.874         0.874
 X9             0.865         0.902         0.909         0.912         0.914


           Covariance Coverage
              X6            X7            X8            X9
              ________      ________      ________      ________
 X6             0.953
 X7             0.863         0.881
 X8             0.865         0.812         0.891
 X9             0.905         0.870         0.860         0.930


SAMPLE STATISTICS


     ESTIMATED SAMPLE STATISTICS


           Means
              X1            X2            X3            X4            X5
              ________      ________      ________      ________      ________
                3.403         3.229         2.909         3.078         3.266


           Means
              X6            X7            X8            X9
              ________      ________      ________      ________
                3.532         3.520         3.275         3.212


           Covariances
              X1            X2            X3            X4            X5
              ________      ________      ________      ________      ________
 X1             1.516
 X2             1.039         1.655
 X3             0.746         0.809         1.476
 X4             0.669         1.023         0.696         1.670
 X5             0.773         0.791         0.639         0.666         1.393
 X6             0.552         0.682         0.485         0.674         0.764
 X7             0.693         0.741         0.531         0.655         0.653
 X8             0.655         0.751         0.626         0.616         0.658
 X9             0.646         0.827         0.567         0.785         0.661


           Covariances
              X6            X7            X8            X9
              ________      ________      ________      ________
 X6             1.239
 X7             0.654         1.623
 X8             0.605         0.933         1.946
 X9             0.625         0.905         1.052         1.660


           Correlations
              X1            X2            X3            X4            X5
              ________      ________      ________      ________      ________
 X1             1.000
 X2             0.656         1.000
 X3             0.499         0.518         1.000
 X4             0.420         0.615         0.443         1.000
 X5             0.532         0.521         0.446         0.436         1.000
 X6             0.403         0.476         0.359         0.469         0.581
 X7             0.442         0.452         0.343         0.398         0.434
 X8             0.381         0.418         0.369         0.342         0.400
 X9             0.407         0.499         0.362         0.472         0.435


           Correlations
              X6            X7            X8            X9
              ________      ________      ________      ________
 X6             1.000
 X7             0.461         1.000
 X8             0.390         0.525         1.000
 X9             0.436         0.551         0.585         1.000


     MAXIMUM LOG-LIKELIHOOD VALUE FOR THE UNRESTRICTED (H1) MODEL IS -5185.458


UNIVARIATE SAMPLE STATISTICS


     UNIVARIATE HIGHER-ORDER MOMENT DESCRIPTIVE STATISTICS

         Variable/         Mean/     Skewness/   Minimum/ % with                Percentiles
        Sample Size      Variance    Kurtosis    Maximum  Min/Max      20%/60%    40%/80%    Median

     X1                    3.418      -0.371       1.000    8.05%       2.000      3.000      4.000
             385.000       1.532      -0.901       5.000   22.60%       4.000      5.000
     X2                    3.223      -0.224       1.000   12.38%       2.000      3.000      3.000
             412.000       1.664      -1.028       5.000   19.42%       4.000      4.000
     X3                    2.900       0.104       1.000   14.56%       2.000      3.000      3.000
             419.000       1.474      -0.861       5.000   11.93%       3.000      4.000
     X4                    3.076      -0.122       1.000   14.76%       2.000      3.000      3.000
             420.000       1.670      -1.091       5.000   15.48%       4.000      4.000
     X5                    3.262      -0.275       1.000    8.81%       2.000      3.000      3.000
             420.000       1.398      -0.812       5.000   15.48%       4.000      4.000
     X6                    3.539      -0.581       1.000    6.59%       3.000      3.000      4.000
             410.000       1.239      -0.242       5.000   20.24%       4.000      5.000
     X7                    3.536      -0.624       1.000   10.82%       2.000      3.000      4.000
             379.000       1.658      -0.686       5.000   26.65%       4.000      5.000
     X8                    3.279      -0.308       1.000   15.40%       2.000      3.000      4.000
             383.000       1.925      -1.170       5.000   24.28%       4.000      5.000
     X9                    3.200      -0.347       1.000   15.00%       2.000      3.000      3.000
             400.000       1.675      -0.992       5.000   16.00%       4.000      4.000


THE MODEL ESTIMATION TERMINATED NORMALLY



MODEL FIT INFORMATION

Number of Free Parameters                       35

Loglikelihood

          H0 Value                       -5225.008
          H0 Scaling Correction Factor      1.2305
            for MLR
          H1 Value                       -5185.458
          H1 Scaling Correction Factor      1.2542
            for MLR

Information Criteria

          Akaike (AIC)                   10520.015
          Bayesian (BIC)                 10662.248
          Sample-Size Adjusted BIC       10551.178
            (n* = (n + 2) / 24)

Chi-Square Test of Model Fit

          Value                             60.950*
          Degrees of Freedom                    19
          P-Value                           0.0000
          Scaling Correction Factor         1.2978
            for MLR

*   The chi-square value for MLM, MLMV, MLR, ULSMV, WLSM and WLSMV cannot be used
    for chi-square difference testing in the regular way.  MLM, MLR and WLSM
    chi-square difference testing is described on the Mplus website.  MLMV, WLSMV,
    and ULSMV difference testing is done using the DIFFTEST option.

RMSEA (Root Mean Square Error Of Approximation)

          Estimate                           0.072
          90 Percent C.I.                    0.052  0.092
          Probability RMSEA <= .05           0.036

CFI/TLI

          CFI                                0.958
          TLI                                0.921

Chi-Square Test of Model Fit for the Baseline Model

          Value                           1043.453
          Degrees of Freedom                    36
          P-Value                           0.0000

SRMR (Standardized Root Mean Square Residual)

          Value                              0.031



MODEL RESULTS

                                                    Two-Tailed
                    Estimate       S.E.  Est./S.E.    P-Value

 F1       BY
    X1                 0.838      0.092      9.134      0.000
    X2                 0.989      0.089     11.138      0.000
    X3                 0.656      0.086      7.615      0.000
    X4                 0.709      0.117      6.053      0.000
    X5                 0.577      0.115      4.997      0.000
    X6                 0.419      0.121      3.453      0.001
    X7                 0.173      0.096      1.792      0.073
    X8                 0.016      0.083      0.187      0.852
    X9                 0.131      0.096      1.368      0.171

 F2       BY
    X1                 0.138      0.090      1.539      0.124
    X2                 0.167      0.082      2.042      0.041
    X3                 0.173      0.085      2.035      0.042
    X4                 0.267      0.113      2.367      0.018
    X5                 0.331      0.114      2.895      0.004
    X6                 0.397      0.127      3.130      0.002
    X7                 0.807      0.109      7.425      0.000
    X8                 1.022      0.106      9.601      0.000
    X9                 0.925      0.117      7.922      0.000

 F2       WITH
    F1                 0.553      0.037     14.787      0.000

 Intercepts
    X1                 3.405      0.062     55.325      0.000
    X2                 3.230      0.063     51.352      0.000
    X3                 2.907      0.059     49.072      0.000
    X4                 3.083      0.063     49.088      0.000
    X5                 3.263      0.057     56.876      0.000
    X6                 3.533      0.055     64.663      0.000
    X7                 3.515      0.064     54.618      0.000
    X8                 3.275      0.070     46.550      0.000
    X9                 3.213      0.064     50.490      0.000

 Variances
    F1                 1.000      0.000    999.000    999.000
    F2                 1.000      0.000    999.000    999.000

 Residual Variances
    X1                 0.664      0.094      7.067      0.000
    X2                 0.468      0.085      5.527      0.000
    X3                 0.891      0.092      9.685      0.000
    X4                 0.885      0.095      9.352      0.000
    X5                 0.740      0.068     10.945      0.000
    X6                 0.721      0.072     10.024      0.000
    X7                 0.788      0.100      7.857      0.000
    X8                 0.886      0.139      6.394      0.000
    X9                 0.655      0.130      5.043      0.000


QUALITY OF NUMERICAL RESULTS

     Condition Number for the Information Matrix              0.122E-01
       (ratio of smallest to largest eigenvalue)


STANDARDIZED MODEL RESULTS


STDYX Standardization

                                                    Two-Tailed
                    Estimate       S.E.  Est./S.E.    P-Value

 F1       BY
    X1                 0.681      0.072      9.508      0.000
    X2                 0.769      0.066     11.707      0.000
    X3                 0.540      0.069      7.843      0.000
    X4                 0.549      0.089      6.194      0.000
    X5                 0.489      0.095      5.128      0.000
    X6                 0.377      0.107      3.521      0.000
    !additional factor loadings (below) here compared to bifactor
    X7                 0.135      0.075      1.798      0.072
    X8                 0.011      0.060      0.187      0.852
    X9                 0.102      0.074      1.373      0.170

 F2       BY
    X1                 0.112      0.073      1.546      0.122
    X2                 0.130      0.063      2.048      0.041
    X3                 0.142      0.070      2.039      0.041
    X4                 0.206      0.087      2.364      0.018
    X5                 0.280      0.097      2.902      0.004
    X6                 0.356      0.113      3.141      0.002
    !additional factor loadings (above) here compared to bifactor
    X7                 0.634      0.082      7.761      0.000
    X8                 0.732      0.072     10.178      0.000
    X9                 0.717      0.089      8.057      0.000

 F2       WITH
 !recall this was fixed to zero in bifactor model
    F1                 0.553      0.037     14.787      0.000

 Intercepts
    X1                 2.768      0.100     27.636      0.000
    X2                 2.509      0.086     29.262      0.000
    X3                 2.393      0.075     31.902      0.000
    X4                 2.388      0.078     30.538      0.000
    X5                 2.764      0.098     28.349      0.000
    X6                 3.175      0.132     23.988      0.000
    X7                 2.759      0.114     24.289      0.000
    X8                 2.347      0.086     27.441      0.000
    X9                 2.492      0.091     27.281      0.000

 Variances
    F1                 1.000      0.000    999.000    999.000
    F2                 1.000      0.000    999.000    999.000

 Residual Variances
    X1                 0.439      0.063      6.986      0.000
    X2                 0.282      0.051      5.487      0.000
    X3                 0.603      0.057     10.594      0.000
    X4                 0.531      0.055      9.714      0.000
    X5                 0.531      0.050     10.610      0.000
    X6                 0.583      0.054     10.725      0.000
    X7                 0.485      0.062      7.816      0.000
    X8                 0.455      0.072      6.299      0.000
    X9                 0.394      0.077      5.107      0.000


R-SQUARE

    Observed                                        Two-Tailed
    Variable        Estimate       S.E.  Est./S.E.    P-Value

    X1                 0.561      0.063      8.936      0.000
    X2                 0.718      0.051     13.951      0.000
    X3                 0.397      0.057      6.963      0.000
    X4                 0.469      0.055      8.591      0.000
    X5                 0.469      0.050      9.376      0.000
    X6                 0.417      0.054      7.680      0.000
    X7                 0.515      0.062      8.287      0.000
    X8                 0.545      0.072      7.544      0.000
    X9                 0.606      0.077      7.840      0.000


MODEL MODIFICATION INDICES

NOTE:  Modification indices for direct effects of observed dependent variables
regressed on covariates may not be included.  To include these, request
MODINDICES (ALL).

Minimum M.I. value for printing the modification index    10.000

                                   M.I.     E.P.C.  Std E.P.C.  StdYX E.P.C.

WITH Statements

X4       WITH X1                  13.224    -0.219     -0.219       -0.285
X6       WITH X5                  22.332     0.219      0.219        0.299


DIAGRAM INFORMATION

  Use View Diagram under the Diagram menu in the Mplus Editor to view the diagram.
  If running Mplus from the Mplus Diagrammer, the diagram opens automatically.

  Diagram output
    c:\users\ekb8\box\spring 2022 sem lab\2022 materials\3.4.22 bifactor and esem\esem habit.dgm

     Beginning Time:  16:28:35
        Ending Time:  16:28:35
       Elapsed Time:  00:00:00



MUTHEN & MUTHEN
3463 Stoner Ave.
Los Angeles, CA  90066

Tel: (310) 391-9971
Fax: (310) 391-8971
Web: www.StatModel.com
Support: Support@StatModel.com

Copyright (c) 1998-2021 Muthen & Muthen
