Mplus VERSION 6.1
MUTHEN & MUTHEN
04/07/2016  11:09 AM

INPUT INSTRUCTIONS

  TITLE: Mediation Model 2;

  DATA: file=thesis.dat;
        format = 160F8;

  variable:
  NAMES = sex year race rstatus rlength rdist rcommit ls1-ls5
  rs1-rs3 tfs1-tfs10 ecr1-ecr36 blength bhurt bupset bsever brum
  temp1-temp7 semp1-semp8 rrq1-rrq12 fdegree trim1-trim18
  dep1-dep20 tfs1r tfs3r tfs6r tfs7r tfs8r temp2r temp4r temp6r
  dep4r dep8r dep12r dep16r rrq4r rrq9r ecr4r ecr7r ecr15r ecr17r
  ecr18r ecr19r ecr21r ecr23r ecr24r ecr27r ecr30r ecr32r
  ecr34r ecr35r;

  USEVARIABLES = rrq2 rrq4r rrq5 rrq6 rrq1 rrq3
  tfs10 tfs2 tfs9 tfs1r tfs5
  ecr24r ecr34r ecr5 ecr2 ecr30r ecr3 ecr36 ecr6 ecr1 ecr11;

  MISSING IS .;

  Analysis:
  estimator = ML;
  bootstrap = 1000;
  !bootstrap recommended

  Model:
  !specifying our model

  !measurement model
  rum by rrq5 rrq6 rrq1 rrq3 rrq2 rrq4r;

  for by tfs10 tfs2 tfs9 tfs1r tfs5;
  att_avo by ecr24r ecr34r ecr5 ecr2 ecr30r;
  att_anx by ecr3 ecr36 ecr6 ecr1 ecr11;
  att_anx with att_avo;

  !IGNORE NEXT THREE LINES:
  !emp by temp4r temp1 temp2r temp7;
  !dep by dep6 dep3 dep14 dep18 dep1 dep19;
  !emp with att_anx@0;

  !structural model
  !regress mediator on IV
  rum on att_anx;
  !regress outcome on mediator & IV
  for on rum att_anx;
  !specifying no relationship btwn
  !rumination & attach. avoid.
  rum on att_avo@0;

  !IGNORE THESE NEXT TWO LINES:
  !emp on att_avo;
  !for on emp att_avo;


  Model indirect:
  !requesting significance test for indirect effect of
  !x on y via m
  for ind rum att_anx;
  !indirect effect of interest ending in y, starting with x

  !IGNORE THESE NEXT TWO LINES:
  !for ind emp att_avo;
  !indirect effect of interest ending in y, starting with x

  Output: stdyx; cinterval(bcbootstrap);
  !requesting bias-corrected bootstrap confidence intervals



INPUT READING TERMINATED NORMALLY



Mediation Model 2;

SUMMARY OF ANALYSIS

Number of groups                                                 1
Number of observations                                         226

Number of dependent variables                                   21
Number of independent variables                                  0
Number of continuous latent variables                            4

Observed dependent variables

  Continuous
   RRQ2        RRQ4R       RRQ5        RRQ6        RRQ1        RRQ3
   TFS10       TFS2        TFS9        TFS1R       TFS5        ECR24R
   ECR34R      ECR5        ECR2        ECR30R      ECR3        ECR36
   ECR6        ECR1        ECR11

Continuous latent variables
   RUM         FOR         ATT_AVO     ATT_ANX


Estimator                                                       ML
Information matrix                                        OBSERVED
Maximum number of iterations                                  1000
Convergence criterion                                    0.500D-04
Maximum number of steepest descent iterations                   20
Maximum number of iterations for H1                           2000
Convergence criterion for H1                             0.100D-03
Number of bootstrap draws
    Requested                                                 1000
    Completed                                                 1000

Input data file(s)
  thesis.dat

Input data format
  (160F8)


SUMMARY OF DATA

     Number of missing data patterns             1


COVARIANCE COVERAGE OF DATA

Minimum covariance coverage value   0.100


     PROPORTION OF DATA PRESENT


           Covariance Coverage
              RRQ2          RRQ4R         RRQ5          RRQ6          RRQ1
              ________      ________      ________      ________      ________
 RRQ2           1.000
 RRQ4R          1.000         1.000
 RRQ5           1.000         1.000         1.000
 RRQ6           1.000         1.000         1.000         1.000
 RRQ1           1.000         1.000         1.000         1.000         1.000
 RRQ3           1.000         1.000         1.000         1.000         1.000
 TFS10          1.000         1.000         1.000         1.000         1.000
 TFS2           1.000         1.000         1.000         1.000         1.000
 TFS9           1.000         1.000         1.000         1.000         1.000
 TFS1R          1.000         1.000         1.000         1.000         1.000
 TFS5           1.000         1.000         1.000         1.000         1.000
 ECR24R         1.000         1.000         1.000         1.000         1.000
 ECR34R         1.000         1.000         1.000         1.000         1.000
 ECR5           1.000         1.000         1.000         1.000         1.000
 ECR2           1.000         1.000         1.000         1.000         1.000
 ECR30R         1.000         1.000         1.000         1.000         1.000
 ECR3           1.000         1.000         1.000         1.000         1.000
 ECR36          1.000         1.000         1.000         1.000         1.000
 ECR6           1.000         1.000         1.000         1.000         1.000
 ECR1           1.000         1.000         1.000         1.000         1.000
 ECR11          1.000         1.000         1.000         1.000         1.000


           Covariance Coverage
              RRQ3          TFS10         TFS2          TFS9          TFS1R
              ________      ________      ________      ________      ________
 RRQ3           1.000
 TFS10          1.000         1.000
 TFS2           1.000         1.000         1.000
 TFS9           1.000         1.000         1.000         1.000
 TFS1R          1.000         1.000         1.000         1.000         1.000
 TFS5           1.000         1.000         1.000         1.000         1.000
 ECR24R         1.000         1.000         1.000         1.000         1.000
 ECR34R         1.000         1.000         1.000         1.000         1.000
 ECR5           1.000         1.000         1.000         1.000         1.000
 ECR2           1.000         1.000         1.000         1.000         1.000
 ECR30R         1.000         1.000         1.000         1.000         1.000
 ECR3           1.000         1.000         1.000         1.000         1.000
 ECR36          1.000         1.000         1.000         1.000         1.000
 ECR6           1.000         1.000         1.000         1.000         1.000
 ECR1           1.000         1.000         1.000         1.000         1.000
 ECR11          1.000         1.000         1.000         1.000         1.000


           Covariance Coverage
              TFS5          ECR24R        ECR34R        ECR5          ECR2
              ________      ________      ________      ________      ________
 TFS5           1.000
 ECR24R         1.000         1.000
 ECR34R         1.000         1.000         1.000
 ECR5           1.000         1.000         1.000         1.000
 ECR2           1.000         1.000         1.000         1.000         1.000
 ECR30R         1.000         1.000         1.000         1.000         1.000
 ECR3           1.000         1.000         1.000         1.000         1.000
 ECR36          1.000         1.000         1.000         1.000         1.000
 ECR6           1.000         1.000         1.000         1.000         1.000
 ECR1           1.000         1.000         1.000         1.000         1.000
 ECR11          1.000         1.000         1.000         1.000         1.000


           Covariance Coverage
              ECR30R        ECR3          ECR36         ECR6          ECR1
              ________      ________      ________      ________      ________
 ECR30R         1.000
 ECR3           1.000         1.000
 ECR36          1.000         1.000         1.000
 ECR6           1.000         1.000         1.000         1.000
 ECR1           1.000         1.000         1.000         1.000         1.000
 ECR11          1.000         1.000         1.000         1.000         1.000


           Covariance Coverage
              ECR11
              ________
 ECR11          1.000



THE MODEL ESTIMATION TERMINATED NORMALLY



MODEL FIT INFORMATION

Number of Free Parameters                       67

Loglikelihood

          H0 Value                       -7197.654
          H1 Value                       -7028.134

Information Criteria

          Akaike (AIC)                   14529.308
          Bayesian (BIC)                 14758.484
          Sample-Size Adjusted BIC       14546.144
            (n* = (n + 2) / 24)

Chi-Square Test of Model Fit

          Value                            339.040
          Degrees of Freedom                   185
          P-Value                           0.0000

RMSEA (Root Mean Square Error Of Approximation)

          Estimate                           0.061
          90 Percent C.I.                    0.050  0.071
          Probability RMSEA <= .05           0.044

CFI/TLI

          CFI                                0.940
          TLI                                0.932

Chi-Square Test of Model Fit for the Baseline Model

          Value                           2764.446
          Degrees of Freedom                   210
          P-Value                           0.0000

SRMR (Standardized Root Mean Square Residual)

          Value                              0.063

!fit looks pretty good (considering that I'm showing you
!an abbreviated model - actual model was way more 
!complicated than this, hence all of the commented out
!paths in the input file)


MODEL RESULTS
!these are the unstandardized model results

                                                    Two-Tailed
                    Estimate       S.E.  Est./S.E.    P-Value

 RUM      BY
    RRQ5               1.000      0.000    999.000    999.000
    RRQ6               0.855      0.048     17.688      0.000
    RRQ1               0.982      0.054     18.281      0.000
    RRQ3               0.951      0.054     17.633      0.000
    RRQ2               0.927      0.059     15.707      0.000
    RRQ4R              0.755      0.073     10.358      0.000

 FOR      BY
    TFS10              1.000      0.000    999.000    999.000
    TFS2               0.985      0.172      5.718      0.000
    TFS9               0.940      0.116      8.071      0.000
    TFS1R              0.834      0.209      3.991      0.000
    TFS5               0.799      0.162      4.938      0.000

 ATT_AVO  BY
    ECR24R             1.000      0.000    999.000    999.000
    ECR34R             1.512      0.209      7.232      0.000
    ECR5               1.498      0.199      7.527      0.000
    ECR2               1.159      0.136      8.511      0.000
    ECR30R             1.357      0.195      6.964      0.000

 ATT_ANX  BY
    ECR3               1.000      0.000    999.000    999.000
    ECR36              0.796      0.064     12.382      0.000
    ECR6               0.720      0.063     11.486      0.000
    ECR1               0.975      0.035     27.732      0.000
    ECR11              0.800      0.066     12.207      0.000

 RUM      ON
    ATT_ANX            0.256      0.071      3.581      0.000
!sig. path from IV to M
    ATT_AVO            0.000      0.000    999.000    999.000
!we specified this to be zero in our model

 FOR      ON
    RUM               -0.064      0.040     -1.606      0.108
!but, path from M to DV is not significant
    ATT_ANX           -0.058      0.040     -1.451      0.147
!similarly, path from IV to DV is not significant

 ATT_ANX  WITH
    ATT_AVO            0.326      0.124      2.618      0.009
!specified this in our measurement model & they are in fact
!related, so we keep

 Intercepts
    RRQ2               4.588      0.105     43.503      0.000
    RRQ4R              4.558      0.101     45.019      0.000
    RRQ5               4.699      0.101     46.551      0.000
    RRQ6               4.867      0.094     51.756      0.000
    RRQ1               4.655      0.109     42.668      0.000
    RRQ3               4.350      0.102     42.474      0.000
    TFS10              3.748      0.050     74.516      0.000
    TFS2               3.381      0.064     52.996      0.000
    TFS9               2.836      0.065     43.380      0.000
    TFS1R              3.637      0.066     55.516      0.000
    TFS5               3.310      0.066     50.057      0.000
    ECR24R             2.407      0.096     25.137      0.000
    ECR34R             3.071      0.105     29.219      0.000
    ECR5               3.341      0.118     28.404      0.000
    ECR2               2.912      0.111     26.136      0.000
    ECR30R             2.956      0.099     29.924      0.000
    ECR3               3.204      0.109     29.351      0.000
    ECR36              3.018      0.108     28.023      0.000
    ECR6               2.646      0.101     26.104      0.000
    ECR1               3.465      0.115     30.074      0.000
    ECR11              3.106      0.111     28.089      0.000

 Variances
    ATT_AVO            0.858      0.204      4.194      0.000
    ATT_ANX            2.397      0.222     10.779      0.000

 Residual Variances
    RRQ2               0.887      0.149      5.951      0.000
    RRQ4R              1.349      0.228      5.921      0.000
    RRQ5               0.342      0.062      5.491      0.000
    RRQ6               0.574      0.091      6.306      0.000
    RRQ1               0.846      0.149      5.692      0.000
    RRQ3               0.834      0.145      5.746      0.000
    TFS10              0.252      0.055      4.614      0.000
    TFS2               0.602      0.099      6.077      0.000
    TFS9               0.632      0.059     10.752      0.000
    TFS1R              0.717      0.124      5.783      0.000
    TFS5               0.827      0.097      8.527      0.000
    ECR24R             1.278      0.148      8.656      0.000
    ECR34R             0.511      0.140      3.657      0.000
    ECR5               1.308      0.216      6.062      0.000
    ECR2               1.698      0.206      8.246      0.000
    ECR30R             0.765      0.190      4.020      0.000
    ECR3               0.482      0.094      5.129      0.000
    ECR36              1.216      0.192      6.319      0.000
    ECR6               1.108      0.157      7.052      0.000
    ECR1               0.794      0.143      5.541      0.000
    ECR11              1.561      0.178      8.765      0.000
    RUM                1.853      0.221      8.403      0.000
    FOR                0.350      0.080      4.399      0.000


STANDARDIZED MODEL RESULTS

                      StdYX
                    Estimate

 RUM      BY
    RRQ5               0.924
    RRQ6               0.848
    RRQ1               0.834
    RRQ3               0.828
    RRQ2               0.813
    RRQ4R              0.678
!factor loadings

 FOR      BY
    TFS10              0.772
    TFS2               0.611
    TFS9               0.584
    TFS1R              0.514
    TFS5               0.471
!factor loadings

 ATT_AVO  BY
    ECR24R             0.634
    ECR34R             0.891
    ECR5               0.772
    ECR2               0.636
    ECR30R             0.821
!factor loadings

 ATT_ANX  BY
    ECR3               0.912
    ECR36              0.745
    ECR6               0.727
    ECR1               0.861
    ECR11              0.704
!factor loadings

 RUM      ON
    ATT_ANX            0.279
    ATT_AVO            0.000

 FOR      ON
    RUM               -0.148
    ATT_ANX           -0.148

 ATT_ANX  WITH
    ATT_AVO            0.227

 Intercepts
    RRQ2               2.838
    RRQ4R              2.886
    RRQ5               3.064
    RRQ6               3.404
    RRQ1               2.790
    RRQ3               2.671
    TFS10              4.751
    TFS2               3.448
    TFS9               2.895
    TFS1R              3.684
    TFS5               3.210
    ECR24R             1.647
    ECR34R             1.953
    ECR5               1.858
    ECR2               1.724
    ECR30R             1.931
    ECR3               1.888
    ECR36              1.825
    ECR6               1.725
    ECR1               1.977
    ECR11              1.766

 Variances
    ATT_AVO            1.000
    ATT_ANX            1.000

 Residual Variances
    RRQ2               0.339
    RRQ4R              0.541
    RRQ5               0.145
    RRQ6               0.281
    RRQ1               0.304
    RRQ3               0.314
    TFS10              0.404
    TFS2               0.626
    TFS9               0.659
    TFS1R              0.736
    TFS5               0.778
    ECR24R             0.598
    ECR34R             0.207
    ECR5               0.405
    ECR2               0.596
    ECR30R             0.326
    ECR3               0.167
    ECR36              0.445
    ECR6               0.471
    ECR1               0.258
    ECR11              0.504
    RUM                0.922
    FOR                0.944


R-SQUARE

    Observed
    Variable        Estimate

    RRQ2               0.661
    RRQ4R              0.459
    RRQ5               0.855
    RRQ6               0.719
    RRQ1               0.696
    RRQ3               0.686
    TFS10              0.596
    TFS2               0.374
    TFS9               0.341
    TFS1R              0.264
    TFS5               0.222
    ECR24R             0.402
    ECR34R             0.793
    ECR5               0.595
    ECR2               0.404
    ECR30R             0.674
    ECR3               0.833
    ECR36              0.555
    ECR6               0.529
    ECR1               0.742
    ECR11              0.496

     Latent
    Variable        Estimate

    RUM                0.078
    FOR                0.056
!r-square for our DV, forgiveness, showing that our model
!is only explaining 6% of the variance in forgiveness
!(spoiler alert: this is bc this model is incomplete 
!just showing you an abbreviated model for the sake of
!simplicity)


TOTAL, TOTAL INDIRECT, SPECIFIC INDIRECT, AND DIRECT EFFECTS


                                                    Two-Tailed
                    Estimate       S.E.  Est./S.E.    P-Value

Effects from ATT_ANX to FOR

  Sum of indirect     -0.016      0.011     -1.502      0.133
!these are the same bc there is only one possible effect 
!this would be different if you had multiple possible
!mediation paths (i.e., if we left other potential
!mediating variables in the model)

  Specific indirect
!this is the indirect effect of attachment anxiety on forgiveness
!through rumination, and is not significant (which we would 
!expect bc the IV-->DV and M-->DV paths were also not sig.)

    FOR
    RUM
    ATT_ANX           -0.016      0.011     -1.502      0.133


STANDARDIZED TOTAL, TOTAL INDIRECT, SPECIFIC INDIRECT, AND DIRECT EFFECTS


STDYX Standardization
!same as above, these are just our standardized effects bc
!we requested them

                                                    Two-Tailed
                    Estimate       S.E.  Est./S.E.    P-Value

Effects from ATT_ANX to FOR

  Sum of indirect     -0.041      0.028     -1.490      0.136

  Specific indirect

    FOR
    RUM
    ATT_ANX           -0.041      0.028     -1.490      0.136



CONFIDENCE INTERVALS OF MODEL RESULTS

                  Lower .5%  Lower 2.5%    Lower 5%    Estimate    Upper 5%  Upper 2.5%   Upper .5%

 RUM      BY
    RRQ5             1.000       1.000       1.000       1.000       1.000       1.000       1.000
    RRQ6             0.729       0.753       0.768       0.855       0.930       0.946       0.974
    RRQ1             0.845       0.876       0.895       0.982       1.074       1.093       1.127
    RRQ3             0.808       0.840       0.858       0.951       1.039       1.059       1.101
    RRQ2             0.772       0.814       0.833       0.927       1.027       1.044       1.068
    RRQ4R            0.573       0.617       0.638       0.755       0.879       0.898       0.954

 FOR      BY
    TFS10            1.000       1.000       1.000       1.000       1.000       1.000       1.000
    TFS2             0.558       0.654       0.711       0.985       1.252       1.299       1.443
    TFS9             0.700       0.737       0.763       0.940       1.154       1.206       1.315
    TFS1R            0.313       0.428       0.500       0.834       1.192       1.240       1.362
    TFS5             0.405       0.498       0.553       0.799       1.085       1.133       1.257

 ATT_AVO  BY
    ECR24R           1.000       1.000       1.000       1.000       1.000       1.000       1.000
    ECR34R           1.116       1.200       1.237       1.512       1.903       2.010       2.136
    ECR5             1.048       1.169       1.210       1.498       1.838       1.936       2.125
    ECR2             0.840       0.926       0.961       1.159       1.391       1.444       1.578
    ECR30R           0.987       1.063       1.104       1.357       1.755       1.841       1.991

 ATT_ANX  BY
    ECR3             1.000       1.000       1.000       1.000       1.000       1.000       1.000
    ECR36            0.601       0.647       0.677       0.796       0.892       0.910       0.945
    ECR6             0.551       0.582       0.601       0.720       0.810       0.830       0.866
    ECR1             0.872       0.908       0.916       0.975       1.033       1.046       1.065
    ECR11            0.627       0.663       0.685       0.800       0.905       0.921       0.955

 RUM      ON
    ATT_ANX          0.061       0.114       0.137       0.256       0.377       0.397       0.427
    ATT_AVO          0.000       0.000       0.000       0.000       0.000       0.000       0.000

 FOR      ON
    RUM             -0.172      -0.133      -0.123      -0.064       0.004       0.026       0.044
    ATT_ANX         -0.165      -0.140      -0.125      -0.058       0.006       0.019       0.044

 ATT_ANX  WITH
    ATT_AVO          0.027       0.099       0.122       0.326       0.528       0.583       0.634

 Intercepts
    RRQ2             4.319       4.367       4.407       4.588       4.752       4.783       4.858
    RRQ4R            4.243       4.354       4.381       4.558       4.717       4.748       4.801
    RRQ5             4.420       4.496       4.527       4.699       4.858       4.894       4.956
    RRQ6             4.606       4.668       4.704       4.867       5.013       5.035       5.097
    RRQ1             4.345       4.420       4.451       4.655       4.819       4.850       4.889
    RRQ3             4.071       4.142       4.177       4.350       4.522       4.549       4.593
    TFS10            3.615       3.655       3.673       3.748       3.836       3.850       3.881
    TFS2             3.212       3.257       3.274       3.381       3.487       3.509       3.544
    TFS9             2.664       2.704       2.726       2.836       2.942       2.960       2.991
    TFS1R            3.451       3.487       3.518       3.637       3.730       3.752       3.792
    TFS5             3.142       3.181       3.199       3.310       3.425       3.442       3.473
    ECR24R           2.164       2.217       2.252       2.407       2.562       2.593       2.646
    ECR34R           2.788       2.858       2.885       3.071       3.235       3.265       3.336
    ECR5             3.062       3.119       3.155       3.341       3.540       3.593       3.642
    ECR2             2.624       2.704       2.735       2.912       3.102       3.142       3.212
    ECR30R           2.704       2.761       2.792       2.956       3.111       3.142       3.204
    ECR3             2.938       2.991       3.018       3.204       3.385       3.420       3.487
    ECR36            2.748       2.810       2.845       3.018       3.208       3.234       3.301
    ECR6             2.385       2.442       2.473       2.646       2.805       2.845       2.925
    ECR1             3.195       3.248       3.279       3.465       3.659       3.690       3.779
    ECR11            2.845       2.903       2.938       3.106       3.310       3.341       3.407

 Variances
    ATT_AVO          0.435       0.510       0.563       0.858       1.265       1.336       1.442
    ATT_ANX          1.854       1.989       2.045       2.397       2.778       2.840       3.029

 Residual Variances
    RRQ2             0.566       0.635       0.668       0.887       1.172       1.222       1.318
    RRQ4R            0.843       0.945       0.998       1.349       1.757       1.839       1.934
    RRQ5             0.207       0.236       0.250       0.342       0.461       0.482       0.516
    RRQ6             0.364       0.411       0.435       0.574       0.742       0.768       0.798
    RRQ1             0.526       0.593       0.628       0.846       1.121       1.180       1.250
    RRQ3             0.538       0.596       0.624       0.834       1.124       1.178       1.264
    TFS10            0.119       0.155       0.173       0.252       0.351       0.369       0.411
    TFS2             0.369       0.432       0.459       0.602       0.786       0.836       0.883
    TFS9             0.489       0.529       0.547       0.632       0.736       0.760       0.785
    TFS1R            0.449       0.497       0.524       0.717       0.929       0.973       1.034
    TFS5             0.607       0.654       0.683       0.827       0.999       1.023       1.074
    ECR24R           0.938       1.026       1.067       1.278       1.557       1.609       1.690
    ECR34R           0.207       0.299       0.325       0.511       0.798       0.865       0.996
    ECR5             0.876       0.979       1.036       1.308       1.783       1.836       1.970
    ECR2             1.289       1.381       1.428       1.698       2.158       2.237       2.327
    ECR30R           0.402       0.452       0.504       0.765       1.144       1.203       1.328
    ECR3             0.279       0.325       0.349       0.482       0.653       0.696       0.799
    ECR36            0.771       0.896       0.955       1.216       1.607       1.680       1.772
    ECR6             0.766       0.839       0.878       1.108       1.416       1.474       1.617
    ECR1             0.478       0.543       0.578       0.794       1.070       1.105       1.174
    ECR11            1.113       1.240       1.290       1.561       1.874       1.906       1.998
    RUM              1.306       1.452       1.520       1.853       2.243       2.322       2.433
    FOR              0.206       0.234       0.249       0.350       0.518       0.551       0.612


CONFIDENCE INTERVALS OF TOTAL, TOTAL INDIRECT, SPECIFIC INDIRECT, AND DIRECT EFFECTS
!and here are the confidence intervals showing that the interval includes 0, which makes sense
!given that we had a non-sig effect. (in the real model, when we include both mediation
!models in the same model and a more distal outcome of depressive symptoms, the effect
!goes to negative and zero is no longer included in the confidence interval)


                  Lower .5%  Lower 2.5%    Lower 5%    Estimate    Upper 5%  Upper 2.5%   Upper .5%

Effects from ATT_ANX to FOR

  Sum of indirect   -0.058      -0.043      -0.037      -0.016      -0.002       0.001       0.010

  Specific indirect

    FOR
    RUM
    ATT_ANX         -0.058      -0.043      -0.037      -0.016      -0.002       0.001       0.010


CONFIDENCE INTERVALS OF STANDARDIZED TOTAL, TOTAL INDIRECT, SPECIFIC INDIRECT,
AND DIRECT EFFECTS


STDYX Standardization

                  Lower .5%  Lower 2.5%    Lower 5%    Estimate    Upper 5%  Upper 2.5%   Upper .5%

Effects from ATT_ANX to FOR

  Sum of indirect   -0.113      -0.096      -0.087      -0.041       0.004       0.013       0.030

  Specific indirect

    FOR
    RUM
    ATT_ANX         -0.113      -0.096      -0.087      -0.041       0.004       0.013       0.030



     Beginning Time:  11:09:00
        Ending Time:  11:09:12
       Elapsed Time:  00:00:12



MUTHEN & MUTHEN
3463 Stoner Ave.
Los Angeles, CA  90066

Tel: (310) 391-9971
Fax: (310) 391-8971
Web: www.StatModel.com
Support: Support@StatModel.com

Copyright (c) 1998-2010 Muthen & Muthen
