Mplus VERSION 6.1
MUTHEN & MUTHEN
03/24/2016   9:48 AM

INPUT INSTRUCTIONS

  Title: Testing for Measurement Invariance,
  Partial Factor Loading Invariance;
  !partial bc we are going to relax that equality
  !cconstraint for the problematic one

  Data:
  !group-specific data files
  FILE (Elem) IS mbielm1.dat;
  FILE (Sec) IS mbisec1.dat;


  Variable:
  NAMES ARE item1-item22;
  USEVARIABLES ARE item1-item22;

  Analysis:
  ESTIMATOR = MLM;

  MODEL:
  F1 by item1-item3 item6 item8 item13 item14 item16 item20;
  F1 by item12;
  F2 by item5 item10 item11 item15 item22;
  F3 by item4 item7 item9 item12 item17-item19 item21;

  item6 with item16;
  item1 with item2;
  item10 with item11;

  [F1@0 F2@0 F3@0]; !factor means constrained to zero

  MODEL Elem:
  !group-specific model parameters
  item7 with item4;

  MODEL Sec:
  !group-specific model parameters
  F1 by item11;
  item9 with item19;

  !intercepts not constrained equal
  [item1 - item22];
  F2 by item11;
  !relaxing this equality constraint by including it here.
  !still include in general model command
  !otherwise won't be estimated

  Output: MODINDICES (3.84);




INPUT READING TERMINATED NORMALLY



Testing for Measurement Invariance,
Partial Factor Loading Invariance;

SUMMARY OF ANALYSIS

Number of groups                                                 2
Number of observations
   Group ELEM                                                  580
   Group SEC                                                   692

Number of dependent variables                                   22
Number of independent variables                                  0
Number of continuous latent variables                            3

Observed dependent variables

  Continuous
   ITEM1       ITEM2       ITEM3       ITEM4       ITEM5       ITEM6
   ITEM7       ITEM8       ITEM9       ITEM10      ITEM11      ITEM12
   ITEM13      ITEM14      ITEM15      ITEM16      ITEM17      ITEM18
   ITEM19      ITEM20      ITEM21      ITEM22

Continuous latent variables
   F1          F2          F3


Estimator                                                      MLM
Information matrix                                        EXPECTED
Maximum number of iterations                                  1000
Convergence criterion                                    0.500D-04
Maximum number of steepest descent iterations                   20

Input data file(s)
  mbielm1.dat
  mbisec1.dat

Input data format  FREE



THE MODEL ESTIMATION TERMINATED NORMALLY



MODEL FIT INFORMATION

Number of Free Parameters                      130

Loglikelihood

          H0 Value                      -43960.015
          H1 Value                      -43347.312

Information Criteria

          Akaike (AIC)                   88180.031
          Bayesian (BIC)                 88849.316
          Sample-Size Adjusted BIC       88436.373
            (n* = (n + 2) / 24)

Chi-Square Test of Model Fit

          Value                            989.427*
          Degrees of Freedom                   420
          !lose 1 df bc we estimated 1 addtl 
          !parameter (F2 by item11)
          P-Value                           0.0000
          Scaling Correction Factor          1.239
            for MLM

Chi-Square Contributions From Each Group

          ELEM                             455.276
          SEC                              534.151

*   The chi-square value for MLM, MLMV, MLR, ULSMV, WLSM and WLSMV cannot be used
    for chi-square difference testing in the regular way.  MLM, MLR and WLSM
    chi-square difference testing is described on the Mplus website.  MLMV, WLSMV,
    and ULSMV difference testing is done using the DIFFTEST option.
    !test difference on Mplus website

RMSEA (Root Mean Square Error Of Approximation)

          Estimate                           0.046
          90 Percent C.I.                    0.042  0.050
          Probability RMSEA <= .05           0.954

CFI/TLI

          CFI                                0.938
          TLI                                0.932

Chi-Square Test of Model Fit for the Baseline Model

          Value                           9641.378
          Degrees of Freedom                   462
          P-Value                           0.0000

SRMR (Standardized Root Mean Square Residual)

          Value                              0.054

WRMR (Weighted Root Mean Square Residual)

          Value                              1.728



MODEL RESULTS

                                                    Two-Tailed
                    Estimate       S.E.  Est./S.E.    P-Value

Group ELEM

 F1       BY
    ITEM1              1.000      0.000    999.000    999.000
    ITEM2              0.925      0.024     39.154      0.000
    ITEM3              1.062      0.033     32.129      0.000
    ITEM6              0.842      0.041     20.508      0.000
    ITEM8              1.276      0.037     34.689      0.000
    ITEM13             1.094      0.037     29.833      0.000
    ITEM14             0.968      0.035     27.341      0.000
    ITEM16             0.753      0.040     18.924      0.000
    ITEM20             0.891      0.038     23.249      0.000
    ITEM12            -0.426      0.033    -12.966      0.000

 F2       BY
    ITEM5              1.000      0.000    999.000    999.000
    ITEM10             1.028      0.068     15.123      0.000
    ITEM11             1.095      0.077     14.266      0.000
    !compare to F2 by item11 in group Sec table and see
    !it's fairly discrepant across groups
    ITEM15             0.822      0.057     14.456      0.000
    ITEM22             0.788      0.063     12.528      0.000

 F3       BY
    ITEM4              1.000      0.000    999.000    999.000
    ITEM7              1.286      0.126     10.175      0.000
    ITEM9              2.087      0.223      9.371      0.000
    ITEM12             1.331      0.155      8.580      0.000
    ITEM17             1.412      0.130     10.845      0.000
    ITEM18             1.990      0.198     10.047      0.000
    ITEM19             1.957      0.194     10.094      0.000
    ITEM21             1.432      0.150      9.563      0.000

 F2       WITH
    F1                 0.717      0.075      9.571      0.000

 F3       WITH
    F1                -0.193      0.027     -7.083      0.000
    F2                -0.180      0.027     -6.602      0.000

 ITEM6    WITH
    ITEM16             0.855      0.093      9.228      0.000

 ITEM1    WITH
    ITEM2              0.510      0.058      8.757      0.000

 ITEM10   WITH
    ITEM11             0.597      0.094      6.361      0.000

 ITEM7    WITH
    ITEM4              0.169      0.056      3.003      0.003

 Means
    F1                 0.000      0.000    999.000    999.000
    F2                 0.000      0.000    999.000    999.000
    F3                 0.000      0.000    999.000    999.000

 Intercepts
    ITEM1              3.409      0.069     49.484      0.000
    ITEM2              3.976      0.065     60.903      0.000
    ITEM3              2.572      0.071     36.229      0.000
    ITEM4              5.412      0.039    139.751      0.000
    ITEM5              1.053      0.061     17.177      0.000
    ITEM6              1.676      0.069     24.353      0.000
    ITEM7              5.338      0.036    146.968      0.000
    ITEM8              2.184      0.075     29.012      0.000
    ITEM9              5.031      0.055     90.946      0.000
    ITEM10             1.164      0.061     18.990      0.000
    ITEM11             1.122      0.063     17.889      0.000
    ITEM12             4.693      0.053     87.789      0.000
    ITEM13             2.548      0.072     35.621      0.000
    ITEM14             3.122      0.076     41.262      0.000
    ITEM15             0.545      0.047     11.713      0.000
    ITEM16             1.433      0.063     22.715      0.000
    ITEM17             5.416      0.037    147.600      0.000
    ITEM18             4.883      0.050     96.794      0.000
    ITEM19             5.007      0.047    106.468      0.000
    ITEM20             1.281      0.060     21.456      0.000
    ITEM21             4.841      0.054     90.467      0.000
    ITEM22             1.328      0.064     20.730      0.000

 Variances
    F1                 1.476      0.100     14.830      0.000
    F2                 0.766      0.101      7.556      0.000
    F3                 0.151      0.029      5.150      0.000

 Residual Variances
    ITEM1              1.218      0.071     17.148      0.000
    ITEM2              1.184      0.069     17.096      0.000
    ITEM3              1.279      0.086     14.934      0.000
    ITEM4              0.717      0.081      8.843      0.000
    ITEM5              1.302      0.118     11.003      0.000
    ITEM6              1.737      0.117     14.793      0.000
    ITEM7              0.565      0.070      8.120      0.000
    ITEM8              0.843      0.068     12.353      0.000
    ITEM9              1.148      0.113     10.154      0.000
    ITEM10             1.289      0.114     11.300      0.000
    ITEM11             1.326      0.120     11.062      0.000
    ITEM12             0.936      0.076     12.294      0.000
    ITEM13             1.268      0.089     14.254      0.000
    ITEM14             1.918      0.112     17.171      0.000
    ITEM15             0.823      0.119      6.895      0.000
    ITEM16             1.425      0.093     15.381      0.000
    ITEM17             0.442      0.049      9.039      0.000
    ITEM18             0.865      0.107      8.116      0.000
    ITEM19             0.699      0.061     11.545      0.000
    ITEM20             0.905      0.092      9.823      0.000
    ITEM21             1.363      0.122     11.156      0.000
    ITEM22             1.994      0.145     13.719      0.000

Group SEC

 F1       BY
    ITEM1              1.000      0.000    999.000    999.000
    ITEM2              0.925      0.024     39.154      0.000
    ITEM3              1.062      0.033     32.129      0.000
    ITEM6              0.842      0.041     20.508      0.000
    ITEM8              1.276      0.037     34.689      0.000
    ITEM13             1.094      0.037     29.833      0.000
    ITEM14             0.968      0.035     27.341      0.000
    ITEM16             0.753      0.040     18.924      0.000
    ITEM20             0.891      0.038     23.249      0.000
    ITEM12            -0.426      0.033    -12.966      0.000

 F2       BY
    ITEM5              1.000      0.000    999.000    999.000
    ITEM10             1.028      0.068     15.123      0.000
    ITEM11             0.581      0.084      6.947      0.000
    !this value is pretty different from Group Elem so 
    !explains why it was problematic to hold it equal
    ITEM15             0.822      0.057     14.456      0.000
    ITEM22             0.788      0.063     12.528      0.000

 F3       BY
    ITEM4              1.000      0.000    999.000    999.000
    ITEM7              1.286      0.126     10.175      0.000
    ITEM9              2.087      0.223      9.371      0.000
    ITEM12             1.331      0.155      8.580      0.000
    ITEM17             1.412      0.130     10.845      0.000
    ITEM18             1.990      0.198     10.047      0.000
    ITEM19             1.957      0.194     10.094      0.000
    ITEM21             1.432      0.150      9.563      0.000

 F1       BY
    ITEM11             0.406      0.056      7.277      0.000

 F2       WITH
    F1                 0.613      0.066      9.340      0.000

 F3       WITH
    F1                -0.171      0.026     -6.666      0.000
    F2                -0.205      0.030     -6.756      0.000

 ITEM6    WITH
    ITEM16             0.662      0.078      8.486      0.000

 ITEM1    WITH
    ITEM2              0.620      0.057     10.861      0.000

 ITEM10   WITH
    ITEM11             0.926      0.115      8.032      0.000

 ITEM9    WITH
    ITEM19             0.355      0.068      5.215      0.000

 Means
    F1                 0.000      0.000    999.000    999.000
    F2                 0.000      0.000    999.000    999.000
    F3                 0.000      0.000    999.000    999.000

 Intercepts
    ITEM1              3.371      0.060     55.937      0.000
    ITEM2              3.890      0.058     66.973      0.000
    ITEM3              2.526      0.065     39.101      0.000
    ITEM4              5.168      0.042    123.343      0.000
    ITEM5              1.217      0.056     21.817      0.000
    ITEM6              1.999      0.063     31.871      0.000
    ITEM7              5.014      0.043    116.064      0.000
    ITEM8              2.143      0.065     33.039      0.000
    ITEM9              4.702      0.057     82.848      0.000
    ITEM10             1.275      0.059     21.431      0.000
    ITEM11             1.166      0.060     19.550      0.000
    ITEM12             4.527      0.051     88.954      0.000
    ITEM13             2.653      0.063     41.827      0.000
    ITEM14             3.147      0.067     46.680      0.000
    ITEM15             1.078      0.054     20.011      0.000
    ITEM16             1.548      0.055     28.112      0.000
    ITEM17             5.303      0.037    145.039      0.000
    ITEM18             4.705      0.045    105.646      0.000
    ITEM19             4.600      0.049     93.051      0.000
    ITEM20             1.211      0.053     22.713      0.000
    ITEM21             4.462      0.057     77.884      0.000
    ITEM22             1.790      0.061     29.412      0.000

 Variances
    F1                 1.320      0.087     15.114      0.000
    F2                 0.972      0.111      8.755      0.000
    F3                 0.185      0.033      5.563      0.000

 Residual Variances
    ITEM1              1.243      0.068     18.252      0.000
    ITEM2              1.232      0.063     19.655      0.000
    ITEM3              1.381      0.080     17.302      0.000
    ITEM4              1.047      0.103     10.148      0.000
    ITEM5              1.274      0.113     11.318      0.000
    ITEM6              1.743      0.100     17.420      0.000
    ITEM7              0.913      0.064     14.185      0.000
    ITEM8              0.795      0.061     13.116      0.000
    ITEM9              1.396      0.112     12.469      0.000
    ITEM10             1.499      0.122     12.301      0.000
    ITEM11             1.623      0.125     12.938      0.000
    ITEM12             1.000      0.074     13.535      0.000
    ITEM13             1.151      0.073     15.670      0.000
    ITEM14             1.925      0.108     17.791      0.000
    ITEM15             1.244      0.114     10.903      0.000
    ITEM16             1.392      0.087     15.966      0.000
    ITEM17             0.599      0.063      9.442      0.000
    ITEM18             0.649      0.067      9.704      0.000
    ITEM19             0.983      0.081     12.119      0.000
    ITEM20             0.910      0.057     15.922      0.000
    ITEM21             1.880      0.111     16.994      0.000
    ITEM22             1.889      0.123     15.350      0.000


QUALITY OF NUMERICAL RESULTS

     Condition Number for the Information Matrix              0.717E-03
       (ratio of smallest to largest eigenvalue)


MODEL MODIFICATION INDICES

NOTE:  Modification indices for direct effects of observed dependent variables
regressed on covariates may not be included.  To include these, request
MODINDICES (ALL).

Minimum M.I. value for printing the modification index     3.840

                            M.I.     E.P.C.  Std E.P.C.  StdYX E.P.C.
Group ELEM


BY Statements

F1       BY ITEM11         11.625     0.253      0.308        0.205
F1       BY ITEM15          8.172    -0.149     -0.181       -0.157
F1       BY ITEM17         12.042    -0.108     -0.132       -0.153
F1       BY ITEM19          3.923     0.079      0.096        0.085
F2       BY ITEM5           5.634     0.276      0.241        0.168
F2       BY ITEM12          6.286     0.190      0.167        0.128
F2       BY ITEM14          4.524    -0.220     -0.192       -0.106
F2       BY ITEM15          8.393    -0.145     -0.127       -0.109
!this is our trouble-making item, so relax in next model
F2       BY ITEM16         11.325     0.248      0.217        0.144
F2       BY ITEM17         14.970    -0.192     -0.168       -0.195
F3       BY ITEM7           7.185    -0.156     -0.061       -0.067
F3       BY ITEM10          4.372    -0.350     -0.136       -0.094
F3       BY ITEM14         17.168     0.838      0.326        0.179
F3       BY ITEM17          3.994     0.150      0.058        0.068

WITH Statements

ITEM6    WITH ITEM3         5.594     0.148      0.148        0.099
ITEM6    WITH ITEM5         6.582     0.162      0.162        0.108
ITEM8    WITH ITEM5         6.604    -0.155     -0.155       -0.148
ITEM12   WITH ITEM3        18.271    -0.242     -0.242       -0.221
ITEM13   WITH ITEM3         5.661    -0.164     -0.164       -0.129
ITEM13   WITH ITEM8         4.496    -0.136     -0.136       -0.132
ITEM13   WITH ITEM9         6.314    -0.158     -0.158       -0.131
ITEM13   WITH ITEM12       17.608     0.237      0.237        0.218
ITEM14   WITH ITEM2        13.277     0.244      0.244        0.162
ITEM14   WITH ITEM8         3.953    -0.145     -0.145       -0.114
ITEM14   WITH ITEM13       11.824     0.278      0.278        0.179
ITEM15   WITH ITEM5         4.724     0.137      0.137        0.132
ITEM16   WITH ITEM3         8.352    -0.163     -0.163       -0.121
ITEM16   WITH ITEM5         4.006     0.115      0.115        0.084
ITEM17   WITH ITEM4        12.398     0.098      0.098        0.175
ITEM17   WITH ITEM10        8.233    -0.098     -0.098       -0.130
ITEM18   WITH ITEM7         4.285    -0.075     -0.075       -0.107
ITEM18   WITH ITEM9         6.686    -0.144     -0.144       -0.144
ITEM19   WITH ITEM6         5.624    -0.112     -0.112       -0.101
ITEM19   WITH ITEM8         6.818     0.116      0.116        0.152
ITEM19   WITH ITEM17        4.229    -0.068     -0.068       -0.121
ITEM19   WITH ITEM18       24.677     0.228      0.228        0.294
ITEM20   WITH ITEM2         3.844    -0.093     -0.093       -0.090
ITEM20   WITH ITEM3         5.787    -0.139     -0.139       -0.130
ITEM20   WITH ITEM8         4.362     0.112      0.112        0.128
ITEM20   WITH ITEM13        8.919     0.174      0.174        0.162
ITEM21   WITH ITEM7         5.287     0.096      0.096        0.110
ITEM21   WITH ITEM18        5.018    -0.127     -0.127       -0.117
ITEM21   WITH ITEM19        5.188    -0.119     -0.119       -0.122
ITEM22   WITH ITEM8         4.291    -0.147     -0.147       -0.114

Group SEC


BY Statements

F1       BY ITEM5          14.144    -0.236     -0.271       -0.181
F1       BY ITEM22         16.972     0.274      0.315        0.200
F2       BY ITEM1           7.495    -0.153     -0.151       -0.094
F2       BY ITEM5           5.634    -0.276     -0.272       -0.181
F2       BY ITEM6           4.188     0.138      0.136        0.083
F2       BY ITEM13         11.994     0.228      0.225        0.136
F2       BY ITEM14         12.823    -0.290     -0.285       -0.161
F2       BY ITEM15          8.393     0.139      0.137        0.100
F2       BY ITEM16          6.193     0.150      0.148        0.101
F2       BY ITEM20          6.697     0.149      0.146        0.105
F3       BY ITEM1           7.020     0.301      0.130        0.081
F3       BY ITEM6           3.865    -0.272     -0.117       -0.072
F3       BY ITEM7           7.183     0.256      0.110        0.100
F3       BY ITEM10          7.045     0.385      0.166        0.104
F3       BY ITEM11          5.912    -0.350     -0.150       -0.096
F3       BY ITEM14         13.002     0.596      0.256        0.144
F3       BY ITEM15          3.894    -0.308     -0.133       -0.096
F3       BY ITEM16          5.016    -0.277     -0.119       -0.082
F3       BY ITEM17          3.993    -0.132     -0.057       -0.058

WITH Statements

ITEM3    WITH ITEM2         9.285     0.158      0.158        0.121
ITEM8    WITH ITEM6         4.299     0.113      0.113        0.096
ITEM9    WITH ITEM6         4.513    -0.126     -0.126       -0.081
ITEM9    WITH ITEM7        10.902     0.165      0.165        0.146
ITEM11   WITH ITEM2         6.924    -0.113     -0.113       -0.080
ITEM12   WITH ITEM3        10.527    -0.180     -0.180       -0.153
ITEM13   WITH ITEM3         9.622    -0.194     -0.194       -0.154
ITEM13   WITH ITEM12        4.389     0.108      0.108        0.101
ITEM14   WITH ITEM2        15.930     0.237      0.237        0.154
ITEM14   WITH ITEM13        7.284     0.192      0.192        0.129
ITEM15   WITH ITEM1         6.063    -0.123     -0.123       -0.099
ITEM15   WITH ITEM5        12.717     0.273      0.273        0.217
ITEM15   WITH ITEM7         8.096    -0.143     -0.143       -0.134
ITEM15   WITH ITEM11        3.962    -0.116     -0.116       -0.082
ITEM15   WITH ITEM12       12.665     0.190      0.190        0.170
ITEM16   WITH ITEM3         7.257    -0.154     -0.154       -0.111
ITEM16   WITH ITEM8         9.980    -0.153     -0.153       -0.146
ITEM17   WITH ITEM3         3.936     0.086      0.086        0.094
ITEM17   WITH ITEM12        5.286    -0.088     -0.088       -0.113
ITEM17   WITH ITEM16        4.057    -0.076     -0.076       -0.083
ITEM18   WITH ITEM4         4.379    -0.088     -0.088       -0.107
ITEM18   WITH ITEM7        18.076    -0.175     -0.175       -0.227
ITEM18   WITH ITEM15        4.901    -0.104     -0.104       -0.115
ITEM18   WITH ITEM17        5.256     0.084      0.084        0.134
ITEM19   WITH ITEM17        9.051    -0.111     -0.111       -0.144
ITEM19   WITH ITEM18       10.973     0.144      0.144        0.180
ITEM20   WITH ITEM2        14.671    -0.162     -0.162       -0.153
ITEM20   WITH ITEM5         4.296    -0.112     -0.112       -0.104
ITEM20   WITH ITEM6         9.922    -0.164     -0.164       -0.131
ITEM20   WITH ITEM8         6.353     0.121      0.121        0.143
ITEM20   WITH ITEM14        4.615    -0.134     -0.134       -0.101
ITEM20   WITH ITEM15        8.019     0.146      0.146        0.137
ITEM20   WITH ITEM16       22.065     0.219      0.219        0.195
ITEM21   WITH ITEM7        18.427     0.255      0.255        0.195
ITEM21   WITH ITEM14        5.368    -0.196     -0.196       -0.103
ITEM21   WITH ITEM18       11.834    -0.196     -0.196       -0.178
ITEM22   WITH ITEM13        7.670     0.194      0.194        0.131



     Beginning Time:  09:48:28
        Ending Time:  09:48:31
       Elapsed Time:  00:00:03



MUTHEN & MUTHEN
3463 Stoner Ave.
Los Angeles, CA  90066

Tel: (310) 391-9971
Fax: (310) 391-8971
Web: www.StatModel.com
Support: Support@StatModel.com

Copyright (c) 1998-2010 Muthen & Muthen
