Mplus VERSION 8.4
MUTHEN & MUTHEN
10/11/2021  10:37 AM

INPUT INSTRUCTIONS

  TITLE:    Latent interaction LMS

  DATA:	  ! read data
            FILE = mplus.dat;

  VARIABLE:
            NAMES = math1 math2 math3                 ! math indicators
                    exp1 exp2 exp3                    ! students' expectancies
                    intrinsic1 intrinsic2 intrinsic3; ! intrinsic values


            MISSING = ALL(999);                       ! missing data


  ANALYSIS: TYPE = RANDOM;                            ! random effects for interaction term
            ALGORITHM = INTEGRATION;                  ! integration algorithm
            INTEGRATION = gaussHermite(10);           ! here Gauss Hermite with 10 integrati
            !INTEGRATION = MONTECARLO;                ! alternative integration (simulation
            ADAPTIVE = ON;                            ! adaptive process for integration poi
            PROCESSORS = 4;                           ! parallel computing
            !Iterations = 300;                        ! iterations for alternative montecarl


  MODEL:     ! measurement models
             xi1 BY exp1 exp2 exp3;
             xi2 BY intrinsic1 intrinsic2 intrinsic3;
             eta BY math1 math2 math3;

             ! interaction term
             xi1xi2 | xi1 xwith xi2;

             ! structural model
             eta on xi1 xi2 xi1xi2;

             ! for consistency with other approaches
             ! first indicators have zero intercepts
             [math1@0];
             [exp1@0];
             [intrinsic1@0];

             ! intercept for latent DV
             [eta*];
             ! intercept for latent predictors
             [xi1-xi2*] ;









*** WARNING
  Input line exceeded 90 characters. Some input may be truncated.
            INTEGRATION = gaussHermite(10);           ! here Gauss Hermite with 10 integratio
*** WARNING
  Input line exceeded 90 characters. Some input may be truncated.
            !INTEGRATION = MONTECARLO;                ! alternative integration (simulation b
*** WARNING
  Input line exceeded 90 characters. Some input may be truncated.
            ADAPTIVE = ON;                            ! adaptive process for integration poin
*** WARNING
  Input line exceeded 90 characters. Some input may be truncated.
            !Iterations = 300;                        ! iterations for alternative montecarlo
*** WARNING in VARIABLE command
  Note that only the first 8 characters of variable names are used in the output.
  Shorten variable names to avoid any confusion.
   5 WARNING(S) FOUND IN THE INPUT INSTRUCTIONS



Latent interaction LMS

SUMMARY OF ANALYSIS

Number of groups                                                 1
Number of observations                                         400

Number of dependent variables                                    9
Number of independent variables                                  0
Number of continuous latent variables                            4

Observed dependent variables

  Continuous
   MATH1       MATH2       MATH3       EXP1        EXP2        EXP3
   INTRINSIC1  INTRINSIC2  INTRINSIC3

Continuous latent variables
   XI1         XI2         ETA         XI1XI2


Estimator                                                      MLR
Information matrix                                        OBSERVED
Optimization Specifications for the Quasi-Newton Algorithm for
Continuous Outcomes
  Maximum number of iterations                                 100
  Convergence criterion                                  0.100D-05
Optimization Specifications for the EM Algorithm
  Maximum number of iterations                                 500
  Convergence criteria
    Loglikelihood change                                 0.100D-02
    Relative loglikelihood change                        0.100D-05
    Derivative                                           0.100D-02
Optimization Specifications for the M step of the EM Algorithm for
Categorical Latent variables
  Number of M step iterations                                    1
  M step convergence criterion                           0.100D-02
  Basis for M step termination                           ITERATION
Optimization Specifications for the M step of the EM Algorithm for
Censored, Binary or Ordered Categorical (Ordinal), Unordered
Categorical (Nominal) and Count Outcomes
  Number of M step iterations                                    1
  M step convergence criterion                           0.100D-02
  Basis for M step termination                           ITERATION
  Maximum value for logit thresholds                            15
  Minimum value for logit thresholds                           -15
  Minimum expected cell size for chi-square              0.100D-01
Maximum number of iterations for H1                           2000
Convergence criterion for H1                             0.100D-03
Optimization algorithm                                         EMA
Integration Specifications
  Type                                                GAUSSHERMITE
  Number of integration points                                  10
  Dimensions of numerical integration                            2
  Adaptive quadrature                                           ON
Cholesky                                                       OFF

Input data file(s)
  mplus.dat
Input data format  FREE


SUMMARY OF DATA

     Number of missing data patterns             1


COVARIANCE COVERAGE OF DATA

Minimum covariance coverage value   0.100


     PROPORTION OF DATA PRESENT FOR Y


           Covariance Coverage
              MATH1         MATH2         MATH3         EXP1          EXP2
              ________      ________      ________      ________      ________
 MATH1          1.000
 MATH2          1.000         1.000
 MATH3          1.000         1.000         1.000
 EXP1           1.000         1.000         1.000         1.000
 EXP2           1.000         1.000         1.000         1.000         1.000
 EXP3           1.000         1.000         1.000         1.000         1.000
 INTRINSI       1.000         1.000         1.000         1.000         1.000
 INTRINSI       1.000         1.000         1.000         1.000         1.000
 INTRINSI       1.000         1.000         1.000         1.000         1.000


           Covariance Coverage
              EXP3          INTRINSI      INTRINSI      INTRINSI
              ________      ________      ________      ________
 EXP3           1.000
 INTRINSI       1.000         1.000
 INTRINSI       1.000         1.000         1.000
 INTRINSI       1.000         1.000         1.000         1.000



UNIVARIATE SAMPLE STATISTICS


     UNIVARIATE HIGHER-ORDER MOMENT DESCRIPTIVE STATISTICS

         Variable/         Mean/     Skewness/   Minimum/ % with                Percentiles
        Sample Size      Variance    Kurtosis    Maximum  Min/Max      20%/60%    40%/80%    Median

     MATH1                 0.012      -0.197      -3.223    0.25%      -0.878     -0.183      0.070
             400.000       1.008      -0.032       2.609    0.25%       0.329      0.804
     MATH2                -0.012      -0.061      -2.882    0.25%      -0.851     -0.278      0.020
             400.000       0.998      -0.227       2.988    0.25%       0.257      0.882
     MATH3                 0.000      -0.058      -2.627    0.25%      -0.910     -0.223      0.003
             400.000       0.984      -0.363       2.706    0.25%       0.269      0.872
     EXP1                  0.000      -0.251      -1.845    1.75%      -0.511     -0.178      0.155
             400.000       0.531      -0.475       1.155   10.50%       0.155      0.822
     EXP2                  0.000      -0.334      -1.784    4.75%      -0.784     -0.117      0.216
             400.000       0.742      -0.777       1.216   13.75%       0.216      0.883
     EXP3                  0.000      -0.083      -1.566    7.50%      -0.900     -0.233      0.100
             400.000       0.761      -0.891       1.434    9.25%       0.100      0.767
     INTRINSIC1            0.000      -0.125      -1.545   13.25%      -1.211     -0.211      0.122
             400.000       0.981      -1.233       1.455   11.50%       0.455      1.122
     INTRINSIC2            0.000       0.003      -1.593    6.25%      -0.927     -0.260      0.073
             400.000       0.783      -1.020       1.407   11.50%       0.407      0.740
     INTRINSIC3            0.000      -0.035      -1.447   12.25%      -0.780     -0.113      0.053
             400.000       0.790      -0.952       1.553    6.25%       0.220      0.887


THE MODEL ESTIMATION TERMINATED NORMALLY



MODEL FIT INFORMATION

Number of Free Parameters                       31

Loglikelihood

          H0 Value                       -2689.318
          H0 Scaling Correction Factor      0.9905
            for MLR

Information Criteria

          Akaike (AIC)                    5440.635
          Bayesian (BIC)                  5564.371
          Sample-Size Adjusted BIC        5466.006
            (n* = (n + 2) / 24)



MODEL RESULTS

                                                    Two-Tailed
                    Estimate       S.E.  Est./S.E.    P-Value

 XI1      BY
    EXP1               1.000      0.000    999.000    999.000
    EXP2               1.275      0.055     22.966      0.000
    EXP3               1.366      0.056     24.352      0.000

 XI2      BY
    INTRINSIC1         1.000      0.000    999.000    999.000
    INTRINSIC2         0.876      0.020     43.404      0.000
    INTRINSIC3         0.877      0.020     42.855      0.000

 ETA      BY
    MATH1              1.000      0.000    999.000    999.000
    MATH2              1.039      0.027     37.860      0.000
    MATH3              1.029      0.025     41.072      0.000

 ETA        ON
    XI1                0.812      0.120      6.755      0.000
    XI2               -0.104      0.075     -1.400      0.161
    XI1XI2             0.156      0.077      2.036      0.042

 XI2      WITH
    XI1                0.420      0.033     12.618      0.000

 Means
    XI1                0.001      0.036      0.027      0.978
    XI2                0.000      0.050      0.000      1.000

 Intercepts
    MATH1              0.000      0.000    999.000    999.000
    MATH2             -0.024      0.023     -1.073      0.283
    MATH3             -0.013      0.023     -0.552      0.581
    EXP1               0.000      0.000    999.000    999.000
    EXP2              -0.001      0.033     -0.038      0.970
    EXP3              -0.001      0.033     -0.041      0.967
    INTRINSIC1         0.000      0.000    999.000    999.000
    INTRINSIC2         0.000      0.020      0.000      1.000
    INTRINSIC3         0.000      0.020      0.000      1.000
    ETA               -0.054      0.059     -0.911      0.362

 Variances
    XI1                0.360      0.033     10.994      0.000
    XI2                0.898      0.044     20.330      0.000

 Residual Variances
    MATH1              0.136      0.012     11.796      0.000
    MATH2              0.059      0.009      6.759      0.000
    MATH3              0.062      0.009      7.204      0.000
    EXP1               0.172      0.015     11.486      0.000
    EXP2               0.158      0.017      9.376      0.000
    EXP3               0.089      0.015      5.961      0.000
    INTRINSIC1         0.083      0.013      6.279      0.000
    INTRINSIC2         0.094      0.010      9.207      0.000
    INTRINSIC3         0.099      0.011      9.292      0.000
    ETA                0.695      0.055     12.715      0.000


QUALITY OF NUMERICAL RESULTS

     Condition Number for the Information Matrix              0.264E-04
       (ratio of smallest to largest eigenvalue)


     Beginning Time:  10:37:09
        Ending Time:  10:37:09
       Elapsed Time:  00:00:00



MUTHEN & MUTHEN
3463 Stoner Ave.
Los Angeles, CA  90066

Tel: (310) 391-9971
Fax: (310) 391-8971
Web: www.StatModel.com
Support: Support@StatModel.com

Copyright (c) 1998-2019 Muthen & Muthen
