Mplus VERSION 8.4
MUTHEN & MUTHEN
10/11/2021  10:52 AM

INPUT INSTRUCTIONS

  TITLE:    Latent interaction NSEMM

  DATA:	 ! read data
            FILE = mplus.dat;

  VARIABLE:
            NAMES = math1 math2 math3                 ! math indicators
                    exp1 exp2 exp3                    ! students' expectancies
                    intrinsic1 intrinsic2 intrinsic3; ! intrinsic values

            MISSING = ALL(999);                       ! missing data
            CLASSES = c(2);                           ! latent class for mixture (2 componen


  ANALYSIS: TYPE = RANDOM;                            ! random effects for interaction term
            TYPE= MIXTURE;                            ! turn on mixture modeling
            ALGORITHM = INTEGRATION;                  ! integration algorithm
            ALGORITHM=EMA;                            ! accelerated expectation maximization
            INTEGRATION = gaussHermite(10);           ! here Gauss Hermite with 10 integrati
            ADAPTIVE = ON;                            ! adaptive process for integration poi
            STARTS = 10 4;                            ! No. of set of random starting values
            PROCESSORS = 4;                           ! parallel computing

  MODEL:     !##########################################
             ! First: overall model across mixtures components
             !##########################################
             %OVERALL%
             !measurement models
             xi1 BY exp1 exp2 exp3;
             xi2 BY intrinsic1 intrinsic2 intrinsic3;
             eta BY math1 math2 math3;

             ! interaction term
             xi1xi2 | xi1 xwith xi2;

             !structural model
             eta on xi1 xi2 xi1xi2;

             ! first indicators have zero intercepts
             [math1@0];
             [exp1@0];
             [intrinsic1@0];

             ! constrain intercept for latent DV (for "parametric" interpretation)
             [eta*] (alpha);

             !##########################################
             ! Second: mixture component specific parameters
             !##########################################
             ! component no. 1
             !##########################################
             %c#1%

             ! means for latent predictors
             [xi1-xi2*] ;
             ! (co)-variances for latent predictors
             xi1-xi2*;
             xi1 with xi2*;

             ! constrain intercept for latent DV (for "parametric" interpretation)
             [eta*] (alpha);

             !##########################################
             ! component no. 2
             !##########################################
             %c#2%
             ! means for latent predictors
             [xi1-xi2*] ;
             ! (co)-variances for latent predictors
             xi1-xi2*;
             xi1 with xi2*;
             ! constrain intercept for latent DV (for "parametric" interpretation)
             [eta*] (alpha);

  ! optional tech1 output provides overview on parameters
  ! (helps to ensure that mixture model is correctly constrained)
  OUTPUT:     tech1;






*** WARNING
  Input line exceeded 90 characters. Some input may be truncated.
            CLASSES = c(2);                           ! latent class for mixture (2 component
*** WARNING
  Input line exceeded 90 characters. Some input may be truncated.
            INTEGRATION = gaussHermite(10);           ! here Gauss Hermite with 10 integratio
*** WARNING
  Input line exceeded 90 characters. Some input may be truncated.
            ADAPTIVE = ON;                            ! adaptive process for integration poin
*** WARNING in VARIABLE command
  Note that only the first 8 characters of variable names are used in the output.
  Shorten variable names to avoid any confusion.
   4 WARNING(S) FOUND IN THE INPUT INSTRUCTIONS



Latent interaction NSEMM

SUMMARY OF ANALYSIS

Number of groups                                                 1
Number of observations                                         400

Number of dependent variables                                    9
Number of independent variables                                  0
Number of continuous latent variables                            4
Number of categorical latent variables                           1

Observed dependent variables

  Continuous
   MATH1       MATH2       MATH3       EXP1        EXP2        EXP3
   INTRINSIC1  INTRINSIC2  INTRINSIC3

Continuous latent variables
   XI1         XI2         ETA         XI1XI2

Categorical latent variables
   C


Estimator                                                      MLR
Information matrix                                        OBSERVED
Optimization Specifications for the Quasi-Newton Algorithm for
Continuous Outcomes
  Maximum number of iterations                                 100
  Convergence criterion                                  0.100D-05
Optimization Specifications for the EM Algorithm
  Maximum number of iterations                                 500
  Convergence criteria
    Loglikelihood change                                 0.100D-02
    Relative loglikelihood change                        0.100D-05
    Derivative                                           0.100D-02
Optimization Specifications for the M step of the EM Algorithm for
Categorical Latent variables
  Number of M step iterations                                    1
  M step convergence criterion                           0.100D-02
  Basis for M step termination                           ITERATION
Optimization Specifications for the M step of the EM Algorithm for
Censored, Binary or Ordered Categorical (Ordinal), Unordered
Categorical (Nominal) and Count Outcomes
  Number of M step iterations                                    1
  M step convergence criterion                           0.100D-02
  Basis for M step termination                           ITERATION
  Maximum value for logit thresholds                            15
  Minimum value for logit thresholds                           -15
  Minimum expected cell size for chi-square              0.100D-01
Maximum number of iterations for H1                           2000
Convergence criterion for H1                             0.100D-03
Optimization algorithm                                         EMA
Integration Specifications
  Type                                                GAUSSHERMITE
  Number of integration points                                  10
  Dimensions of numerical integration                            2
  Adaptive quadrature                                           ON
Random Starts Specifications
  Number of initial stage random starts                         10
  Number of final stage optimizations                            4
  Number of initial stage iterations                            10
  Initial stage convergence criterion                    0.100D+01
  Random starts scale                                    0.500D+01
  Random seed for generating random starts                       0
Cholesky                                                       OFF

Input data file(s)
  mplus.dat
Input data format  FREE


SUMMARY OF DATA

     Number of missing data patterns             1
     Number of y missing data patterns           1
     Number of u missing data patterns           0


COVARIANCE COVERAGE OF DATA

Minimum covariance coverage value   0.100


     PROPORTION OF DATA PRESENT FOR Y


           Covariance Coverage
              MATH1         MATH2         MATH3         EXP1          EXP2
              ________      ________      ________      ________      ________
 MATH1          1.000
 MATH2          1.000         1.000
 MATH3          1.000         1.000         1.000
 EXP1           1.000         1.000         1.000         1.000
 EXP2           1.000         1.000         1.000         1.000         1.000
 EXP3           1.000         1.000         1.000         1.000         1.000
 INTRINSI       1.000         1.000         1.000         1.000         1.000
 INTRINSI       1.000         1.000         1.000         1.000         1.000
 INTRINSI       1.000         1.000         1.000         1.000         1.000


           Covariance Coverage
              EXP3          INTRINSI      INTRINSI      INTRINSI
              ________      ________      ________      ________
 EXP3           1.000
 INTRINSI       1.000         1.000
 INTRINSI       1.000         1.000         1.000
 INTRINSI       1.000         1.000         1.000         1.000



UNIVARIATE SAMPLE STATISTICS


     UNIVARIATE HIGHER-ORDER MOMENT DESCRIPTIVE STATISTICS

         Variable/         Mean/     Skewness/   Minimum/ % with                Percentiles
        Sample Size      Variance    Kurtosis    Maximum  Min/Max      20%/60%    40%/80%    Median

     MATH1                 0.012      -0.197      -3.223    0.25%      -0.878     -0.183      0.070
             400.000       1.008      -0.032       2.609    0.25%       0.329      0.804
     MATH2                -0.012      -0.061      -2.882    0.25%      -0.851     -0.278      0.020
             400.000       0.998      -0.227       2.988    0.25%       0.257      0.882
     MATH3                 0.000      -0.058      -2.627    0.25%      -0.910     -0.223      0.003
             400.000       0.984      -0.363       2.706    0.25%       0.269      0.872
     EXP1                  0.000      -0.251      -1.845    1.75%      -0.511     -0.178      0.155
             400.000       0.531      -0.475       1.155   10.50%       0.155      0.822
     EXP2                  0.000      -0.334      -1.784    4.75%      -0.784     -0.117      0.216
             400.000       0.742      -0.777       1.216   13.75%       0.216      0.883
     EXP3                  0.000      -0.083      -1.566    7.50%      -0.900     -0.233      0.100
             400.000       0.761      -0.891       1.434    9.25%       0.100      0.767
     INTRINSIC1            0.000      -0.125      -1.545   13.25%      -1.211     -0.211      0.122
             400.000       0.981      -1.233       1.455   11.50%       0.455      1.122
     INTRINSIC2            0.000       0.003      -1.593    6.25%      -0.927     -0.260      0.073
             400.000       0.783      -1.020       1.407   11.50%       0.407      0.740
     INTRINSIC3            0.000      -0.035      -1.447   12.25%      -0.780     -0.113      0.053
             400.000       0.790      -0.952       1.553    6.25%       0.220      0.887

RANDOM STARTS RESULTS RANKED FROM THE BEST TO THE WORST LOGLIKELIHOOD VALUES


1 perturbed starting value run(s) did not converge.
Final stage loglikelihood values at local maxima, seeds, and initial stage start numbers:

           -2653.433  unperturbed      0
           -2738.419  939021           8

2 perturbed starting value run(s) did not converge.



     WARNING:  THE BEST LOGLIKELIHOOD VALUE WAS NOT REPLICATED.  THE
     SOLUTION MAY NOT BE TRUSTWORTHY DUE TO LOCAL MAXIMA.  INCREASE THE
     NUMBER OF RANDOM STARTS.


THE MODEL ESTIMATION TERMINATED NORMALLY



MODEL FIT INFORMATION

Number of Free Parameters                       37

Loglikelihood

          H0 Value                       -2653.433
          H0 Scaling Correction Factor      1.0344
            for MLR

Information Criteria

          Akaike (AIC)                    5380.866
          Bayesian (BIC)                  5528.550
          Sample-Size Adjusted BIC        5411.147
            (n* = (n + 2) / 24)



FINAL CLASS COUNTS AND PROPORTIONS FOR THE LATENT CLASSES
BASED ON THE ESTIMATED MODEL

    Latent
   Classes

       1        211.54553          0.52886
       2        188.45447          0.47114


FINAL CLASS COUNTS AND PROPORTIONS FOR THE LATENT CLASSES
BASED ON ESTIMATED POSTERIOR PROBABILITIES

    Latent
   Classes

       1        211.54553          0.52886
       2        188.45447          0.47114


FINAL CLASS COUNTS AND PROPORTIONS FOR THE LATENT CLASSES
BASED ON THEIR MOST LIKELY LATENT CLASS MEMBERSHIP

Class Counts and Proportions

    Latent
   Classes

       1              214          0.53500
       2              186          0.46500


CLASSIFICATION QUALITY

     Entropy                         0.746


Classification Probabilities for the Most Likely Latent Class Membership (Column)
by Latent Class (Row)

           1        2

    1   0.938    0.062
    2   0.082    0.918


Logits for the Classification Probabilities for the Most Likely Latent Class Membership (Column)
by Latent Class (Row)

              1        2

    1      2.719    0.000
    2     -2.409    0.000


MODEL RESULTS

                                                    Two-Tailed
                    Estimate       S.E.  Est./S.E.    P-Value

Latent Class 1

 XI1      BY
    EXP1               1.000      0.000    999.000    999.000
    EXP2               1.152      0.035     33.077      0.000
    EXP3               1.242      0.026     47.926      0.000

 XI2      BY
    INTRINSIC1         1.000      0.000    999.000    999.000
    INTRINSIC2         0.872      0.022     39.167      0.000
    INTRINSIC3         0.871      0.022     39.907      0.000

 ETA      BY
    MATH1              1.000      0.000    999.000    999.000
    MATH2              1.039      0.027     37.843      0.000
    MATH3              1.029      0.025     41.083      0.000

 ETA        ON
    XI1                0.747      0.105      7.118      0.000
    XI2               -0.104      0.073     -1.417      0.157
    XI1XI2             0.122      0.071      1.721      0.085

 XI2      WITH
    XI1                0.201      0.051      3.974      0.000

 Means
    XI1                0.341      0.104      3.287      0.001
    XI2                0.754      0.137      5.509      0.000

 Intercepts
    MATH1              0.000      0.000    999.000    999.000
    MATH2             -0.024      0.023     -1.073      0.283
    MATH3             -0.013      0.023     -0.552      0.581
    EXP1               0.000      0.000    999.000    999.000
    EXP2               0.005      0.039      0.123      0.902
    EXP3               0.005      0.039      0.135      0.893
    INTRINSIC1         0.000      0.000    999.000    999.000
    INTRINSIC2        -0.001      0.020     -0.043      0.966
    INTRINSIC3        -0.001      0.020     -0.042      0.966
    ETA               -0.040      0.062     -0.655      0.512

 Variances
    XI1                0.259      0.043      5.978      0.000
    XI2                0.278      0.075      3.731      0.000

 Residual Variances
    MATH1              0.137      0.012     11.812      0.000
    MATH2              0.058      0.009      6.730      0.000
    MATH3              0.062      0.009      7.236      0.000
    EXP1               0.161      0.017      9.225      0.000
    EXP2               0.172      0.019      8.865      0.000
    EXP3               0.098      0.015      6.724      0.000
    INTRINSIC1         0.074      0.012      6.200      0.000
    INTRINSIC2         0.097      0.012      8.469      0.000
    INTRINSIC3         0.105      0.010     10.398      0.000
    ETA                0.694      0.055     12.704      0.000

Latent Class 2

 XI1      BY
    EXP1               1.000      0.000    999.000    999.000
    EXP2               1.152      0.035     33.077      0.000
    EXP3               1.242      0.026     47.926      0.000

 XI2      BY
    INTRINSIC1         1.000      0.000    999.000    999.000
    INTRINSIC2         0.872      0.022     39.167      0.000
    INTRINSIC3         0.871      0.022     39.907      0.000

 ETA      BY
    MATH1              1.000      0.000    999.000    999.000
    MATH2              1.039      0.027     37.843      0.000
    MATH3              1.029      0.025     41.083      0.000

 ETA        ON
    XI1                0.747      0.105      7.118      0.000
    XI2               -0.104      0.073     -1.417      0.157
    XI1XI2             0.122      0.071      1.721      0.085

 XI2      WITH
    XI1                0.129      0.049      2.633      0.008

 Means
    XI1               -0.392      0.079     -4.944      0.000
    XI2               -0.844      0.152     -5.553      0.000

 Intercepts
    MATH1              0.000      0.000    999.000    999.000
    MATH2             -0.024      0.023     -1.073      0.283
    MATH3             -0.013      0.023     -0.552      0.581
    EXP1               0.000      0.000    999.000    999.000
    EXP2               0.005      0.039      0.123      0.902
    EXP3               0.005      0.039      0.135      0.893
    INTRINSIC1         0.000      0.000    999.000    999.000
    INTRINSIC2        -0.001      0.020     -0.043      0.966
    INTRINSIC3        -0.001      0.020     -0.042      0.966
    ETA               -0.040      0.062     -0.655      0.512

 Variances
    XI1                0.337      0.041      8.174      0.000
    XI2                0.251      0.087      2.868      0.004

 Residual Variances
    MATH1              0.137      0.012     11.812      0.000
    MATH2              0.058      0.009      6.730      0.000
    MATH3              0.062      0.009      7.236      0.000
    EXP1               0.161      0.017      9.225      0.000
    EXP2               0.172      0.019      8.865      0.000
    EXP3               0.098      0.015      6.724      0.000
    INTRINSIC1         0.074      0.012      6.200      0.000
    INTRINSIC2         0.097      0.012      8.469      0.000
    INTRINSIC3         0.105      0.010     10.398      0.000
    ETA                0.694      0.055     12.704      0.000

Categorical Latent Variables

 Means
    C#1                0.116      0.346      0.334      0.738


QUALITY OF NUMERICAL RESULTS

     Condition Number for the Information Matrix              0.611E-04
       (ratio of smallest to largest eigenvalue)


TECHNICAL 1 OUTPUT


     PARAMETER SPECIFICATION FOR LATENT CLASS 1


           NU
              MATH1         MATH2         MATH3         EXP1          EXP2
              ________      ________      ________      ________      ________
                    0             1             2             0             3


           NU
              EXP3          INTRINSI      INTRINSI      INTRINSI
              ________      ________      ________      ________
                    4             0             5             6


           LAMBDA
              XI1           XI2           ETA           XI1XI2
              ________      ________      ________      ________
 MATH1              0             0             0             0
 MATH2              0             0             7             0
 MATH3              0             0             8             0
 EXP1               0             0             0             0
 EXP2               9             0             0             0
 EXP3              10             0             0             0
 INTRINSI           0             0             0             0
 INTRINSI           0            11             0             0
 INTRINSI           0            12             0             0


           THETA
              MATH1         MATH2         MATH3         EXP1          EXP2
              ________      ________      ________      ________      ________
 MATH1             13
 MATH2              0            14
 MATH3              0             0            15
 EXP1               0             0             0            16
 EXP2               0             0             0             0            17
 EXP3               0             0             0             0             0
 INTRINSI           0             0             0             0             0
 INTRINSI           0             0             0             0             0
 INTRINSI           0             0             0             0             0


           THETA
              EXP3          INTRINSI      INTRINSI      INTRINSI
              ________      ________      ________      ________
 EXP3              18
 INTRINSI           0            19
 INTRINSI           0             0            20
 INTRINSI           0             0             0            21


           ALPHA
              XI1           XI2           ETA           XI1XI2
              ________      ________      ________      ________
                   22            23            24             0


           BETA
              XI1           XI2           ETA           XI1XI2
              ________      ________      ________      ________
 XI1                0             0             0             0
 XI2                0             0             0             0
 ETA               25            26             0            27
 XI1XI2             0             0             0             0


           PSI
              XI1           XI2           ETA           XI1XI2
              ________      ________      ________      ________
 XI1               28
 XI2               29            30
 ETA                0             0            31
 XI1XI2             0             0             0             0


     PARAMETER SPECIFICATION FOR LATENT CLASS 2


           NU
              MATH1         MATH2         MATH3         EXP1          EXP2
              ________      ________      ________      ________      ________
                    0             1             2             0             3


           NU
              EXP3          INTRINSI      INTRINSI      INTRINSI
              ________      ________      ________      ________
                    4             0             5             6


           LAMBDA
              XI1           XI2           ETA           XI1XI2
              ________      ________      ________      ________
 MATH1              0             0             0             0
 MATH2              0             0             7             0
 MATH3              0             0             8             0
 EXP1               0             0             0             0
 EXP2               9             0             0             0
 EXP3              10             0             0             0
 INTRINSI           0             0             0             0
 INTRINSI           0            11             0             0
 INTRINSI           0            12             0             0


           THETA
              MATH1         MATH2         MATH3         EXP1          EXP2
              ________      ________      ________      ________      ________
 MATH1             13
 MATH2              0            14
 MATH3              0             0            15
 EXP1               0             0             0            16
 EXP2               0             0             0             0            17
 EXP3               0             0             0             0             0
 INTRINSI           0             0             0             0             0
 INTRINSI           0             0             0             0             0
 INTRINSI           0             0             0             0             0


           THETA
              EXP3          INTRINSI      INTRINSI      INTRINSI
              ________      ________      ________      ________
 EXP3              18
 INTRINSI           0            19
 INTRINSI           0             0            20
 INTRINSI           0             0             0            21


           ALPHA
              XI1           XI2           ETA           XI1XI2
              ________      ________      ________      ________
                   32            33            24             0


           BETA
              XI1           XI2           ETA           XI1XI2
              ________      ________      ________      ________
 XI1                0             0             0             0
 XI2                0             0             0             0
 ETA               25            26             0            27
 XI1XI2             0             0             0             0


           PSI
              XI1           XI2           ETA           XI1XI2
              ________      ________      ________      ________
 XI1               34
 XI2               35            36
 ETA                0             0            31
 XI1XI2             0             0             0             0


     PARAMETER SPECIFICATION FOR LATENT CLASS REGRESSION MODEL PART


           ALPHA(C)
              C#1           C#2
              ________      ________
                   37             0


           GAMMA(C)
              XI1           XI2           ETA           XI1XI2
              ________      ________      ________      ________
 C#1                0             0             0             0
 C#2                0             0             0             0


     STARTING VALUES FOR LATENT CLASS 1


           NU
              MATH1         MATH2         MATH3         EXP1          EXP2
              ________      ________      ________      ________      ________
                0.000        -0.012         0.000         0.000         0.000


           NU
              EXP3          INTRINSI      INTRINSI      INTRINSI
              ________      ________      ________      ________
                0.000         0.000         0.000         0.000


           LAMBDA
              XI1           XI2           ETA           XI1XI2
              ________      ________      ________      ________
 MATH1          0.000         0.000         1.000         0.000
 MATH2          0.000         0.000         1.000         0.000
 MATH3          0.000         0.000         1.000         0.000
 EXP1           1.000         0.000         0.000         0.000
 EXP2           1.000         0.000         0.000         0.000
 EXP3           1.000         0.000         0.000         0.000
 INTRINSI       0.000         1.000         0.000         0.000
 INTRINSI       0.000         1.000         0.000         0.000
 INTRINSI       0.000         1.000         0.000         0.000


           THETA
              MATH1         MATH2         MATH3         EXP1          EXP2
              ________      ________      ________      ________      ________
 MATH1          0.504
 MATH2          0.000         0.499
 MATH3          0.000         0.000         0.492
 EXP1           0.000         0.000         0.000         0.265
 EXP2           0.000         0.000         0.000         0.000         0.371
 EXP3           0.000         0.000         0.000         0.000         0.000
 INTRINSI       0.000         0.000         0.000         0.000         0.000
 INTRINSI       0.000         0.000         0.000         0.000         0.000
 INTRINSI       0.000         0.000         0.000         0.000         0.000


           THETA
              EXP3          INTRINSI      INTRINSI      INTRINSI
              ________      ________      ________      ________
 EXP3           0.380
 INTRINSI       0.000         0.491
 INTRINSI       0.000         0.000         0.391
 INTRINSI       0.000         0.000         0.000         0.395


           ALPHA
              XI1           XI2           ETA           XI1XI2
              ________      ________      ________      ________
                0.000         0.000         0.000         0.000


           BETA
              XI1           XI2           ETA           XI1XI2
              ________      ________      ________      ________
 XI1            0.000         0.000         0.000         0.000
 XI2            0.000         0.000         0.000         0.000
 ETA            0.000         0.000         0.000         0.000
 XI1XI2         0.000         0.000         0.000         0.000


           PSI
              XI1           XI2           ETA           XI1XI2
              ________      ________      ________      ________
 XI1            0.050
 XI2            0.000         0.050
 ETA            0.000         0.000         0.050
 XI1XI2         0.000         0.000         0.000         0.000


     STARTING VALUES FOR LATENT CLASS 2


           NU
              MATH1         MATH2         MATH3         EXP1          EXP2
              ________      ________      ________      ________      ________
                0.000        -0.012         0.000         0.000         0.000


           NU
              EXP3          INTRINSI      INTRINSI      INTRINSI
              ________      ________      ________      ________
                0.000         0.000         0.000         0.000


           LAMBDA
              XI1           XI2           ETA           XI1XI2
              ________      ________      ________      ________
 MATH1          0.000         0.000         1.000         0.000
 MATH2          0.000         0.000         1.000         0.000
 MATH3          0.000         0.000         1.000         0.000
 EXP1           1.000         0.000         0.000         0.000
 EXP2           1.000         0.000         0.000         0.000
 EXP3           1.000         0.000         0.000         0.000
 INTRINSI       0.000         1.000         0.000         0.000
 INTRINSI       0.000         1.000         0.000         0.000
 INTRINSI       0.000         1.000         0.000         0.000


           THETA
              MATH1         MATH2         MATH3         EXP1          EXP2
              ________      ________      ________      ________      ________
 MATH1          0.504
 MATH2          0.000         0.499
 MATH3          0.000         0.000         0.492
 EXP1           0.000         0.000         0.000         0.265
 EXP2           0.000         0.000         0.000         0.000         0.371
 EXP3           0.000         0.000         0.000         0.000         0.000
 INTRINSI       0.000         0.000         0.000         0.000         0.000
 INTRINSI       0.000         0.000         0.000         0.000         0.000
 INTRINSI       0.000         0.000         0.000         0.000         0.000


           THETA
              EXP3          INTRINSI      INTRINSI      INTRINSI
              ________      ________      ________      ________
 EXP3           0.380
 INTRINSI       0.000         0.491
 INTRINSI       0.000         0.000         0.391
 INTRINSI       0.000         0.000         0.000         0.395


           ALPHA
              XI1           XI2           ETA           XI1XI2
              ________      ________      ________      ________
                0.000         0.000         0.000         0.000


           BETA
              XI1           XI2           ETA           XI1XI2
              ________      ________      ________      ________
 XI1            0.000         0.000         0.000         0.000
 XI2            0.000         0.000         0.000         0.000
 ETA            0.000         0.000         0.000         0.000
 XI1XI2         0.000         0.000         0.000         0.000


           PSI
              XI1           XI2           ETA           XI1XI2
              ________      ________      ________      ________
 XI1            0.050
 XI2            0.000         0.050
 ETA            0.000         0.000         0.050
 XI1XI2         0.000         0.000         0.000         0.000


     STARTING VALUES FOR LATENT CLASS REGRESSION MODEL PART


           ALPHA(C)
              C#1           C#2
              ________      ________
                0.000         0.000


           GAMMA(C)
              XI1           XI2           ETA           XI1XI2
              ________      ________      ________      ________
 C#1            0.000         0.000         0.000         0.000
 C#2            0.000         0.000         0.000         0.000


     Beginning Time:  10:52:13
        Ending Time:  10:52:23
       Elapsed Time:  00:00:10



MUTHEN & MUTHEN
3463 Stoner Ave.
Los Angeles, CA  90066

Tel: (310) 391-9971
Fax: (310) 391-8971
Web: www.StatModel.com
Support: Support@StatModel.com

Copyright (c) 1998-2019 Muthen & Muthen
