Mplus VERSION 6.1
MUTHEN & MUTHEN
03/24/2016   9:34 AM

INPUT INSTRUCTIONS

  Title: Testing for Measurement Invariance, Configural Model;
  !configural model = testing extent to which the same pattern
  !(i.e., configuration) of fixed and free parameters holds
  !across groups, thus no equality constraints.

  !why use a multigroup configural model? 
  !(1) allows us to test invariance simultaneously across groups
  !by estimating parameters for both groups at the same time
  !(2) provides baseline value for fit against which 
  !subsequent comparisons are made
  Data:
  !group-specific data files
  FILE (Elem) IS mbielm1.dat;
  FILE (Sec) IS mbisec1.dat;
  !note the group labels (Elem) and (Sec)


  Variable:
  NAMES ARE item1-item22;
  USEVARIABLES ARE item1-item22;
  !we have 22 observed variables

  Analysis:
  ESTIMATOR = MLM;
  !non-normality so using robust ML estimation

  MODEL:
  !parameter specifications in this section hold across groups
  F1 by item1-item3 item6 item8 item13 item14 item16 item20;
  F1 by item12;
  F2 by item5 item10 item11 item15 item22;
  F3 by item4 item7 item9 item12 item17-item19 item21;

  item6 with item16;
  item1 with item2;
  item10 with item11;

  [F1@0 F2@0 F3@0]; !factor means constrained to zero
  !bc in multigroup analysis, by default Mplus fixes
  !factor means & intercepts to zero for first group &
  !freely estimates for remaining groups. need to override
  !here for configural model

  MODEL Elem:  !be sure to use group label here
  !group-specific model parameters
  !unique to baseline models & thus won't test invariance
  !thus partial measurement invariance
  item7 with item4; !residual covariance

  MODEL Sec:   !be sure to use group label here
  !group-specific model parameters
  !unique to baseline models & thus won't test invariance
  !thus partial measurement invariance
  F1 by item11; !cross-loading covariance
  item9 with item19; !residual covariance

  !factor loadings not constrained equal
  !same as in initial MODEL command above except 1st variable
  !of each set is missing. not specifying 1st variables for 
  !each factor bc that'd be requesting them to be free to vary
  !for second group. if we did that, model would be
  !underidentified
  F1 by item2 item3 item6 item8 item13 item14 item16 item20;
  F1 by item12;
  F2 by item10 item11 item15 item22;
  F3 by item7 item9 item12 item17-item19 item21;

  !intercepts not constrained equal
  !default in Mplus is to constrain equal across groups -
  !need to relax this default
  [item1 - item22];

  Output: MODINDICES;




INPUT READING TERMINATED NORMALLY



Testing for Measurement Invariance, Configural Model;

SUMMARY OF ANALYSIS

Number of groups                                                 2
Number of observations
   Group ELEM                                                  580
   Group SEC                                                   692

Number of dependent variables                                   22
Number of independent variables                                  0
Number of continuous latent variables                            3

Observed dependent variables

  Continuous
   ITEM1       ITEM2       ITEM3       ITEM4       ITEM5       ITEM6
   ITEM7       ITEM8       ITEM9       ITEM10      ITEM11      ITEM12
   ITEM13      ITEM14      ITEM15      ITEM16      ITEM17      ITEM18
   ITEM19      ITEM20      ITEM21      ITEM22

Continuous latent variables
   F1          F2          F3


Estimator                                                      MLM
Information matrix                                        EXPECTED
Maximum number of iterations                                  1000
Convergence criterion                                    0.500D-04
Maximum number of steepest descent iterations                   20

Input data file(s)
  mbielm1.dat
  mbisec1.dat

Input data format  FREE



THE MODEL ESTIMATION TERMINATED NORMALLY



MODEL FIT INFORMATION

Number of Free Parameters                      149

Loglikelihood

          H0 Value                      -43942.218
          H1 Value                      -43347.312

Information Criteria

          Akaike (AIC)                   88182.435
          Bayesian (BIC)                 88949.539
          Sample-Size Adjusted BIC       88476.243
            (n* = (n + 2) / 24)

Chi-Square Test of Model Fit

          Value                            958.341*
          !MLM chi-square
          Degrees of Freedom                   401
          !note this for comparison across models
          P-Value                           0.0000
          Scaling Correction Factor          1.242
            for MLM
!note that despite multigroup structure, we only
!get 1 set of fit statistics

Chi-Square Contributions From Each Group

          ELEM                             439.656
          SEC                              518.685

*   The chi-square value for MLM, MLMV, MLR, ULSMV, WLSM and WLSMV cannot be used
    for chi-square difference testing in the regular way.  MLM, MLR and WLSM
    chi-square difference testing is described on the Mplus website.  MLMV, WLSMV,
    and ULSMV difference testing is done using the DIFFTEST option.

RMSEA (Root Mean Square Error Of Approximation)

          Estimate                           0.047
          90 Percent C.I.                    0.043  0.051
          Probability RMSEA <= .05           0.920

CFI/TLI

          CFI                                0.939
          TLI                                0.930

Chi-Square Test of Model Fit for the Baseline Model

          Value                           9641.378
          Degrees of Freedom                   462
          P-Value                           0.0000

SRMR (Standardized Root Mean Square Residual)

          Value                              0.051

WRMR (Weighted Root Mean Square Residual)

          Value                              1.630



MODEL RESULTS

                                                    Two-Tailed
                    Estimate       S.E.  Est./S.E.    P-Value

Group ELEM

 F1       BY
    ITEM1              1.000      0.000    999.000    999.000
    ITEM2              0.915      0.033     27.801      0.000
    ITEM3              1.031      0.045     23.063      0.000
    ITEM6              0.808      0.057     14.133      0.000
    ITEM8              1.262      0.048     26.133      0.000
    ITEM13             1.049      0.049     21.294      0.000
    ITEM14             0.955      0.050     19.105      0.000
    ITEM16             0.759      0.054     13.943      0.000
    ITEM20             0.868      0.050     17.260      0.000
    ITEM12            -0.379      0.042     -9.121      0.000

 F2       BY
    ITEM5              1.000      0.000    999.000    999.000
    ITEM10             1.011      0.086     11.817      0.000
    ITEM11             1.031      0.084     12.292      0.000
    ITEM15             0.661      0.071      9.257      0.000
    ITEM22             0.628      0.080      7.818      0.000

 F3       BY
    ITEM4              1.000      0.000    999.000    999.000
    ITEM7              1.107      0.160      6.937      0.000
    ITEM9              1.997      0.325      6.136      0.000
    ITEM12             1.374      0.254      5.407      0.000
    ITEM17             1.523      0.205      7.419      0.000
    ITEM18             2.012      0.318      6.334      0.000
    ITEM19             1.944      0.302      6.435      0.000
    ITEM21             1.370      0.206      6.665      0.000

 F2       WITH
    F1                 0.802      0.085      9.390      0.000

 F3       WITH
    F1                -0.202      0.033     -6.130      0.000
    F2                -0.201      0.037     -5.442      0.000

 ITEM6    WITH
    ITEM16             0.856      0.093      9.159      0.000

 ITEM1    WITH
    ITEM2              0.504      0.059      8.517      0.000

 ITEM10   WITH
    ITEM11             0.554      0.095      5.836      0.000

 ITEM7    WITH
    ITEM4              0.175      0.056      3.111      0.002

 Means
    F1                 0.000      0.000    999.000    999.000
    F2                 0.000      0.000    999.000    999.000
    F3                 0.000      0.000    999.000    999.000

 Intercepts
    ITEM1              3.409      0.069     49.484      0.000
    ITEM2              3.976      0.065     60.903      0.000
    ITEM3              2.572      0.071     36.229      0.000
    ITEM4              5.412      0.039    139.751      0.000
    ITEM5              1.053      0.061     17.177      0.000
    ITEM6              1.676      0.069     24.353      0.000
    ITEM7              5.338      0.036    146.968      0.000
    ITEM8              2.184      0.075     29.012      0.000
    ITEM9              5.031      0.055     90.946      0.000
    ITEM10             1.164      0.061     18.990      0.000
    ITEM11             1.122      0.063     17.889      0.000
    ITEM12             4.693      0.053     87.789      0.000
    ITEM13             2.548      0.072     35.621      0.000
    ITEM14             3.122      0.076     41.262      0.000
    ITEM15             0.545      0.047     11.713      0.000
    ITEM16             1.433      0.063     22.715      0.000
    ITEM17             5.416      0.037    147.600      0.000
    ITEM18             4.883      0.050     96.794      0.000
    ITEM19             5.007      0.047    106.468      0.000
    ITEM20             1.281      0.060     21.456      0.000
    ITEM21             4.841      0.054     90.467      0.000
    ITEM22             1.328      0.064     20.730      0.000

 Variances
    F1                 1.542      0.115     13.438      0.000
    F2                 0.926      0.131      7.057      0.000
    F3                 0.154      0.043      3.545      0.000

 Residual Variances
    ITEM1              1.210      0.073     16.566      0.000
    ITEM2              1.180      0.070     16.833      0.000
    ITEM3              1.284      0.087     14.786      0.000
    ITEM4              0.716      0.081      8.853      0.000
    ITEM5              1.256      0.126      9.996      0.000
    ITEM6              1.741      0.118     14.784      0.000
    ITEM7              0.577      0.069      8.312      0.000
    ITEM8              0.835      0.070     11.926      0.000
    ITEM9              1.162      0.114     10.210      0.000
    ITEM10             1.232      0.119     10.351      0.000
    ITEM11             1.299      0.121     10.733      0.000
    ITEM12             0.935      0.077     12.198      0.000
    ITEM13             1.273      0.090     14.125      0.000
    ITEM14             1.915      0.114     16.808      0.000
    ITEM15             0.850      0.119      7.169      0.000
    ITEM16             1.420      0.093     15.211      0.000
    ITEM17             0.424      0.048      8.887      0.000
    ITEM18             0.854      0.111      7.716      0.000
    ITEM19             0.702      0.063     11.165      0.000
    ITEM20             0.907      0.094      9.678      0.000
    ITEM21             1.373      0.124     11.034      0.000
    ITEM22             2.014      0.144     13.956      0.000

Group SEC

 F1       BY
    ITEM1              1.000      0.000    999.000    999.000
    ITEM2              0.933      0.034     27.376      0.000
    ITEM3              1.092      0.049     22.232      0.000
    ITEM6              0.881      0.061     14.513      0.000
    ITEM8              1.292      0.056     23.002      0.000
    ITEM13             1.138      0.055     20.858      0.000
    ITEM14             0.981      0.050     19.744      0.000
    ITEM16             0.745      0.059     12.598      0.000
    ITEM20             0.915      0.060     15.187      0.000
    ITEM12            -0.474      0.051     -9.360      0.000

 F2       BY
    ITEM5              1.000      0.000    999.000    999.000
    ITEM10             1.036      0.100     10.307      0.000
    ITEM11             0.580      0.097      5.993      0.000
    ITEM15             0.991      0.090     11.026      0.000
    ITEM22             0.912      0.096      9.486      0.000

 F3       BY
    ITEM4              1.000      0.000    999.000    999.000
    ITEM7              1.588      0.211      7.531      0.000
    ITEM9              2.283      0.310      7.364      0.000
    ITEM12             1.369      0.204      6.710      0.000
    ITEM17             1.378      0.183      7.533      0.000
    ITEM18             2.057      0.269      7.639      0.000
    ITEM19             2.073      0.270      7.667      0.000
    ITEM21             1.573      0.228      6.886      0.000

 F1       BY
    ITEM11             0.416      0.058      7.116      0.000

 F2       WITH
    F1                 0.559      0.065      8.536      0.000

 F3       WITH
    F1                -0.155      0.027     -5.689      0.000
    F2                -0.181      0.033     -5.488      0.000

 ITEM6    WITH
    ITEM16             0.663      0.079      8.367      0.000

 ITEM1    WITH
    ITEM2              0.624      0.058     10.784      0.000

 ITEM10   WITH
    ITEM11             0.952      0.116      8.216      0.000

 ITEM9    WITH
    ITEM19             0.340      0.070      4.842      0.000

 Means
    F1                 0.000      0.000    999.000    999.000
    F2                 0.000      0.000    999.000    999.000
    F3                 0.000      0.000    999.000    999.000

 Intercepts
    ITEM1              3.371      0.060     55.937      0.000
    ITEM2              3.890      0.058     66.973      0.000
    ITEM3              2.526      0.065     39.101      0.000
    ITEM4              5.168      0.042    123.343      0.000
    ITEM5              1.217      0.056     21.817      0.000
    ITEM6              1.999      0.063     31.871      0.000
    ITEM7              5.014      0.043    116.064      0.000
    ITEM8              2.143      0.065     33.039      0.000
    ITEM9              4.702      0.057     82.848      0.000
    ITEM10             1.275      0.059     21.431      0.000
    ITEM11             1.166      0.060     19.550      0.000
    ITEM12             4.527      0.051     88.954      0.000
    ITEM13             2.653      0.063     41.827      0.000
    ITEM14             3.147      0.067     46.680      0.000
    ITEM15             1.078      0.054     20.011      0.000
    ITEM16             1.548      0.055     28.112      0.000
    ITEM17             5.303      0.037    145.039      0.000
    ITEM18             4.705      0.045    105.646      0.000
    ITEM19             4.600      0.049     93.051      0.000
    ITEM20             1.211      0.053     22.713      0.000
    ITEM21             4.462      0.057     77.884      0.000
    ITEM22             1.790      0.061     29.412      0.000

 Variances
    F1                 1.265      0.103     12.295      0.000
    F2                 0.846      0.120      7.032      0.000
    F3                 0.166      0.039      4.285      0.000

 Residual Variances
    ITEM1              1.249      0.069     17.993      0.000
    ITEM2              1.234      0.063     19.511      0.000
    ITEM3              1.379      0.081     16.923      0.000
    ITEM4              1.049      0.104     10.127      0.000
    ITEM5              1.306      0.114     11.439      0.000
    ITEM6              1.739      0.104     16.779      0.000
    ITEM7              0.874      0.065     13.479      0.000
    ITEM8              0.798      0.061     13.184      0.000
    ITEM9              1.366      0.116     11.819      0.000
    ITEM10             1.540      0.124     12.433      0.000
    ITEM11             1.640      0.125     13.139      0.000
    ITEM12             0.997      0.074     13.493      0.000
    ITEM13             1.146      0.076     15.097      0.000
    ITEM14             1.928      0.110     17.517      0.000
    ITEM15             1.177      0.124      9.462      0.000
    ITEM16             1.395      0.088     15.850      0.000
    ITEM17             0.611      0.063      9.767      0.000
    ITEM18             0.672      0.068      9.870      0.000
    ITEM19             0.979      0.085     11.538      0.000
    ITEM20             0.908      0.057     15.894      0.000
    ITEM21             1.862      0.112     16.687      0.000
    ITEM22             1.861      0.129     14.405      0.000


QUALITY OF NUMERICAL RESULTS

     Condition Number for the Information Matrix              0.306E-03
       (ratio of smallest to largest eigenvalue)


MODEL MODIFICATION INDICES

NOTE:  Modification indices for direct effects of observed dependent variables
regressed on covariates may not be included.  To include these, request
MODINDICES (ALL).

Minimum M.I. value for printing the modification index    10.000

                            M.I.     E.P.C.  Std E.P.C.  StdYX E.P.C.
Group ELEM


BY Statements

F1       BY ITEM11         11.904     0.251      0.312        0.206
F2       BY ITEM16         12.642     0.310      0.299        0.197
F2       BY ITEM17         11.132    -0.181     -0.174       -0.197
F3       BY ITEM14         20.461     0.977      0.383        0.210

WITH Statements

ITEM12   WITH ITEM3        19.053    -0.248     -0.248       -0.226
ITEM13   WITH ITEM12       16.789     0.232      0.232        0.213
ITEM14   WITH ITEM2        13.255     0.245      0.245        0.163
ITEM14   WITH ITEM13       11.956     0.282      0.282        0.180
ITEM17   WITH ITEM4        11.410     0.096      0.096        0.174
ITEM19   WITH ITEM18       26.180     0.247      0.247        0.319

Group SEC


BY Statements

F1       BY ITEM22         16.115     0.317      0.357        0.223
F2       BY ITEM13         12.814     0.292      0.268        0.161
F2       BY ITEM14         16.240    -0.404     -0.371       -0.209
F2       BY ITEM16         12.236     0.263      0.242        0.167
F3       BY ITEM14         14.036     0.685      0.279        0.157

WITH Statements

ITEM12   WITH ITEM3        10.030    -0.176     -0.176       -0.150
ITEM13   WITH ITEM3        10.506    -0.206     -0.206       -0.164
ITEM14   WITH ITEM2        15.996     0.239      0.239        0.155
ITEM15   WITH ITEM5        13.101     0.301      0.301        0.243
ITEM15   WITH ITEM12       12.710     0.190      0.190        0.176
ITEM18   WITH ITEM7        26.463    -0.227     -0.227       -0.296
ITEM19   WITH ITEM18       13.913     0.168      0.168        0.208
ITEM20   WITH ITEM2        14.879    -0.164     -0.164       -0.155
ITEM20   WITH ITEM6        10.615    -0.171     -0.171       -0.136
ITEM20   WITH ITEM16       22.853     0.224      0.224        0.199
ITEM21   WITH ITEM7        16.152     0.242      0.242        0.189
ITEM21   WITH ITEM18       12.541    -0.208     -0.208       -0.186



     Beginning Time:  09:34:03
        Ending Time:  09:34:06
       Elapsed Time:  00:00:03



MUTHEN & MUTHEN
3463 Stoner Ave.
Los Angeles, CA  90066

Tel: (310) 391-9971
Fax: (310) 391-8971
Web: www.StatModel.com
Support: Support@StatModel.com

Copyright (c) 1998-2010 Muthen & Muthen
