Mplus VERSION 6.1
MUTHEN & MUTHEN
03/24/2016  10:05 AM

INPUT INSTRUCTIONS

  Title: Testing for Measurement Invariance,
  Partial Factor Loading Invariance
  !partial bc those two factor loadings were
  !not invariant across groups
  Residual Covariances Invariant;
  !now testing invariance of residual covariances

  Data:
  !group-specific data files
  FILE (Elem) IS mbielm1.dat;
  FILE (Sec) IS mbisec1.dat;


  Variable:
  NAMES ARE item1-item22;
  USEVARIABLES ARE item1-item22;

  Analysis:
  ESTIMATOR = MLM;

  MODEL:
  F1 by item1-item3 item6 item8 item13 item14 item16 item20;
  F1 by item12;
  F2 by item5 item10 item11 item15 item22;
  F3 by item4 item7 item9 item12 item17-item19 item21;

  !residual covariances constrained equal
  !note: these are not constrained equal by default
  !so we need to specify them differently.
  !we are using equality constraints here - use diff # 
  !in parentheses & on separate lines
  item6 with item16(1);
  item1 with item2(2);
  item10 with item11(3);

  [F1@0 F2@0 F3@0]; !factor means constrained to zero

  MODEL Elem:
  !group-specific model parameters
  item7 with item4;

  MODEL Sec:
  !group-specific model parameters
  F1 by item11;
  item9 with item19;

  !intercepts not constrained equal
  [item1 - item22];
  F2 by item11 item15;
  !all items except these 2 are operating
  !equivalently across groups

  Output: MODINDICES (3.84);




INPUT READING TERMINATED NORMALLY



Testing for Measurement Invariance,
Partial Factor Loading Invariance
Residual Covariances Invariant;
!note: we are now constraining 21 parameters to be equal:
!17 factor loadings (the top minus items 11 & 15)
!one cross-loading (item 12 from F1 by item12)
!3 residual covariances

SUMMARY OF ANALYSIS

Number of groups                                                 2
Number of observations
   Group ELEM                                                  580
   Group SEC                                                   692

Number of dependent variables                                   22
Number of independent variables                                  0
Number of continuous latent variables                            3

Observed dependent variables

  Continuous
   ITEM1       ITEM2       ITEM3       ITEM4       ITEM5       ITEM6
   ITEM7       ITEM8       ITEM9       ITEM10      ITEM11      ITEM12
   ITEM13      ITEM14      ITEM15      ITEM16      ITEM17      ITEM18
   ITEM19      ITEM20      ITEM21      ITEM22

Continuous latent variables
   F1          F2          F3


Estimator                                                      MLM
Information matrix                                        EXPECTED
Maximum number of iterations                                  1000
Convergence criterion                                    0.500D-04
Maximum number of steepest descent iterations                   20

Input data file(s)
  mbielm1.dat
  mbisec1.dat

Input data format  FREE



THE MODEL ESTIMATION TERMINATED NORMALLY



MODEL FIT INFORMATION

Number of Free Parameters                      128

Loglikelihood

          H0 Value                      -43962.877
          H1 Value                      -43347.312

Information Criteria

          Akaike (AIC)                   88181.753
          Bayesian (BIC)                 88840.742
          Sample-Size Adjusted BIC       88434.152
            (n* = (n + 2) / 24)

Chi-Square Test of Model Fit

          Value                            992.614*
          Degrees of Freedom                   422
          P-Value                           0.0000
          Scaling Correction Factor          1.240
            for MLM
          !fit is not statistically sig. different
          !from prev. model, so evidence that these
          !specified residual covariances are
          !operating equivalently across groups

Chi-Square Contributions From Each Group

          ELEM                             457.899
          SEC                              534.714

*   The chi-square value for MLM, MLMV, MLR, ULSMV, WLSM and WLSMV cannot be used
    for chi-square difference testing in the regular way.  MLM, MLR and WLSM
    chi-square difference testing is described on the Mplus website.  MLMV, WLSMV,
    and ULSMV difference testing is done using the DIFFTEST option.

RMSEA (Root Mean Square Error Of Approximation)

          Estimate                           0.046
          90 Percent C.I.                    0.042  0.050
          Probability RMSEA <= .05           0.957

CFI/TLI

          CFI                                0.938
          TLI                                0.932

Chi-Square Test of Model Fit for the Baseline Model

          Value                           9641.378
          Degrees of Freedom                   462
          P-Value                           0.0000

SRMR (Standardized Root Mean Square Residual)

          Value                              0.054

WRMR (Weighted Root Mean Square Residual)

          Value                              1.728



MODEL RESULTS

                                                    Two-Tailed
                    Estimate       S.E.  Est./S.E.    P-Value

Group ELEM

 F1       BY
    ITEM1              1.000      0.000    999.000    999.000
    ITEM2              0.924      0.024     39.088      0.000
    ITEM3              1.064      0.033     32.090      0.000
    ITEM6              0.844      0.041     20.526      0.000
    ITEM8              1.277      0.037     34.632      0.000
    ITEM13             1.095      0.037     29.877      0.000
    ITEM14             0.969      0.035     27.413      0.000
    ITEM16             0.754      0.040     18.937      0.000
    ITEM20             0.892      0.038     23.252      0.000
    ITEM12            -0.427      0.033    -13.027      0.000

 F2       BY
    ITEM5              1.000      0.000    999.000    999.000
    ITEM10             1.013      0.065     15.509      0.000
    ITEM11             1.033      0.075     13.846      0.000
    ITEM15             0.702      0.073      9.564      0.000
    ITEM22             0.778      0.062     12.650      0.000

 F3       BY
    ITEM4              1.000      0.000    999.000    999.000
    ITEM7              1.287      0.126     10.178      0.000
    ITEM9              2.087      0.222      9.420      0.000
    ITEM12             1.330      0.155      8.578      0.000
    ITEM17             1.413      0.131     10.825      0.000
    ITEM18             1.990      0.198     10.048      0.000
    ITEM19             1.956      0.194     10.105      0.000
    ITEM21             1.432      0.149      9.586      0.000

 F2       WITH
    F1                 0.753      0.077      9.757      0.000

 F3       WITH
    F1                -0.194      0.027     -7.206      0.000
    F2                -0.190      0.028     -6.797      0.000

 ITEM6    WITH
    ITEM16             0.756      0.060     12.545      0.000

 ITEM1    WITH
    ITEM2              0.572      0.041     13.800      0.000

 ITEM10   WITH
    ITEM11             0.789      0.074     10.616      0.000

 ITEM7    WITH
    ITEM4              0.169      0.056      3.002      0.003

 Means
    F1                 0.000      0.000    999.000    999.000
    F2                 0.000      0.000    999.000    999.000
    F3                 0.000      0.000    999.000    999.000

 Intercepts
    ITEM1              3.409      0.069     49.484      0.000
    ITEM2              3.976      0.065     60.903      0.000
    ITEM3              2.572      0.071     36.229      0.000
    ITEM4              5.412      0.039    139.751      0.000
    ITEM5              1.053      0.061     17.177      0.000
    ITEM6              1.676      0.069     24.353      0.000
    ITEM7              5.338      0.036    146.968      0.000
    ITEM8              2.184      0.075     29.012      0.000
    ITEM9              5.031      0.055     90.946      0.000
    ITEM10             1.164      0.061     18.990      0.000
    ITEM11             1.122      0.063     17.889      0.000
    ITEM12             4.693      0.053     87.789      0.000
    ITEM13             2.548      0.072     35.621      0.000
    ITEM14             3.122      0.076     41.262      0.000
    ITEM15             0.545      0.047     11.713      0.000
    ITEM16             1.433      0.063     22.715      0.000
    ITEM17             5.416      0.037    147.600      0.000
    ITEM18             4.883      0.050     96.794      0.000
    ITEM19             5.007      0.047    106.468      0.000
    ITEM20             1.281      0.060     21.456      0.000
    ITEM21             4.841      0.054     90.467      0.000
    ITEM22             1.328      0.064     20.730      0.000

 Variances
    F1                 1.472      0.100     14.750      0.000
    F2                 0.839      0.108      7.774      0.000
    F3                 0.151      0.029      5.161      0.000

 Residual Variances
    ITEM1              1.270      0.067     19.049      0.000
    ITEM2              1.234      0.066     18.614      0.000
    ITEM3              1.280      0.085     14.986      0.000
    ITEM4              0.717      0.081      8.845      0.000
    ITEM5              1.263      0.120     10.513      0.000
    ITEM6              1.645      0.107     15.419      0.000
    ITEM7              0.565      0.070      8.113      0.000
    ITEM8              0.848      0.068     12.434      0.000
    ITEM9              1.148      0.113     10.146      0.000
    ITEM10             1.441      0.107     13.463      0.000
    ITEM11             1.512      0.110     13.730      0.000
    ITEM12             0.937      0.076     12.295      0.000
    ITEM13             1.267      0.089     14.231      0.000
    ITEM14             1.923      0.112     17.212      0.000
    ITEM15             0.842      0.119      7.084      0.000
    ITEM16             1.349      0.077     17.499      0.000
    ITEM17             0.442      0.049      9.031      0.000
    ITEM18             0.865      0.107      8.121      0.000
    ITEM19             0.699      0.060     11.583      0.000
    ITEM20             0.902      0.092      9.801      0.000
    ITEM21             1.363      0.122     11.144      0.000
    ITEM22             1.979      0.145     13.610      0.000

Group SEC

 F1       BY
    ITEM1              1.000      0.000    999.000    999.000
    ITEM2              0.924      0.024     39.088      0.000
    ITEM3              1.064      0.033     32.090      0.000
    ITEM6              0.844      0.041     20.526      0.000
    ITEM8              1.277      0.037     34.632      0.000
    ITEM13             1.095      0.037     29.877      0.000
    ITEM14             0.969      0.035     27.413      0.000
    ITEM16             0.754      0.040     18.937      0.000
    ITEM20             0.892      0.038     23.252      0.000
    ITEM12            -0.427      0.033    -13.027      0.000

 F2       BY
    ITEM5              1.000      0.000    999.000    999.000
    ITEM10             1.013      0.065     15.509      0.000
    ITEM11             0.593      0.080      7.367      0.000
    ITEM15             0.942      0.077     12.266      0.000
    ITEM22             0.778      0.062     12.650      0.000

 F3       BY
    ITEM4              1.000      0.000    999.000    999.000
    ITEM7              1.287      0.126     10.178      0.000
    ITEM9              2.087      0.222      9.420      0.000
    ITEM12             1.330      0.155      8.578      0.000
    ITEM17             1.413      0.131     10.825      0.000
    ITEM18             1.990      0.198     10.048      0.000
    ITEM19             1.956      0.194     10.105      0.000
    ITEM21             1.432      0.149      9.586      0.000

 F1       BY
    ITEM11             0.400      0.055      7.203      0.000

 F2       WITH
    F1                 0.589      0.066      8.960      0.000

 F3       WITH
    F1                -0.170      0.026     -6.666      0.000
    F2                -0.201      0.030     -6.707      0.000

 ITEM6    WITH
    ITEM16             0.756      0.060     12.545      0.000

 ITEM1    WITH
    ITEM2              0.572      0.041     13.800      0.000

 ITEM10   WITH
    ITEM11             0.789      0.074     10.616      0.000

 ITEM9    WITH
    ITEM19             0.356      0.068      5.223      0.000

 Means
    F1                 0.000      0.000    999.000    999.000
    F2                 0.000      0.000    999.000    999.000
    F3                 0.000      0.000    999.000    999.000

 Intercepts
    ITEM1              3.371      0.060     55.937      0.000
    ITEM2              3.890      0.058     66.973      0.000
    ITEM3              2.526      0.065     39.101      0.000
    ITEM4              5.168      0.042    123.343      0.000
    ITEM5              1.217      0.056     21.817      0.000
    ITEM6              1.999      0.063     31.871      0.000
    ITEM7              5.014      0.043    116.064      0.000
    ITEM8              2.143      0.065     33.039      0.000
    ITEM9              4.702      0.057     82.848      0.000
    ITEM10             1.275      0.059     21.431      0.000
    ITEM11             1.166      0.060     19.550      0.000
    ITEM12             4.527      0.051     88.954      0.000
    ITEM13             2.653      0.063     41.827      0.000
    ITEM14             3.147      0.067     46.680      0.000
    ITEM15             1.078      0.054     20.011      0.000
    ITEM16             1.548      0.055     28.112      0.000
    ITEM17             5.303      0.037    145.039      0.000
    ITEM18             4.705      0.045    105.646      0.000
    ITEM19             4.600      0.049     93.051      0.000
    ITEM20             1.211      0.053     22.713      0.000
    ITEM21             4.462      0.057     77.884      0.000
    ITEM22             1.790      0.061     29.412      0.000

 Variances
    F1                 1.319      0.087     15.144      0.000
    F2                 0.932      0.110      8.486      0.000
    F3                 0.185      0.033      5.571      0.000

 Residual Variances
    ITEM1              1.202      0.063     19.166      0.000
    ITEM2              1.193      0.057     20.795      0.000
    ITEM3              1.375      0.080     17.236      0.000
    ITEM4              1.047      0.103     10.149      0.000
    ITEM5              1.288      0.112     11.540      0.000
    ITEM6              1.825      0.094     19.456      0.000
    ITEM7              0.912      0.064     14.183      0.000
    ITEM8              0.794      0.060     13.135      0.000
    ITEM9              1.396      0.112     12.453      0.000
    ITEM10             1.392      0.095     14.577      0.000
    ITEM11             1.503      0.104     14.510      0.000
    ITEM12             1.001      0.074     13.531      0.000
    ITEM13             1.153      0.074     15.673      0.000
    ITEM14             1.921      0.109     17.701      0.000
    ITEM15             1.182      0.124      9.560      0.000
    ITEM16             1.459      0.081     18.017      0.000
    ITEM17             0.599      0.063      9.451      0.000
    ITEM18             0.649      0.067      9.717      0.000
    ITEM19             0.984      0.081     12.123      0.000
    ITEM20             0.913      0.057     15.993      0.000
    ITEM21             1.880      0.111     16.991      0.000
    ITEM22             1.912      0.122     15.623      0.000


QUALITY OF NUMERICAL RESULTS

     Condition Number for the Information Matrix              0.725E-03
       (ratio of smallest to largest eigenvalue)


MODEL MODIFICATION INDICES

NOTE:  Modification indices for direct effects of observed dependent variables
regressed on covariates may not be included.  To include these, request
MODINDICES (ALL).

Minimum M.I. value for printing the modification index     3.840

                            M.I.     E.P.C.  Std E.P.C.  StdYX E.P.C.
Group ELEM


BY Statements

F1       BY ITEM11         13.718     0.273      0.332        0.214
F1       BY ITEM17         12.047    -0.109     -0.132       -0.153
F1       BY ITEM19          3.888     0.079      0.096        0.085
F2       BY ITEM12          6.647     0.189      0.174        0.133
F2       BY ITEM14          4.815    -0.219     -0.200       -0.110
F2       BY ITEM16         12.448     0.251      0.230        0.155
F2       BY ITEM17         15.329    -0.188     -0.172       -0.200
F2       BY ITEM22          4.015    -0.138     -0.127       -0.080
F3       BY ITEM7           7.192    -0.157     -0.061       -0.067
F3       BY ITEM14         17.432     0.847      0.329        0.181
F3       BY ITEM17          4.024     0.151      0.059        0.068

WITH Statements
!no problem with our residual covariances constrained equal

ITEM6    WITH ITEM3         4.809     0.137      0.137        0.095
ITEM6    WITH ITEM5         7.209     0.170      0.170        0.118
ITEM8    WITH ITEM5         7.434    -0.165     -0.165       -0.159
ITEM11   WITH ITEM8         3.919     0.103      0.103        0.091
ITEM11   WITH ITEM10        8.812    -0.220     -0.220       -0.149
ITEM12   WITH ITEM3        18.199    -0.241     -0.241       -0.221
ITEM13   WITH ITEM3         5.668    -0.165     -0.165       -0.129
ITEM13   WITH ITEM8         4.319    -0.134     -0.134       -0.129
ITEM13   WITH ITEM9         6.383    -0.159     -0.159       -0.132
ITEM13   WITH ITEM12       17.708     0.238      0.238        0.219
ITEM14   WITH ITEM2        13.221     0.243      0.243        0.158
ITEM14   WITH ITEM13       12.026     0.281      0.281        0.180
ITEM15   WITH ITEM5         5.879     0.153      0.153        0.149
ITEM16   WITH ITEM3         8.693    -0.167     -0.167       -0.127
ITEM16   WITH ITEM5         4.516     0.122      0.122        0.093
ITEM17   WITH ITEM4        12.428     0.098      0.098        0.175
ITEM17   WITH ITEM10        7.615    -0.095     -0.095       -0.119
ITEM18   WITH ITEM7         4.291    -0.075     -0.075       -0.107
ITEM18   WITH ITEM9         6.645    -0.144     -0.144       -0.144
ITEM18   WITH ITEM10        3.879    -0.095     -0.095       -0.085
ITEM19   WITH ITEM6         5.544    -0.111     -0.111       -0.103
ITEM19   WITH ITEM8         6.870     0.117      0.117        0.152
ITEM19   WITH ITEM17        4.268    -0.068     -0.068       -0.122
ITEM19   WITH ITEM18       24.657     0.228      0.228        0.294
ITEM20   WITH ITEM3         5.909    -0.141     -0.141       -0.131
ITEM20   WITH ITEM8         4.325     0.112      0.112        0.128
ITEM20   WITH ITEM13        8.673     0.171      0.171        0.160
ITEM21   WITH ITEM7         5.271     0.096      0.096        0.110
ITEM21   WITH ITEM18        4.981    -0.127     -0.127       -0.117
ITEM21   WITH ITEM19        5.176    -0.119     -0.119       -0.122
ITEM22   WITH ITEM8         4.268    -0.147     -0.147       -0.114
ITEM22   WITH ITEM12        3.873     0.134      0.134        0.098

Group SEC


BY Statements

F1       BY ITEM5          10.315    -0.201     -0.231       -0.155
F1       BY ITEM10          5.679     0.153      0.176        0.115
F1       BY ITEM15          7.674    -0.189     -0.217       -0.153
F1       BY ITEM22         19.421     0.291      0.334        0.212
F2       BY ITEM1           7.820    -0.158     -0.153       -0.096
F2       BY ITEM12          3.970     0.126      0.122        0.092
F2       BY ITEM13         12.133     0.232      0.224        0.136
F2       BY ITEM14         12.864    -0.293     -0.283       -0.159
F2       BY ITEM16          5.758     0.147      0.141        0.095
F2       BY ITEM20          7.674     0.161      0.156        0.111
F2       BY ITEM22          4.015     0.106      0.102        0.065
F3       BY ITEM1           7.205     0.305      0.131        0.083
F3       BY ITEM7           7.193     0.257      0.110        0.100
F3       BY ITEM10          4.217     0.298      0.128        0.084
F3       BY ITEM11          4.891    -0.317     -0.136       -0.090
F3       BY ITEM14         12.736     0.589      0.254        0.143
F3       BY ITEM16          4.530    -0.264     -0.113       -0.076
F3       BY ITEM17          4.026    -0.132     -0.057       -0.058

WITH Statements

ITEM3    WITH ITEM2         9.406     0.159      0.159        0.124
ITEM8    WITH ITEM6         5.154     0.123      0.123        0.102
ITEM9    WITH ITEM6         4.248    -0.122     -0.122       -0.076
ITEM9    WITH ITEM7        10.836     0.164      0.164        0.146
ITEM11   WITH ITEM2         7.880    -0.120     -0.120       -0.090
ITEM11   WITH ITEM10        8.813     0.164      0.164        0.113
ITEM12   WITH ITEM3        10.417    -0.179     -0.179       -0.152
ITEM13   WITH ITEM3         9.937    -0.197     -0.197       -0.157
ITEM13   WITH ITEM12        4.344     0.107      0.107        0.100
ITEM14   WITH ITEM2        16.143     0.239      0.239        0.158
ITEM14   WITH ITEM13        7.105     0.190      0.190        0.128
ITEM15   WITH ITEM1         5.589    -0.118     -0.118       -0.099
ITEM15   WITH ITEM5        11.024     0.267      0.267        0.216
ITEM15   WITH ITEM7         7.488    -0.138     -0.138       -0.133
ITEM15   WITH ITEM11        6.138    -0.147     -0.147       -0.110
ITEM15   WITH ITEM12       12.724     0.190      0.190        0.175
ITEM16   WITH ITEM3         6.587    -0.146     -0.146       -0.103
ITEM16   WITH ITEM8         8.983    -0.145     -0.145       -0.135
ITEM17   WITH ITEM3         3.843     0.085      0.085        0.093
ITEM17   WITH ITEM12        5.176    -0.087     -0.087       -0.112
ITEM18   WITH ITEM4         4.427    -0.089     -0.089       -0.108
ITEM18   WITH ITEM7        18.288    -0.176     -0.176       -0.229
ITEM18   WITH ITEM15        4.459    -0.099     -0.099       -0.113
ITEM18   WITH ITEM17        5.199     0.083      0.083        0.134
ITEM19   WITH ITEM17        8.973    -0.110     -0.110       -0.144
ITEM19   WITH ITEM18       11.022     0.144      0.144        0.180
ITEM20   WITH ITEM2        15.808    -0.168     -0.168       -0.161
ITEM20   WITH ITEM5         4.122    -0.109     -0.109       -0.101
ITEM20   WITH ITEM6        10.207    -0.167     -0.167       -0.129
ITEM20   WITH ITEM8         6.682     0.125      0.125        0.146
ITEM20   WITH ITEM14        4.616    -0.134     -0.134       -0.101
ITEM20   WITH ITEM15        7.124     0.137      0.137        0.132
ITEM20   WITH ITEM16       23.324     0.226      0.226        0.195
ITEM21   WITH ITEM7        18.345     0.254      0.254        0.194
ITEM21   WITH ITEM14        5.358    -0.196     -0.196       -0.103
ITEM21   WITH ITEM18       11.875    -0.197     -0.197       -0.178
ITEM22   WITH ITEM13        8.027     0.198      0.198        0.134



     Beginning Time:  10:05:57
        Ending Time:  10:05:59
       Elapsed Time:  00:00:02



MUTHEN & MUTHEN
3463 Stoner Ave.
Los Angeles, CA  90066

Tel: (310) 391-9971
Fax: (310) 391-8971
Web: www.StatModel.com
Support: Support@StatModel.com

Copyright (c) 1998-2010 Muthen & Muthen
