Mplus VERSION 6.1
MUTHEN & MUTHEN
03/24/2016   9:41 AM

INPUT INSTRUCTIONS

  Title: Testing for Measurement Invariance,
  Factor Loadings Invariant;
  !now we are testing measurement model for invariance
  !key parameters of interest are factor loadings & the
  !commonly specified residual covariances

  Data:
  !group-specific data files
  FILE (Elem) IS mbielm1.dat;
  FILE (Sec) IS mbisec1.dat;


  Variable:
  NAMES ARE item1-item22;
  USEVARIABLES ARE item1-item22;

  Analysis:
  ESTIMATOR = MLM;

  MODEL:
  F1 by item1-item3 item6 item8 item13 item14 item16 item20;
  F1 by item12;
  F2 by item5 item10 item11 item15 item22;
  F3 by item4 item7 item9 item12 item17-item19 item21;

  item6 with item16;
  item1 with item2;
  item10 with item11;

  [F1@0 F2@0 F3@0]; !factor means constrained to zero

  MODEL Elem:
  !group-specific model parameters
  item7 with item4;

  MODEL Sec:
  !group-specific model parameters
  F1 by item11;
  item9 with item19;

  !note we deleted factor loadings section from configural
  !model; this allows Mplus default so factor loadings
  !are now constrained equal across groups except one
  !we excluded by including it in the MODEL Sec section

  !intercepts not constrained equal
  [item1 - item22];

  Output: MODINDICES (3.84);
  !3.84 is our cutpoint (default is 10)




INPUT READING TERMINATED NORMALLY



Testing for Measurement Invariance,
Factor Loadings Invariant;

SUMMARY OF ANALYSIS

Number of groups                                                 2
Number of observations
   Group ELEM                                                  580
   Group SEC                                                   692

Number of dependent variables                                   22
Number of independent variables                                  0
Number of continuous latent variables                            3

Observed dependent variables

  Continuous
   ITEM1       ITEM2       ITEM3       ITEM4       ITEM5       ITEM6
   ITEM7       ITEM8       ITEM9       ITEM10      ITEM11      ITEM12
   ITEM13      ITEM14      ITEM15      ITEM16      ITEM17      ITEM18
   ITEM19      ITEM20      ITEM21      ITEM22

Continuous latent variables
   F1          F2          F3


Estimator                                                      MLM
Information matrix                                        EXPECTED
Maximum number of iterations                                  1000
Convergence criterion                                    0.500D-04
Maximum number of steepest descent iterations                   20

Input data file(s)
  mbielm1.dat
  mbisec1.dat

Input data format  FREE



THE MODEL ESTIMATION TERMINATED NORMALLY



MODEL FIT INFORMATION

Number of Free Parameters                      129
!note change in df from configural model = 20
!19 factor loadings & 1 cross-loading were now
!constrained to be equal across groups

Loglikelihood

          H0 Value                      -43976.144
          H1 Value                      -43347.312

Information Criteria

          Akaike (AIC)                   88210.287
          Bayesian (BIC)                 88874.424
          Sample-Size Adjusted BIC       88464.658
            (n* = (n + 2) / 24)

Chi-Square Test of Model Fit

          Value                           1015.228*
          !(slightly) higher than configural model
          Degrees of Freedom                   421
          !20 additional df from configural model
          !(constraining those factor loadings to 
          !be equal)
          P-Value                           0.0000
          Scaling Correction Factor          1.239
            for MLM

Chi-Square Contributions From Each Group

          ELEM                             465.770
          SEC                              549.458

*   The chi-square value for MLM, MLMV, MLR, ULSMV, WLSM and WLSMV cannot be used
    for chi-square difference testing in the regular way.  MLM, MLR and WLSM
    chi-square difference testing is described on the Mplus website.  MLMV, WLSMV,
    and ULSMV difference testing is done using the DIFFTEST option.

RMSEA (Root Mean Square Error Of Approximation)

          Estimate                           0.047
          90 Percent C.I.                    0.043  0.051
          Probability RMSEA <= .05           0.899

CFI/TLI

          CFI                                0.935
          !slightly lower than configural model
          !bc of fit compared with configural model,
          !this model doesn't fit as well as one w/
          !no factor loading constraints imposed.
          !so, we expect to find evidence of 
          !non-invariance related to factor loadings
          TLI                                0.929

Chi-Square Test of Model Fit for the Baseline Model

          Value                           9641.378
          Degrees of Freedom                   462
          P-Value                           0.0000

SRMR (Standardized Root Mean Square Residual)

          Value                              0.057

WRMR (Weighted Root Mean Square Residual)

          Value                              1.784



MODEL RESULTS

                                                    Two-Tailed
                    Estimate       S.E.  Est./S.E.    P-Value

Group ELEM

 F1       BY
    ITEM1              1.000      0.000    999.000    999.000
    ITEM2              0.925      0.023     39.587      0.000
    ITEM3              1.061      0.033     32.028      0.000
    ITEM6              0.840      0.041     20.702      0.000
    ITEM8              1.274      0.037     34.645      0.000
    ITEM13             1.092      0.037     29.836      0.000
    ITEM14             0.968      0.035     27.451      0.000
    ITEM16             0.751      0.039     19.039      0.000
    ITEM20             0.889      0.038     23.538      0.000
    ITEM12            -0.426      0.032    -13.123      0.000

 F2       BY
    ITEM5              1.000      0.000    999.000    999.000
    ITEM10             1.038      0.068     15.312      0.000
    ITEM11             0.862      0.066     13.120      0.000
    ITEM15             0.805      0.055     14.665      0.000
    ITEM22             0.797      0.063     12.714      0.000

 F3       BY
    ITEM4              1.000      0.000    999.000    999.000
    ITEM7              1.286      0.127     10.132      0.000
    ITEM9              2.083      0.227      9.190      0.000
    ITEM12             1.331      0.156      8.508      0.000
    ITEM17             1.413      0.131     10.754      0.000
    ITEM18             1.987      0.198     10.020      0.000
    ITEM19             1.952      0.195     10.028      0.000
    ITEM21             1.431      0.151      9.460      0.000

 F2       WITH
    F1                 0.724      0.074      9.805      0.000

 F3       WITH
    F1                -0.194      0.028     -7.040      0.000
    F2                -0.187      0.028     -6.696      0.000

 ITEM6    WITH
    ITEM16             0.856      0.093      9.226      0.000

 ITEM1    WITH
    ITEM2              0.508      0.058      8.724      0.000

 ITEM10   WITH
    ITEM11             0.647      0.093      6.953      0.000

 ITEM7    WITH
    ITEM4              0.169      0.056      2.996      0.003

 Means
    F1                 0.000      0.000    999.000    999.000
    F2                 0.000      0.000    999.000    999.000
    F3                 0.000      0.000    999.000    999.000

 Intercepts
    ITEM1              3.409      0.069     49.484      0.000
    ITEM2              3.976      0.065     60.903      0.000
    ITEM3              2.572      0.071     36.229      0.000
    ITEM4              5.412      0.039    139.751      0.000
    ITEM5              1.053      0.061     17.177      0.000
    ITEM6              1.676      0.069     24.353      0.000
    ITEM7              5.338      0.036    146.968      0.000
    ITEM8              2.184      0.075     29.012      0.000
    ITEM9              5.031      0.055     90.946      0.000
    ITEM10             1.164      0.061     18.990      0.000
    ITEM11             1.122      0.063     17.889      0.000
    ITEM12             4.693      0.053     87.789      0.000
    ITEM13             2.548      0.072     35.621      0.000
    ITEM14             3.122      0.076     41.262      0.000
    ITEM15             0.545      0.047     11.713      0.000
    ITEM16             1.433      0.063     22.715      0.000
    ITEM17             5.416      0.037    147.600      0.000
    ITEM18             4.883      0.050     96.794      0.000
    ITEM19             5.007      0.047    106.468      0.000
    ITEM20             1.281      0.060     21.456      0.000
    ITEM21             4.841      0.054     90.467      0.000
    ITEM22             1.328      0.064     20.730      0.000

 Variances
    F1                 1.480      0.099     14.934      0.000
    F2                 0.816      0.104      7.879      0.000
    F3                 0.151      0.030      5.111      0.000

 Residual Variances
    ITEM1              1.216      0.071     17.125      0.000
    ITEM2              1.182      0.069     17.068      0.000
    ITEM3              1.278      0.086     14.902      0.000
    ITEM4              0.717      0.081      8.838      0.000
    ITEM5              1.265      0.119     10.624      0.000
    ITEM6              1.737      0.117     14.814      0.000
    ITEM7              0.565      0.070      8.103      0.000
    ITEM8              0.844      0.069     12.317      0.000
    ITEM9              1.149      0.113     10.171      0.000
    ITEM10             1.271      0.115     11.088      0.000
    ITEM11             1.459      0.116     12.551      0.000
    ITEM12             0.937      0.076     12.304      0.000
    ITEM13             1.269      0.089     14.230      0.000
    ITEM14             1.918      0.112     17.160      0.000
    ITEM15             0.814      0.119      6.818      0.000
    ITEM16             1.426      0.093     15.397      0.000
    ITEM17             0.441      0.049      9.010      0.000
    ITEM18             0.864      0.106      8.127      0.000
    ITEM19             0.699      0.060     11.579      0.000
    ITEM20             0.905      0.092      9.836      0.000
    ITEM21             1.363      0.122     11.146      0.000
    ITEM22             1.987      0.146     13.581      0.000

Group SEC

 F1       BY
    ITEM1              1.000      0.000    999.000    999.000
    ITEM2              0.925      0.023     39.587      0.000
    ITEM3              1.061      0.033     32.028      0.000
    ITEM6              0.840      0.041     20.702      0.000
    ITEM8              1.274      0.037     34.645      0.000
    ITEM13             1.092      0.037     29.836      0.000
    ITEM14             0.968      0.035     27.451      0.000
    ITEM16             0.751      0.039     19.039      0.000
    ITEM20             0.889      0.038     23.538      0.000
    ITEM12            -0.426      0.032    -13.123      0.000

 F2       BY
    ITEM5              1.000      0.000    999.000    999.000
    ITEM10             1.038      0.068     15.312      0.000
    ITEM11             0.862      0.066     13.120      0.000
    ITEM15             0.805      0.055     14.665      0.000
    ITEM22             0.797      0.063     12.714      0.000

 F3       BY
    ITEM4              1.000      0.000    999.000    999.000
    ITEM7              1.286      0.127     10.132      0.000
    ITEM9              2.083      0.227      9.190      0.000
    ITEM12             1.331      0.156      8.508      0.000
    ITEM17             1.413      0.131     10.754      0.000
    ITEM18             1.987      0.198     10.020      0.000
    ITEM19             1.952      0.195     10.028      0.000
    ITEM21             1.431      0.151      9.460      0.000

 F1       BY
    ITEM11             0.272      0.048      5.701      0.000

 F2       WITH
    F1                 0.612      0.066      9.338      0.000

 F3       WITH
    F1                -0.170      0.026     -6.582      0.000
    F2                -0.207      0.030     -6.836      0.000

 ITEM6    WITH
    ITEM16             0.664      0.078      8.524      0.000

 ITEM1    WITH
    ITEM2              0.613      0.057     10.747      0.000

 ITEM10   WITH
    ITEM11             0.856      0.118      7.251      0.000

 ITEM9    WITH
    ITEM19             0.358      0.068      5.232      0.000

 Means
    F1                 0.000      0.000    999.000    999.000
    F2                 0.000      0.000    999.000    999.000
    F3                 0.000      0.000    999.000    999.000

 Intercepts
    ITEM1              3.371      0.060     55.937      0.000
    ITEM2              3.890      0.058     66.973      0.000
    ITEM3              2.526      0.065     39.101      0.000
    ITEM4              5.168      0.042    123.343      0.000
    ITEM5              1.217      0.056     21.817      0.000
    ITEM6              1.999      0.063     31.871      0.000
    ITEM7              5.014      0.043    116.064      0.000
    ITEM8              2.143      0.065     33.039      0.000
    ITEM9              4.702      0.057     82.848      0.000
    ITEM10             1.275      0.059     21.431      0.000
    ITEM11             1.166      0.060     19.550      0.000
    ITEM12             4.527      0.051     88.954      0.000
    ITEM13             2.653      0.063     41.827      0.000
    ITEM14             3.147      0.067     46.680      0.000
    ITEM15             1.078      0.054     20.011      0.000
    ITEM16             1.548      0.055     28.112      0.000
    ITEM17             5.303      0.037    145.039      0.000
    ITEM18             4.705      0.045    105.646      0.000
    ITEM19             4.600      0.049     93.051      0.000
    ITEM20             1.211      0.053     22.713      0.000
    ITEM21             4.462      0.057     77.884      0.000
    ITEM22             1.790      0.061     29.412      0.000

 Variances
    F1                 1.325      0.088     15.119      0.000
    F2                 0.923      0.106      8.729      0.000
    F3                 0.185      0.034      5.495      0.000

 Residual Variances
    ITEM1              1.236      0.068     18.167      0.000
    ITEM2              1.225      0.063     19.553      0.000
    ITEM3              1.378      0.080     17.266      0.000
    ITEM4              1.047      0.103     10.141      0.000
    ITEM5              1.317      0.110     12.008      0.000
    ITEM6              1.745      0.100     17.440      0.000
    ITEM7              0.912      0.064     14.173      0.000
    ITEM8              0.794      0.061     13.094      0.000
    ITEM9              1.398      0.112     12.475      0.000
    ITEM10             1.497      0.121     12.333      0.000
    ITEM11             1.559      0.129     12.066      0.000
    ITEM12             1.000      0.074     13.522      0.000
    ITEM13             1.153      0.073     15.692      0.000
    ITEM14             1.919      0.108     17.746      0.000
    ITEM15             1.293      0.113     11.453      0.000
    ITEM16             1.395      0.087     16.012      0.000
    ITEM17             0.598      0.064      9.409      0.000
    ITEM18             0.650      0.067      9.716      0.000
    ITEM19             0.985      0.081     12.159      0.000
    ITEM20             0.912      0.057     15.957      0.000
    ITEM21             1.879      0.111     17.001      0.000
    ITEM22             1.879      0.123     15.330      0.000


QUALITY OF NUMERICAL RESULTS

     Condition Number for the Information Matrix              0.723E-03
       (ratio of smallest to largest eigenvalue)


MODEL MODIFICATION INDICES

NOTE:  Modification indices for direct effects of observed dependent variables
regressed on covariates may not be included.  To include these, request
MODINDICES (ALL).
!bc we are only constraining factor loadings to be equal, only 
!interested in MIs related to factor loadings (ie, BY table)

Minimum M.I. value for printing the modification index     3.840
!general note: MIs bear only on parameters fixed to 0 or other value
!or constrained equal across groups

                            M.I.     E.P.C.  Std E.P.C.  StdYX E.P.C.
Group ELEM


BY Statements
!this includes ALL factor loadings, but we're only interested in those
!that were constrained to be equal in the model

F1       BY ITEM11         33.745     0.312      0.380        0.264
!false hit here bc we didn't constrain this one to be equal; ignore!
F1       BY ITEM15          7.453    -0.142     -0.173       -0.150
F1       BY ITEM17         12.029    -0.108     -0.132       -0.153
F1       BY ITEM19          3.869     0.079      0.096        0.085
F2       BY ITEM5           4.607     0.248      0.224        0.155
F2       BY ITEM11         25.480     0.208      0.188        0.131
!this one seems to be our problem, so freely estimate in next round
F2       BY ITEM12          7.113     0.196      0.177        0.136
F2       BY ITEM14          5.067    -0.224     -0.202       -0.111
F2       BY ITEM15          9.361    -0.142     -0.129       -0.111
F2       BY ITEM16         11.846     0.244      0.221        0.147
F2       BY ITEM17         15.876    -0.193     -0.174       -0.202
F2       BY ITEM22          5.003    -0.153     -0.138       -0.087
F3       BY ITEM7           7.242    -0.157     -0.061       -0.068
F3       BY ITEM14         17.271     0.840      0.327        0.180
F3       BY ITEM17          4.041     0.151      0.059        0.068

WITH Statements

ITEM6    WITH ITEM3         5.560     0.147      0.147        0.099
ITEM6    WITH ITEM5         6.293     0.158      0.158        0.107
ITEM8    WITH ITEM5         6.148    -0.149     -0.149       -0.144
ITEM10   WITH ITEM7         4.063     0.072      0.072        0.085
ITEM12   WITH ITEM3        18.278    -0.242     -0.242       -0.221
ITEM13   WITH ITEM3         5.646    -0.164     -0.164       -0.129
ITEM13   WITH ITEM8         4.353    -0.134     -0.134       -0.129
ITEM13   WITH ITEM9         6.311    -0.159     -0.159       -0.131
ITEM13   WITH ITEM12       17.493     0.237      0.237        0.217
ITEM14   WITH ITEM2        13.215     0.243      0.243        0.162
ITEM14   WITH ITEM8         3.953    -0.146     -0.146       -0.114
ITEM14   WITH ITEM13       11.854     0.279      0.279        0.179
ITEM16   WITH ITEM3         8.306    -0.163     -0.163       -0.121
ITEM17   WITH ITEM4        12.364     0.098      0.098        0.174
ITEM17   WITH ITEM10        6.054    -0.084     -0.084       -0.113
ITEM18   WITH ITEM7         4.303    -0.075     -0.075       -0.107
ITEM18   WITH ITEM9         6.612    -0.143     -0.143       -0.144
ITEM19   WITH ITEM6         5.558    -0.111     -0.111       -0.101
ITEM19   WITH ITEM8         6.757     0.116      0.116        0.151
ITEM19   WITH ITEM17        4.351    -0.068     -0.068       -0.123
ITEM19   WITH ITEM18       24.620     0.228      0.228        0.293
ITEM20   WITH ITEM2         3.911    -0.094     -0.094       -0.091
ITEM20   WITH ITEM3         5.809    -0.140     -0.140       -0.130
ITEM20   WITH ITEM8         4.442     0.113      0.113        0.129
ITEM20   WITH ITEM13        9.010     0.175      0.175        0.163
ITEM21   WITH ITEM7         5.299     0.097      0.097        0.110
ITEM21   WITH ITEM18        4.999    -0.127     -0.127       -0.117
ITEM21   WITH ITEM19        5.138    -0.118     -0.118       -0.121
ITEM22   WITH ITEM8         3.941    -0.141     -0.141       -0.109

Group SEC


BY Statements

F1       BY ITEM5          14.231    -0.239     -0.275       -0.184
F1       BY ITEM22         15.918     0.266      0.306        0.195
F2       BY ITEM1           7.001    -0.153     -0.147       -0.092
F2       BY ITEM5           4.607    -0.248     -0.238       -0.159
F2       BY ITEM6           4.033     0.140      0.134        0.082
F2       BY ITEM11         25.481    -0.306     -0.294       -0.181
!a problem here too...bc we constrained it to be equal!
F2       BY ITEM13         12.658     0.243      0.233        0.141
F2       BY ITEM14         12.667    -0.298     -0.286       -0.161
F2       BY ITEM15          9.360     0.156      0.150        0.109
F2       BY ITEM16          6.989     0.165      0.158        0.108
F2       BY ITEM20          7.769     0.166      0.159        0.114
F2       BY ITEM22          5.003     0.116      0.112        0.071
F3       BY ITEM1           6.759     0.295      0.127        0.079
F3       BY ITEM6           4.005    -0.277     -0.119       -0.073
F3       BY ITEM7           7.240     0.257      0.111        0.100
F3       BY ITEM14         12.587     0.585      0.252        0.142
F3       BY ITEM15          4.311    -0.325     -0.140       -0.102
F3       BY ITEM16          5.359    -0.286     -0.123       -0.084
F3       BY ITEM17          4.041    -0.132     -0.057       -0.058

WITH Statements

ITEM3    WITH ITEM2         9.054     0.156      0.156        0.120
ITEM6    WITH ITEM5         3.940     0.129      0.129        0.085
ITEM8    WITH ITEM6         4.319     0.113      0.113        0.096
ITEM9    WITH ITEM6         4.530    -0.126     -0.126       -0.081
ITEM9    WITH ITEM7        10.892     0.165      0.165        0.146
ITEM11   WITH ITEM2         6.194    -0.108     -0.108       -0.078
ITEM11   WITH ITEM5         9.050    -0.186     -0.186       -0.130
ITEM12   WITH ITEM3        10.482    -0.179     -0.179       -0.153
ITEM13   WITH ITEM3         9.801    -0.196     -0.196       -0.156
ITEM13   WITH ITEM12        4.409     0.108      0.108        0.101
ITEM14   WITH ITEM2        15.652     0.235      0.235        0.153
ITEM14   WITH ITEM13        7.051     0.189      0.189        0.127
ITEM15   WITH ITEM1         6.179    -0.126     -0.126       -0.099
ITEM15   WITH ITEM5        19.304     0.330      0.330        0.253
ITEM15   WITH ITEM7         7.817    -0.142     -0.142       -0.131
ITEM15   WITH ITEM10        8.870     0.174      0.174        0.125
ITEM15   WITH ITEM11       14.283    -0.215     -0.215       -0.152
ITEM15   WITH ITEM12       12.902     0.194      0.194        0.170
ITEM16   WITH ITEM3         7.115    -0.153     -0.153       -0.110
ITEM16   WITH ITEM8         9.584    -0.151     -0.151       -0.143
ITEM17   WITH ITEM3         3.853     0.085      0.085        0.094
ITEM17   WITH ITEM12        5.319    -0.088     -0.088       -0.114
ITEM17   WITH ITEM16        3.992    -0.075     -0.075       -0.083
ITEM18   WITH ITEM4         4.471    -0.089     -0.089       -0.108
ITEM18   WITH ITEM7        18.198    -0.176     -0.176       -0.228
ITEM18   WITH ITEM15        4.833    -0.104     -0.104       -0.114
ITEM18   WITH ITEM17        5.158     0.083      0.083        0.133
ITEM19   WITH ITEM17        8.949    -0.110     -0.110       -0.143
ITEM19   WITH ITEM18       11.236     0.145      0.145        0.181
ITEM20   WITH ITEM2        15.040    -0.164     -0.164       -0.155
ITEM20   WITH ITEM5         3.845    -0.107     -0.107       -0.097
ITEM20   WITH ITEM6         9.834    -0.164     -0.164       -0.130
ITEM20   WITH ITEM8         6.627     0.124      0.124        0.146
ITEM20   WITH ITEM14        4.750    -0.136     -0.136       -0.103
ITEM20   WITH ITEM15        8.018     0.147      0.147        0.136
ITEM20   WITH ITEM16       22.504     0.222      0.222        0.197
ITEM21   WITH ITEM7        18.293     0.254      0.254        0.194
ITEM21   WITH ITEM14        5.518    -0.199     -0.199       -0.105
ITEM21   WITH ITEM18       11.926    -0.197     -0.197       -0.178
ITEM22   WITH ITEM13        8.170     0.199      0.199        0.135



     Beginning Time:  09:41:47
        Ending Time:  09:41:50
       Elapsed Time:  00:00:03



MUTHEN & MUTHEN
3463 Stoner Ave.
Los Angeles, CA  90066

Tel: (310) 391-9971
Fax: (310) 391-8971
Web: www.StatModel.com
Support: Support@StatModel.com

Copyright (c) 1998-2010 Muthen & Muthen
