Mplus VERSION 6.1
MUTHEN & MUTHEN
03/24/2016   9:58 AM

INPUT INSTRUCTIONS

  Title: Testing for Measurement Invariance,
  Partial Factor Loading Invariance;

  Data:
  !group-specific data files
  FILE (Elem) IS mbielm1.dat;
  FILE (Sec) IS mbisec1.dat;


  Variable:
  NAMES ARE item1-item22;
  USEVARIABLES ARE item1-item22;

  Analysis:
  ESTIMATOR = MLM;

  MODEL:
  F1 by item1-item3 item6 item8 item13 item14 item16 item20;
  F1 by item12;
  F2 by item5 item10 item11 item15 item22;
  F3 by item4 item7 item9 item12 item17-item19 item21;

  item6 with item16;
  item1 with item2;
  item10 with item11;

  [F1@0 F2@0 F3@0]; !factor means constrained to zero

  MODEL Elem:
  !group-specific model parameters
  item7 with item4;

  MODEL Sec:
  !group-specific model parameters
  F1 by item11;
  item9 with item19;

  !intercepts not constrained equal
  [item1 - item22];
  F2 by item11 item15;
  !added item15 here bc we are relaxing that constraint

  Output: MODINDICES (3.84);




INPUT READING TERMINATED NORMALLY



Testing for Measurement Invariance,
Partial Factor Loading Invariance;

SUMMARY OF ANALYSIS

Number of groups                                                 2
Number of observations
   Group ELEM                                                  580
   Group SEC                                                   692

Number of dependent variables                                   22
Number of independent variables                                  0
Number of continuous latent variables                            3

Observed dependent variables

  Continuous
   ITEM1       ITEM2       ITEM3       ITEM4       ITEM5       ITEM6
   ITEM7       ITEM8       ITEM9       ITEM10      ITEM11      ITEM12
   ITEM13      ITEM14      ITEM15      ITEM16      ITEM17      ITEM18
   ITEM19      ITEM20      ITEM21      ITEM22

Continuous latent variables
   F1          F2          F3


Estimator                                                      MLM
Information matrix                                        EXPECTED
Maximum number of iterations                                  1000
Convergence criterion                                    0.500D-04
Maximum number of steepest descent iterations                   20

Input data file(s)
  mbielm1.dat
  mbisec1.dat

Input data format  FREE



THE MODEL ESTIMATION TERMINATED NORMALLY



MODEL FIT INFORMATION

Number of Free Parameters                      131
!note this has increased bc we relaxed that constraint

Loglikelihood

          H0 Value                      -43954.843
          H1 Value                      -43347.312

Information Criteria

          Akaike (AIC)                   88171.685
          Bayesian (BIC)                 88846.119
          Sample-Size Adjusted BIC       88429.999
            (n* = (n + 2) / 24)

Chi-Square Test of Model Fit

          Value                            981.189*
          Degrees of Freedom                   419
          !lose another df here 
          P-Value                           0.0000
          Scaling Correction Factor          1.238
            for MLM

Chi-Square Contributions From Each Group

          ELEM                             450.710
          SEC                              530.479

*   The chi-square value for MLM, MLMV, MLR, ULSMV, WLSM and WLSMV cannot be used
    for chi-square difference testing in the regular way.  MLM, MLR and WLSM
    chi-square difference testing is described on the Mplus website.  MLMV, WLSMV,
    and ULSMV difference testing is done using the DIFFTEST option.

RMSEA (Root Mean Square Error Of Approximation)

          Estimate                           0.046
          90 Percent C.I.                    0.042  0.050
          Probability RMSEA <= .05           0.963

CFI/TLI

          CFI                                0.939
          TLI                                0.932

Chi-Square Test of Model Fit for the Baseline Model

          Value                           9641.378
          Degrees of Freedom                   462
          P-Value                           0.0000

SRMR (Standardized Root Mean Square Residual)

          Value                              0.054

WRMR (Weighted Root Mean Square Residual)

          Value                              1.722



MODEL RESULTS

                                                    Two-Tailed
                    Estimate       S.E.  Est./S.E.    P-Value

Group ELEM

 F1       BY
    ITEM1              1.000      0.000    999.000    999.000
    ITEM2              0.925      0.024     39.101      0.000
    ITEM3              1.062      0.033     32.091      0.000
    ITEM6              0.842      0.041     20.474      0.000
    ITEM8              1.276      0.037     34.704      0.000
    ITEM13             1.094      0.037     29.873      0.000
    ITEM14             0.968      0.035     27.443      0.000
    ITEM16             0.754      0.040     18.954      0.000
    ITEM20             0.891      0.038     23.263      0.000
    ITEM12            -0.426      0.033    -13.009      0.000

 F2       BY
    ITEM5              1.000      0.000    999.000    999.000
    ITEM10             1.020      0.066     15.567      0.000
    ITEM11             1.058      0.074     14.315      0.000
    ITEM15             0.684      0.072      9.558      0.000
    ITEM22             0.773      0.061     12.607      0.000

 F3       BY
    ITEM4              1.000      0.000    999.000    999.000
    ITEM7              1.286      0.126     10.180      0.000
    ITEM9              2.088      0.221      9.461      0.000
    ITEM12             1.330      0.155      8.587      0.000
    ITEM17             1.413      0.130     10.840      0.000
    ITEM18             1.991      0.198     10.055      0.000
    ITEM19             1.957      0.193     10.119      0.000
    ITEM21             1.432      0.149      9.600      0.000

 F2       WITH
    F1                 0.760      0.077      9.825      0.000

 F3       WITH
    F1                -0.193      0.027     -7.196      0.000
    F2                -0.191      0.028     -6.816      0.000

 ITEM6    WITH
    ITEM16             0.855      0.093      9.223      0.000

 ITEM1    WITH
    ITEM2              0.510      0.058      8.763      0.000

 ITEM10   WITH
    ITEM11             0.569      0.094      6.052      0.000

 ITEM7    WITH
    ITEM4              0.170      0.056      3.006      0.003

 Means
    F1                 0.000      0.000    999.000    999.000
    F2                 0.000      0.000    999.000    999.000
    F3                 0.000      0.000    999.000    999.000

 Intercepts
    ITEM1              3.409      0.069     49.484      0.000
    ITEM2              3.976      0.065     60.903      0.000
    ITEM3              2.572      0.071     36.229      0.000
    ITEM4              5.412      0.039    139.751      0.000
    ITEM5              1.053      0.061     17.177      0.000
    ITEM6              1.676      0.069     24.353      0.000
    ITEM7              5.338      0.036    146.968      0.000
    ITEM8              2.184      0.075     29.012      0.000
    ITEM9              5.031      0.055     90.946      0.000
    ITEM10             1.164      0.061     18.990      0.000
    ITEM11             1.122      0.063     17.889      0.000
    ITEM12             4.693      0.053     87.789      0.000
    ITEM13             2.548      0.072     35.621      0.000
    ITEM14             3.122      0.076     41.262      0.000
    ITEM15             0.545      0.047     11.713      0.000
    ITEM16             1.433      0.063     22.715      0.000
    ITEM17             5.416      0.037    147.600      0.000
    ITEM18             4.883      0.050     96.794      0.000
    ITEM19             5.007      0.047    106.468      0.000
    ITEM20             1.281      0.060     21.456      0.000
    ITEM21             4.841      0.054     90.467      0.000
    ITEM22             1.328      0.064     20.730      0.000

 Variances
    F1                 1.476      0.100     14.785      0.000
    F2                 0.861      0.109      7.888      0.000
    F3                 0.151      0.029      5.168      0.000

 Residual Variances
    ITEM1              1.218      0.071     17.158      0.000
    ITEM2              1.185      0.069     17.097      0.000
    ITEM3              1.279      0.086     14.939      0.000
    ITEM4              0.717      0.081      8.846      0.000
    ITEM5              1.273      0.120     10.573      0.000
    ITEM6              1.736      0.117     14.801      0.000
    ITEM7              0.566      0.070      8.122      0.000
    ITEM8              0.844      0.068     12.346      0.000
    ITEM9              1.148      0.113     10.151      0.000
    ITEM10             1.254      0.115     10.878      0.000
    ITEM11             1.306      0.120     10.856      0.000
    ITEM12             0.936      0.076     12.301      0.000
    ITEM13             1.267      0.089     14.255      0.000
    ITEM14             1.918      0.112     17.169      0.000
    ITEM15             0.852      0.119      7.175      0.000
    ITEM16             1.424      0.093     15.385      0.000
    ITEM17             0.442      0.049      9.031      0.000
    ITEM18             0.864      0.107      8.115      0.000
    ITEM19             0.698      0.060     11.580      0.000
    ITEM20             0.905      0.092      9.825      0.000
    ITEM21             1.363      0.122     11.146      0.000
    ITEM22             1.986      0.146     13.639      0.000

Group SEC

 F1       BY
    ITEM1              1.000      0.000    999.000    999.000
    ITEM2              0.925      0.024     39.101      0.000
    ITEM3              1.062      0.033     32.091      0.000
    ITEM6              0.842      0.041     20.474      0.000
    ITEM8              1.276      0.037     34.704      0.000
    ITEM13             1.094      0.037     29.873      0.000
    ITEM14             0.968      0.035     27.443      0.000
    ITEM16             0.754      0.040     18.954      0.000
    ITEM20             0.891      0.038     23.263      0.000
    ITEM12            -0.426      0.033    -13.009      0.000

 F2       BY
    ITEM5              1.000      0.000    999.000    999.000
    ITEM10             1.020      0.066     15.567      0.000
    ITEM11             0.567      0.082      6.923      0.000
    ITEM15             0.963      0.079     12.115      0.000
    ITEM22             0.773      0.061     12.607      0.000

 F3       BY
    ITEM4              1.000      0.000    999.000    999.000
    ITEM7              1.286      0.126     10.180      0.000
    ITEM9              2.088      0.221      9.461      0.000
    ITEM12             1.330      0.155      8.587      0.000
    ITEM17             1.413      0.130     10.840      0.000
    ITEM18             1.991      0.198     10.055      0.000
    ITEM19             1.957      0.193     10.119      0.000
    ITEM21             1.432      0.149      9.600      0.000

 F1       BY
    ITEM11             0.409      0.055      7.455      0.000

 F2       WITH
    F1                 0.583      0.066      8.887      0.000

 F3       WITH
    F1                -0.171      0.026     -6.706      0.000
    F2                -0.199      0.030     -6.677      0.000

 ITEM6    WITH
    ITEM16             0.662      0.078      8.494      0.000

 ITEM1    WITH
    ITEM2              0.620      0.057     10.859      0.000

 ITEM10   WITH
    ITEM11             0.949      0.114      8.351      0.000

 ITEM9    WITH
    ITEM19             0.355      0.068      5.220      0.000

 Means
    F1                 0.000      0.000    999.000    999.000
    F2                 0.000      0.000    999.000    999.000
    F3                 0.000      0.000    999.000    999.000

 Intercepts
    ITEM1              3.371      0.060     55.937      0.000
    ITEM2              3.890      0.058     66.973      0.000
    ITEM3              2.526      0.065     39.101      0.000
    ITEM4              5.168      0.042    123.343      0.000
    ITEM5              1.217      0.056     21.817      0.000
    ITEM6              1.999      0.063     31.871      0.000
    ITEM7              5.014      0.043    116.064      0.000
    ITEM8              2.143      0.065     33.039      0.000
    ITEM9              4.702      0.057     82.848      0.000
    ITEM10             1.275      0.059     21.431      0.000
    ITEM11             1.166      0.060     19.550      0.000
    ITEM12             4.527      0.051     88.954      0.000
    ITEM13             2.653      0.063     41.827      0.000
    ITEM14             3.147      0.067     46.680      0.000
    ITEM15             1.078      0.054     20.011      0.000
    ITEM16             1.548      0.055     28.112      0.000
    ITEM17             5.303      0.037    145.039      0.000
    ITEM18             4.705      0.045    105.646      0.000
    ITEM19             4.600      0.049     93.051      0.000
    ITEM20             1.211      0.053     22.713      0.000
    ITEM21             4.462      0.057     77.884      0.000
    ITEM22             1.790      0.061     29.412      0.000

 Variances
    F1                 1.320      0.087     15.162      0.000
    F2                 0.913      0.108      8.424      0.000
    F3                 0.185      0.033      5.582      0.000

 Residual Variances
    ITEM1              1.243      0.068     18.232      0.000
    ITEM2              1.232      0.063     19.663      0.000
    ITEM3              1.381      0.080     17.299      0.000
    ITEM4              1.047      0.103     10.152      0.000
    ITEM5              1.280      0.111     11.506      0.000
    ITEM6              1.744      0.100     17.417      0.000
    ITEM7              0.912      0.064     14.185      0.000
    ITEM8              0.794      0.060     13.139      0.000
    ITEM9              1.396      0.112     12.457      0.000
    ITEM10             1.528      0.120     12.779      0.000
    ITEM11             1.640      0.124     13.210      0.000
    ITEM12             1.001      0.074     13.540      0.000
    ITEM13             1.152      0.074     15.656      0.000
    ITEM14             1.925      0.108     17.786      0.000
    ITEM15             1.162      0.125      9.313      0.000
    ITEM16             1.392      0.087     15.965      0.000
    ITEM17             0.599      0.063      9.458      0.000
    ITEM18             0.648      0.067      9.707      0.000
    ITEM19             0.983      0.081     12.117      0.000
    ITEM20             0.910      0.057     15.938      0.000
    ITEM21             1.880      0.111     16.992      0.000
    ITEM22             1.921      0.122     15.737      0.000


QUALITY OF NUMERICAL RESULTS

     Condition Number for the Information Matrix              0.723E-03
       (ratio of smallest to largest eigenvalue)


MODEL MODIFICATION INDICES

NOTE:  Modification indices for direct effects of observed dependent variables
regressed on covariates may not be included.  To include these, request
MODINDICES (ALL).

Minimum M.I. value for printing the modification index     3.840

                            M.I.     E.P.C.  Std E.P.C.  StdYX E.P.C.
Group ELEM


BY Statements
!no more issues here; these are all just cross-loadings and 
!we don't have a theoretical reason to allow for them
!(and none of them are that bad)

F1       BY ITEM11         11.515     0.253      0.308        0.204
F1       BY ITEM17         12.071    -0.108     -0.132       -0.153
F1       BY ITEM19          3.915     0.079      0.096        0.085
F2       BY ITEM12          6.160     0.177      0.165        0.127
F2       BY ITEM14          4.485    -0.206     -0.191       -0.105
F2       BY ITEM16         11.475     0.235      0.218        0.145
F2       BY ITEM17         15.296    -0.183     -0.170       -0.197
F2       BY ITEM22          5.081    -0.150     -0.139       -0.088
F3       BY ITEM7           7.265    -0.157     -0.061       -0.068
F3       BY ITEM14         17.177     0.839      0.326        0.179
F3       BY ITEM17          4.024     0.151      0.059        0.068

WITH Statements

ITEM6    WITH ITEM3         5.586     0.148      0.148        0.099
ITEM6    WITH ITEM5         6.598     0.162      0.162        0.109
ITEM8    WITH ITEM5         6.716    -0.156     -0.156       -0.151
ITEM12   WITH ITEM3        18.277    -0.242     -0.242       -0.221
ITEM13   WITH ITEM3         5.715    -0.165     -0.165       -0.130
ITEM13   WITH ITEM8         4.503    -0.136     -0.136       -0.132
ITEM13   WITH ITEM9         6.288    -0.158     -0.158       -0.131
ITEM13   WITH ITEM12       17.704     0.238      0.238        0.218
ITEM14   WITH ITEM2        13.280     0.244      0.244        0.162
ITEM14   WITH ITEM8         3.911    -0.145     -0.145       -0.114
ITEM14   WITH ITEM13       11.775     0.278      0.278        0.178
ITEM15   WITH ITEM5         6.952     0.164      0.164        0.157
ITEM16   WITH ITEM3         8.367    -0.163     -0.163       -0.121
ITEM17   WITH ITEM4        12.428     0.098      0.098        0.175
ITEM17   WITH ITEM10        7.522    -0.094     -0.094       -0.126
ITEM18   WITH ITEM7         4.256    -0.074     -0.074       -0.106
ITEM18   WITH ITEM9         6.704    -0.144     -0.144       -0.145
ITEM19   WITH ITEM6         5.615    -0.111     -0.111       -0.101
ITEM19   WITH ITEM8         6.795     0.116      0.116        0.151
ITEM19   WITH ITEM17        4.280    -0.068     -0.068       -0.122
ITEM19   WITH ITEM18       24.619     0.228      0.228        0.293
ITEM20   WITH ITEM2         3.844    -0.093     -0.093       -0.090
ITEM20   WITH ITEM3         5.800    -0.140     -0.140       -0.130
ITEM20   WITH ITEM8         4.392     0.112      0.112        0.128
ITEM20   WITH ITEM13        8.844     0.173      0.173        0.161
ITEM21   WITH ITEM7         5.304     0.097      0.097        0.110
ITEM21   WITH ITEM18        5.019    -0.127     -0.127       -0.117
ITEM21   WITH ITEM19        5.190    -0.119     -0.119       -0.122
ITEM22   WITH ITEM8         4.234    -0.146     -0.146       -0.113

Group SEC


BY Statements

F1       BY ITEM5           8.742    -0.184     -0.212       -0.143
F1       BY ITEM10          4.936     0.146      0.168        0.106
F1       BY ITEM15          8.610    -0.203     -0.233       -0.165
F1       BY ITEM22         20.888     0.300      0.345        0.220
F2       BY ITEM1           7.982    -0.162     -0.154       -0.096
F2       BY ITEM6           4.196     0.141      0.135        0.083
F2       BY ITEM12          4.341     0.134      0.128        0.096
F2       BY ITEM13         11.753     0.231      0.221        0.134
F2       BY ITEM14         13.003    -0.299     -0.286       -0.161
F2       BY ITEM16          6.165     0.153      0.147        0.100
F2       BY ITEM20          7.253     0.158      0.151        0.108
F2       BY ITEM22          5.082     0.124      0.118        0.075
F3       BY ITEM1           7.075     0.303      0.130        0.081
F3       BY ITEM6           3.862    -0.272     -0.117       -0.072
F3       BY ITEM7           7.262     0.258      0.111        0.100
F3       BY ITEM10          5.182     0.329      0.141        0.090
F3       BY ITEM11          6.193    -0.357     -0.154       -0.099
F3       BY ITEM14         13.047     0.597      0.257        0.144
F3       BY ITEM16          4.999    -0.277     -0.119       -0.081
F3       BY ITEM17          4.023    -0.132     -0.057       -0.058

WITH Statements

ITEM3    WITH ITEM2         9.273     0.158      0.158        0.121
ITEM8    WITH ITEM6         4.296     0.113      0.113        0.096
ITEM9    WITH ITEM6         4.506    -0.126     -0.126       -0.081
ITEM9    WITH ITEM7        10.881     0.164      0.164        0.146
ITEM11   WITH ITEM2         6.900    -0.112     -0.112       -0.079
ITEM12   WITH ITEM3        10.575    -0.180     -0.180       -0.153
ITEM13   WITH ITEM3         9.556    -0.194     -0.194       -0.154
ITEM13   WITH ITEM12        4.335     0.107      0.107        0.100
ITEM14   WITH ITEM2        15.915     0.237      0.237        0.154
ITEM14   WITH ITEM13        7.306     0.193      0.193        0.129
ITEM15   WITH ITEM1         5.482    -0.117     -0.117       -0.097
ITEM15   WITH ITEM5         9.173     0.246      0.246        0.202
ITEM15   WITH ITEM7         7.504    -0.138     -0.138       -0.134
ITEM15   WITH ITEM11        4.043    -0.121     -0.121       -0.088
ITEM15   WITH ITEM12       12.960     0.192      0.192        0.178
ITEM16   WITH ITEM3         7.226    -0.154     -0.154       -0.111
ITEM16   WITH ITEM8         9.974    -0.153     -0.153       -0.146
ITEM17   WITH ITEM3         3.908     0.086      0.086        0.094
ITEM17   WITH ITEM12        5.181    -0.087     -0.087       -0.112
ITEM17   WITH ITEM16        4.062    -0.076     -0.076       -0.083
ITEM18   WITH ITEM4         4.415    -0.089     -0.089       -0.108
ITEM18   WITH ITEM7        18.321    -0.176     -0.176       -0.229
ITEM18   WITH ITEM15        4.322    -0.097     -0.097       -0.112
ITEM18   WITH ITEM17        5.211     0.083      0.083        0.134
ITEM19   WITH ITEM17        9.005    -0.111     -0.111       -0.144
ITEM19   WITH ITEM18       10.932     0.143      0.143        0.179
ITEM20   WITH ITEM2        14.726    -0.162     -0.162       -0.153
ITEM20   WITH ITEM5         4.165    -0.109     -0.109       -0.101
ITEM20   WITH ITEM6         9.937    -0.164     -0.164       -0.131
ITEM20   WITH ITEM8         6.271     0.121      0.121        0.142
ITEM20   WITH ITEM14        4.637    -0.134     -0.134       -0.101
ITEM20   WITH ITEM15        7.102     0.137      0.137        0.133
ITEM20   WITH ITEM16       22.108     0.219      0.219        0.195
ITEM21   WITH ITEM7        18.416     0.255      0.255        0.195
ITEM21   WITH ITEM14        5.369    -0.196     -0.196       -0.103
ITEM21   WITH ITEM18       11.894    -0.197     -0.197       -0.178
ITEM22   WITH ITEM13        8.105     0.200      0.200        0.134



     Beginning Time:  09:58:33
        Ending Time:  09:58:35
       Elapsed Time:  00:00:02



MUTHEN & MUTHEN
3463 Stoner Ave.
Los Angeles, CA  90066

Tel: (310) 391-9971
Fax: (310) 391-8971
Web: www.StatModel.com
Support: Support@StatModel.com

Copyright (c) 1998-2010 Muthen & Muthen
