Mplus VERSION 6.1
MUTHEN & MUTHEN
03/24/2016  10:12 AM

INPUT INSTRUCTIONS

  Title: Testing for Measurement Invariance,
  Partial Factor Loading Invariance
  3 Residual Covariances Invariant
  Factor Variances/Covariances Invariant;
  !now we are testing invariance of STRUCTURAL
  !parameters

  Data:
  !group-specific data files
  FILE (Elem) IS mbielm1.dat;
  FILE (Sec) IS mbisec1.dat;


  Variable:
  NAMES ARE item1-item22;
  USEVARIABLES ARE item1-item22;

  Analysis:
  ESTIMATOR = MLM;

  MODEL:
  F1 by item1-item3 item6 item8 item13 item14 item16 item20;
  F1 by item12;
  F2 by item5 item10 item11 item15 item22;
  F3 by item4 item7 item9 item12 item17-item19 item21;

  !residual covariances constrained equal
  !keeping these in from the last model bc they seem
  !to be operating equivalently across groups
  item6 with item16(1);
  item1 with item2(2);
  item10 with item11(3);

  !factor variances constrained equal
  !not constrained equal by default, so have to add here
  !by using equality constraints
  F1 (4);
  F2 (5);
  F3 (6);
  !factor covariances constrained equal
  !ditto
  F1 with F2 (7);
  F1 with F3 (8);
  F2 with F3 (9);

  [F1@0 F2@0 F3@0]; !factor means constrained to zero

  MODEL Elem:
  !group-specific model parameters
  item7 with item4;

  MODEL Sec:
  !group-specific model parameters
  F1 by item11;
  item9 with item19;

  !intercepts not constrained equal
  [item1 - item22];
  F2 by item11 item15;

  Output: MODINDICES (3.84);




INPUT READING TERMINATED NORMALLY



Testing for Measurement Invariance,
Partial Factor Loading Invariance
3 Residual Covariances Invariant
Factor Variances/Covariances Invariant;

SUMMARY OF ANALYSIS

Number of groups                                                 2
Number of observations
   Group ELEM                                                  580
   Group SEC                                                   692

Number of dependent variables                                   22
Number of independent variables                                  0
Number of continuous latent variables                            3

Observed dependent variables

  Continuous
   ITEM1       ITEM2       ITEM3       ITEM4       ITEM5       ITEM6
   ITEM7       ITEM8       ITEM9       ITEM10      ITEM11      ITEM12
   ITEM13      ITEM14      ITEM15      ITEM16      ITEM17      ITEM18
   ITEM19      ITEM20      ITEM21      ITEM22

Continuous latent variables
   F1          F2          F3


Estimator                                                      MLM
Information matrix                                        EXPECTED
Maximum number of iterations                                  1000
Convergence criterion                                    0.500D-04
Maximum number of steepest descent iterations                   20

Input data file(s)
  mbielm1.dat
  mbisec1.dat

Input data format  FREE



THE MODEL ESTIMATION TERMINATED NORMALLY



MODEL FIT INFORMATION

Number of Free Parameters                      122

Loglikelihood

          H0 Value                      -43970.418
          H1 Value                      -43347.312

Information Criteria

          Akaike (AIC)                   88184.837
          Bayesian (BIC)                 88812.935
          Sample-Size Adjusted BIC       88425.404
            (n* = (n + 2) / 24)

Chi-Square Test of Model Fit

          Value                           1004.731*
          Degrees of Freedom                   428
          P-Value                           0.0000
          Scaling Correction Factor          1.240
            for MLM
!comparing with model 5, corrected diff value is not 
!stat. sig - factor variances and covariances remain
!equivalent across groups

Chi-Square Contributions From Each Group

          ELEM                             464.293
          SEC                              540.438

*   The chi-square value for MLM, MLMV, MLR, ULSMV, WLSM and WLSMV cannot be used
    for chi-square difference testing in the regular way.  MLM, MLR and WLSM
    chi-square difference testing is described on the Mplus website.  MLMV, WLSMV,
    and ULSMV difference testing is done using the DIFFTEST option.

RMSEA (Root Mean Square Error Of Approximation)

          Estimate                           0.046
          90 Percent C.I.                    0.042  0.050
          Probability RMSEA <= .05           0.961

CFI/TLI

          CFI                                0.937
          TLI                                0.932

Chi-Square Test of Model Fit for the Baseline Model

          Value                           9641.378
          Degrees of Freedom                   462
          P-Value                           0.0000

SRMR (Standardized Root Mean Square Residual)

          Value                              0.059

WRMR (Weighted Root Mean Square Residual)

          Value                              1.876



MODEL RESULTS

                                                    Two-Tailed
                    Estimate       S.E.  Est./S.E.    P-Value

Group ELEM

 F1       BY
    ITEM1              1.000      0.000    999.000    999.000
    ITEM2              0.925      0.024     39.226      0.000
    ITEM3              1.064      0.033     32.118      0.000
    ITEM6              0.844      0.041     20.655      0.000
    ITEM8              1.277      0.037     34.463      0.000
    ITEM13             1.096      0.037     29.999      0.000
    ITEM14             0.969      0.035     27.358      0.000
    ITEM16             0.754      0.040     18.912      0.000
    ITEM20             0.893      0.039     23.060      0.000
    ITEM12            -0.427      0.032    -13.167      0.000

 F2       BY
    ITEM5              1.000      0.000    999.000    999.000
    ITEM10             1.006      0.066     15.319      0.000
    ITEM11             0.998      0.074     13.459      0.000
    ITEM15             0.684      0.069      9.867      0.000
    ITEM22             0.779      0.061     12.756      0.000

 F3       BY
    ITEM4              1.000      0.000    999.000    999.000
    ITEM7              1.273      0.122     10.398      0.000
    ITEM9              2.066      0.218      9.479      0.000
    ITEM12             1.329      0.155      8.552      0.000
    ITEM17             1.409      0.128     10.974      0.000
    ITEM18             1.999      0.200     10.006      0.000
    ITEM19             1.942      0.192     10.096      0.000
    ITEM21             1.420      0.146      9.742      0.000

 F1       WITH
    F2                 0.667      0.052     12.793      0.000
    F3                -0.181      0.021     -8.790      0.000

 F2       WITH
    F3                -0.198      0.025     -7.926      0.000

 ITEM6    WITH
    ITEM16             0.757      0.060     12.551      0.000

 ITEM1    WITH
    ITEM2              0.572      0.042     13.779      0.000

 ITEM10   WITH
    ITEM11             0.792      0.074     10.663      0.000

 ITEM7    WITH
    ITEM4              0.169      0.056      3.000      0.003

 Means
    F1                 0.000      0.000    999.000    999.000
    F2                 0.000      0.000    999.000    999.000
    F3                 0.000      0.000    999.000    999.000

 Intercepts
    ITEM1              3.409      0.069     49.484      0.000
    ITEM2              3.976      0.065     60.903      0.000
    ITEM3              2.572      0.071     36.229      0.000
    ITEM4              5.412      0.039    139.751      0.000
    ITEM5              1.053      0.061     17.177      0.000
    ITEM6              1.676      0.069     24.353      0.000
    ITEM7              5.338      0.036    146.968      0.000
    ITEM8              2.184      0.075     29.012      0.000
    ITEM9              5.031      0.055     90.946      0.000
    ITEM10             1.164      0.061     18.990      0.000
    ITEM11             1.122      0.063     17.889      0.000
    ITEM12             4.693      0.053     87.789      0.000
    ITEM13             2.548      0.072     35.621      0.000
    ITEM14             3.122      0.076     41.262      0.000
    ITEM15             0.545      0.047     11.713      0.000
    ITEM16             1.433      0.063     22.715      0.000
    ITEM17             5.416      0.037    147.600      0.000
    ITEM18             4.883      0.050     96.794      0.000
    ITEM19             5.007      0.047    106.468      0.000
    ITEM20             1.281      0.060     21.456      0.000
    ITEM21             4.841      0.054     90.467      0.000
    ITEM22             1.328      0.064     20.730      0.000

 Variances
    F1                 1.388      0.076     18.180      0.000
    F2                 0.899      0.089     10.132      0.000
    F3                 0.170      0.030      5.579      0.000

 Residual Variances
    ITEM1              1.270      0.067     19.046      0.000
    ITEM2              1.233      0.066     18.599      0.000
    ITEM3              1.280      0.085     15.003      0.000
    ITEM4              0.716      0.081      8.839      0.000
    ITEM5              1.214      0.121     10.006      0.000
    ITEM6              1.646      0.107     15.449      0.000
    ITEM7              0.566      0.070      8.137      0.000
    ITEM8              0.843      0.068     12.412      0.000
    ITEM9              1.147      0.114     10.088      0.000
    ITEM10             1.429      0.108     13.187      0.000
    ITEM11             1.532      0.111     13.772      0.000
    ITEM12             0.932      0.076     12.221      0.000
    ITEM13             1.271      0.089     14.303      0.000
    ITEM14             1.917      0.111     17.218      0.000
    ITEM15             0.831      0.119      6.982      0.000
    ITEM16             1.352      0.077     17.511      0.000
    ITEM17             0.439      0.049      8.998      0.000
    ITEM18             0.856      0.107      7.994      0.000
    ITEM19             0.692      0.060     11.445      0.000
    ITEM20             0.904      0.092      9.820      0.000
    ITEM21             1.363      0.123     11.093      0.000
    ITEM22             1.968      0.147     13.428      0.000

Group SEC

 F1       BY
    ITEM1              1.000      0.000    999.000    999.000
    ITEM2              0.925      0.024     39.226      0.000
    ITEM3              1.064      0.033     32.118      0.000
    ITEM6              0.844      0.041     20.655      0.000
    ITEM8              1.277      0.037     34.463      0.000
    ITEM13             1.096      0.037     29.999      0.000
    ITEM14             0.969      0.035     27.358      0.000
    ITEM16             0.754      0.040     18.912      0.000
    ITEM20             0.893      0.039     23.060      0.000
    ITEM12            -0.427      0.032    -13.167      0.000

 F2       BY
    ITEM5              1.000      0.000    999.000    999.000
    ITEM10             1.006      0.066     15.319      0.000
    ITEM11             0.588      0.089      6.584      0.000
    ITEM15             0.950      0.074     12.812      0.000
    ITEM22             0.779      0.061     12.756      0.000

 F3       BY
    ITEM4              1.000      0.000    999.000    999.000
    ITEM7              1.273      0.122     10.398      0.000
    ITEM9              2.066      0.218      9.479      0.000
    ITEM12             1.329      0.155      8.552      0.000
    ITEM17             1.409      0.128     10.974      0.000
    ITEM18             1.999      0.200     10.006      0.000
    ITEM19             1.942      0.192     10.096      0.000
    ITEM21             1.420      0.146      9.742      0.000

 F1       BY
    ITEM11             0.399      0.060      6.691      0.000

 F1       WITH
    F2                 0.667      0.052     12.793      0.000
    F3                -0.181      0.021     -8.790      0.000

 F2       WITH
    F3                -0.198      0.025     -7.926      0.000

 ITEM6    WITH
    ITEM16             0.757      0.060     12.551      0.000

 ITEM1    WITH
    ITEM2              0.572      0.042     13.779      0.000

 ITEM10   WITH
    ITEM11             0.792      0.074     10.663      0.000

 ITEM9    WITH
    ITEM19             0.366      0.067      5.433      0.000

 Means
    F1                 0.000      0.000    999.000    999.000
    F2                 0.000      0.000    999.000    999.000
    F3                 0.000      0.000    999.000    999.000

 Intercepts
    ITEM1              3.371      0.060     55.937      0.000
    ITEM2              3.890      0.058     66.973      0.000
    ITEM3              2.526      0.065     39.101      0.000
    ITEM4              5.168      0.042    123.343      0.000
    ITEM5              1.217      0.056     21.817      0.000
    ITEM6              1.999      0.063     31.871      0.000
    ITEM7              5.014      0.043    116.064      0.000
    ITEM8              2.143      0.065     33.039      0.000
    ITEM9              4.702      0.057     82.848      0.000
    ITEM10             1.275      0.059     21.431      0.000
    ITEM11             1.166      0.060     19.550      0.000
    ITEM12             4.527      0.051     88.954      0.000
    ITEM13             2.653      0.063     41.827      0.000
    ITEM14             3.147      0.067     46.680      0.000
    ITEM15             1.078      0.054     20.011      0.000
    ITEM16             1.548      0.055     28.112      0.000
    ITEM17             5.303      0.037    145.039      0.000
    ITEM18             4.705      0.045    105.646      0.000
    ITEM19             4.600      0.049     93.051      0.000
    ITEM20             1.211      0.053     22.713      0.000
    ITEM21             4.462      0.057     77.884      0.000
    ITEM22             1.790      0.061     29.412      0.000

 Variances
    F1                 1.388      0.076     18.180      0.000
    F2                 0.899      0.089     10.132      0.000
    F3                 0.170      0.030      5.579      0.000

 Residual Variances
    ITEM1              1.204      0.063     19.126      0.000
    ITEM2              1.193      0.057     20.770      0.000
    ITEM3              1.378      0.080     17.249      0.000
    ITEM4              1.048      0.103     10.160      0.000
    ITEM5              1.315      0.109     12.099      0.000
    ITEM6              1.826      0.094     19.465      0.000
    ITEM7              0.919      0.064     14.291      0.000
    ITEM8              0.796      0.060     13.192      0.000
    ITEM9              1.409      0.111     12.728      0.000
    ITEM10             1.404      0.094     14.877      0.000
    ITEM11             1.504      0.103     14.546      0.000
    ITEM12             1.004      0.073     13.688      0.000
    ITEM13             1.149      0.074     15.626      0.000
    ITEM14             1.926      0.109     17.690      0.000
    ITEM15             1.201      0.122      9.857      0.000
    ITEM16             1.459      0.081     18.008      0.000
    ITEM17             0.600      0.064      9.381      0.000
    ITEM18             0.650      0.066      9.791      0.000
    ITEM19             0.992      0.080     12.437      0.000
    ITEM20             0.911      0.057     15.924      0.000
    ITEM21             1.885      0.110     17.075      0.000
    ITEM22             1.910      0.122     15.706      0.000


QUALITY OF NUMERICAL RESULTS

     Condition Number for the Information Matrix              0.449E-03
       (ratio of smallest to largest eigenvalue)


MODEL MODIFICATION INDICES

NOTE:  Modification indices for direct effects of observed dependent variables
regressed on covariates may not be included.  To include these, request
MODINDICES (ALL).

Minimum M.I. value for printing the modification index     3.840

                            M.I.     E.P.C.  Std E.P.C.  StdYX E.P.C.
Group ELEM


BY Statements

F1       BY ITEM11         15.533     0.252      0.297        0.190
F1       BY ITEM17         11.724    -0.108     -0.128       -0.145
F1       BY ITEM19          4.148     0.082      0.097        0.084
F2       BY ITEM12          6.787     0.176      0.167        0.129
F2       BY ITEM14          3.881    -0.180     -0.171       -0.095
F2       BY ITEM16         13.252     0.238      0.225        0.154
F2       BY ITEM17         13.600    -0.169     -0.160       -0.182
F2       BY ITEM22          5.592    -0.146     -0.138       -0.087
F3       BY ITEM7           9.318    -0.147     -0.061       -0.066
F3       BY ITEM14         14.855     0.717      0.295        0.165

ON/BY Statements

F1       ON F2       /
F2       BY F1              5.954     0.198      0.159        0.159
F3       ON F3       /
F3       BY F3              4.115    -0.112     -0.112       -0.112

WITH Statements

ITEM6    WITH ITEM3         4.929     0.139      0.139        0.096
ITEM6    WITH ITEM5         7.139     0.168      0.168        0.119
ITEM8    WITH ITEM5         6.177    -0.149     -0.149       -0.147
ITEM11   WITH ITEM8         4.362     0.109      0.109        0.096
ITEM11   WITH ITEM10        8.899    -0.225     -0.225       -0.152
ITEM12   WITH ITEM3        17.847    -0.239     -0.239       -0.219
ITEM13   WITH ITEM3         5.488    -0.162     -0.162       -0.127
ITEM13   WITH ITEM8         4.310    -0.133     -0.133       -0.129
ITEM13   WITH ITEM9         6.227    -0.158     -0.158       -0.131
ITEM13   WITH ITEM12       18.082     0.241      0.241        0.221
ITEM14   WITH ITEM2        12.930     0.240      0.240        0.156
ITEM14   WITH ITEM8         4.014    -0.147     -0.147       -0.116
ITEM14   WITH ITEM13       11.879     0.280      0.280        0.179
ITEM16   WITH ITEM3         8.394    -0.164     -0.164       -0.125
ITEM16   WITH ITEM5         4.102     0.116      0.116        0.090
ITEM17   WITH ITEM4        12.134     0.097      0.097        0.174
ITEM17   WITH ITEM10        7.169    -0.092     -0.092       -0.116
ITEM18   WITH ITEM7         4.512    -0.077     -0.077       -0.111
ITEM18   WITH ITEM9         7.570    -0.154     -0.154       -0.155
ITEM18   WITH ITEM10        3.858    -0.094     -0.094       -0.085
ITEM19   WITH ITEM6         5.495    -0.110     -0.110       -0.103
ITEM19   WITH ITEM8         6.939     0.117      0.117        0.154
ITEM19   WITH ITEM17        5.304    -0.076     -0.076       -0.138
ITEM19   WITH ITEM18       23.054     0.221      0.221        0.288
ITEM20   WITH ITEM3         5.843    -0.140     -0.140       -0.131
ITEM20   WITH ITEM8         4.251     0.111      0.111        0.127
ITEM20   WITH ITEM13        8.969     0.174      0.174        0.163
ITEM21   WITH ITEM7         5.388     0.098      0.098        0.111
ITEM21   WITH ITEM18        5.401    -0.132     -0.132       -0.122
ITEM21   WITH ITEM19        5.517    -0.123     -0.123       -0.126
F2       WITH F1            4.650     0.071      0.063        0.063
!minor MIs suggest this equality constraint is appropriate
!no MI for F1 with F3 or F2 with F3

Variances/Residual Variances
!minor MIs suggest these equality constraints are appropriate

F2                          4.187    -0.098     -0.109       -0.109
F3                          4.168    -0.018     -0.104       -0.104

Group SEC


BY Statements

F1       BY ITEM5          11.241    -0.197     -0.232       -0.156
F1       BY ITEM15         11.860    -0.242     -0.286       -0.201
F1       BY ITEM22         16.752     0.265      0.312        0.199
F2       BY ITEM1           9.006    -0.180     -0.171       -0.106
F2       BY ITEM13         10.332     0.226      0.214        0.128
F2       BY ITEM14         14.578    -0.331     -0.313       -0.174
F2       BY ITEM16          5.178     0.147      0.139        0.093
F2       BY ITEM20          6.362     0.155      0.147        0.103
F2       BY ITEM22          5.591     0.120      0.114        0.072
F3       BY ITEM1           8.396     0.351      0.145        0.090
F3       BY ITEM7           9.325     0.314      0.129        0.118
F3       BY ITEM11          5.182    -0.353     -0.145       -0.095
F3       BY ITEM14         14.653     0.674      0.277        0.154
F3       BY ITEM16          4.662    -0.285     -0.117       -0.078

ON/BY Statements

F1       ON F2       /
F2       BY F1              5.952    -0.198     -0.159       -0.159
F3       ON F3       /
F3       BY F3              4.111     0.112      0.112        0.112

WITH Statements

ITEM3    WITH ITEM1         3.921     0.104      0.104        0.081
ITEM3    WITH ITEM2         9.521     0.160      0.160        0.125
ITEM7    WITH ITEM4         3.904     0.087      0.087        0.089
ITEM8    WITH ITEM6         5.084     0.122      0.122        0.101
ITEM9    WITH ITEM6         4.308    -0.123     -0.123       -0.077
ITEM9    WITH ITEM7        11.623     0.170      0.170        0.149
ITEM11   WITH ITEM2         7.899    -0.121     -0.121       -0.090
ITEM11   WITH ITEM10        8.896     0.159      0.159        0.110
ITEM12   WITH ITEM3        10.578    -0.180     -0.180       -0.153
ITEM13   WITH ITEM3        10.052    -0.198     -0.198       -0.158
ITEM13   WITH ITEM12        4.316     0.107      0.107        0.100
ITEM14   WITH ITEM2        16.340     0.240      0.240        0.159
ITEM14   WITH ITEM13        7.218     0.191      0.191        0.129
ITEM15   WITH ITEM1         5.950    -0.122     -0.122       -0.102
ITEM15   WITH ITEM5        13.862     0.289      0.289        0.230
ITEM15   WITH ITEM7         7.626    -0.140     -0.140       -0.133
ITEM15   WITH ITEM11        6.368    -0.150     -0.150       -0.112
ITEM15   WITH ITEM12       13.371     0.196      0.196        0.178
ITEM16   WITH ITEM3         6.692    -0.148     -0.148       -0.104
ITEM16   WITH ITEM8         9.233    -0.147     -0.147       -0.136
ITEM17   WITH ITEM12        4.848    -0.084     -0.084       -0.108
ITEM17   WITH ITEM16        3.861    -0.074     -0.074       -0.079
ITEM18   WITH ITEM4         4.259    -0.087     -0.087       -0.105
ITEM18   WITH ITEM7        16.195    -0.165     -0.165       -0.213
ITEM18   WITH ITEM15        4.198    -0.096     -0.096       -0.109
ITEM18   WITH ITEM17        5.315     0.083      0.083        0.133
ITEM19   WITH ITEM17        8.171    -0.104     -0.104       -0.135
ITEM19   WITH ITEM18       11.432     0.145      0.145        0.180
ITEM20   WITH ITEM2        15.929    -0.169     -0.169       -0.162
ITEM20   WITH ITEM5         3.938    -0.107     -0.107       -0.098
ITEM20   WITH ITEM6        10.439    -0.169     -0.169       -0.131
ITEM20   WITH ITEM8         6.459     0.122      0.122        0.144
ITEM20   WITH ITEM14        4.528    -0.133     -0.133       -0.100
ITEM20   WITH ITEM15        6.869     0.135      0.135        0.129
ITEM20   WITH ITEM16       22.975     0.223      0.223        0.194
ITEM21   WITH ITEM7        18.999     0.259      0.259        0.197
ITEM21   WITH ITEM14        5.104    -0.192     -0.192       -0.101
ITEM21   WITH ITEM18       10.965    -0.188     -0.188       -0.170
ITEM22   WITH ITEM13        8.098     0.199      0.199        0.134
F2       WITH F1            4.652    -0.060     -0.054       -0.054
!minor MIs suggest this equality constraint is appropriate
!no MI for F1 with F3 or F2 with F3

Variances/Residual Variances

F2                          4.188     0.086      0.096        0.096
F3                          4.165     0.015      0.089        0.089
!minor MIs suggest these equality constraints are appropriate


     Beginning Time:  10:12:00
        Ending Time:  10:12:02
       Elapsed Time:  00:00:02



MUTHEN & MUTHEN
3463 Stoner Ave.
Los Angeles, CA  90066

Tel: (310) 391-9971
Fax: (310) 391-8971
Web: www.StatModel.com
Support: Support@StatModel.com

Copyright (c) 1998-2010 Muthen & Muthen
