Mplus VERSION 6.1
MUTHEN & MUTHEN
03/25/2014   4:34 PM

INPUT INSTRUCTIONS

  TITLE: Full SEM Model 1 of Burnout for Secondary Teachers;

  DATA: file=allsecondary.dat;
        format = free;

  variable:
  names = rolea1 rolea2 rolec1 rolec2 work1 work2 cclim1 cclim2 cclim3
  cclim4 dec1 dec2 ssup1 ssup2 psup1 psup2 self1 self2 self3 elc1
  elc2 elc3 elc4 elc5 ee1 ee2 ee3 dp1 dp2 pa1 pa2 pa3;
  usevariables = rolea1-pa3;

  Analysis:
  estimator = MLM; !due to non-normality

  Model:

  !measurement model
  !added cross-loading indicators
  F1 by rolea1-rolea2 dec2; !role ambiguity
  F2 by rolec1-rolec2; !role conflict
  F3 by work1-work2; !work overload
  F4 by cclim1-cclim4; !classroom climate
  F5 by dec1-dec2; !decision-making
  F6 by ssup1-ssup2 dec2; !superior support
  F7 by psup1-psup2; !peer support
  F8 by self1-self3; !self-esteem
  F9 by elc1-elc5; !external loc. of control
  F10 by ee1-ee3; !emotional exhaustion
  F11 by dp1-dp2; !depersonalization
  F12 by pa1-pa3; !personal accomplishment

  !structural model
  F8 on F5 F6 F7;
  F9 on F5;
  F10 on F2 F3 F4;
  F11 on F2 F10;
  F12 on F1 F8 F9 F10 F11;

  Output: modindices; tech1;



INPUT READING TERMINATED NORMALLY



Full SEM Model 1 of Burnout for Secondary Teachers;

SUMMARY OF ANALYSIS

Number of groups                                                 1
Number of observations                                        1430

Number of dependent variables                                   32
! actually have 37 DVs: the 32 observed indicators & 5 factors 
! (f8-f12)
Number of independent variables                                  0
! actually have 7 IVs: F1-F7
Number of continuous latent variables                           12

Observed dependent variables

  Continuous
   ROLEA1      ROLEA2      ROLEC1      ROLEC2      WORK1       WORK2
   CCLIM1      CCLIM2      CCLIM3      CCLIM4      DEC1        DEC2
   SSUP1       SSUP2       PSUP1       PSUP2       SELF1       SELF2
   SELF3       ELC1        ELC2        ELC3        ELC4        ELC5
   EE1         EE2         EE3         DP1         DP2         PA1
   PA2         PA3

Continuous latent variables
   F1          F2          F3          F4          F5          F6
   F7          F8          F9          F10         F11         F12


Estimator                                                      MLM
Information matrix                                        EXPECTED
Maximum number of iterations                                  1000
Convergence criterion                                    0.500D-04
Maximum number of steepest descent iterations                   20

Input data file(s)
  allsecondary.dat

Input data format  FREE



THE MODEL ESTIMATION TERMINATED NORMALLY

     WARNING:  THE LATENT VARIABLE COVARIANCE MATRIX (PSI) IS NOT POSITIVE
     DEFINITE.  THIS COULD INDICATE A NEGATIVE VARIANCE/RESIDUAL VARIANCE FOR A
     LATENT VARIABLE, A CORRELATION GREATER OR EQUAL TO ONE BETWEEN TWO LATENT
     VARIABLES, OR A LINEAR DEPENDENCY AMONG MORE THAN TWO LATENT VARIABLES.
     CHECK THE TECH4 OUTPUT FOR MORE INFORMATION.
     PROBLEM INVOLVING VARIABLE F10.
! this is concerning the latent variable covariance matrix; 
! the variance-covariance matrix for latent factors
! suggests the problem may be with factor 10
! likely negative variance related to one of the factors



MODEL FIT INFORMATION

Number of Free Parameters                      133

Loglikelihood

          H0 Value                      -47240.128
          H1 Value                      -46371.583

Information Criteria

          Akaike (AIC)                   94746.256
          Bayesian (BIC)                 95446.558
          Sample-Size Adjusted BIC       95024.063
            (n* = (n + 2) / 24)

Chi-Square Test of Model Fit

          Value                           1554.942*
          Degrees of Freedom                   427
          P-Value                           0.0000
          Scaling Correction Factor          1.117
            for MLM

*   The chi-square value for MLM, MLMV, MLR, ULSMV, WLSM and WLSMV cannot be used
    for chi-square difference testing in the regular way.  MLM, MLR and WLSM
    chi-square difference testing is described on the Mplus website.  MLMV, WLSMV,
    and ULSMV difference testing is done using the DIFFTEST option.

! because we're using MLM, the chi-square difference tests are inappropriate
! because values are not actually distributed as chi-square.
! the scaling correction factor indicates that if the MLM chi-square
! were multipled by the scaling factor, it would approximate the 
! uncorrected ML chi-square value. (could re-run with ML to test this.)


RMSEA (Root Mean Square Error Of Approximation)

          Estimate                           0.043
          90 Percent C.I.                    0.041  0.045
          Probability RMSEA <= .05           1.000

CFI/TLI

          CFI                                0.945
          TLI                                0.936

! good fit, but we want to check MIs.

Chi-Square Test of Model Fit for the Baseline Model

          Value                          20859.447
          Degrees of Freedom                   496
          P-Value                           0.0000

SRMR (Standardized Root Mean Square Residual)

          Value                              0.051

WRMR (Weighted Root Mean Square Residual)

          Value                              2.519



MODEL RESULTS
! note: we will keep in non-significant paths until we are 
! finished with the post-hoc analyses used to refine the model.
! once final model is established, then we can delete any
! non-significant paths/parameters.

                                                    Two-Tailed
                    Estimate       S.E.  Est./S.E.    P-Value

 F1       BY
    ROLEA1             1.000      0.000    999.000    999.000
    ROLEA2             1.238      0.054     23.058      0.000
    DEC2               0.229      0.082      2.778      0.005

 F2       BY
    ROLEC1             1.000      0.000    999.000    999.000
    ROLEC2             1.308      0.050     26.130      0.000

 F3       BY
    WORK1              1.000      0.000    999.000    999.000
    WORK2              0.749      0.031     24.098      0.000

 F4       BY
    CCLIM1             1.000      0.000    999.000    999.000
    CCLIM2             1.478      0.072     20.402      0.000
    CCLIM3             0.958      0.052     18.318      0.000
    CCLIM4             1.334      0.074     18.146      0.000

 F5       BY
    DEC1               1.000      0.000    999.000    999.000
    DEC2               0.407      0.100      4.063      0.000

 F6       BY
    SSUP1              1.000      0.000    999.000    999.000
    SSUP2              1.098      0.024     45.144      0.000
    DEC2               0.859      0.047     18.189      0.000

 F7       BY
    PSUP1              1.000      0.000    999.000    999.000
    PSUP2              1.079      0.045     24.202      0.000

 F8       BY
    SELF1              1.000      0.000    999.000    999.000
    SELF2              1.278      0.041     31.332      0.000
    SELF3              1.357      0.051     26.771      0.000

 F9       BY
    ELC1               1.000      0.000    999.000    999.000
    ELC2               0.848      0.040     21.225      0.000
    ELC3               0.944      0.039     24.156      0.000
    ELC4               0.904      0.043     20.967      0.000
    ELC5               1.110      0.046     24.017      0.000

 F10      BY
    EE1                1.000      0.000    999.000    999.000
    EE2                1.020      0.019     55.001      0.000
    EE3                0.973      0.021     45.422      0.000

 F11      BY
    DP1                1.000      0.000    999.000    999.000
    DP2                0.918      0.042     21.670      0.000

 F12      BY
    PA1                1.000      0.000    999.000    999.000
    PA2                1.039      0.035     29.367      0.000
    PA3                0.963      0.037     26.087      0.000

 F8       ON
    F5                 0.475      0.050      9.462      0.000
    F6                -0.155      0.025     -6.194      0.000
    F7                -0.066      0.029     -2.307      0.021

 F9       ON
    F5                -0.288      0.021    -13.784      0.000

 F10      ON
    F2                -8.707      6.309     -1.380      0.168
    F3                 8.082      5.321      1.519      0.129
    F4                -0.930      0.658     -1.415      0.157

 F11      ON
    F2                 0.258      0.048      5.356      0.000
    F10                0.373      0.033     11.377      0.000

 F12      ON
    F1                -0.071      0.046     -1.548      0.122
    F8                 0.472      0.085      5.562      0.000
    F9                -0.208      0.049     -4.264      0.000
    F10               -0.064      0.025     -2.564      0.010
    F11               -0.218      0.031     -7.115      0.000

 F2       WITH
    F1                 0.360      0.023     15.397      0.000

 F3       WITH
    F1                 0.419      0.026     16.291      0.000
    F2                 0.666      0.033     20.307      0.000

 F4       WITH
    F1                -0.065      0.008     -8.354      0.000
    F2                -0.086      0.010     -8.615      0.000
    F3                -0.097      0.012     -7.998      0.000

 F5       WITH
    F1                -0.373      0.024    -15.599      0.000
    F2                -0.407      0.026    -15.397      0.000
    F3                -0.491      0.029    -17.121      0.000
    F4                 0.100      0.010     10.001      0.000

 F6       WITH
    F1                -0.386      0.028    -13.609      0.000
    F2                -0.429      0.030    -14.417      0.000
    F3                -0.501      0.032    -15.635      0.000
    F4                 0.120      0.013      9.416      0.000
    F5                 0.616      0.035     17.613      0.000

 F7       WITH
    F1                -0.242      0.021    -11.729      0.000
    F2                -0.234      0.021    -10.895      0.000
    F3                -0.277      0.024    -11.462      0.000
    F4                 0.055      0.009      6.405      0.000
    F5                 0.385      0.027     14.340      0.000
    F6                 0.394      0.030     13.285      0.000

 Intercepts
    ROLEA1             2.401      0.024     99.362      0.000
    ROLEA2             2.086      0.026     81.108      0.000
    ROLEC1             3.015      0.029    103.524      0.000
    ROLEC2             3.018      0.033     92.468      0.000
    WORK1              3.240      0.032    101.996      0.000
    WORK2              2.243      0.029     77.885      0.000
    CCLIM1             2.964      0.014    207.379      0.000
    CCLIM2             2.723      0.017    163.890      0.000
    CCLIM3             2.928      0.013    224.532      0.000
    CCLIM4             3.053      0.019    157.758      0.000
    DEC1               4.039      0.027    151.305      0.000
    DEC2               4.242      0.035    120.842      0.000
    SSUP1              4.299      0.033    130.631      0.000
    SSUP2              4.370      0.033    131.136      0.000
    PSUP1              4.571      0.026    179.200      0.000
    PSUP2              4.621      0.024    188.754      0.000
    SELF1              3.603      0.012    306.319      0.000
    SELF2              3.613      0.013    271.109      0.000
    SELF3              3.483      0.014    241.972      0.000
    ELC1               2.918      0.016    176.985      0.000
    ELC2               3.008      0.017    181.556      0.000
    ELC3               2.801      0.014    193.300      0.000
    ELC4               2.200      0.016    137.503      0.000
    ELC5               2.483      0.017    145.731      0.000
    EE1                3.855      0.035    111.347      0.000
    EE2                3.530      0.033    106.201      0.000
    EE3                3.165      0.034     92.281      0.000
    DP1                2.319      0.029     80.113      0.000
    DP2                2.086      0.031     66.763      0.000
    PA1                5.748      0.024    238.172      0.000
    PA2                5.850      0.025    229.759      0.000
    PA3                5.815      0.025    228.188      0.000

 Variances
    F1                 0.413      0.031     13.366      0.000
    F2                 0.571      0.039     14.564      0.000
    F3                 0.797      0.044     18.012      0.000
    F4                 0.112      0.010     11.483      0.000
    F5                 0.504      0.035     14.207      0.000
    F6                 1.151      0.056     20.729      0.000
    F7                 0.595      0.041     14.351      0.000

 Residual Variances
    ROLEA1             0.422      0.023     18.090      0.000
    ROLEA2             0.313      0.026     12.032      0.000
    ROLEC1             0.642      0.027     23.708      0.000
    ROLEC2             0.546      0.035     15.678      0.000
    WORK1              0.646      0.028     23.291      0.000
    WORK2              0.739      0.033     22.102      0.000
    CCLIM1             0.180      0.007     24.232      0.000
    CCLIM2             0.151      0.010     15.423      0.000
    CCLIM3             0.141      0.007     19.597      0.000
    CCLIM4             0.337      0.015     22.286      0.000
    DEC1               0.515      0.024     21.407      0.000
    DEC2               0.598      0.032     18.860      0.000
    SSUP1              0.398      0.024     16.435      0.000
    SSUP2              0.200      0.021      9.345      0.000
    PSUP1              0.336      0.026     13.061      0.000
    PSUP2              0.164      0.026      6.360      0.000
    SELF1              0.082      0.005     17.621      0.000
    SELF2              0.065      0.005     13.721      0.000
    SELF3              0.083      0.006     13.799      0.000
    ELC1               0.204      0.010     21.409      0.000
    ELC2               0.259      0.010     25.169      0.000
    ELC3               0.135      0.007     18.626      0.000
    ELC4               0.215      0.010     22.393      0.000
    ELC5               0.187      0.009     20.035      0.000
    EE1                0.413      0.022     19.120      0.000
    EE2                0.225      0.018     12.633      0.000
    EE3                0.449      0.022     20.094      0.000
    DP1                0.278      0.042      6.662      0.000
    DP2                0.622      0.045     13.839      0.000
    PA1                0.270      0.020     13.494      0.000
    PA2                0.319      0.022     14.278      0.000
    PA3                0.407      0.023     17.319      0.000
    F8                 0.079      0.007     10.672      0.000
    F9                 0.143      0.011     13.432      0.000
    F10               -0.432      0.770     -0.562      0.574
!here's the negative residual variance for F10
    F11                0.605      0.047     12.880      0.000
    F12                0.383      0.023     16.815      0.000


QUALITY OF NUMERICAL RESULTS

     Condition Number for the Information Matrix              0.747E-08
       (ratio of smallest to largest eigenvalue)


MODEL MODIFICATION INDICES

NOTE:  Modification indices for direct effects of observed dependent variables
regressed on covariates may not be included.  To include these, request
MODINDICES (ALL).

! because we're only interested in causal paths of the model, only
! look at MIs related to these parameters. 
! reported as ON/BY statements - the ON/BY are opposites.
! only interested in paths leading from IVs (factors 1-7) to
! DVS (factors 8-12)

! two look problematic: F11 on F4 and F11 on F3
! theoretical considerations important: for F11 on F4, it makes sense
! that low scores on classroom climate would be associated with 
! depersonalization. so want to include this in the next model
! by freely estimating this path.
! F11 on F3, that high work overload would lead to low levels of 
! depersonalization, doesn't make sense. so even though the MI is high
! we probably don't want to freely estimate this path in the next
! model we specify. 

Minimum M.I. value for printing the modification index    10.000

                            M.I.     E.P.C.  Std E.P.C.  StdYX E.P.C.

BY Statements

F1       BY ROLEC1         15.985     0.343      0.221        0.200
F1       BY WORK1          20.009    -0.383     -0.246       -0.205
F1       BY CCLIM1         33.645    -0.142     -0.092       -0.169
F1       BY SSUP1          21.411    -0.233     -0.150       -0.120
F1       BY SSUP2          29.492     0.298      0.192        0.152
F1       BY ELC4           11.060     0.091      0.059        0.097
F1       BY ELC5           11.654     0.094      0.061        0.094
F1       BY EE2            21.882    -0.180     -0.115       -0.092
F1       BY EE3            46.824     0.292      0.188        0.145
F1       BY PA1            26.861    -0.189     -0.121       -0.134
F1       BY PA2            16.814     0.157      0.101        0.106
F2       BY WORK1          12.646    -1.102     -0.832       -0.693
F2       BY WORK2          12.645     0.826      0.624        0.573
F2       BY CCLIM1         57.202    -0.158     -0.119       -0.221
F2       BY CCLIM3         14.897     0.073      0.055        0.111
F2       BY SSUP1          11.760    -0.135     -0.102       -0.082
F2       BY ELC5           13.009     0.081      0.061        0.095
F2       BY EE2            39.493    -0.239     -0.181       -0.144
F2       BY EE3            45.397     0.280      0.211        0.163
F2       BY PA1            25.911    -0.155     -0.117       -0.129
F2       BY PA2            25.417     0.162      0.122        0.128
F3       BY CCLIM1         62.768    -0.137     -0.122       -0.226
F3       BY CCLIM3         16.224     0.063      0.056        0.114
F3       BY SSUP1          17.256    -0.133     -0.119       -0.095
F3       BY SSUP2          12.415     0.118      0.105        0.084
F3       BY ELC5           14.890     0.072      0.064        0.100
F3       BY EE2            34.434    -0.220     -0.196       -0.156
F3       BY EE3            40.444     0.261      0.233        0.179
F3       BY PA1            35.194    -0.154     -0.137       -0.152
F3       BY PA2            30.093     0.150      0.134        0.140
F4       BY EE1            15.620     0.311      0.104        0.079
F4       BY EE2            17.931     0.300      0.100        0.080
F4       BY EE3            31.944    -0.453     -0.151       -0.117
F4       BY DP1            48.073    -0.569     -0.190       -0.174
F4       BY PA1            15.651     0.245      0.082        0.090
F5       BY ROLEC1         17.646    -0.297     -0.211       -0.191
F5       BY CCLIM1         50.328     0.158      0.112        0.207
F5       BY CCLIM3         11.831    -0.069     -0.049       -0.100
F5       BY SSUP1          18.258     0.269      0.191        0.154
F5       BY SSUP2          18.259    -0.296     -0.210       -0.167
F5       BY EE1            11.319     0.142      0.101        0.077
F5       BY EE2            13.981     0.144      0.102        0.081
F5       BY EE3            46.890    -0.294     -0.209       -0.161
F5       BY PA1            58.085     0.239      0.170        0.187
F5       BY PA2            18.495    -0.143     -0.101       -0.106
F6       BY ROLEC1         13.739    -0.115     -0.124       -0.112
F6       BY CCLIM1         28.597     0.074      0.080        0.148
F6       BY DEC1           28.365     0.440      0.472        0.468
F6       BY EE1            19.062     0.096      0.103        0.079
F6       BY EE3            26.565    -0.116     -0.124       -0.096
F6       BY PA1            33.996     0.107      0.114        0.126
F7       BY ROLEC1         12.726    -0.144     -0.111       -0.101
F7       BY CCLIM1         15.268     0.074      0.057        0.106
F7       BY EE3            15.161    -0.123     -0.095       -0.073
F7       BY PA1            14.460     0.099      0.076        0.084
F8       BY WORK1          14.910     0.398      0.136        0.113
F8       BY DEC1           51.712    -0.898     -0.305       -0.303
F8       BY ELC5           17.967    -0.191     -0.065       -0.101
F8       BY EE1            12.214     0.260      0.089        0.068
F8       BY EE3            26.242    -0.389     -0.132       -0.102
F8       BY DP1            15.614    -0.317     -0.108       -0.098
F8       BY PA1            32.413     0.387      0.132        0.145
F8       BY PA2            31.881    -0.404     -0.138       -0.144
F9       BY ROLEC1         14.444     0.265      0.114        0.103
F9       BY PA1            11.821    -0.177     -0.076       -0.084
F9       BY PA2            13.208     0.198      0.085        0.089
F10      BY WORK1          12.521     0.200      0.228        0.190
F10      BY WORK2          10.068    -0.135     -0.154       -0.141
F10      BY CCLIM1         39.670    -0.084     -0.096       -0.178
F10      BY DEC1           36.295     0.231      0.264        0.261
F10      BY SSUP1          15.999    -0.084     -0.095       -0.077
F10      BY PA1            53.616    -0.147     -0.167       -0.185
F10      BY PA2            19.252     0.093      0.106        0.110
F10      BY PA3            11.139     0.072      0.082        0.085
F11      BY WORK1          13.798    -0.136     -0.131       -0.109
F11      BY CCLIM1         25.065    -0.077     -0.074       -0.137
F11      BY DEC1           15.686     0.117      0.112        0.111
F11      BY SELF3          10.451    -0.039     -0.037       -0.069
F11      BY EE1            21.658    -0.146     -0.140       -0.107
F11      BY EE3            37.899     0.196      0.188        0.145
F12      BY ROLEC1         12.938     0.144      0.107        0.097
F12      BY WORK1          17.070     0.170      0.126        0.105
F12      BY CCLIM1         11.157     0.065      0.048        0.089
F12      BY DEC2           12.611     0.139      0.103        0.078
F12      BY EE1            46.036     0.236      0.175        0.134
F12      BY EE3            31.183    -0.198     -0.147       -0.113

ON/BY Statements
! this is where the causal paths are!

F2       ON F8       /
F8       BY F2             35.930     0.109      0.049        0.049
F2       ON F11      /
F11      BY F2             23.636     0.058      0.074        0.074
F3       ON F8       /
F8       BY F3             36.336    -0.133     -0.051       -0.051
F3       ON F10      /
F10      BY F3             18.323     2.682      3.428        3.428
F3       ON F11      /
F11      BY F3             37.804    -0.079     -0.085       -0.085
F4       ON F10      /
F10      BY F4             19.564    -3.187    -10.884      -10.884
F4       ON F11      /
F11      BY F4             81.295    -0.141     -0.404       -0.404
F4       ON F12      /
F12      BY F4             40.224     0.114      0.252        0.252
F5       ON F10      /
F10      BY F5             12.842     1.657      2.663        2.663
F6       ON F8       /
F8       BY F6             23.002     2.295      0.728        0.728
F6       ON F9       /
F9       BY F6             43.709     0.530      0.212        0.212
F6       ON F12      /
F12      BY F6             13.758     0.164      0.113        0.113
F7       ON F8       /
F8       BY F7             14.891     2.235      0.986        0.986
F8       ON F1       /
F1       BY F8             25.964     0.244      0.461        0.461
F8       ON F2       /
F2       BY F8             17.305     0.161      0.357        0.357
F8       ON F9       /
F9       BY F8             22.229    -0.136     -0.171       -0.171
F8       ON F10      /
F10      BY F8             29.728    -0.117     -0.391       -0.391
F8       ON F11      /
F11      BY F8             25.604    -0.066     -0.187       -0.187
F8       ON F12      /
F12      BY F8             44.745     0.329      0.719        0.719
F9       ON F1       /
F1       BY F9             19.280     0.193      0.288        0.288
F9       ON F2       /
F2       BY F9             37.370     0.199      0.350        0.350
F9       ON F3       /
F3       BY F9             31.173     0.157      0.326        0.326
F9       ON F6       /
F6       BY F9             28.365     0.127      0.317        0.317
F9       ON F8       /
F8       BY F9             38.038    -0.295     -0.234       -0.234
F10      ON F1       /
F1       BY F10            11.974     2.303      1.297        1.297
F10      ON F5       /
F5       BY F10            16.369    -2.238     -1.393       -1.393
F10      ON F6       /
F6       BY F10            10.882    -0.772     -0.725       -0.725
F10      ON F8       /
F8       BY F10            39.661    -1.047     -0.312       -0.312
F10      ON F11      /
F11      BY F10            17.616    -0.388     -0.326       -0.326
F11      ON F3       /
F3       BY F11            76.378    -4.799     -4.467       -4.467
!this one (F11 on F3) doesn't make theoretical sense so won't adjust
F11      ON F4       /
F4       BY F11           100.790    -0.974     -0.339       -0.339
!this one (F11 on F4) we will freely estimate in next
F11      ON F5       /
F5       BY F11            21.850    -0.326     -0.241       -0.241
F11      ON F6       /
F6       BY F11            15.985    -0.122     -0.137       -0.137
F11      ON F8       /
F8       BY F11            21.333    -0.436     -0.155       -0.155
F11      ON F12      /
F12      BY F11            36.433    -0.882     -0.683       -0.683
F12      ON F2       /
F2       BY F12            13.723     0.233      0.237        0.237
F12      ON F3       /
F3       BY F12            19.370     0.272      0.327        0.327
F12      ON F4       /
F4       BY F12            21.923     0.355      0.160        0.160
F12      ON F5       /
F5       BY F12            43.159     0.486      0.465        0.465
F12      ON F6       /
F6       BY F12            35.982     0.155      0.223        0.223
F12      ON F7       /
F7       BY F12            16.148     0.138      0.143        0.143

WITH Statements

WORK2    WITH WORK1        18.325     0.107      0.107        0.156
CCLIM1   WITH WORK1        12.335    -0.039     -0.039       -0.115
CCLIM3   WITH CCLIM2       17.230     0.036      0.036        0.245
DEC1     WITH WORK2        14.938     0.075      0.075        0.121
DEC2     WITH DEC1         20.036     0.081      0.081        0.147
SSUP1    WITH DEC2         20.814    -0.127     -0.127       -0.260
SSUP2    WITH DEC1         11.108    -0.050     -0.050       -0.155
SSUP2    WITH DEC2         12.229     0.109      0.109        0.314
PSUP1    WITH DEC2         15.160    -0.062     -0.062       -0.138
PSUP1    WITH SSUP1        28.787     0.071      0.071        0.194
PSUP1    WITH SSUP2        11.159    -0.040     -0.040       -0.156
PSUP2    WITH SSUP1        25.270    -0.062     -0.062       -0.243
PSUP2    WITH SSUP2        21.729     0.054      0.054        0.298
PSUP2    WITH PSUP1        14.891     2.868      2.868       12.230
SELF3    WITH DEC1         11.168    -0.025     -0.025       -0.120
ELC1     WITH WORK2        16.766    -0.050     -0.050       -0.129
ELC2     WITH ELC1         36.988     0.048      0.048        0.210
ELC4     WITH WORK2        12.386     0.043      0.043        0.109
ELC5     WITH WORK2        14.569     0.046      0.046        0.124
ELC5     WITH ELC2         17.552    -0.034     -0.034       -0.155
EE1      WITH WORK1        75.313     0.157      0.157        0.304
EE1      WITH CCLIM1       10.369    -0.030     -0.030       -0.110
EE1      WITH CCLIM2       10.022     0.031      0.031        0.124
EE2      WITH WORK1        10.081    -0.051     -0.051       -0.134
EE2      WITH WORK2        11.293    -0.054     -0.054       -0.133
EE2      WITH EE1          84.968     0.252      0.252        0.827
EE3      WITH ROLEC1       10.785     0.059      0.059        0.111
EE3      WITH CCLIM2       14.058    -0.038     -0.038       -0.144
EE3      WITH EE1          40.980    -0.153     -0.153       -0.356
DP1      WITH CCLIM2       21.347    -0.048     -0.048       -0.234
DP2      WITH ELC4         11.018    -0.041     -0.041       -0.111
DP2      WITH DP1          13.723    -2.304     -2.304       -5.538
PA1      WITH EE3          18.788    -0.057     -0.057       -0.163
PA2      WITH ROLEC1       10.688     0.053      0.053        0.116
PA2      WITH SELF2        15.817    -0.024     -0.024       -0.164
PA3      WITH PA1          25.381    -0.123     -0.123       -0.372
PA3      WITH PA2          48.075     0.175      0.175        0.485
F8       WITH F2           35.930     0.009      0.040        0.040
F8       WITH F3           36.336    -0.010     -0.042       -0.042
F8       WITH F6           23.002     0.181      0.601        0.601
F8       WITH F7           14.891     0.176      0.814        0.814
F9       WITH F6           43.709     0.076      0.187        0.187
F9       WITH F8           22.229    -0.019     -0.183       -0.183
F10      WITH F3           18.328    -1.159    999.000      999.000
F10      WITH F4           19.564     1.377    999.000      999.000
F10      WITH F5           12.841    -0.716    999.000      999.000
F10      WITH F8           38.150    -0.081    999.000      999.000
F11      WITH F2           23.510     0.035      0.060        0.060
F11      WITH F3           38.204    -0.048     -0.069       -0.069
F11      WITH F4           80.630    -0.085     -0.327       -0.327
F11      WITH F8           18.431    -0.035     -0.160       -0.160
F11      WITH F10          17.616    -0.235    999.000      999.000
F12      WITH F4           14.478     0.028      0.135        0.135
F12      WITH F6           18.603     0.078      0.118        0.118
F12      WITH F9           43.159     0.241      1.031        1.031
F12      WITH F11          13.723    -0.547     -1.136       -1.136


TECHNICAL 1 OUTPUT


     PARAMETER SPECIFICATION


           NU
              ROLEA1        ROLEA2        ROLEC1        ROLEC2        WORK1
              ________      ________      ________      ________      ________
      1           1             2             3             4             5


           NU
              WORK2         CCLIM1        CCLIM2        CCLIM3        CCLIM4
              ________      ________      ________      ________      ________
      1           6             7             8             9            10


           NU
              DEC1          DEC2          SSUP1         SSUP2         PSUP1
              ________      ________      ________      ________      ________
      1          11            12            13            14            15


           NU
              PSUP2         SELF1         SELF2         SELF3         ELC1
              ________      ________      ________      ________      ________
      1          16            17            18            19            20


           NU
              ELC2          ELC3          ELC4          ELC5          EE1
              ________      ________      ________      ________      ________
      1          21            22            23            24            25


           NU
              EE2           EE3           DP1           DP2           PA1
              ________      ________      ________      ________      ________
      1          26            27            28            29            30


           NU
              PA2           PA3
              ________      ________
      1          31            32


           LAMBDA
              F1            F2            F3            F4            F5
              ________      ________      ________      ________      ________
 ROLEA1             0             0             0             0             0
 ROLEA2            33             0             0             0             0
 ROLEC1             0             0             0             0             0
 ROLEC2             0            34             0             0             0
 WORK1              0             0             0             0             0
 WORK2              0             0            35             0             0
 CCLIM1             0             0             0             0             0
 CCLIM2             0             0             0            36             0
 CCLIM3             0             0             0            37             0
 CCLIM4             0             0             0            38             0
 DEC1               0             0             0             0             0
 DEC2              39             0             0             0            40
 SSUP1              0             0             0             0             0
 SSUP2              0             0             0             0             0
 PSUP1              0             0             0             0             0
 PSUP2              0             0             0             0             0
 SELF1              0             0             0             0             0
 SELF2              0             0             0             0             0
 SELF3              0             0             0             0             0
 ELC1               0             0             0             0             0
 ELC2               0             0             0             0             0
 ELC3               0             0             0             0             0
 ELC4               0             0             0             0             0
 ELC5               0             0             0             0             0
 EE1                0             0             0             0             0
 EE2                0             0             0             0             0
 EE3                0             0             0             0             0
 DP1                0             0             0             0             0
 DP2                0             0             0             0             0
 PA1                0             0             0             0             0
 PA2                0             0             0             0             0
 PA3                0             0             0             0             0


           LAMBDA
              F6            F7            F8            F9            F10
              ________      ________      ________      ________      ________
 ROLEA1             0             0             0             0             0
 ROLEA2             0             0             0             0             0
 ROLEC1             0             0             0             0             0
 ROLEC2             0             0             0             0             0
 WORK1              0             0             0             0             0
 WORK2              0             0             0             0             0
 CCLIM1             0             0             0             0             0
 CCLIM2             0             0             0             0             0
 CCLIM3             0             0             0             0             0
 CCLIM4             0             0             0             0             0
 DEC1               0             0             0             0             0
 DEC2              41             0             0             0             0
 SSUP1              0             0             0             0             0
 SSUP2             42             0             0             0             0
 PSUP1              0             0             0             0             0
 PSUP2              0            43             0             0             0
 SELF1              0             0             0             0             0
 SELF2              0             0            44             0             0
 SELF3              0             0            45             0             0
 ELC1               0             0             0             0             0
 ELC2               0             0             0            46             0
 ELC3               0             0             0            47             0
 ELC4               0             0             0            48             0
 ELC5               0             0             0            49             0
 EE1                0             0             0             0             0
 EE2                0             0             0             0            50
 EE3                0             0             0             0            51
 DP1                0             0             0             0             0
 DP2                0             0             0             0             0
 PA1                0             0             0             0             0
 PA2                0             0             0             0             0
 PA3                0             0             0             0             0


           LAMBDA
              F11           F12
              ________      ________
 ROLEA1             0             0
 ROLEA2             0             0
 ROLEC1             0             0
 ROLEC2             0             0
 WORK1              0             0
 WORK2              0             0
 CCLIM1             0             0
 CCLIM2             0             0
 CCLIM3             0             0
 CCLIM4             0             0
 DEC1               0             0
 DEC2               0             0
 SSUP1              0             0
 SSUP2              0             0
 PSUP1              0             0
 PSUP2              0             0
 SELF1              0             0
 SELF2              0             0
 SELF3              0             0
 ELC1               0             0
 ELC2               0             0
 ELC3               0             0
 ELC4               0             0
 ELC5               0             0
 EE1                0             0
 EE2                0             0
 EE3                0             0
 DP1                0             0
 DP2               52             0
 PA1                0             0
 PA2                0            53
 PA3                0            54


           THETA
              ROLEA1        ROLEA2        ROLEC1        ROLEC2        WORK1
              ________      ________      ________      ________      ________
 ROLEA1            55
 ROLEA2             0            56
 ROLEC1             0             0            57
 ROLEC2             0             0             0            58
 WORK1              0             0             0             0            59
 WORK2              0             0             0             0             0
 CCLIM1             0             0             0             0             0
 CCLIM2             0             0             0             0             0
 CCLIM3             0             0             0             0             0
 CCLIM4             0             0             0             0             0
 DEC1               0             0             0             0             0
 DEC2               0             0             0             0             0
 SSUP1              0             0             0             0             0
 SSUP2              0             0             0             0             0
 PSUP1              0             0             0             0             0
 PSUP2              0             0             0             0             0
 SELF1              0             0             0             0             0
 SELF2              0             0             0             0             0
 SELF3              0             0             0             0             0
 ELC1               0             0             0             0             0
 ELC2               0             0             0             0             0
 ELC3               0             0             0             0             0
 ELC4               0             0             0             0             0
 ELC5               0             0             0             0             0
 EE1                0             0             0             0             0
 EE2                0             0             0             0             0
 EE3                0             0             0             0             0
 DP1                0             0             0             0             0
 DP2                0             0             0             0             0
 PA1                0             0             0             0             0
 PA2                0             0             0             0             0
 PA3                0             0             0             0             0


           THETA
              WORK2         CCLIM1        CCLIM2        CCLIM3        CCLIM4
              ________      ________      ________      ________      ________
 WORK2             60
 CCLIM1             0            61
 CCLIM2             0             0            62
 CCLIM3             0             0             0            63
 CCLIM4             0             0             0             0            64
 DEC1               0             0             0             0             0
 DEC2               0             0             0             0             0
 SSUP1              0             0             0             0             0
 SSUP2              0             0             0             0             0
 PSUP1              0             0             0             0             0
 PSUP2              0             0             0             0             0
 SELF1              0             0             0             0             0
 SELF2              0             0             0             0             0
 SELF3              0             0             0             0             0
 ELC1               0             0             0             0             0
 ELC2               0             0             0             0             0
 ELC3               0             0             0             0             0
 ELC4               0             0             0             0             0
 ELC5               0             0             0             0             0
 EE1                0             0             0             0             0
 EE2                0             0             0             0             0
 EE3                0             0             0             0             0
 DP1                0             0             0             0             0
 DP2                0             0             0             0             0
 PA1                0             0             0             0             0
 PA2                0             0             0             0             0
 PA3                0             0             0             0             0


           THETA
              DEC1          DEC2          SSUP1         SSUP2         PSUP1
              ________      ________      ________      ________      ________
 DEC1              65
 DEC2               0            66
 SSUP1              0             0            67
 SSUP2              0             0             0            68
 PSUP1              0             0             0             0            69
 PSUP2              0             0             0             0             0
 SELF1              0             0             0             0             0
 SELF2              0             0             0             0             0
 SELF3              0             0             0             0             0
 ELC1               0             0             0             0             0
 ELC2               0             0             0             0             0
 ELC3               0             0             0             0             0
 ELC4               0             0             0             0             0
 ELC5               0             0             0             0             0
 EE1                0             0             0             0             0
 EE2                0             0             0             0             0
 EE3                0             0             0             0             0
 DP1                0             0             0             0             0
 DP2                0             0             0             0             0
 PA1                0             0             0             0             0
 PA2                0             0             0             0             0
 PA3                0             0             0             0             0


           THETA
              PSUP2         SELF1         SELF2         SELF3         ELC1
              ________      ________      ________      ________      ________
 PSUP2             70
 SELF1              0            71
 SELF2              0             0            72
 SELF3              0             0             0            73
 ELC1               0             0             0             0            74
 ELC2               0             0             0             0             0
 ELC3               0             0             0             0             0
 ELC4               0             0             0             0             0
 ELC5               0             0             0             0             0
 EE1                0             0             0             0             0
 EE2                0             0             0             0             0
 EE3                0             0             0             0             0
 DP1                0             0             0             0             0
 DP2                0             0             0             0             0
 PA1                0             0             0             0             0
 PA2                0             0             0             0             0
 PA3                0             0             0             0             0


           THETA
              ELC2          ELC3          ELC4          ELC5          EE1
              ________      ________      ________      ________      ________
 ELC2              75
 ELC3               0            76
 ELC4               0             0            77
 ELC5               0             0             0            78
 EE1                0             0             0             0            79
 EE2                0             0             0             0             0
 EE3                0             0             0             0             0
 DP1                0             0             0             0             0
 DP2                0             0             0             0             0
 PA1                0             0             0             0             0
 PA2                0             0             0             0             0
 PA3                0             0             0             0             0


           THETA
              EE2           EE3           DP1           DP2           PA1
              ________      ________      ________      ________      ________
 EE2               80
 EE3                0            81
 DP1                0             0            82
 DP2                0             0             0            83
 PA1                0             0             0             0            84
 PA2                0             0             0             0             0
 PA3                0             0             0             0             0


           THETA
              PA2           PA3
              ________      ________
 PA2               85
 PA3                0            86


           ALPHA
              F1            F2            F3            F4            F5
              ________      ________      ________      ________      ________
      1           0             0             0             0             0


           ALPHA
              F6            F7            F8            F9            F10
              ________      ________      ________      ________      ________
      1           0             0             0             0             0


           ALPHA
              F11           F12
              ________      ________
      1           0             0


           BETA
              F1            F2            F3            F4            F5
              ________      ________      ________      ________      ________
 F1                 0             0             0             0             0
 F2                 0             0             0             0             0
 F3                 0             0             0             0             0
 F4                 0             0             0             0             0
 F5                 0             0             0             0             0
 F6                 0             0             0             0             0
 F7                 0             0             0             0             0
 F8                 0             0             0             0            87
 F9                 0             0             0             0            90
 F10                0            91            92            93             0
 F11                0            94             0             0             0
 F12               96             0             0             0             0


! represent structural paths to be estimated in the model. e.g., parameter 96
! is the path leading from F1 to F12.

           BETA
              F6            F7            F8            F9            F10
              ________      ________      ________      ________      ________
 F1                 0             0             0             0             0
 F2                 0             0             0             0             0
 F3                 0             0             0             0             0
 F4                 0             0             0             0             0
 F5                 0             0             0             0             0
 F6                 0             0             0             0             0
 F7                 0             0             0             0             0
 F8                88            89             0             0             0
 F9                 0             0             0             0             0
 F10                0             0             0             0             0
 F11                0             0             0             0            95
 F12                0             0            97            98            99


           BETA
              F11           F12
              ________      ________
 F1                 0             0
 F2                 0             0
 F3                 0             0
 F4                 0             0
 F5                 0             0
 F6                 0             0
 F7                 0             0
 F8                 0             0
 F9                 0             0
 F10                0             0
 F11                0             0
 F12              100             0


           PSI
              F1            F2            F3            F4            F5
              ________      ________      ________      ________      ________
 F1               101
 F2               102           103
 F3               104           105           106
 F4               107           108           109           110
 F5               111           112           113           114           115
 F6               116           117           118           119           120
 F7               122           123           124           125           126
 F8                 0             0             0             0             0
 F9                 0             0             0             0             0
 F10                0             0             0             0             0
 F11                0             0             0             0             0
 F12                0             0             0             0             0

! numbers on the diagonal represent the variances of F1-F7

           PSI
              F6            F7            F8            F9            F10
              ________      ________      ________      ________      ________
 F6               121
 F7               127           128
 F8                 0             0           129
 F9                 0             0             0           130
 F10                0             0             0             0           131
 F11                0             0             0             0             0
 F12                0             0             0             0             0

! numbers 127, 129-133 represent the residuals associated with F8 through F12
! these are here even though we didn't specify - Mplus does this automatically

           PSI
              F11           F12
              ________      ________
 F11              132
 F12                0           133


     STARTING VALUES


           NU
              ROLEA1        ROLEA2        ROLEC1        ROLEC2        WORK1
              ________      ________      ________      ________      ________
      1         2.401         2.086         3.015         3.018         3.240


           NU
              WORK2         CCLIM1        CCLIM2        CCLIM3        CCLIM4
              ________      ________      ________      ________      ________
      1         2.243         2.964         2.723         2.928         3.053


           NU
              DEC1          DEC2          SSUP1         SSUP2         PSUP1
              ________      ________      ________      ________      ________
      1         4.039         4.242         4.299         4.370         4.571


           NU
              PSUP2         SELF1         SELF2         SELF3         ELC1
              ________      ________      ________      ________      ________
      1         4.621         3.603         3.613         3.483         2.918


           NU
              ELC2          ELC3          ELC4          ELC5          EE1
              ________      ________      ________      ________      ________
      1         3.008         2.801         2.200         2.483         3.855


           NU
              EE2           EE3           DP1           DP2           PA1
              ________      ________      ________      ________      ________
      1         3.530         3.165         2.319         2.086         5.748


           NU
              PA2           PA3
              ________      ________
      1         5.850         5.815


           LAMBDA
              F1            F2            F3            F4            F5
              ________      ________      ________      ________      ________
 ROLEA1         1.000         0.000         0.000         0.000         0.000
 ROLEA2         1.000         0.000         0.000         0.000         0.000
 ROLEC1         0.000         1.000         0.000         0.000         0.000
 ROLEC2         0.000         1.000         0.000         0.000         0.000
 WORK1          0.000         0.000         1.000         0.000         0.000
 WORK2          0.000         0.000         1.000         0.000         0.000
 CCLIM1         0.000         0.000         0.000         1.000         0.000
 CCLIM2         0.000         0.000         0.000         1.000         0.000
 CCLIM3         0.000         0.000         0.000         1.000         0.000
 CCLIM4         0.000         0.000         0.000         1.000         0.000
 DEC1           0.000         0.000         0.000         0.000         1.000
 DEC2           1.000         0.000         0.000         0.000         1.000
 SSUP1          0.000         0.000         0.000         0.000         0.000
 SSUP2          0.000         0.000         0.000         0.000         0.000
 PSUP1          0.000         0.000         0.000         0.000         0.000
 PSUP2          0.000         0.000         0.000         0.000         0.000
 SELF1          0.000         0.000         0.000         0.000         0.000
 SELF2          0.000         0.000         0.000         0.000         0.000
 SELF3          0.000         0.000         0.000         0.000         0.000
 ELC1           0.000         0.000         0.000         0.000         0.000
 ELC2           0.000         0.000         0.000         0.000         0.000
 ELC3           0.000         0.000         0.000         0.000         0.000
 ELC4           0.000         0.000         0.000         0.000         0.000
 ELC5           0.000         0.000         0.000         0.000         0.000
 EE1            0.000         0.000         0.000         0.000         0.000
 EE2            0.000         0.000         0.000         0.000         0.000
 EE3            0.000         0.000         0.000         0.000         0.000
 DP1            0.000         0.000         0.000         0.000         0.000
 DP2            0.000         0.000         0.000         0.000         0.000
 PA1            0.000         0.000         0.000         0.000         0.000
 PA2            0.000         0.000         0.000         0.000         0.000
 PA3            0.000         0.000         0.000         0.000         0.000


           LAMBDA
              F6            F7            F8            F9            F10
              ________      ________      ________      ________      ________
 ROLEA1         0.000         0.000         0.000         0.000         0.000
 ROLEA2         0.000         0.000         0.000         0.000         0.000
 ROLEC1         0.000         0.000         0.000         0.000         0.000
 ROLEC2         0.000         0.000         0.000         0.000         0.000
 WORK1          0.000         0.000         0.000         0.000         0.000
 WORK2          0.000         0.000         0.000         0.000         0.000
 CCLIM1         0.000         0.000         0.000         0.000         0.000
 CCLIM2         0.000         0.000         0.000         0.000         0.000
 CCLIM3         0.000         0.000         0.000         0.000         0.000
 CCLIM4         0.000         0.000         0.000         0.000         0.000
 DEC1           0.000         0.000         0.000         0.000         0.000
 DEC2           1.000         0.000         0.000         0.000         0.000
 SSUP1          1.000         0.000         0.000         0.000         0.000
 SSUP2          1.000         0.000         0.000         0.000         0.000
 PSUP1          0.000         1.000         0.000         0.000         0.000
 PSUP2          0.000         1.000         0.000         0.000         0.000
 SELF1          0.000         0.000         1.000         0.000         0.000
 SELF2          0.000         0.000         1.000         0.000         0.000
 SELF3          0.000         0.000         1.000         0.000         0.000
 ELC1           0.000         0.000         0.000         1.000         0.000
 ELC2           0.000         0.000         0.000         1.000         0.000
 ELC3           0.000         0.000         0.000         1.000         0.000
 ELC4           0.000         0.000         0.000         1.000         0.000
 ELC5           0.000         0.000         0.000         1.000         0.000
 EE1            0.000         0.000         0.000         0.000         1.000
 EE2            0.000         0.000         0.000         0.000         1.000
 EE3            0.000         0.000         0.000         0.000         1.000
 DP1            0.000         0.000         0.000         0.000         0.000
 DP2            0.000         0.000         0.000         0.000         0.000
 PA1            0.000         0.000         0.000         0.000         0.000
 PA2            0.000         0.000         0.000         0.000         0.000
 PA3            0.000         0.000         0.000         0.000         0.000


           LAMBDA
              F11           F12
              ________      ________
 ROLEA1         0.000         0.000
 ROLEA2         0.000         0.000
 ROLEC1         0.000         0.000
 ROLEC2         0.000         0.000
 WORK1          0.000         0.000
 WORK2          0.000         0.000
 CCLIM1         0.000         0.000
 CCLIM2         0.000         0.000
 CCLIM3         0.000         0.000
 CCLIM4         0.000         0.000
 DEC1           0.000         0.000
 DEC2           0.000         0.000
 SSUP1          0.000         0.000
 SSUP2          0.000         0.000
 PSUP1          0.000         0.000
 PSUP2          0.000         0.000
 SELF1          0.000         0.000
 SELF2          0.000         0.000
 SELF3          0.000         0.000
 ELC1           0.000         0.000
 ELC2           0.000         0.000
 ELC3           0.000         0.000
 ELC4           0.000         0.000
 ELC5           0.000         0.000
 EE1            0.000         0.000
 EE2            0.000         0.000
 EE3            0.000         0.000
 DP1            1.000         0.000
 DP2            1.000         0.000
 PA1            0.000         1.000
 PA2            0.000         1.000
 PA3            0.000         1.000


           THETA
              ROLEA1        ROLEA2        ROLEC1        ROLEC2        WORK1
              ________      ________      ________      ________      ________
 ROLEA1         0.418
 ROLEA2         0.000         0.473
 ROLEC1         0.000         0.000         0.607
 ROLEC2         0.000         0.000         0.000         0.762
 WORK1          0.000         0.000         0.000         0.000         0.722
 WORK2          0.000         0.000         0.000         0.000         0.000
 CCLIM1         0.000         0.000         0.000         0.000         0.000
 CCLIM2         0.000         0.000         0.000         0.000         0.000
 CCLIM3         0.000         0.000         0.000         0.000         0.000
 CCLIM4         0.000         0.000         0.000         0.000         0.000
 DEC1           0.000         0.000         0.000         0.000         0.000
 DEC2           0.000         0.000         0.000         0.000         0.000
 SSUP1          0.000         0.000         0.000         0.000         0.000
 SSUP2          0.000         0.000         0.000         0.000         0.000
 PSUP1          0.000         0.000         0.000         0.000         0.000
 PSUP2          0.000         0.000         0.000         0.000         0.000
 SELF1          0.000         0.000         0.000         0.000         0.000
 SELF2          0.000         0.000         0.000         0.000         0.000
 SELF3          0.000         0.000         0.000         0.000         0.000
 ELC1           0.000         0.000         0.000         0.000         0.000
 ELC2           0.000         0.000         0.000         0.000         0.000
 ELC3           0.000         0.000         0.000         0.000         0.000
 ELC4           0.000         0.000         0.000         0.000         0.000
 ELC5           0.000         0.000         0.000         0.000         0.000
 EE1            0.000         0.000         0.000         0.000         0.000
 EE2            0.000         0.000         0.000         0.000         0.000
 EE3            0.000         0.000         0.000         0.000         0.000
 DP1            0.000         0.000         0.000         0.000         0.000
 DP2            0.000         0.000         0.000         0.000         0.000
 PA1            0.000         0.000         0.000         0.000         0.000
 PA2            0.000         0.000         0.000         0.000         0.000
 PA3            0.000         0.000         0.000         0.000         0.000


           THETA
              WORK2         CCLIM1        CCLIM2        CCLIM3        CCLIM4
              ________      ________      ________      ________      ________
 WORK2          0.594
 CCLIM1         0.000         0.146
 CCLIM2         0.000         0.000         0.198
 CCLIM3         0.000         0.000         0.000         0.122
 CCLIM4         0.000         0.000         0.000         0.000         0.268
 DEC1           0.000         0.000         0.000         0.000         0.000
 DEC2           0.000         0.000         0.000         0.000         0.000
 SSUP1          0.000         0.000         0.000         0.000         0.000
 SSUP2          0.000         0.000         0.000         0.000         0.000
 PSUP1          0.000         0.000         0.000         0.000         0.000
 PSUP2          0.000         0.000         0.000         0.000         0.000
 SELF1          0.000         0.000         0.000         0.000         0.000
 SELF2          0.000         0.000         0.000         0.000         0.000
 SELF3          0.000         0.000         0.000         0.000         0.000
 ELC1           0.000         0.000         0.000         0.000         0.000
 ELC2           0.000         0.000         0.000         0.000         0.000
 ELC3           0.000         0.000         0.000         0.000         0.000
 ELC4           0.000         0.000         0.000         0.000         0.000
 ELC5           0.000         0.000         0.000         0.000         0.000
 EE1            0.000         0.000         0.000         0.000         0.000
 EE2            0.000         0.000         0.000         0.000         0.000
 EE3            0.000         0.000         0.000         0.000         0.000
 DP1            0.000         0.000         0.000         0.000         0.000
 DP2            0.000         0.000         0.000         0.000         0.000
 PA1            0.000         0.000         0.000         0.000         0.000
 PA2            0.000         0.000         0.000         0.000         0.000
 PA3            0.000         0.000         0.000         0.000         0.000


           THETA
              DEC1          DEC2          SSUP1         SSUP2         PSUP1
              ________      ________      ________      ________      ________
 DEC1           0.510
 DEC2           0.000         0.882
 SSUP1          0.000         0.000         0.775
 SSUP2          0.000         0.000         0.000         0.794
 PSUP1          0.000         0.000         0.000         0.000         0.466
 PSUP2          0.000         0.000         0.000         0.000         0.000
 SELF1          0.000         0.000         0.000         0.000         0.000
 SELF2          0.000         0.000         0.000         0.000         0.000
 SELF3          0.000         0.000         0.000         0.000         0.000
 ELC1           0.000         0.000         0.000         0.000         0.000
 ELC2           0.000         0.000         0.000         0.000         0.000
 ELC3           0.000         0.000         0.000         0.000         0.000
 ELC4           0.000         0.000         0.000         0.000         0.000
 ELC5           0.000         0.000         0.000         0.000         0.000
 EE1            0.000         0.000         0.000         0.000         0.000
 EE2            0.000         0.000         0.000         0.000         0.000
 EE3            0.000         0.000         0.000         0.000         0.000
 DP1            0.000         0.000         0.000         0.000         0.000
 DP2            0.000         0.000         0.000         0.000         0.000
 PA1            0.000         0.000         0.000         0.000         0.000
 PA2            0.000         0.000         0.000         0.000         0.000
 PA3            0.000         0.000         0.000         0.000         0.000


           THETA
              PSUP2         SELF1         SELF2         SELF3         ELC1
              ________      ________      ________      ________      ________
 PSUP2          0.429
 SELF1          0.000         0.099
 SELF2          0.000         0.000         0.127
 SELF3          0.000         0.000         0.000         0.148
 ELC1           0.000         0.000         0.000         0.000         0.195
 ELC2           0.000         0.000         0.000         0.000         0.000
 ELC3           0.000         0.000         0.000         0.000         0.000
 ELC4           0.000         0.000         0.000         0.000         0.000
 ELC5           0.000         0.000         0.000         0.000         0.000
 EE1            0.000         0.000         0.000         0.000         0.000
 EE2            0.000         0.000         0.000         0.000         0.000
 EE3            0.000         0.000         0.000         0.000         0.000
 DP1            0.000         0.000         0.000         0.000         0.000
 DP2            0.000         0.000         0.000         0.000         0.000
 PA1            0.000         0.000         0.000         0.000         0.000
 PA2            0.000         0.000         0.000         0.000         0.000
 PA3            0.000         0.000         0.000         0.000         0.000


           THETA
              ELC2          ELC3          ELC4          ELC5          EE1
              ________      ________      ________      ________      ________
 ELC2           0.196
 ELC3           0.000         0.150
 ELC4           0.000         0.000         0.183
 ELC5           0.000         0.000         0.000         0.208
 EE1            0.000         0.000         0.000         0.000         0.858
 EE2            0.000         0.000         0.000         0.000         0.000
 EE3            0.000         0.000         0.000         0.000         0.000
 DP1            0.000         0.000         0.000         0.000         0.000
 DP2            0.000         0.000         0.000         0.000         0.000
 PA1            0.000         0.000         0.000         0.000         0.000
 PA2            0.000         0.000         0.000         0.000         0.000
 PA3            0.000         0.000         0.000         0.000         0.000


           THETA
              EE2           EE3           DP1           DP2           PA1
              ________      ________      ________      ________      ________
 EE2            0.791
 EE3            0.000         0.842
 DP1            0.000         0.000         0.600
 DP2            0.000         0.000         0.000         0.699
 PA1            0.000         0.000         0.000         0.000         0.417
 PA2            0.000         0.000         0.000         0.000         0.000
 PA3            0.000         0.000         0.000         0.000         0.000


           THETA
              PA2           PA3
              ________      ________
 PA2            0.464
 PA3            0.000         0.465


           ALPHA
              F1            F2            F3            F4            F5
              ________      ________      ________      ________      ________
      1         0.000         0.000         0.000         0.000         0.000


           ALPHA
              F6            F7            F8            F9            F10
              ________      ________      ________      ________      ________
      1         0.000         0.000         0.000         0.000         0.000


           ALPHA
              F11           F12
              ________      ________
      1         0.000         0.000


           BETA
              F1            F2            F3            F4            F5
              ________      ________      ________      ________      ________
 F1             0.000         0.000         0.000         0.000         0.000
 F2             0.000         0.000         0.000         0.000         0.000
 F3             0.000         0.000         0.000         0.000         0.000
 F4             0.000         0.000         0.000         0.000         0.000
 F5             0.000         0.000         0.000         0.000         0.000
 F6             0.000         0.000         0.000         0.000         0.000
 F7             0.000         0.000         0.000         0.000         0.000
 F8             0.000         0.000         0.000         0.000         0.000
 F9             0.000         0.000         0.000         0.000         0.000
 F10            0.000         0.000         0.000         0.000         0.000
 F11            0.000         0.000         0.000         0.000         0.000
 F12            0.000         0.000         0.000         0.000         0.000


           BETA
              F6            F7            F8            F9            F10
              ________      ________      ________      ________      ________
 F1             0.000         0.000         0.000         0.000         0.000
 F2             0.000         0.000         0.000         0.000         0.000
 F3             0.000         0.000         0.000         0.000         0.000
 F4             0.000         0.000         0.000         0.000         0.000
 F5             0.000         0.000         0.000         0.000         0.000
 F6             0.000         0.000         0.000         0.000         0.000
 F7             0.000         0.000         0.000         0.000         0.000
 F8             0.000         0.000         0.000         0.000         0.000
 F9             0.000         0.000         0.000         0.000         0.000
 F10            0.000         0.000         0.000         0.000         0.000
 F11            0.000         0.000         0.000         0.000         0.000
 F12            0.000         0.000         0.000         0.000         0.000


           BETA
              F11           F12
              ________      ________
 F1             0.000         0.000
 F2             0.000         0.000
 F3             0.000         0.000
 F4             0.000         0.000
 F5             0.000         0.000
 F6             0.000         0.000
 F7             0.000         0.000
 F8             0.000         0.000
 F9             0.000         0.000
 F10            0.000         0.000
 F11            0.000         0.000
 F12            0.000         0.000


           PSI
              F1            F2            F3            F4            F5
              ________      ________      ________      ________      ________
 F1             0.050
 F2             0.000         0.050
 F3             0.000         0.000         0.050
 F4             0.000         0.000         0.000         0.050
 F5             0.000         0.000         0.000         0.000         0.050
 F6             0.000         0.000         0.000         0.000         0.000
 F7             0.000         0.000         0.000         0.000         0.000
 F8             0.000         0.000         0.000         0.000         0.000
 F9             0.000         0.000         0.000         0.000         0.000
 F10            0.000         0.000         0.000         0.000         0.000
 F11            0.000         0.000         0.000         0.000         0.000
 F12            0.000         0.000         0.000         0.000         0.000


           PSI
              F6            F7            F8            F9            F10
              ________      ________      ________      ________      ________
 F6             0.050
 F7             0.000         0.050
 F8             0.000         0.000         0.050
 F9             0.000         0.000         0.000         0.050
 F10            0.000         0.000         0.000         0.000         0.050
 F11            0.000         0.000         0.000         0.000         0.000
 F12            0.000         0.000         0.000         0.000         0.000


           PSI
              F11           F12
              ________      ________
 F11            0.050
 F12            0.000         0.050


     Beginning Time:  16:34:10
        Ending Time:  16:34:14
       Elapsed Time:  00:00:04



MUTHEN & MUTHEN
3463 Stoner Ave.
Los Angeles, CA  90066

Tel: (310) 391-9971
Fax: (310) 391-8971
Web: www.StatModel.com
Support: Support@StatModel.com

Copyright (c) 1998-2010 Muthen & Muthen
