Mplus VERSION 8.2
MUTHEN & MUTHEN
03/19/2019   2:19 PM

INPUT INSTRUCTIONS

  TITLE: Full SEM Model 6 of Burnout for Secondary Teachers;

  DATA: file=allsecondary.dat;
        format = free;

  variable:
  names = rolea1 rolea2 rolec1 rolec2 work1 work2 cclim1 cclim2 cclim3
  cclim4 dec1 dec2 ssup1 ssup2 psup1 psup2 self1 self2 self3 elc1
  elc2 elc3 elc4 elc5 ee1 ee2 ee3 dp1 dp2 pa1 pa2 pa3;
  usevariables = rolea1-pa3;

  Analysis:
  estimator = MLM; !due to non-normality

  Model:

  !measurement model
  !added cross-loading indicators
  F1 by rolea1-rolea2 dec2; !role ambiguity
  F2 by rolec1-rolec2; !role conflict
  F3 by work1-work2; !work overload
  F4 by cclim1-cclim4; !classroom climate
  F5 by dec1-dec2; !decision-making
  F6 by ssup1-ssup2 dec2; !superior support
  F7 by psup1-psup2; !peer support
  F8 by self1-self3; !self-esteem
  F9 by elc1-elc5; !external loc. of control
  F10 by ee1-ee3; !emotional exhaustion
  F11 by dp1-dp2; !depersonalization
  F12 by pa1-pa3; !personal accomplishment

  !structural model
  !freely estimate F11 on F4
  !freely estimate F12 on F5
  !freely estimate F9 on F2
  !freely estimate F9 on F8
  !freely estimate F10 on F8
  F8 on F5 F6 F7;
  F9 on F5 F2 F8;
  F10 on F2 F3 F4 F8;
  F11 on F2 F10 F4;
  F12 on F1 F8 F9 F10 F11 F5;

  Output: modindices; tech1;



INPUT READING TERMINATED NORMALLY



Full SEM Model 6 of Burnout for Secondary Teachers;

SUMMARY OF ANALYSIS

Number of groups                                                 1
Number of observations                                        1430

Number of dependent variables                                   32
Number of independent variables                                  0
Number of continuous latent variables                           12

Observed dependent variables

  Continuous
   ROLEA1      ROLEA2      ROLEC1      ROLEC2      WORK1       WORK2
   CCLIM1      CCLIM2      CCLIM3      CCLIM4      DEC1        DEC2
   SSUP1       SSUP2       PSUP1       PSUP2       SELF1       SELF2
   SELF3       ELC1        ELC2        ELC3        ELC4        ELC5
   EE1         EE2         EE3         DP1         DP2         PA1
   PA2         PA3

Continuous latent variables
   F1          F2          F3          F4          F5          F6
   F7          F8          F9          F10         F11         F12


Estimator                                                      MLM
Information matrix                                        EXPECTED
Maximum number of iterations                                  1000
Convergence criterion                                    0.500D-04
Maximum number of steepest descent iterations                   20

Input data file(s)
  allsecondary.dat

Input data format  FREE



UNIVARIATE SAMPLE STATISTICS


     UNIVARIATE HIGHER-ORDER MOMENT DESCRIPTIVE STATISTICS

         Variable/         Mean/     Skewness/   Minimum/ % with                Percentiles
        Sample Size      Variance    Kurtosis    Maximum  Min/Max      20%/60%    40%/80%    Median

     ROLEA1                2.401       0.646       1.000    7.48%       1.670      2.000      2.330
            1430.000       0.835       0.425       6.000    0.21%       2.670      3.000
     ROLEA2                2.086       1.203       1.000   19.16%       1.500      1.500      2.000
            1430.000       0.945       1.454       6.000    0.28%       2.000      3.000
     ROLEC1                3.015       0.243       1.000    3.71%       2.000      2.670      3.000
            1430.000       1.213      -0.456       6.000    0.84%       3.330      4.000
     ROLEC2                3.018       0.399       1.000    6.92%       2.000      2.500      3.000
            1430.000       1.523      -0.429       6.000    2.31%       3.500      4.000
     WORK1                 3.240       0.151       1.000    3.64%       2.000      3.000      3.330
            1430.000       1.443      -0.666       6.000    1.40%       3.670      4.330
     WORK2                 2.243       0.920       1.000   21.12%       1.000      2.000      2.000
            1430.000       1.186       0.516       6.000    0.63%       2.500      3.000
     CCLIM1                2.964      -0.299       1.000    0.28%       2.670      3.000      3.000
            1430.000       0.292       0.063       4.000    4.55%       3.000      3.330
     CCLIM2                2.723      -0.349       1.000    1.19%       2.330      2.670      2.670
            1430.000       0.395      -0.220       4.000    1.82%       3.000      3.330
     CCLIM3                2.928      -0.191       1.000    0.35%       2.670      2.670      3.000
            1430.000       0.243       0.500       4.000    3.57%       3.000      3.330
     CCLIM4                3.053      -0.620       1.000    2.24%       2.500      3.000      3.000
            1430.000       0.535      -0.044       4.000   19.09%       3.500      3.500
     DEC1                  4.039      -0.526       1.000    0.84%       3.330      4.000      4.000
            1430.000       1.019       0.144       6.000    1.82%       4.330      5.000
     DEC2                  4.242      -0.641       1.000    3.01%       3.000      4.000      4.500
            1430.000       1.763      -0.381       6.000   11.82%       5.000      5.500
     SSUP1                 4.299      -0.708       1.000    1.89%       3.330      4.100      4.330
            1430.000       1.548      -0.064       6.000    9.09%       4.670      5.330
     SSUP2                 4.370      -0.803       1.000    2.87%       3.500      4.500      4.500
            1430.000       1.588       0.089       6.000   13.43%       5.000      5.500
     PSUP1                 4.571      -0.739       1.000    0.35%       3.670      4.330      4.670
            1430.000       0.931       0.507       6.000    7.97%       5.000      5.330
     PSUP2                 4.621      -0.722       1.000    0.35%       4.000      4.500      4.500
            1430.000       0.857       0.647       6.000   10.77%       5.000      5.500
     SELF1                 3.603      -1.470       1.000    0.21%       3.330      3.670      3.670
            1430.000       0.198       3.470       4.000   39.51%       3.670      4.000
     SELF2                 3.613      -1.585       1.000    0.21%       3.250      3.750      3.750
            1430.000       0.254       2.682       4.000   45.52%       4.000      4.000
     SELF3                 3.483      -1.218       1.000    0.28%       3.000      3.330      3.670
            1430.000       0.296       1.596       4.000   34.34%       3.670      4.000
     ELC1                  2.918      -0.056       1.000    0.35%       2.400      2.800      3.000
            1430.000       0.389       0.042       4.800    0.14%       3.000      3.400
     ELC2                  3.008       0.017       1.000    0.28%       2.500      2.750      3.000
            1430.000       0.393       0.083       5.000    0.28%       3.250      3.500
     ELC3                  2.801      -0.076       1.000    0.21%       2.400      2.600      2.800
            1430.000       0.300       0.242       4.800    0.07%       3.000      3.200
     ELC4                  2.200       0.342       1.000    2.94%       1.750      2.000      2.250
            1430.000       0.366      -0.001       4.500    0.07%       2.250      2.750
     ELC5                  2.483       0.079       1.000    1.47%       2.000      2.400      2.400
            1430.000       0.415      -0.245       4.800    0.07%       2.600      3.000
     EE1                   3.855       0.062       1.000    0.70%       2.670      3.330      4.000
            1430.000       1.714      -0.578       7.000    1.05%       4.330      5.000
     EE2                   3.530       0.369       1.000    0.91%       2.330      3.000      3.330
            1430.000       1.580      -0.323       7.000    0.63%       3.670      4.670
     EE3                   3.165       0.596       1.000    2.10%       2.000      2.670      3.000
            1430.000       1.683      -0.242       7.000    0.28%       3.330      4.330
     DP1                   2.319       1.160       1.000   10.63%       1.330      1.670      2.000
            1430.000       1.198       1.348       6.670    0.21%       2.330      3.000
     DP2                   2.086       1.439       1.000   28.39%       1.000      1.500      1.500
            1430.000       1.396       1.957       7.000    0.21%       2.000      3.000
     PA1                   5.748      -0.813       2.000    0.07%       5.000      5.670      6.000
            1430.000       0.833       0.405       7.000    9.51%       6.000      6.670
     PA2                   5.850      -0.886       2.000    0.14%       5.000      6.000      6.000
            1430.000       0.927       0.385       7.000   17.97%       6.500      6.500
     PA3                   5.815      -0.836       2.000    0.14%       5.000      5.670      6.000
            1430.000       0.929       0.337       7.000   14.76%       6.330      6.670


THE MODEL ESTIMATION TERMINATED NORMALLY
!warning is gone!!


MODEL FIT INFORMATION

Number of Free Parameters                      138

Loglikelihood

          H0 Value                      -47095.401
          H1 Value                      -46371.583

Information Criteria

          Akaike (AIC)                   94466.803
          Bayesian (BIC)                 95193.432
          Sample-Size Adjusted BIC       94755.054
            (n* = (n + 2) / 24)

Chi-Square Test of Model Fit

          Value                           1297.489*
          Degrees of Freedom                   422
          P-Value                           0.0000
          Scaling Correction Factor         1.1157
            for MLM

*   The chi-square value for MLM, MLMV, MLR, ULSMV, WLSM and WLSMV cannot be used
    for chi-square difference testing in the regular way.  MLM, MLR and WLSM
    chi-square difference testing is described on the Mplus website.  MLMV, WLSMV,
    and ULSMV difference testing is done using the DIFFTEST option.

RMSEA (Root Mean Square Error Of Approximation)

          Estimate                           0.038
          90 Percent C.I.                    0.036  0.040
          Probability RMSEA <= .05           1.000

CFI/TLI

          CFI                                0.957
          TLI                                0.949

Chi-Square Test of Model Fit for the Baseline Model

          Value                          20859.447
          Degrees of Freedom                   496
          P-Value                           0.0000

SRMR (Standardized Root Mean Square Residual)

          Value                              0.039

!ever so slight improvement in model fit

MODEL RESULTS

                                                    Two-Tailed
                    Estimate       S.E.  Est./S.E.    P-Value

 F1       BY
    ROLEA1             1.000      0.000    999.000    999.000
    ROLEA2             1.232      0.053     23.083      0.000
    DEC2               0.416      0.115      3.633      0.000

 F2       BY
    ROLEC1             1.000      0.000    999.000    999.000
    ROLEC2             1.286      0.049     26.311      0.000

 F3       BY
    WORK1              1.000      0.000    999.000    999.000
    WORK2              0.729      0.031     23.627      0.000

 F4       BY
    CCLIM1             1.000      0.000    999.000    999.000
    CCLIM2             1.482      0.072     20.665      0.000
    CCLIM3             0.960      0.053     18.235      0.000
    CCLIM4             1.326      0.075     17.728      0.000

 F5       BY
    DEC1               1.000      0.000    999.000    999.000
    DEC2               0.663      0.146      4.534      0.000

 F6       BY
    SSUP1              1.000      0.000    999.000    999.000
    SSUP2              1.098      0.025     44.745      0.000
    DEC2               0.771      0.058     13.206      0.000

 F7       BY
    PSUP1              1.000      0.000    999.000    999.000
    PSUP2              1.081      0.045     24.057      0.000

 F8       BY
    SELF1              1.000      0.000    999.000    999.000
    SELF2              1.276      0.042     30.425      0.000
    SELF3              1.357      0.052     26.068      0.000

 F9       BY
    ELC1               1.000      0.000    999.000    999.000
    ELC2               0.848      0.041     20.865      0.000
    ELC3               0.956      0.040     23.992      0.000
    ELC4               0.919      0.045     20.372      0.000
    ELC5               1.132      0.047     23.892      0.000

 F10      BY
    EE1                1.000      0.000    999.000    999.000
    EE2                1.020      0.019     54.496      0.000
    EE3                0.971      0.022     45.092      0.000

 F11      BY
    DP1                1.000      0.000    999.000    999.000
    DP2                0.895      0.040     22.548      0.000

 F12      BY
    PA1                1.000      0.000    999.000    999.000
    PA2                1.027      0.035     29.011      0.000
    PA3                0.957      0.037     25.883      0.000

 F8       ON
    F5                 0.357      0.051      6.964      0.000
    F6                -0.118      0.026     -4.479      0.000
    F7                -0.014      0.028     -0.492      0.623

 F9       ON
    F5                -0.083      0.031     -2.665      0.008
    F2                 0.166      0.028      5.920      0.000
    F8                -0.253      0.048     -5.300      0.000

 F10      ON
    F2                -1.168      0.394     -2.963      0.003
    F3                 1.555      0.333      4.674      0.000
    F4                -0.568      0.131     -4.351      0.000
    F8                -0.884      0.109     -8.116      0.000
!now these are looking better with that F10 on F8 added

 F11      ON
    F2                 0.167      0.047      3.545      0.000
    F10                0.307      0.032      9.583      0.000
    F4                -0.945      0.099     -9.526      0.000

 F12      ON
    F1                 0.368      0.087      4.211      0.000
    F8                 0.481      0.086      5.612      0.000
    F9                -0.151      0.055     -2.750      0.006
    F10               -0.014      0.026     -0.563      0.573
!this one is still non-sig
    F11               -0.202      0.031     -6.561      0.000
    F5                 0.481      0.074      6.525      0.000

 F2       WITH
    F1                 0.382      0.024     15.904      0.000

 F3       WITH
    F1                 0.409      0.027     15.356      0.000
    F2                 0.672      0.033     20.121      0.000

 F4       WITH
    F1                -0.064      0.008     -8.137      0.000
    F2                -0.083      0.010     -8.254      0.000
    F3                -0.096      0.012     -7.733      0.000

 F5       WITH
    F1                -0.391      0.025    -15.497      0.000
    F2                -0.412      0.027    -14.979      0.000
    F3                -0.485      0.030    -16.364      0.000
    F4                 0.104      0.011      9.850      0.000

 F6       WITH
    F1                -0.384      0.028    -13.521      0.000
    F2                -0.437      0.030    -14.355      0.000
    F3                -0.488      0.034    -14.477      0.000
    F4                 0.121      0.013      9.276      0.000
    F5                 0.637      0.036     17.737      0.000

 F7       WITH
    F1                -0.243      0.021    -11.744      0.000
    F2                -0.241      0.022    -10.896      0.000
    F3                -0.271      0.025    -10.786      0.000
    F4                 0.056      0.009      6.270      0.000
    F5                 0.381      0.027     14.116      0.000
    F6                 0.392      0.030     13.052      0.000

 Intercepts
    ROLEA1             2.401      0.024     99.362      0.000
    ROLEA2             2.086      0.026     81.108      0.000
    ROLEC1             3.015      0.029    103.524      0.000
    ROLEC2             3.018      0.033     92.468      0.000
    WORK1              3.240      0.032    101.996      0.000
    WORK2              2.243      0.029     77.885      0.000
    CCLIM1             2.964      0.014    207.379      0.000
    CCLIM2             2.723      0.017    163.890      0.000
    CCLIM3             2.928      0.013    224.532      0.000
    CCLIM4             3.053      0.019    157.758      0.000
    DEC1               4.039      0.027    151.305      0.000
    DEC2               4.242      0.035    120.842      0.000
    SSUP1              4.299      0.033    130.631      0.000
    SSUP2              4.370      0.033    131.136      0.000
    PSUP1              4.571      0.026    179.200      0.000
    PSUP2              4.621      0.024    188.754      0.000
    SELF1              3.603      0.012    306.319      0.000
    SELF2              3.613      0.013    271.109      0.000
    SELF3              3.483      0.014    241.972      0.000
    ELC1               2.918      0.016    176.985      0.000
    ELC2               3.008      0.017    181.556      0.000
    ELC3               2.801      0.014    193.300      0.000
    ELC4               2.200      0.016    137.503      0.000
    ELC5               2.483      0.017    145.731      0.000
    EE1                3.855      0.035    111.347      0.000
    EE2                3.530      0.033    106.201      0.000
    EE3                3.165      0.034     92.281      0.000
    DP1                2.319      0.029     80.113      0.000
    DP2                2.086      0.031     66.763      0.000
    PA1                5.748      0.024    238.172      0.000
    PA2                5.850      0.025    229.759      0.000
    PA3                5.815      0.025    228.188      0.000

 Variances
    F1                 0.409      0.031     13.142      0.000
    F2                 0.581      0.040     14.486      0.000
    F3                 0.885      0.048     18.510      0.000
    F4                 0.111      0.010     11.422      0.000
    F5                 0.540      0.037     14.533      0.000
    F6                 1.152      0.056     20.497      0.000
    F7                 0.594      0.041     14.406      0.000

 Residual Variances
    ROLEA1             0.426      0.023     18.378      0.000
    ROLEA2             0.324      0.025     12.895      0.000
    ROLEC1             0.632      0.027     23.190      0.000
    ROLEC2             0.563      0.035     15.965      0.000
    WORK1              0.558      0.030     18.339      0.000
    WORK2              0.716      0.034     21.057      0.000
    CCLIM1             0.181      0.007     24.423      0.000
    CCLIM2             0.150      0.010     15.655      0.000
    CCLIM3             0.141      0.007     19.597      0.000
    CCLIM4             0.339      0.015     22.487      0.000
    DEC1               0.479      0.025     19.530      0.000
    DEC2               0.580      0.032     18.199      0.000
    SSUP1              0.396      0.024     16.344      0.000
    SSUP2              0.198      0.021      9.257      0.000
    PSUP1              0.336      0.026     13.188      0.000
    PSUP2              0.163      0.026      6.333      0.000
    SELF1              0.082      0.005     17.537      0.000
    SELF2              0.066      0.005     13.874      0.000
    SELF3              0.083      0.006     13.783      0.000
    ELC1               0.208      0.009     21.921      0.000
    ELC2               0.262      0.010     25.490      0.000
    ELC3               0.135      0.007     18.644      0.000
    ELC4               0.213      0.010     22.345      0.000
    ELC5               0.183      0.009     19.842      0.000
    EE1                0.410      0.022     18.992      0.000
    EE2                0.222      0.018     12.540      0.000
    EE3                0.453      0.022     20.186      0.000
    DP1                0.257      0.041      6.279      0.000
    DP2                0.643      0.044     14.722      0.000
    PA1                0.264      0.020     13.356      0.000
    PA2                0.327      0.022     14.601      0.000
    PA3                0.408      0.023     17.605      0.000
    F8                 0.087      0.008     11.198      0.000
    F9                 0.130      0.010     12.649      0.000
    F10                0.480      0.064      7.544      0.000
!no longer negative, hence warning gone
    F11                0.545      0.045     12.053      0.000
    F12                0.356      0.023     15.618      0.000


QUALITY OF NUMERICAL RESULTS

     Condition Number for the Information Matrix              0.468E-04
       (ratio of smallest to largest eigenvalue)


MODEL MODIFICATION INDICES

NOTE:  Modification indices for direct effects of observed dependent variables
regressed on covariates may not be included.  To include these, request
MODINDICES (ALL).

Minimum M.I. value for printing the modification index    10.000

                                   M.I.     E.P.C.  Std E.P.C.  StdYX E.P.C.

BY Statements

F1       BY ROLEC1                10.048     0.319      0.204        0.185
F1       BY WORK1                 10.646    -0.313     -0.200       -0.167
F1       BY CCLIM1                34.192    -0.143     -0.092       -0.169
F1       BY SSUP1                 25.706    -0.255     -0.163       -0.131
F1       BY SSUP2                 25.272     0.277      0.177        0.141
F1       BY EE2                   21.273    -0.176     -0.113       -0.090
F1       BY EE3                   47.063     0.294      0.188        0.145
F1       BY PA1                   27.525    -0.188     -0.120       -0.133
F1       BY PA2                   16.885     0.156      0.100        0.104
F2       BY WORK1                 16.893    -1.026     -0.782       -0.651
F2       BY WORK2                 16.891     0.748      0.570        0.523
F2       BY CCLIM1                56.610    -0.154     -0.117       -0.217
F2       BY CCLIM3                14.555     0.070      0.054        0.109
F2       BY SSUP1                 15.260    -0.153     -0.116       -0.094
F2       BY EE2                   38.221    -0.228     -0.174       -0.139
F2       BY EE3                   42.050     0.263      0.200        0.155
F2       BY PA1                   24.092    -0.146     -0.111       -0.122
F2       BY PA2                   24.043     0.154      0.118        0.123
F3       BY ROLEC1                10.462    -0.468     -0.440       -0.399
F3       BY ROLEC2                17.744     0.769      0.723        0.586
F3       BY CCLIM1                65.599    -0.134     -0.126       -0.233
F3       BY CCLIM3                14.395     0.057      0.053        0.108
F3       BY SSUP1                 15.593    -0.119     -0.112       -0.090
F3       BY EE2                   42.432    -0.232     -0.218       -0.174
F3       BY EE3                   26.989     0.203      0.191        0.147
F3       BY PA1                   28.090    -0.129     -0.122       -0.134
F3       BY PA2                   25.707     0.131      0.123        0.129
F4       BY DEC1                  14.071    -0.390     -0.130       -0.129
F4       BY EE1                   11.261     0.260      0.087        0.067
F4       BY EE3                   45.770    -0.536     -0.179       -0.138
F5       BY ROLEC1                13.914    -0.272     -0.200       -0.182
F5       BY CCLIM1                44.283     0.145      0.107        0.198
F5       BY CCLIM3                11.905    -0.068     -0.050       -0.102
F5       BY SSUP1                 17.541     0.294      0.216        0.174
F5       BY SSUP2                 17.542    -0.323     -0.238       -0.189
F5       BY EE3                   54.394    -0.279     -0.205       -0.158
F5       BY PA1                   39.987     0.212      0.156        0.171
F5       BY PA2                   27.814    -0.186     -0.137       -0.143
F6       BY ROLEC1                10.785    -0.107     -0.115       -0.104
F6       BY CCLIM1                27.004     0.072      0.077        0.143
F6       BY EE1                   14.939     0.083      0.089        0.068
F6       BY EE3                   31.047    -0.123     -0.132       -0.102
F6       BY PA1                   18.660     0.088      0.094        0.104
F6       BY PA2                   18.392    -0.092     -0.099       -0.103
F7       BY CCLIM1                14.299     0.071      0.055        0.102
F7       BY DEC2                  10.515    -0.216     -0.166       -0.125
F7       BY EE3                   17.486    -0.130     -0.101       -0.078
F8       BY DEC1                  29.229    -0.588     -0.200       -0.198
F8       BY EE1                   20.386     0.349      0.119        0.091
F8       BY EE3                   20.831    -0.360     -0.122       -0.095
F8       BY DP1                   13.193    -0.282     -0.096       -0.088
F8       BY PA1                   31.740     0.389      0.132        0.146
F8       BY PA2                   30.960    -0.405     -0.138       -0.144
F9       BY PA1                   12.272    -0.186     -0.079       -0.087
F9       BY PA2                   13.568     0.206      0.088        0.092
F10      BY CCLIM1                39.457    -0.083     -0.095       -0.175
F10      BY SSUP1                 14.690    -0.078     -0.089       -0.072
F10      BY SSUP2                 10.174     0.066      0.075        0.060
F10      BY PA1                   51.474    -0.143     -0.163       -0.180
F10      BY PA2                   18.208     0.090      0.102        0.107
F10      BY PA3                   11.459     0.073      0.083        0.086
F11      BY WORK1                 11.496    -0.124     -0.121       -0.100
F11      BY CCLIM1                13.982    -0.069     -0.067       -0.124
F11      BY EE1                   19.907    -0.136     -0.131       -0.100
F11      BY EE3                   45.195     0.208      0.201        0.156
F12      BY WORK1                 16.764     0.170      0.127        0.106
F12      BY EE1                   42.700     0.224      0.168        0.129
F12      BY EE3                   36.521    -0.212     -0.159       -0.123

ON/BY Statements
!by this point very few modifications/respecifications to be made.

F1       ON F12      /
F12      BY F1                    13.204    -0.172     -0.202       -0.202
F3       ON F11      /
F11      BY F3                    18.912    -0.190     -0.196       -0.196
F4       ON F12      /
F12      BY F4                    15.488     0.091      0.204        0.204
F5       ON F8       /
F8       BY F5                    13.228    -0.390     -0.180       -0.180
F7       ON F8       /
F8       BY F7                    16.875     2.525      1.115        1.115
F8       ON F11      /
F11      BY F8                    28.212    -0.076     -0.216       -0.216
!this one doesn't make sense bc high self-esteem shouldn't cause
!depersonalization
F8       ON F12      /
F12      BY F8                    13.228     0.193      0.426        0.426
F11      ON F3       /
F3       BY F11                   19.196    -0.938     -0.911       -0.911
F11      ON F8       /
F8       BY F11                   20.357    -0.409     -0.144       -0.144
F12      ON F2       /
F2       BY F12                   20.428     0.339      0.345        0.345
!would make this final addition because makes sense that high role 
!conflict is assoc. with reduced personal accomplishment
F12      ON F3       /
F3       BY F12                   19.589     0.259      0.325        0.325

WITH Statements

CCLIM1   WITH WORK1               13.757    -0.041     -0.041       -0.129
CCLIM3   WITH CCLIM2              13.710     0.030      0.030        0.207
DEC1     WITH WORK2               25.473     0.094      0.094        0.161
DEC2     WITH DEC1                12.420     0.070      0.070        0.133
SSUP1    WITH DEC2                18.009    -0.117     -0.117       -0.244
SSUP2    WITH DEC1                14.056    -0.057     -0.057       -0.186
SSUP2    WITH DEC2                12.028     0.106      0.106        0.312
PSUP1    WITH DEC2                16.922    -0.065     -0.065       -0.148
PSUP1    WITH SSUP1               28.918     0.071      0.071        0.195
PSUP1    WITH SSUP2               11.478    -0.041     -0.041       -0.159
PSUP2    WITH SSUP1               25.150    -0.062     -0.062       -0.244
PSUP2    WITH SSUP2               23.428     0.056      0.056        0.314
PSUP2    WITH PSUP1               17.001    17.405     17.405       74.421
ELC1     WITH WORK2               21.151    -0.057     -0.057       -0.147
ELC2     WITH ELC1                42.490     0.052      0.052        0.222
ELC4     WITH WORK2               12.098     0.043      0.043        0.109
ELC5     WITH WORK2               12.601     0.043      0.043        0.118
ELC5     WITH ELC2                17.283    -0.034     -0.034       -0.153
EE1      WITH WORK1               68.076     0.147      0.147        0.308
EE1      WITH CCLIM1              12.517    -0.033     -0.033       -0.120
EE2      WITH WORK1               11.818    -0.055     -0.055       -0.155
EE2      WITH WORK2               11.581    -0.054     -0.054       -0.137
EE2      WITH EE1                 71.472     0.235      0.235        0.777
EE3      WITH ROLEC1              11.292     0.060      0.060        0.113
EE3      WITH CCLIM2              12.792    -0.036     -0.036       -0.137
EE3      WITH EE1                 40.866    -0.154     -0.154       -0.358
DP2      WITH ELC4                11.096    -0.041     -0.041       -0.110
PA1      WITH EE3                 18.257    -0.056     -0.056       -0.161
PA2      WITH ROLEC1              10.632     0.052      0.052        0.115
PA2      WITH SELF2               15.836    -0.024     -0.024       -0.162
PA3      WITH PA1                 30.459    -0.126     -0.126       -0.385
PA3      WITH PA2                 50.181     0.164      0.164        0.448
F8       WITH F5                  13.228    -0.034     -0.156       -0.156
F8       WITH F7                  16.875     0.220      0.966        0.966
F10      WITH F4                  12.549     0.195      0.844        0.844
F11      WITH F3                  18.468    -0.104     -0.150       -0.150
F11      WITH F8                  22.517    -0.041     -0.190       -0.190
F12      WITH F1                  17.237    -0.077     -0.203       -0.203
F12      WITH F2                  13.934     0.044      0.097        0.097
F12      WITH F4                  10.196     0.026      0.133        0.133
F12      WITH F9                  20.432    -0.266     -1.236       -1.236


TECHNICAL 1 OUTPUT


     PARAMETER SPECIFICATION


           NU
              ROLEA1        ROLEA2        ROLEC1        ROLEC2        WORK1
              ________      ________      ________      ________      ________
                  1             2             3             4             5


           NU
              WORK2         CCLIM1        CCLIM2        CCLIM3        CCLIM4
              ________      ________      ________      ________      ________
                  6             7             8             9            10


           NU
              DEC1          DEC2          SSUP1         SSUP2         PSUP1
              ________      ________      ________      ________      ________
                 11            12            13            14            15


           NU
              PSUP2         SELF1         SELF2         SELF3         ELC1
              ________      ________      ________      ________      ________
                 16            17            18            19            20


           NU
              ELC2          ELC3          ELC4          ELC5          EE1
              ________      ________      ________      ________      ________
                 21            22            23            24            25


           NU
              EE2           EE3           DP1           DP2           PA1
              ________      ________      ________      ________      ________
                 26            27            28            29            30


           NU
              PA2           PA3
              ________      ________
                 31            32


           LAMBDA
              F1            F2            F3            F4            F5
              ________      ________      ________      ________      ________
 ROLEA1             0             0             0             0             0
 ROLEA2            33             0             0             0             0
 ROLEC1             0             0             0             0             0
 ROLEC2             0            34             0             0             0
 WORK1              0             0             0             0             0
 WORK2              0             0            35             0             0
 CCLIM1             0             0             0             0             0
 CCLIM2             0             0             0            36             0
 CCLIM3             0             0             0            37             0
 CCLIM4             0             0             0            38             0
 DEC1               0             0             0             0             0
 DEC2              39             0             0             0            40
 SSUP1              0             0             0             0             0
 SSUP2              0             0             0             0             0
 PSUP1              0             0             0             0             0
 PSUP2              0             0             0             0             0
 SELF1              0             0             0             0             0
 SELF2              0             0             0             0             0
 SELF3              0             0             0             0             0
 ELC1               0             0             0             0             0
 ELC2               0             0             0             0             0
 ELC3               0             0             0             0             0
 ELC4               0             0             0             0             0
 ELC5               0             0             0             0             0
 EE1                0             0             0             0             0
 EE2                0             0             0             0             0
 EE3                0             0             0             0             0
 DP1                0             0             0             0             0
 DP2                0             0             0             0             0
 PA1                0             0             0             0             0
 PA2                0             0             0             0             0
 PA3                0             0             0             0             0


           LAMBDA
              F6            F7            F8            F9            F10
              ________      ________      ________      ________      ________
 ROLEA1             0             0             0             0             0
 ROLEA2             0             0             0             0             0
 ROLEC1             0             0             0             0             0
 ROLEC2             0             0             0             0             0
 WORK1              0             0             0             0             0
 WORK2              0             0             0             0             0
 CCLIM1             0             0             0             0             0
 CCLIM2             0             0             0             0             0
 CCLIM3             0             0             0             0             0
 CCLIM4             0             0             0             0             0
 DEC1               0             0             0             0             0
 DEC2              41             0             0             0             0
 SSUP1              0             0             0             0             0
 SSUP2             42             0             0             0             0
 PSUP1              0             0             0             0             0
 PSUP2              0            43             0             0             0
 SELF1              0             0             0             0             0
 SELF2              0             0            44             0             0
 SELF3              0             0            45             0             0
 ELC1               0             0             0             0             0
 ELC2               0             0             0            46             0
 ELC3               0             0             0            47             0
 ELC4               0             0             0            48             0
 ELC5               0             0             0            49             0
 EE1                0             0             0             0             0
 EE2                0             0             0             0            50
 EE3                0             0             0             0            51
 DP1                0             0             0             0             0
 DP2                0             0             0             0             0
 PA1                0             0             0             0             0
 PA2                0             0             0             0             0
 PA3                0             0             0             0             0


           LAMBDA
              F11           F12
              ________      ________
 ROLEA1             0             0
 ROLEA2             0             0
 ROLEC1             0             0
 ROLEC2             0             0
 WORK1              0             0
 WORK2              0             0
 CCLIM1             0             0
 CCLIM2             0             0
 CCLIM3             0             0
 CCLIM4             0             0
 DEC1               0             0
 DEC2               0             0
 SSUP1              0             0
 SSUP2              0             0
 PSUP1              0             0
 PSUP2              0             0
 SELF1              0             0
 SELF2              0             0
 SELF3              0             0
 ELC1               0             0
 ELC2               0             0
 ELC3               0             0
 ELC4               0             0
 ELC5               0             0
 EE1                0             0
 EE2                0             0
 EE3                0             0
 DP1                0             0
 DP2               52             0
 PA1                0             0
 PA2                0            53
 PA3                0            54


           THETA
              ROLEA1        ROLEA2        ROLEC1        ROLEC2        WORK1
              ________      ________      ________      ________      ________
 ROLEA1            55
 ROLEA2             0            56
 ROLEC1             0             0            57
 ROLEC2             0             0             0            58
 WORK1              0             0             0             0            59
 WORK2              0             0             0             0             0
 CCLIM1             0             0             0             0             0
 CCLIM2             0             0             0             0             0
 CCLIM3             0             0             0             0             0
 CCLIM4             0             0             0             0             0
 DEC1               0             0             0             0             0
 DEC2               0             0             0             0             0
 SSUP1              0             0             0             0             0
 SSUP2              0             0             0             0             0
 PSUP1              0             0             0             0             0
 PSUP2              0             0             0             0             0
 SELF1              0             0             0             0             0
 SELF2              0             0             0             0             0
 SELF3              0             0             0             0             0
 ELC1               0             0             0             0             0
 ELC2               0             0             0             0             0
 ELC3               0             0             0             0             0
 ELC4               0             0             0             0             0
 ELC5               0             0             0             0             0
 EE1                0             0             0             0             0
 EE2                0             0             0             0             0
 EE3                0             0             0             0             0
 DP1                0             0             0             0             0
 DP2                0             0             0             0             0
 PA1                0             0             0             0             0
 PA2                0             0             0             0             0
 PA3                0             0             0             0             0


           THETA
              WORK2         CCLIM1        CCLIM2        CCLIM3        CCLIM4
              ________      ________      ________      ________      ________
 WORK2             60
 CCLIM1             0            61
 CCLIM2             0             0            62
 CCLIM3             0             0             0            63
 CCLIM4             0             0             0             0            64
 DEC1               0             0             0             0             0
 DEC2               0             0             0             0             0
 SSUP1              0             0             0             0             0
 SSUP2              0             0             0             0             0
 PSUP1              0             0             0             0             0
 PSUP2              0             0             0             0             0
 SELF1              0             0             0             0             0
 SELF2              0             0             0             0             0
 SELF3              0             0             0             0             0
 ELC1               0             0             0             0             0
 ELC2               0             0             0             0             0
 ELC3               0             0             0             0             0
 ELC4               0             0             0             0             0
 ELC5               0             0             0             0             0
 EE1                0             0             0             0             0
 EE2                0             0             0             0             0
 EE3                0             0             0             0             0
 DP1                0             0             0             0             0
 DP2                0             0             0             0             0
 PA1                0             0             0             0             0
 PA2                0             0             0             0             0
 PA3                0             0             0             0             0


           THETA
              DEC1          DEC2          SSUP1         SSUP2         PSUP1
              ________      ________      ________      ________      ________
 DEC1              65
 DEC2               0            66
 SSUP1              0             0            67
 SSUP2              0             0             0            68
 PSUP1              0             0             0             0            69
 PSUP2              0             0             0             0             0
 SELF1              0             0             0             0             0
 SELF2              0             0             0             0             0
 SELF3              0             0             0             0             0
 ELC1               0             0             0             0             0
 ELC2               0             0             0             0             0
 ELC3               0             0             0             0             0
 ELC4               0             0             0             0             0
 ELC5               0             0             0             0             0
 EE1                0             0             0             0             0
 EE2                0             0             0             0             0
 EE3                0             0             0             0             0
 DP1                0             0             0             0             0
 DP2                0             0             0             0             0
 PA1                0             0             0             0             0
 PA2                0             0             0             0             0
 PA3                0             0             0             0             0


           THETA
              PSUP2         SELF1         SELF2         SELF3         ELC1
              ________      ________      ________      ________      ________
 PSUP2             70
 SELF1              0            71
 SELF2              0             0            72
 SELF3              0             0             0            73
 ELC1               0             0             0             0            74
 ELC2               0             0             0             0             0
 ELC3               0             0             0             0             0
 ELC4               0             0             0             0             0
 ELC5               0             0             0             0             0
 EE1                0             0             0             0             0
 EE2                0             0             0             0             0
 EE3                0             0             0             0             0
 DP1                0             0             0             0             0
 DP2                0             0             0             0             0
 PA1                0             0             0             0             0
 PA2                0             0             0             0             0
 PA3                0             0             0             0             0


           THETA
              ELC2          ELC3          ELC4          ELC5          EE1
              ________      ________      ________      ________      ________
 ELC2              75
 ELC3               0            76
 ELC4               0             0            77
 ELC5               0             0             0            78
 EE1                0             0             0             0            79
 EE2                0             0             0             0             0
 EE3                0             0             0             0             0
 DP1                0             0             0             0             0
 DP2                0             0             0             0             0
 PA1                0             0             0             0             0
 PA2                0             0             0             0             0
 PA3                0             0             0             0             0


           THETA
              EE2           EE3           DP1           DP2           PA1
              ________      ________      ________      ________      ________
 EE2               80
 EE3                0            81
 DP1                0             0            82
 DP2                0             0             0            83
 PA1                0             0             0             0            84
 PA2                0             0             0             0             0
 PA3                0             0             0             0             0


           THETA
              PA2           PA3
              ________      ________
 PA2               85
 PA3                0            86


           ALPHA
              F1            F2            F3            F4            F5
              ________      ________      ________      ________      ________
                  0             0             0             0             0


           ALPHA
              F6            F7            F8            F9            F10
              ________      ________      ________      ________      ________
                  0             0             0             0             0


           ALPHA
              F11           F12
              ________      ________
                  0             0


           BETA
              F1            F2            F3            F4            F5
              ________      ________      ________      ________      ________
 F1                 0             0             0             0             0
 F2                 0             0             0             0             0
 F3                 0             0             0             0             0
 F4                 0             0             0             0             0
 F5                 0             0             0             0             0
 F6                 0             0             0             0             0
 F7                 0             0             0             0             0
 F8                 0             0             0             0            87
 F9                 0            90             0             0            91
 F10                0            93            94            95             0
 F11                0            97             0            98             0
 F12              100             0             0             0           101


           BETA
              F6            F7            F8            F9            F10
              ________      ________      ________      ________      ________
 F1                 0             0             0             0             0
 F2                 0             0             0             0             0
 F3                 0             0             0             0             0
 F4                 0             0             0             0             0
 F5                 0             0             0             0             0
 F6                 0             0             0             0             0
 F7                 0             0             0             0             0
 F8                88            89             0             0             0
 F9                 0             0            92             0             0
 F10                0             0            96             0             0
 F11                0             0             0             0            99
 F12                0             0           102           103           104


           BETA
              F11           F12
              ________      ________
 F1                 0             0
 F2                 0             0
 F3                 0             0
 F4                 0             0
 F5                 0             0
 F6                 0             0
 F7                 0             0
 F8                 0             0
 F9                 0             0
 F10                0             0
 F11                0             0
 F12              105             0


           PSI
              F1            F2            F3            F4            F5
              ________      ________      ________      ________      ________
 F1               106
 F2               107           108
 F3               109           110           111
 F4               112           113           114           115
 F5               116           117           118           119           120
 F6               121           122           123           124           125
 F7               127           128           129           130           131
 F8                 0             0             0             0             0
 F9                 0             0             0             0             0
 F10                0             0             0             0             0
 F11                0             0             0             0             0
 F12                0             0             0             0             0


           PSI
              F6            F7            F8            F9            F10
              ________      ________      ________      ________      ________
 F6               126
 F7               132           133
 F8                 0             0           134
 F9                 0             0             0           135
 F10                0             0             0             0           136
 F11                0             0             0             0             0
 F12                0             0             0             0             0


           PSI
              F11           F12
              ________      ________
 F11              137
 F12                0           138


     STARTING VALUES


           NU
              ROLEA1        ROLEA2        ROLEC1        ROLEC2        WORK1
              ________      ________      ________      ________      ________
                2.401         2.086         3.015         3.018         3.240


           NU
              WORK2         CCLIM1        CCLIM2        CCLIM3        CCLIM4
              ________      ________      ________      ________      ________
                2.243         2.964         2.723         2.928         3.053


           NU
              DEC1          DEC2          SSUP1         SSUP2         PSUP1
              ________      ________      ________      ________      ________
                4.039         4.242         4.299         4.370         4.571


           NU
              PSUP2         SELF1         SELF2         SELF3         ELC1
              ________      ________      ________      ________      ________
                4.621         3.603         3.613         3.483         2.918


           NU
              ELC2          ELC3          ELC4          ELC5          EE1
              ________      ________      ________      ________      ________
                3.008         2.801         2.200         2.483         3.855


           NU
              EE2           EE3           DP1           DP2           PA1
              ________      ________      ________      ________      ________
                3.530         3.165         2.319         2.086         5.748


           NU
              PA2           PA3
              ________      ________
                5.850         5.815


           LAMBDA
              F1            F2            F3            F4            F5
              ________      ________      ________      ________      ________
 ROLEA1         1.000         0.000         0.000         0.000         0.000
 ROLEA2         1.000         0.000         0.000         0.000         0.000
 ROLEC1         0.000         1.000         0.000         0.000         0.000
 ROLEC2         0.000         1.000         0.000         0.000         0.000
 WORK1          0.000         0.000         1.000         0.000         0.000
 WORK2          0.000         0.000         1.000         0.000         0.000
 CCLIM1         0.000         0.000         0.000         1.000         0.000
 CCLIM2         0.000         0.000         0.000         1.000         0.000
 CCLIM3         0.000         0.000         0.000         1.000         0.000
 CCLIM4         0.000         0.000         0.000         1.000         0.000
 DEC1           0.000         0.000         0.000         0.000         1.000
 DEC2           1.000         0.000         0.000         0.000         1.000
 SSUP1          0.000         0.000         0.000         0.000         0.000
 SSUP2          0.000         0.000         0.000         0.000         0.000
 PSUP1          0.000         0.000         0.000         0.000         0.000
 PSUP2          0.000         0.000         0.000         0.000         0.000
 SELF1          0.000         0.000         0.000         0.000         0.000
 SELF2          0.000         0.000         0.000         0.000         0.000
 SELF3          0.000         0.000         0.000         0.000         0.000
 ELC1           0.000         0.000         0.000         0.000         0.000
 ELC2           0.000         0.000         0.000         0.000         0.000
 ELC3           0.000         0.000         0.000         0.000         0.000
 ELC4           0.000         0.000         0.000         0.000         0.000
 ELC5           0.000         0.000         0.000         0.000         0.000
 EE1            0.000         0.000         0.000         0.000         0.000
 EE2            0.000         0.000         0.000         0.000         0.000
 EE3            0.000         0.000         0.000         0.000         0.000
 DP1            0.000         0.000         0.000         0.000         0.000
 DP2            0.000         0.000         0.000         0.000         0.000
 PA1            0.000         0.000         0.000         0.000         0.000
 PA2            0.000         0.000         0.000         0.000         0.000
 PA3            0.000         0.000         0.000         0.000         0.000


           LAMBDA
              F6            F7            F8            F9            F10
              ________      ________      ________      ________      ________
 ROLEA1         0.000         0.000         0.000         0.000         0.000
 ROLEA2         0.000         0.000         0.000         0.000         0.000
 ROLEC1         0.000         0.000         0.000         0.000         0.000
 ROLEC2         0.000         0.000         0.000         0.000         0.000
 WORK1          0.000         0.000         0.000         0.000         0.000
 WORK2          0.000         0.000         0.000         0.000         0.000
 CCLIM1         0.000         0.000         0.000         0.000         0.000
 CCLIM2         0.000         0.000         0.000         0.000         0.000
 CCLIM3         0.000         0.000         0.000         0.000         0.000
 CCLIM4         0.000         0.000         0.000         0.000         0.000
 DEC1           0.000         0.000         0.000         0.000         0.000
 DEC2           1.000         0.000         0.000         0.000         0.000
 SSUP1          1.000         0.000         0.000         0.000         0.000
 SSUP2          1.000         0.000         0.000         0.000         0.000
 PSUP1          0.000         1.000         0.000         0.000         0.000
 PSUP2          0.000         1.000         0.000         0.000         0.000
 SELF1          0.000         0.000         1.000         0.000         0.000
 SELF2          0.000         0.000         1.000         0.000         0.000
 SELF3          0.000         0.000         1.000         0.000         0.000
 ELC1           0.000         0.000         0.000         1.000         0.000
 ELC2           0.000         0.000         0.000         1.000         0.000
 ELC3           0.000         0.000         0.000         1.000         0.000
 ELC4           0.000         0.000         0.000         1.000         0.000
 ELC5           0.000         0.000         0.000         1.000         0.000
 EE1            0.000         0.000         0.000         0.000         1.000
 EE2            0.000         0.000         0.000         0.000         1.000
 EE3            0.000         0.000         0.000         0.000         1.000
 DP1            0.000         0.000         0.000         0.000         0.000
 DP2            0.000         0.000         0.000         0.000         0.000
 PA1            0.000         0.000         0.000         0.000         0.000
 PA2            0.000         0.000         0.000         0.000         0.000
 PA3            0.000         0.000         0.000         0.000         0.000


           LAMBDA
              F11           F12
              ________      ________
 ROLEA1         0.000         0.000
 ROLEA2         0.000         0.000
 ROLEC1         0.000         0.000
 ROLEC2         0.000         0.000
 WORK1          0.000         0.000
 WORK2          0.000         0.000
 CCLIM1         0.000         0.000
 CCLIM2         0.000         0.000
 CCLIM3         0.000         0.000
 CCLIM4         0.000         0.000
 DEC1           0.000         0.000
 DEC2           0.000         0.000
 SSUP1          0.000         0.000
 SSUP2          0.000         0.000
 PSUP1          0.000         0.000
 PSUP2          0.000         0.000
 SELF1          0.000         0.000
 SELF2          0.000         0.000
 SELF3          0.000         0.000
 ELC1           0.000         0.000
 ELC2           0.000         0.000
 ELC3           0.000         0.000
 ELC4           0.000         0.000
 ELC5           0.000         0.000
 EE1            0.000         0.000
 EE2            0.000         0.000
 EE3            0.000         0.000
 DP1            1.000         0.000
 DP2            1.000         0.000
 PA1            0.000         1.000
 PA2            0.000         1.000
 PA3            0.000         1.000


           THETA
              ROLEA1        ROLEA2        ROLEC1        ROLEC2        WORK1
              ________      ________      ________      ________      ________
 ROLEA1         0.417
 ROLEA2         0.000         0.473
 ROLEC1         0.000         0.000         0.606
 ROLEC2         0.000         0.000         0.000         0.762
 WORK1          0.000         0.000         0.000         0.000         0.721
 WORK2          0.000         0.000         0.000         0.000         0.000
 CCLIM1         0.000         0.000         0.000         0.000         0.000
 CCLIM2         0.000         0.000         0.000         0.000         0.000
 CCLIM3         0.000         0.000         0.000         0.000         0.000
 CCLIM4         0.000         0.000         0.000         0.000         0.000
 DEC1           0.000         0.000         0.000         0.000         0.000
 DEC2           0.000         0.000         0.000         0.000         0.000
 SSUP1          0.000         0.000         0.000         0.000         0.000
 SSUP2          0.000         0.000         0.000         0.000         0.000
 PSUP1          0.000         0.000         0.000         0.000         0.000
 PSUP2          0.000         0.000         0.000         0.000         0.000
 SELF1          0.000         0.000         0.000         0.000         0.000
 SELF2          0.000         0.000         0.000         0.000         0.000
 SELF3          0.000         0.000         0.000         0.000         0.000
 ELC1           0.000         0.000         0.000         0.000         0.000
 ELC2           0.000         0.000         0.000         0.000         0.000
 ELC3           0.000         0.000         0.000         0.000         0.000
 ELC4           0.000         0.000         0.000         0.000         0.000
 ELC5           0.000         0.000         0.000         0.000         0.000
 EE1            0.000         0.000         0.000         0.000         0.000
 EE2            0.000         0.000         0.000         0.000         0.000
 EE3            0.000         0.000         0.000         0.000         0.000
 DP1            0.000         0.000         0.000         0.000         0.000
 DP2            0.000         0.000         0.000         0.000         0.000
 PA1            0.000         0.000         0.000         0.000         0.000
 PA2            0.000         0.000         0.000         0.000         0.000
 PA3            0.000         0.000         0.000         0.000         0.000


           THETA
              WORK2         CCLIM1        CCLIM2        CCLIM3        CCLIM4
              ________      ________      ________      ________      ________
 WORK2          0.593
 CCLIM1         0.000         0.146
 CCLIM2         0.000         0.000         0.197
 CCLIM3         0.000         0.000         0.000         0.122
 CCLIM4         0.000         0.000         0.000         0.000         0.268
 DEC1           0.000         0.000         0.000         0.000         0.000
 DEC2           0.000         0.000         0.000         0.000         0.000
 SSUP1          0.000         0.000         0.000         0.000         0.000
 SSUP2          0.000         0.000         0.000         0.000         0.000
 PSUP1          0.000         0.000         0.000         0.000         0.000
 PSUP2          0.000         0.000         0.000         0.000         0.000
 SELF1          0.000         0.000         0.000         0.000         0.000
 SELF2          0.000         0.000         0.000         0.000         0.000
 SELF3          0.000         0.000         0.000         0.000         0.000
 ELC1           0.000         0.000         0.000         0.000         0.000
 ELC2           0.000         0.000         0.000         0.000         0.000
 ELC3           0.000         0.000         0.000         0.000         0.000
 ELC4           0.000         0.000         0.000         0.000         0.000
 ELC5           0.000         0.000         0.000         0.000         0.000
 EE1            0.000         0.000         0.000         0.000         0.000
 EE2            0.000         0.000         0.000         0.000         0.000
 EE3            0.000         0.000         0.000         0.000         0.000
 DP1            0.000         0.000         0.000         0.000         0.000
 DP2            0.000         0.000         0.000         0.000         0.000
 PA1            0.000         0.000         0.000         0.000         0.000
 PA2            0.000         0.000         0.000         0.000         0.000
 PA3            0.000         0.000         0.000         0.000         0.000


           THETA
              DEC1          DEC2          SSUP1         SSUP2         PSUP1
              ________      ________      ________      ________      ________
 DEC1           0.509
 DEC2           0.000         0.881
 SSUP1          0.000         0.000         0.774
 SSUP2          0.000         0.000         0.000         0.794
 PSUP1          0.000         0.000         0.000         0.000         0.465
 PSUP2          0.000         0.000         0.000         0.000         0.000
 SELF1          0.000         0.000         0.000         0.000         0.000
 SELF2          0.000         0.000         0.000         0.000         0.000
 SELF3          0.000         0.000         0.000         0.000         0.000
 ELC1           0.000         0.000         0.000         0.000         0.000
 ELC2           0.000         0.000         0.000         0.000         0.000
 ELC3           0.000         0.000         0.000         0.000         0.000
 ELC4           0.000         0.000         0.000         0.000         0.000
 ELC5           0.000         0.000         0.000         0.000         0.000
 EE1            0.000         0.000         0.000         0.000         0.000
 EE2            0.000         0.000         0.000         0.000         0.000
 EE3            0.000         0.000         0.000         0.000         0.000
 DP1            0.000         0.000         0.000         0.000         0.000
 DP2            0.000         0.000         0.000         0.000         0.000
 PA1            0.000         0.000         0.000         0.000         0.000
 PA2            0.000         0.000         0.000         0.000         0.000
 PA3            0.000         0.000         0.000         0.000         0.000


           THETA
              PSUP2         SELF1         SELF2         SELF3         ELC1
              ________      ________      ________      ________      ________
 PSUP2          0.428
 SELF1          0.000         0.099
 SELF2          0.000         0.000         0.127
 SELF3          0.000         0.000         0.000         0.148
 ELC1           0.000         0.000         0.000         0.000         0.194
 ELC2           0.000         0.000         0.000         0.000         0.000
 ELC3           0.000         0.000         0.000         0.000         0.000
 ELC4           0.000         0.000         0.000         0.000         0.000
 ELC5           0.000         0.000         0.000         0.000         0.000
 EE1            0.000         0.000         0.000         0.000         0.000
 EE2            0.000         0.000         0.000         0.000         0.000
 EE3            0.000         0.000         0.000         0.000         0.000
 DP1            0.000         0.000         0.000         0.000         0.000
 DP2            0.000         0.000         0.000         0.000         0.000
 PA1            0.000         0.000         0.000         0.000         0.000
 PA2            0.000         0.000         0.000         0.000         0.000
 PA3            0.000         0.000         0.000         0.000         0.000


           THETA
              ELC2          ELC3          ELC4          ELC5          EE1
              ________      ________      ________      ________      ________
 ELC2           0.196
 ELC3           0.000         0.150
 ELC4           0.000         0.000         0.183
 ELC5           0.000         0.000         0.000         0.208
 EE1            0.000         0.000         0.000         0.000         0.857
 EE2            0.000         0.000         0.000         0.000         0.000
 EE3            0.000         0.000         0.000         0.000         0.000
 DP1            0.000         0.000         0.000         0.000         0.000
 DP2            0.000         0.000         0.000         0.000         0.000
 PA1            0.000         0.000         0.000         0.000         0.000
 PA2            0.000         0.000         0.000         0.000         0.000
 PA3            0.000         0.000         0.000         0.000         0.000


           THETA
              EE2           EE3           DP1           DP2           PA1
              ________      ________      ________      ________      ________
 EE2            0.790
 EE3            0.000         0.841
 DP1            0.000         0.000         0.599
 DP2            0.000         0.000         0.000         0.698
 PA1            0.000         0.000         0.000         0.000         0.416
 PA2            0.000         0.000         0.000         0.000         0.000
 PA3            0.000         0.000         0.000         0.000         0.000


           THETA
              PA2           PA3
              ________      ________
 PA2            0.463
 PA3            0.000         0.464


           ALPHA
              F1            F2            F3            F4            F5
              ________      ________      ________      ________      ________
                0.000         0.000         0.000         0.000         0.000


           ALPHA
              F6            F7            F8            F9            F10
              ________      ________      ________      ________      ________
                0.000         0.000         0.000         0.000         0.000


           ALPHA
              F11           F12
              ________      ________
                0.000         0.000


           BETA
              F1            F2            F3            F4            F5
              ________      ________      ________      ________      ________
 F1             0.000         0.000         0.000         0.000         0.000
 F2             0.000         0.000         0.000         0.000         0.000
 F3             0.000         0.000         0.000         0.000         0.000
 F4             0.000         0.000         0.000         0.000         0.000
 F5             0.000         0.000         0.000         0.000         0.000
 F6             0.000         0.000         0.000         0.000         0.000
 F7             0.000         0.000         0.000         0.000         0.000
 F8             0.000         0.000         0.000         0.000         0.000
 F9             0.000         0.000         0.000         0.000         0.000
 F10            0.000         0.000         0.000         0.000         0.000
 F11            0.000         0.000         0.000         0.000         0.000
 F12            0.000         0.000         0.000         0.000         0.000


           BETA
              F6            F7            F8            F9            F10
              ________      ________      ________      ________      ________
 F1             0.000         0.000         0.000         0.000         0.000
 F2             0.000         0.000         0.000         0.000         0.000
 F3             0.000         0.000         0.000         0.000         0.000
 F4             0.000         0.000         0.000         0.000         0.000
 F5             0.000         0.000         0.000         0.000         0.000
 F6             0.000         0.000         0.000         0.000         0.000
 F7             0.000         0.000         0.000         0.000         0.000
 F8             0.000         0.000         0.000         0.000         0.000
 F9             0.000         0.000         0.000         0.000         0.000
 F10            0.000         0.000         0.000         0.000         0.000
 F11            0.000         0.000         0.000         0.000         0.000
 F12            0.000         0.000         0.000         0.000         0.000


           BETA
              F11           F12
              ________      ________
 F1             0.000         0.000
 F2             0.000         0.000
 F3             0.000         0.000
 F4             0.000         0.000
 F5             0.000         0.000
 F6             0.000         0.000
 F7             0.000         0.000
 F8             0.000         0.000
 F9             0.000         0.000
 F10            0.000         0.000
 F11            0.000         0.000
 F12            0.000         0.000


           PSI
              F1            F2            F3            F4            F5
              ________      ________      ________      ________      ________
 F1             0.050
 F2             0.000         0.050
 F3             0.000         0.000         0.050
 F4             0.000         0.000         0.000         0.050
 F5             0.000         0.000         0.000         0.000         0.050
 F6             0.000         0.000         0.000         0.000         0.000
 F7             0.000         0.000         0.000         0.000         0.000
 F8             0.000         0.000         0.000         0.000         0.000
 F9             0.000         0.000         0.000         0.000         0.000
 F10            0.000         0.000         0.000         0.000         0.000
 F11            0.000         0.000         0.000         0.000         0.000
 F12            0.000         0.000         0.000         0.000         0.000


           PSI
              F6            F7            F8            F9            F10
              ________      ________      ________      ________      ________
 F6             0.050
 F7             0.000         0.050
 F8             0.000         0.000         0.050
 F9             0.000         0.000         0.000         0.050
 F10            0.000         0.000         0.000         0.000         0.050
 F11            0.000         0.000         0.000         0.000         0.000
 F12            0.000         0.000         0.000         0.000         0.000


           PSI
              F11           F12
              ________      ________
 F11            0.050
 F12            0.000         0.050


DIAGRAM INFORMATION

  Use View Diagram under the Diagram menu in the Mplus Editor to view the diagram.
  If running Mplus from the Mplus Diagrammer, the diagram opens automatically.

  Diagram output
    h:\sem ta lab & lecture 2019\3.19.19 power and full sems\full sem 3.26.6.dgm

     Beginning Time:  14:19:12
        Ending Time:  14:19:16
       Elapsed Time:  00:00:04



MUTHEN & MUTHEN
3463 Stoner Ave.
Los Angeles, CA  90066

Tel: (310) 391-9971
Fax: (310) 391-8971
Web: www.StatModel.com
Support: Support@StatModel.com

Copyright (c) 1998-2018 Muthen & Muthen
