Mplus VERSION 8.2
MUTHEN & MUTHEN
03/19/2019   1:42 PM

INPUT INSTRUCTIONS

  TITLE: Full SEM Model 2 of Burnout for Secondary Teachers;

  DATA: file=allsecondary.dat;
        format = free;

  variable:
  names = rolea1 rolea2 rolec1 rolec2 work1 work2 cclim1 cclim2 cclim3
  cclim4 dec1 dec2 ssup1 ssup2 psup1 psup2 self1 self2 self3 elc1
  elc2 elc3 elc4 elc5 ee1 ee2 ee3 dp1 dp2 pa1 pa2 pa3;
  usevariables = rolea1-pa3;

  Analysis:
  estimator = MLM; !due to non-normality

  Model:

  !measurement model
  !added cross-loading indicators
  F1 by rolea1-rolea2 dec2; !role ambiguity
  F2 by rolec1-rolec2; !role conflict
  F3 by work1-work2; !work overload
  F4 by cclim1-cclim4; !classroom climate
  F5 by dec1-dec2; !decision-making
  F6 by ssup1-ssup2 dec2; !superior support
  F7 by psup1-psup2; !peer support
  F8 by self1-self3; !self-esteem
  F9 by elc1-elc5; !external loc. of control
  F10 by ee1-ee3; !emotional exhaustion
  F11 by dp1-dp2; !depersonalization
  F12 by pa1-pa3; !personal accomplishment

  !structural model
  !freely estimate F11 on F4
  F8 on F5 F6 F7;
  F9 on F5;
  F10 on F2 F3 F4;
  F11 on F2 F10 F4;
  F12 on F1 F8 F9 F10 F11;

  Output: modindices; tech1;



INPUT READING TERMINATED NORMALLY



Full SEM Model 2 of Burnout for Secondary Teachers;

SUMMARY OF ANALYSIS

Number of groups                                                 1
Number of observations                                        1430

Number of dependent variables                                   32
Number of independent variables                                  0
Number of continuous latent variables                           12

Observed dependent variables

  Continuous
   ROLEA1      ROLEA2      ROLEC1      ROLEC2      WORK1       WORK2
   CCLIM1      CCLIM2      CCLIM3      CCLIM4      DEC1        DEC2
   SSUP1       SSUP2       PSUP1       PSUP2       SELF1       SELF2
   SELF3       ELC1        ELC2        ELC3        ELC4        ELC5
   EE1         EE2         EE3         DP1         DP2         PA1
   PA2         PA3

Continuous latent variables
   F1          F2          F3          F4          F5          F6
   F7          F8          F9          F10         F11         F12


Estimator                                                      MLM
Information matrix                                        EXPECTED
Maximum number of iterations                                  1000
Convergence criterion                                    0.500D-04
Maximum number of steepest descent iterations                   20

Input data file(s)
  allsecondary.dat

Input data format  FREE



UNIVARIATE SAMPLE STATISTICS


     UNIVARIATE HIGHER-ORDER MOMENT DESCRIPTIVE STATISTICS

         Variable/         Mean/     Skewness/   Minimum/ % with                Percentiles
        Sample Size      Variance    Kurtosis    Maximum  Min/Max      20%/60%    40%/80%    Median

     ROLEA1                2.401       0.646       1.000    7.48%       1.670      2.000      2.330
            1430.000       0.835       0.425       6.000    0.21%       2.670      3.000
     ROLEA2                2.086       1.203       1.000   19.16%       1.500      1.500      2.000
            1430.000       0.945       1.454       6.000    0.28%       2.000      3.000
     ROLEC1                3.015       0.243       1.000    3.71%       2.000      2.670      3.000
            1430.000       1.213      -0.456       6.000    0.84%       3.330      4.000
     ROLEC2                3.018       0.399       1.000    6.92%       2.000      2.500      3.000
            1430.000       1.523      -0.429       6.000    2.31%       3.500      4.000
     WORK1                 3.240       0.151       1.000    3.64%       2.000      3.000      3.330
            1430.000       1.443      -0.666       6.000    1.40%       3.670      4.330
     WORK2                 2.243       0.920       1.000   21.12%       1.000      2.000      2.000
            1430.000       1.186       0.516       6.000    0.63%       2.500      3.000
     CCLIM1                2.964      -0.299       1.000    0.28%       2.670      3.000      3.000
            1430.000       0.292       0.063       4.000    4.55%       3.000      3.330
     CCLIM2                2.723      -0.349       1.000    1.19%       2.330      2.670      2.670
            1430.000       0.395      -0.220       4.000    1.82%       3.000      3.330
     CCLIM3                2.928      -0.191       1.000    0.35%       2.670      2.670      3.000
            1430.000       0.243       0.500       4.000    3.57%       3.000      3.330
     CCLIM4                3.053      -0.620       1.000    2.24%       2.500      3.000      3.000
            1430.000       0.535      -0.044       4.000   19.09%       3.500      3.500
     DEC1                  4.039      -0.526       1.000    0.84%       3.330      4.000      4.000
            1430.000       1.019       0.144       6.000    1.82%       4.330      5.000
     DEC2                  4.242      -0.641       1.000    3.01%       3.000      4.000      4.500
            1430.000       1.763      -0.381       6.000   11.82%       5.000      5.500
     SSUP1                 4.299      -0.708       1.000    1.89%       3.330      4.100      4.330
            1430.000       1.548      -0.064       6.000    9.09%       4.670      5.330
     SSUP2                 4.370      -0.803       1.000    2.87%       3.500      4.500      4.500
            1430.000       1.588       0.089       6.000   13.43%       5.000      5.500
     PSUP1                 4.571      -0.739       1.000    0.35%       3.670      4.330      4.670
            1430.000       0.931       0.507       6.000    7.97%       5.000      5.330
     PSUP2                 4.621      -0.722       1.000    0.35%       4.000      4.500      4.500
            1430.000       0.857       0.647       6.000   10.77%       5.000      5.500
     SELF1                 3.603      -1.470       1.000    0.21%       3.330      3.670      3.670
            1430.000       0.198       3.470       4.000   39.51%       3.670      4.000
     SELF2                 3.613      -1.585       1.000    0.21%       3.250      3.750      3.750
            1430.000       0.254       2.682       4.000   45.52%       4.000      4.000
     SELF3                 3.483      -1.218       1.000    0.28%       3.000      3.330      3.670
            1430.000       0.296       1.596       4.000   34.34%       3.670      4.000
     ELC1                  2.918      -0.056       1.000    0.35%       2.400      2.800      3.000
            1430.000       0.389       0.042       4.800    0.14%       3.000      3.400
     ELC2                  3.008       0.017       1.000    0.28%       2.500      2.750      3.000
            1430.000       0.393       0.083       5.000    0.28%       3.250      3.500
     ELC3                  2.801      -0.076       1.000    0.21%       2.400      2.600      2.800
            1430.000       0.300       0.242       4.800    0.07%       3.000      3.200
     ELC4                  2.200       0.342       1.000    2.94%       1.750      2.000      2.250
            1430.000       0.366      -0.001       4.500    0.07%       2.250      2.750
     ELC5                  2.483       0.079       1.000    1.47%       2.000      2.400      2.400
            1430.000       0.415      -0.245       4.800    0.07%       2.600      3.000
     EE1                   3.855       0.062       1.000    0.70%       2.670      3.330      4.000
            1430.000       1.714      -0.578       7.000    1.05%       4.330      5.000
     EE2                   3.530       0.369       1.000    0.91%       2.330      3.000      3.330
            1430.000       1.580      -0.323       7.000    0.63%       3.670      4.670
     EE3                   3.165       0.596       1.000    2.10%       2.000      2.670      3.000
            1430.000       1.683      -0.242       7.000    0.28%       3.330      4.330
     DP1                   2.319       1.160       1.000   10.63%       1.330      1.670      2.000
            1430.000       1.198       1.348       6.670    0.21%       2.330      3.000
     DP2                   2.086       1.439       1.000   28.39%       1.000      1.500      1.500
            1430.000       1.396       1.957       7.000    0.21%       2.000      3.000
     PA1                   5.748      -0.813       2.000    0.07%       5.000      5.670      6.000
            1430.000       0.833       0.405       7.000    9.51%       6.000      6.670
     PA2                   5.850      -0.886       2.000    0.14%       5.000      6.000      6.000
            1430.000       0.927       0.385       7.000   17.97%       6.500      6.500
     PA3                   5.815      -0.836       2.000    0.14%       5.000      5.670      6.000
            1430.000       0.929       0.337       7.000   14.76%       6.330      6.670


THE MODEL ESTIMATION TERMINATED NORMALLY

     WARNING:  THE LATENT VARIABLE COVARIANCE MATRIX (PSI) IS NOT POSITIVE
     DEFINITE.  THIS COULD INDICATE A NEGATIVE VARIANCE/RESIDUAL VARIANCE FOR A
     LATENT VARIABLE, A CORRELATION GREATER OR EQUAL TO ONE BETWEEN TWO LATENT
     VARIABLES, OR A LINEAR DEPENDENCY AMONG MORE THAN TWO LATENT VARIABLES.
     CHECK THE TECH4 OUTPUT FOR MORE INFORMATION.
     PROBLEM INVOLVING VARIABLE F10.
!still have this warning



MODEL FIT INFORMATION

Number of Free Parameters                      134

Loglikelihood

          H0 Value                      -47181.795
          H1 Value                      -46371.583

Information Criteria

          Akaike (AIC)                   94631.591
          Bayesian (BIC)                 95337.158
          Sample-Size Adjusted BIC       94911.486
            (n* = (n + 2) / 24)

Chi-Square Test of Model Fit

          Value                           1450.985*
          Degrees of Freedom                   426
          P-Value                           0.0000
          Scaling Correction Factor         1.1168
            for MLM

*   The chi-square value for MLM, MLMV, MLR, ULSMV, WLSM and WLSMV cannot be used
    for chi-square difference testing in the regular way.  MLM, MLR and WLSM
    chi-square difference testing is described on the Mplus website.  MLMV, WLSMV,
    and ULSMV difference testing is done using the DIFFTEST option.

RMSEA (Root Mean Square Error Of Approximation)

          Estimate                           0.041
          90 Percent C.I.                    0.039  0.043
          Probability RMSEA <= .05           1.000

CFI/TLI

          CFI                                0.950
          TLI                                0.941

Chi-Square Test of Model Fit for the Baseline Model

          Value                          20859.447
          Degrees of Freedom                   496
          P-Value                           0.0000

SRMR (Standardized Root Mean Square Residual)

          Value                              0.046

!slight improvement in model fit

MODEL RESULTS

                                                    Two-Tailed
                    Estimate       S.E.  Est./S.E.    P-Value

 F1       BY
    ROLEA1             1.000      0.000    999.000    999.000
    ROLEA2             1.238      0.054     23.016      0.000
    DEC2               0.228      0.082      2.777      0.005

 F2       BY
    ROLEC1             1.000      0.000    999.000    999.000
    ROLEC2             1.310      0.050     26.137      0.000

 F3       BY
    WORK1              1.000      0.000    999.000    999.000
    WORK2              0.748      0.031     24.090      0.000

 F4       BY
    CCLIM1             1.000      0.000    999.000    999.000
    CCLIM2             1.485      0.072     20.658      0.000
    CCLIM3             0.963      0.053     18.286      0.000
    CCLIM4             1.328      0.075     17.638      0.000

 F5       BY
    DEC1               1.000      0.000    999.000    999.000
    DEC2               0.407      0.100      4.072      0.000

 F6       BY
    SSUP1              1.000      0.000    999.000    999.000
    SSUP2              1.099      0.024     44.960      0.000
    DEC2               0.859      0.047     18.189      0.000

 F7       BY
    PSUP1              1.000      0.000    999.000    999.000
    PSUP2              1.080      0.045     24.228      0.000

 F8       BY
    SELF1              1.000      0.000    999.000    999.000
    SELF2              1.278      0.041     31.365      0.000
    SELF3              1.357      0.051     26.774      0.000

 F9       BY
    ELC1               1.000      0.000    999.000    999.000
    ELC2               0.848      0.040     21.216      0.000
    ELC3               0.944      0.039     24.123      0.000
    ELC4               0.904      0.043     20.966      0.000
    ELC5               1.110      0.046     23.970      0.000

 F10      BY
    EE1                1.000      0.000    999.000    999.000
    EE2                1.020      0.019     55.033      0.000
    EE3                0.969      0.021     45.418      0.000

 F11      BY
    DP1                1.000      0.000    999.000    999.000
    DP2                0.902      0.039     23.330      0.000

 F12      BY
    PA1                1.000      0.000    999.000    999.000
    PA2                1.040      0.036     29.212      0.000
    PA3                0.963      0.037     25.728      0.000

 F8       ON
    F5                 0.474      0.050      9.453      0.000
    F6                -0.155      0.025     -6.198      0.000
    F7                -0.066      0.029     -2.308      0.021

 F9       ON
    F5                -0.288      0.021    -13.791      0.000

 F10      ON
    F2                -8.396      5.945     -1.412      0.158
    F3                 7.856      5.034      1.561      0.119
    F4                -0.563      0.633     -0.888      0.374
 !note non-significant paths

 F11      ON
    F2                 0.173      0.046      3.726      0.000
    F10                0.299      0.031      9.627      0.000
    F4                -0.969      0.100     -9.643      0.000

 F12      ON
    F1                -0.069      0.046     -1.489      0.137
 !note non-significant path
    F8                 0.473      0.084      5.600      0.000
    F9                -0.204      0.049     -4.190      0.000
    F10               -0.058      0.024     -2.411      0.016
    F11               -0.228      0.030     -7.533      0.000

 F2       WITH
    F1                 0.360      0.023     15.357      0.000

 F3       WITH
    F1                 0.418      0.026     16.236      0.000
    F2                 0.668      0.033     20.358      0.000

 F4       WITH
    F1                -0.065      0.008     -8.323      0.000
    F2                -0.080      0.010     -8.032      0.000
    F3                -0.095      0.012     -7.723      0.000

 F5       WITH
    F1                -0.372      0.024    -15.575      0.000
    F2                -0.405      0.026    -15.313      0.000
    F3                -0.491      0.029    -17.079      0.000
    F4                 0.101      0.010     10.022      0.000

 F6       WITH
    F1                -0.385      0.028    -13.601      0.000
    F2                -0.425      0.030    -14.335      0.000
    F3                -0.500      0.032    -15.585      0.000
    F4                 0.121      0.013      9.504      0.000
    F5                 0.616      0.035     17.576      0.000

 F7       WITH
    F1                -0.242      0.021    -11.696      0.000
    F2                -0.233      0.021    -10.832      0.000
    F3                -0.277      0.024    -11.438      0.000
    F4                 0.056      0.009      6.312      0.000
    F5                 0.385      0.027     14.362      0.000
    F6                 0.394      0.030     13.254      0.000

 Intercepts
    ROLEA1             2.401      0.024     99.362      0.000
    ROLEA2             2.086      0.026     81.108      0.000
    ROLEC1             3.015      0.029    103.524      0.000
    ROLEC2             3.018      0.033     92.468      0.000
    WORK1              3.240      0.032    101.996      0.000
    WORK2              2.243      0.029     77.885      0.000
    CCLIM1             2.964      0.014    207.379      0.000
    CCLIM2             2.723      0.017    163.890      0.000
    CCLIM3             2.928      0.013    224.532      0.000
    CCLIM4             3.053      0.019    157.758      0.000
    DEC1               4.039      0.027    151.305      0.000
    DEC2               4.242      0.035    120.842      0.000
    SSUP1              4.299      0.033    130.631      0.000
    SSUP2              4.370      0.033    131.136      0.000
    PSUP1              4.571      0.026    179.200      0.000
    PSUP2              4.621      0.024    188.754      0.000
    SELF1              3.603      0.012    306.319      0.000
    SELF2              3.613      0.013    271.109      0.000
    SELF3              3.483      0.014    241.972      0.000
    ELC1               2.918      0.016    176.985      0.000
    ELC2               3.008      0.017    181.556      0.000
    ELC3               2.801      0.014    193.300      0.000
    ELC4               2.200      0.016    137.503      0.000
    ELC5               2.483      0.017    145.731      0.000
    EE1                3.855      0.035    111.347      0.000
    EE2                3.530      0.033    106.201      0.000
    EE3                3.165      0.034     92.281      0.000
    DP1                2.319      0.029     80.113      0.000
    DP2                2.086      0.031     66.763      0.000
    PA1                5.748      0.024    238.172      0.000
    PA2                5.850      0.025    229.759      0.000
    PA3                5.815      0.025    228.188      0.000

 Variances
    F1                 0.413      0.031     13.358      0.000
    F2                 0.571      0.039     14.579      0.000
    F3                 0.801      0.044     18.089      0.000
    F4                 0.111      0.010     11.446      0.000
    F5                 0.504      0.036     14.162      0.000
    F6                 1.150      0.056     20.673      0.000
    F7                 0.595      0.042     14.329      0.000

 Residual Variances
    ROLEA1             0.422      0.023     18.086      0.000
    ROLEA2             0.313      0.026     12.022      0.000
    ROLEC1             0.642      0.027     23.690      0.000
    ROLEC2             0.543      0.035     15.536      0.000
    WORK1              0.642      0.028     23.213      0.000
    WORK2              0.739      0.033     22.112      0.000
    CCLIM1             0.181      0.007     24.465      0.000
    CCLIM2             0.150      0.010     15.640      0.000
    CCLIM3             0.140      0.007     19.558      0.000
    CCLIM4             0.340      0.015     22.514      0.000
    DEC1               0.515      0.024     21.390      0.000
    DEC2               0.599      0.032     18.838      0.000
    SSUP1              0.398      0.024     16.436      0.000
    SSUP2              0.199      0.021      9.344      0.000
    PSUP1              0.336      0.026     13.073      0.000
    PSUP2              0.164      0.026      6.359      0.000
    SELF1              0.082      0.005     17.621      0.000
    SELF2              0.065      0.005     13.719      0.000
    SELF3              0.083      0.006     13.804      0.000
    ELC1               0.204      0.010     21.410      0.000
    ELC2               0.259      0.010     25.192      0.000
    ELC3               0.135      0.007     18.615      0.000
    ELC4               0.215      0.010     22.400      0.000
    ELC5               0.187      0.009     20.006      0.000
    EE1                0.408      0.022     18.884      0.000
    EE2                0.221      0.018     12.344      0.000
    EE3                0.455      0.022     20.313      0.000
    DP1                0.266      0.040      6.678      0.000
    DP2                0.638      0.043     14.723      0.000
    PA1                0.270      0.020     13.516      0.000
    PA2                0.318      0.022     14.251      0.000
    PA3                0.407      0.024     17.311      0.000
    F8                 0.079      0.007     10.678      0.000
    F9                 0.143      0.011     13.421      0.000
    F10               -0.377      0.720     -0.524      0.600
!this is still negative
    F11                0.535      0.044     12.120      0.000
    F12                0.380      0.023     16.857      0.000


QUALITY OF NUMERICAL RESULTS

     Condition Number for the Information Matrix              0.933E-08
       (ratio of smallest to largest eigenvalue)


MODEL MODIFICATION INDICES

NOTE:  Modification indices for direct effects of observed dependent variables
regressed on covariates may not be included.  To include these, request
MODINDICES (ALL).

Minimum M.I. value for printing the modification index    10.000

                                   M.I.     E.P.C.  Std E.P.C.  StdYX E.P.C.

BY Statements

F1       BY ROLEC1                17.097     0.354      0.227        0.206
F1       BY WORK1                 20.020    -0.381     -0.245       -0.204
F1       BY CCLIM1                33.035    -0.141     -0.090       -0.167
F1       BY SSUP1                 21.548    -0.233     -0.150       -0.120
F1       BY SSUP2                 29.660     0.299      0.192        0.153
F1       BY ELC4                  11.058     0.091      0.059        0.097
F1       BY ELC5                  11.649     0.094      0.061        0.094
F1       BY EE2                   21.092    -0.176     -0.113       -0.090
F1       BY EE3                   48.810     0.299      0.192        0.148
F1       BY PA1                   27.128    -0.190     -0.122       -0.135
F1       BY PA2                   17.074     0.159      0.102        0.107
F2       BY WORK1                 12.691    -1.125     -0.850       -0.708
F2       BY WORK2                 12.691     0.841      0.636        0.584
F2       BY CCLIM1                57.520    -0.156     -0.118       -0.219
F2       BY CCLIM3                15.110     0.072      0.055        0.111
F2       BY SSUP1                 12.152    -0.137     -0.103       -0.083
F2       BY SSUP2                 10.261     0.131      0.099        0.079
F2       BY ELC5                  13.468     0.082      0.062        0.097
F2       BY EE2                   39.788    -0.239     -0.180       -0.143
F2       BY EE3                   44.382     0.276      0.209        0.161
F2       BY PA1                   25.782    -0.153     -0.116       -0.128
F2       BY PA2                   26.405     0.164      0.124        0.130
F3       BY CCLIM1                62.870    -0.136     -0.121       -0.224
F3       BY CCLIM3                16.351     0.062      0.056        0.113
F3       BY SSUP1                 17.302    -0.132     -0.118       -0.095
F3       BY SSUP2                 12.719     0.119      0.106        0.084
F3       BY ELC5                  15.100     0.072      0.065        0.101
F3       BY EE2                   36.833    -0.226     -0.202       -0.161
F3       BY EE3                   40.059     0.259      0.232        0.179
F3       BY PA1                   35.455    -0.153     -0.137       -0.151
F3       BY PA2                   30.236     0.149      0.133        0.139
F4       BY EE1                   11.942     0.270      0.090        0.069
F4       BY EE3                   46.295    -0.544     -0.181       -0.140
F4       BY PA1                   12.917     0.232      0.077        0.085
F5       BY ROLEC1                19.545    -0.310     -0.220       -0.200
F5       BY CCLIM1                48.846     0.155      0.110        0.204
F5       BY CCLIM3                12.917    -0.072     -0.051       -0.104
F5       BY SSUP1                 18.256     0.269      0.191        0.154
F5       BY SSUP2                 18.256    -0.296     -0.210       -0.167
F5       BY EE1                   10.292     0.135      0.095        0.073
F5       BY EE2                   12.195     0.134      0.095        0.075
F5       BY EE3                   50.663    -0.305     -0.216       -0.167
F5       BY PA1                   58.701     0.242      0.172        0.189
F5       BY PA2                   18.911    -0.145     -0.103       -0.108
F6       BY ROLEC1                15.275    -0.121     -0.130       -0.118
F6       BY CCLIM1                27.292     0.073      0.078        0.144
F6       BY DEC1                  28.523     0.441      0.473        0.469
F6       BY EE1                   17.631     0.092      0.099        0.075
F6       BY EE3                   28.993    -0.121     -0.130       -0.100
F6       BY PA1                   34.004     0.107      0.115        0.127
F7       BY ROLEC1                13.494    -0.148     -0.114       -0.104
F7       BY CCLIM1                14.234     0.071      0.055        0.102
F7       BY EE3                   16.285    -0.128     -0.098       -0.076
F7       BY PA1                   14.541     0.099      0.077        0.085
F8       BY WORK1                 14.878     0.397      0.135        0.112
F8       BY DEC1                  51.635    -0.897     -0.305       -0.302
F8       BY ELC5                  17.975    -0.191     -0.065       -0.101
F8       BY EE1                   12.004     0.257      0.087        0.067
F8       BY EE3                   27.675    -0.400     -0.136       -0.105
F8       BY DP1                   13.528    -0.287     -0.098       -0.089
F8       BY PA1                   32.604     0.388      0.132        0.146
F8       BY PA2                   32.174    -0.406     -0.138       -0.145
F9       BY ROLEC1                15.368     0.273      0.117        0.107
F9       BY PA1                   11.935    -0.178     -0.077       -0.084
F9       BY PA2                   13.368     0.199      0.086        0.089
F10      BY WORK1                 12.256     0.197      0.225        0.187
F10      BY WORK2                 10.110    -0.135     -0.154       -0.141
F10      BY CCLIM1                39.990    -0.084     -0.096       -0.177
F10      BY CCLIM2                10.057     0.049      0.055        0.088
F10      BY DEC1                  35.284     0.227      0.259        0.257
F10      BY SSUP1                 16.239    -0.084     -0.096       -0.077
F10      BY PA1                   53.418    -0.145     -0.166       -0.183
F10      BY PA2                   19.525     0.093      0.106        0.111
F10      BY PA3                   10.805     0.070      0.080        0.084
F11      BY WORK1                 11.175    -0.126     -0.122       -0.101
F11      BY CCLIM1                13.889    -0.070     -0.068       -0.125
F11      BY DEC1                  17.956     0.129      0.124        0.123
F11      BY EE1                   19.439    -0.135     -0.130       -0.100
F11      BY EE3                   48.564     0.218      0.210        0.162
F12      BY ROLEC1                11.016     0.133      0.099        0.090
F12      BY WORK1                 15.767     0.164      0.121        0.101
F12      BY DEC2                  12.448     0.139      0.103        0.077
F12      BY EE1                   42.693     0.226      0.168        0.128
F12      BY EE3                   35.149    -0.210     -0.156       -0.120

ON/BY Statements
!remember, only looking at these, the causal paths!

F2       ON F8       /
F8       BY F2                    34.767     0.110      0.050        0.050
F3       ON F8       /
F8       BY F3                    34.892    -0.134     -0.051       -0.051
F3       ON F10      /
F10      BY F3                    17.749     2.942      3.758        3.758
F4       ON F10      /
F10      BY F4                    18.695    -3.195    -10.961      -10.961
F4       ON F12      /
F12      BY F4                    11.687     0.070      0.155        0.155
F5       ON F10      /
F10      BY F5                    13.287     1.865      3.002        3.002
F6       ON F8       /
F8       BY F6                    21.084     2.191      0.695        0.695
F6       ON F9       /
F9       BY F6                    43.782     0.530      0.213        0.213
F6       ON F12      /
F12      BY F6                    13.014     0.160      0.111        0.111
F7       ON F8       /
F8       BY F7                    14.951     2.238      0.987        0.987
F8       ON F1       /
F1       BY F8                    26.111     0.245      0.462        0.462
F8       ON F2       /
F2       BY F8                    17.786     0.161      0.358        0.358
F8       ON F9       /
F9       BY F8                    22.164    -0.135     -0.171       -0.171
F8       ON F10      /
F10      BY F8                    29.240    -0.115     -0.385       -0.385
F8       ON F11      /
F11      BY F8                    26.918    -0.070     -0.200       -0.200
F8       ON F12      /
F12      BY F8                    44.643     0.330      0.720        0.720
!this one is large too, but we're not interested in this causal direction
F9       ON F1       /
F1       BY F9                    19.160     0.192      0.287        0.287
F9       ON F2       /
F2       BY F9                    35.751     0.193      0.339        0.339
F9       ON F3       /
F3       BY F9                    30.622     0.155      0.321        0.321
F9       ON F6       /
F6       BY F9                    28.523     0.127      0.317        0.317
F9       ON F8       /
F8       BY F9                    38.013    -0.295     -0.234       -0.234
F10      ON F1       /
F1       BY F10                   11.621     2.201      1.237        1.237
F10      ON F5       /
F5       BY F10                   15.505    -2.111     -1.311       -1.311
F10      ON F6       /
F6       BY F10                   10.202    -0.725     -0.680       -0.680
F10      ON F8       /
F8       BY F10                   38.298    -1.029     -0.306       -0.306
F11      ON F8       /
F8       BY F11                   19.497    -0.402     -0.142       -0.142
F12      ON F2       /
F2       BY F12                   14.555     0.235      0.240        0.240
F12      ON F3       /
F3       BY F12                   17.767     0.255      0.308        0.308
F12      ON F4       /
F4       BY F12                   18.509     0.364      0.163        0.163
F12      ON F5       /
F5       BY F12                   42.163     0.480      0.458        0.458
!this is the largest and substantively meaningful -- suggests that when 
!teachers have more opportunities to make decisions about their work environ.
!they have a stronger sesnse of personal accomplishment
F12      ON F6       /
F6       BY F12                   34.604     0.152      0.219        0.219
F12      ON F7       /
F7       BY F12                   16.004     0.137      0.142        0.142

WITH Statements

WORK2    WITH WORK1               17.679     0.105      0.105        0.153
CCLIM1   WITH WORK1               14.303    -0.042     -0.042       -0.124
CCLIM3   WITH CCLIM2              12.939     0.029      0.029        0.201
DEC1     WITH WORK2               15.312     0.075      0.075        0.122
DEC2     WITH DEC1                20.153     0.082      0.082        0.147
SSUP1    WITH DEC2                20.408    -0.125     -0.125       -0.257
SSUP2    WITH DEC1                11.062    -0.049     -0.049       -0.154
SSUP2    WITH DEC2                12.119     0.108      0.108        0.313
PSUP1    WITH DEC2                15.138    -0.062     -0.062       -0.137
PSUP1    WITH SSUP1               28.805     0.071      0.071        0.194
PSUP1    WITH SSUP2               11.190    -0.040     -0.040       -0.156
PSUP2    WITH SSUP1               25.257    -0.062     -0.062       -0.243
PSUP2    WITH SSUP2               21.718     0.054      0.054        0.298
PSUP2    WITH PSUP1               14.951     2.875      2.875       12.263
SELF3    WITH DEC1                11.153    -0.025     -0.025       -0.119
ELC1     WITH WORK2               16.687    -0.050     -0.050       -0.129
ELC2     WITH ELC1                37.045     0.048      0.048        0.211
ELC4     WITH WORK2               12.386     0.043      0.043        0.109
ELC5     WITH WORK2               14.396     0.046      0.046        0.124
ELC5     WITH ELC2                17.550    -0.034     -0.034       -0.155
EE1      WITH WORK1               73.469     0.154      0.154        0.301
EE1      WITH CCLIM1              12.454    -0.033     -0.033       -0.120
EE2      WITH WORK1               12.122    -0.056     -0.056       -0.148
EE2      WITH WORK2               11.721    -0.055     -0.055       -0.136
EE2      WITH EE1                 64.567     0.227      0.227        0.758
EE3      WITH ROLEC1              11.300     0.061      0.061        0.113
EE3      WITH CCLIM2              12.740    -0.036     -0.036       -0.136
EE3      WITH EE1                 40.349    -0.155     -0.155       -0.360
DP2      WITH ELC4                11.079    -0.041     -0.041       -0.110
DP2      WITH DP1                 11.027     0.605      0.605        1.468
PA1      WITH EE3                 18.709    -0.057     -0.057       -0.162
PA2      WITH ROLEC1              10.106     0.051      0.051        0.113
PA2      WITH SELF2               15.864    -0.024     -0.024       -0.165
PA3      WITH PA1                 23.792    -0.118     -0.118       -0.356
PA3      WITH PA2                 46.689     0.171      0.171        0.474
F8       WITH F2                  34.767     0.009      0.041        0.041
F8       WITH F3                  34.891    -0.011     -0.042       -0.042
F8       WITH F6                  21.084     0.173      0.574        0.574
F8       WITH F7                  14.951     0.177      0.815        0.815
F9       WITH F6                  43.782     0.076      0.187        0.187
F9       WITH F8                  22.165    -0.019     -0.182       -0.182
F10      WITH F3                  17.658    -1.107    999.000      999.000
F10      WITH F4                  18.688     1.205    999.000      999.000
F10      WITH F5                  13.296    -0.704    999.000      999.000
F10      WITH F8                  36.788    -0.080    999.000      999.000
F11      WITH F8                  19.478    -0.035     -0.169       -0.169
F12      WITH F6                  18.449     0.077      0.117        0.117
F12      WITH F9                  42.163     0.238      1.020        1.020
F12      WITH F11                 11.027     0.153      0.339        0.339


TECHNICAL 1 OUTPUT


     PARAMETER SPECIFICATION


           NU
              ROLEA1        ROLEA2        ROLEC1        ROLEC2        WORK1
              ________      ________      ________      ________      ________
                  1             2             3             4             5


           NU
              WORK2         CCLIM1        CCLIM2        CCLIM3        CCLIM4
              ________      ________      ________      ________      ________
                  6             7             8             9            10


           NU
              DEC1          DEC2          SSUP1         SSUP2         PSUP1
              ________      ________      ________      ________      ________
                 11            12            13            14            15


           NU
              PSUP2         SELF1         SELF2         SELF3         ELC1
              ________      ________      ________      ________      ________
                 16            17            18            19            20


           NU
              ELC2          ELC3          ELC4          ELC5          EE1
              ________      ________      ________      ________      ________
                 21            22            23            24            25


           NU
              EE2           EE3           DP1           DP2           PA1
              ________      ________      ________      ________      ________
                 26            27            28            29            30


           NU
              PA2           PA3
              ________      ________
                 31            32


           LAMBDA
              F1            F2            F3            F4            F5
              ________      ________      ________      ________      ________
 ROLEA1             0             0             0             0             0
 ROLEA2            33             0             0             0             0
 ROLEC1             0             0             0             0             0
 ROLEC2             0            34             0             0             0
 WORK1              0             0             0             0             0
 WORK2              0             0            35             0             0
 CCLIM1             0             0             0             0             0
 CCLIM2             0             0             0            36             0
 CCLIM3             0             0             0            37             0
 CCLIM4             0             0             0            38             0
 DEC1               0             0             0             0             0
 DEC2              39             0             0             0            40
 SSUP1              0             0             0             0             0
 SSUP2              0             0             0             0             0
 PSUP1              0             0             0             0             0
 PSUP2              0             0             0             0             0
 SELF1              0             0             0             0             0
 SELF2              0             0             0             0             0
 SELF3              0             0             0             0             0
 ELC1               0             0             0             0             0
 ELC2               0             0             0             0             0
 ELC3               0             0             0             0             0
 ELC4               0             0             0             0             0
 ELC5               0             0             0             0             0
 EE1                0             0             0             0             0
 EE2                0             0             0             0             0
 EE3                0             0             0             0             0
 DP1                0             0             0             0             0
 DP2                0             0             0             0             0
 PA1                0             0             0             0             0
 PA2                0             0             0             0             0
 PA3                0             0             0             0             0


           LAMBDA
              F6            F7            F8            F9            F10
              ________      ________      ________      ________      ________
 ROLEA1             0             0             0             0             0
 ROLEA2             0             0             0             0             0
 ROLEC1             0             0             0             0             0
 ROLEC2             0             0             0             0             0
 WORK1              0             0             0             0             0
 WORK2              0             0             0             0             0
 CCLIM1             0             0             0             0             0
 CCLIM2             0             0             0             0             0
 CCLIM3             0             0             0             0             0
 CCLIM4             0             0             0             0             0
 DEC1               0             0             0             0             0
 DEC2              41             0             0             0             0
 SSUP1              0             0             0             0             0
 SSUP2             42             0             0             0             0
 PSUP1              0             0             0             0             0
 PSUP2              0            43             0             0             0
 SELF1              0             0             0             0             0
 SELF2              0             0            44             0             0
 SELF3              0             0            45             0             0
 ELC1               0             0             0             0             0
 ELC2               0             0             0            46             0
 ELC3               0             0             0            47             0
 ELC4               0             0             0            48             0
 ELC5               0             0             0            49             0
 EE1                0             0             0             0             0
 EE2                0             0             0             0            50
 EE3                0             0             0             0            51
 DP1                0             0             0             0             0
 DP2                0             0             0             0             0
 PA1                0             0             0             0             0
 PA2                0             0             0             0             0
 PA3                0             0             0             0             0


           LAMBDA
              F11           F12
              ________      ________
 ROLEA1             0             0
 ROLEA2             0             0
 ROLEC1             0             0
 ROLEC2             0             0
 WORK1              0             0
 WORK2              0             0
 CCLIM1             0             0
 CCLIM2             0             0
 CCLIM3             0             0
 CCLIM4             0             0
 DEC1               0             0
 DEC2               0             0
 SSUP1              0             0
 SSUP2              0             0
 PSUP1              0             0
 PSUP2              0             0
 SELF1              0             0
 SELF2              0             0
 SELF3              0             0
 ELC1               0             0
 ELC2               0             0
 ELC3               0             0
 ELC4               0             0
 ELC5               0             0
 EE1                0             0
 EE2                0             0
 EE3                0             0
 DP1                0             0
 DP2               52             0
 PA1                0             0
 PA2                0            53
 PA3                0            54


           THETA
              ROLEA1        ROLEA2        ROLEC1        ROLEC2        WORK1
              ________      ________      ________      ________      ________
 ROLEA1            55
 ROLEA2             0            56
 ROLEC1             0             0            57
 ROLEC2             0             0             0            58
 WORK1              0             0             0             0            59
 WORK2              0             0             0             0             0
 CCLIM1             0             0             0             0             0
 CCLIM2             0             0             0             0             0
 CCLIM3             0             0             0             0             0
 CCLIM4             0             0             0             0             0
 DEC1               0             0             0             0             0
 DEC2               0             0             0             0             0
 SSUP1              0             0             0             0             0
 SSUP2              0             0             0             0             0
 PSUP1              0             0             0             0             0
 PSUP2              0             0             0             0             0
 SELF1              0             0             0             0             0
 SELF2              0             0             0             0             0
 SELF3              0             0             0             0             0
 ELC1               0             0             0             0             0
 ELC2               0             0             0             0             0
 ELC3               0             0             0             0             0
 ELC4               0             0             0             0             0
 ELC5               0             0             0             0             0
 EE1                0             0             0             0             0
 EE2                0             0             0             0             0
 EE3                0             0             0             0             0
 DP1                0             0             0             0             0
 DP2                0             0             0             0             0
 PA1                0             0             0             0             0
 PA2                0             0             0             0             0
 PA3                0             0             0             0             0


           THETA
              WORK2         CCLIM1        CCLIM2        CCLIM3        CCLIM4
              ________      ________      ________      ________      ________
 WORK2             60
 CCLIM1             0            61
 CCLIM2             0             0            62
 CCLIM3             0             0             0            63
 CCLIM4             0             0             0             0            64
 DEC1               0             0             0             0             0
 DEC2               0             0             0             0             0
 SSUP1              0             0             0             0             0
 SSUP2              0             0             0             0             0
 PSUP1              0             0             0             0             0
 PSUP2              0             0             0             0             0
 SELF1              0             0             0             0             0
 SELF2              0             0             0             0             0
 SELF3              0             0             0             0             0
 ELC1               0             0             0             0             0
 ELC2               0             0             0             0             0
 ELC3               0             0             0             0             0
 ELC4               0             0             0             0             0
 ELC5               0             0             0             0             0
 EE1                0             0             0             0             0
 EE2                0             0             0             0             0
 EE3                0             0             0             0             0
 DP1                0             0             0             0             0
 DP2                0             0             0             0             0
 PA1                0             0             0             0             0
 PA2                0             0             0             0             0
 PA3                0             0             0             0             0


           THETA
              DEC1          DEC2          SSUP1         SSUP2         PSUP1
              ________      ________      ________      ________      ________
 DEC1              65
 DEC2               0            66
 SSUP1              0             0            67
 SSUP2              0             0             0            68
 PSUP1              0             0             0             0            69
 PSUP2              0             0             0             0             0
 SELF1              0             0             0             0             0
 SELF2              0             0             0             0             0
 SELF3              0             0             0             0             0
 ELC1               0             0             0             0             0
 ELC2               0             0             0             0             0
 ELC3               0             0             0             0             0
 ELC4               0             0             0             0             0
 ELC5               0             0             0             0             0
 EE1                0             0             0             0             0
 EE2                0             0             0             0             0
 EE3                0             0             0             0             0
 DP1                0             0             0             0             0
 DP2                0             0             0             0             0
 PA1                0             0             0             0             0
 PA2                0             0             0             0             0
 PA3                0             0             0             0             0


           THETA
              PSUP2         SELF1         SELF2         SELF3         ELC1
              ________      ________      ________      ________      ________
 PSUP2             70
 SELF1              0            71
 SELF2              0             0            72
 SELF3              0             0             0            73
 ELC1               0             0             0             0            74
 ELC2               0             0             0             0             0
 ELC3               0             0             0             0             0
 ELC4               0             0             0             0             0
 ELC5               0             0             0             0             0
 EE1                0             0             0             0             0
 EE2                0             0             0             0             0
 EE3                0             0             0             0             0
 DP1                0             0             0             0             0
 DP2                0             0             0             0             0
 PA1                0             0             0             0             0
 PA2                0             0             0             0             0
 PA3                0             0             0             0             0


           THETA
              ELC2          ELC3          ELC4          ELC5          EE1
              ________      ________      ________      ________      ________
 ELC2              75
 ELC3               0            76
 ELC4               0             0            77
 ELC5               0             0             0            78
 EE1                0             0             0             0            79
 EE2                0             0             0             0             0
 EE3                0             0             0             0             0
 DP1                0             0             0             0             0
 DP2                0             0             0             0             0
 PA1                0             0             0             0             0
 PA2                0             0             0             0             0
 PA3                0             0             0             0             0


           THETA
              EE2           EE3           DP1           DP2           PA1
              ________      ________      ________      ________      ________
 EE2               80
 EE3                0            81
 DP1                0             0            82
 DP2                0             0             0            83
 PA1                0             0             0             0            84
 PA2                0             0             0             0             0
 PA3                0             0             0             0             0


           THETA
              PA2           PA3
              ________      ________
 PA2               85
 PA3                0            86


           ALPHA
              F1            F2            F3            F4            F5
              ________      ________      ________      ________      ________
                  0             0             0             0             0


           ALPHA
              F6            F7            F8            F9            F10
              ________      ________      ________      ________      ________
                  0             0             0             0             0


           ALPHA
              F11           F12
              ________      ________
                  0             0


           BETA
              F1            F2            F3            F4            F5
              ________      ________      ________      ________      ________
 F1                 0             0             0             0             0
 F2                 0             0             0             0             0
 F3                 0             0             0             0             0
 F4                 0             0             0             0             0
 F5                 0             0             0             0             0
 F6                 0             0             0             0             0
 F7                 0             0             0             0             0
 F8                 0             0             0             0            87
 F9                 0             0             0             0            90
 F10                0            91            92            93             0
 F11                0            94             0            95             0
 F12               97             0             0             0             0


           BETA
              F6            F7            F8            F9            F10
              ________      ________      ________      ________      ________
 F1                 0             0             0             0             0
 F2                 0             0             0             0             0
 F3                 0             0             0             0             0
 F4                 0             0             0             0             0
 F5                 0             0             0             0             0
 F6                 0             0             0             0             0
 F7                 0             0             0             0             0
 F8                88            89             0             0             0
 F9                 0             0             0             0             0
 F10                0             0             0             0             0
 F11                0             0             0             0            96
 F12                0             0            98            99           100


           BETA
              F11           F12
              ________      ________
 F1                 0             0
 F2                 0             0
 F3                 0             0
 F4                 0             0
 F5                 0             0
 F6                 0             0
 F7                 0             0
 F8                 0             0
 F9                 0             0
 F10                0             0
 F11                0             0
 F12              101             0


           PSI
              F1            F2            F3            F4            F5
              ________      ________      ________      ________      ________
 F1               102
 F2               103           104
 F3               105           106           107
 F4               108           109           110           111
 F5               112           113           114           115           116
 F6               117           118           119           120           121
 F7               123           124           125           126           127
 F8                 0             0             0             0             0
 F9                 0             0             0             0             0
 F10                0             0             0             0             0
 F11                0             0             0             0             0
 F12                0             0             0             0             0


           PSI
              F6            F7            F8            F9            F10
              ________      ________      ________      ________      ________
 F6               122
 F7               128           129
 F8                 0             0           130
 F9                 0             0             0           131
 F10                0             0             0             0           132
 F11                0             0             0             0             0
 F12                0             0             0             0             0


           PSI
              F11           F12
              ________      ________
 F11              133
 F12                0           134


     STARTING VALUES


           NU
              ROLEA1        ROLEA2        ROLEC1        ROLEC2        WORK1
              ________      ________      ________      ________      ________
                2.401         2.086         3.015         3.018         3.240


           NU
              WORK2         CCLIM1        CCLIM2        CCLIM3        CCLIM4
              ________      ________      ________      ________      ________
                2.243         2.964         2.723         2.928         3.053


           NU
              DEC1          DEC2          SSUP1         SSUP2         PSUP1
              ________      ________      ________      ________      ________
                4.039         4.242         4.299         4.370         4.571


           NU
              PSUP2         SELF1         SELF2         SELF3         ELC1
              ________      ________      ________      ________      ________
                4.621         3.603         3.613         3.483         2.918


           NU
              ELC2          ELC3          ELC4          ELC5          EE1
              ________      ________      ________      ________      ________
                3.008         2.801         2.200         2.483         3.855


           NU
              EE2           EE3           DP1           DP2           PA1
              ________      ________      ________      ________      ________
                3.530         3.165         2.319         2.086         5.748


           NU
              PA2           PA3
              ________      ________
                5.850         5.815


           LAMBDA
              F1            F2            F3            F4            F5
              ________      ________      ________      ________      ________
 ROLEA1         1.000         0.000         0.000         0.000         0.000
 ROLEA2         1.000         0.000         0.000         0.000         0.000
 ROLEC1         0.000         1.000         0.000         0.000         0.000
 ROLEC2         0.000         1.000         0.000         0.000         0.000
 WORK1          0.000         0.000         1.000         0.000         0.000
 WORK2          0.000         0.000         1.000         0.000         0.000
 CCLIM1         0.000         0.000         0.000         1.000         0.000
 CCLIM2         0.000         0.000         0.000         1.000         0.000
 CCLIM3         0.000         0.000         0.000         1.000         0.000
 CCLIM4         0.000         0.000         0.000         1.000         0.000
 DEC1           0.000         0.000         0.000         0.000         1.000
 DEC2           1.000         0.000         0.000         0.000         1.000
 SSUP1          0.000         0.000         0.000         0.000         0.000
 SSUP2          0.000         0.000         0.000         0.000         0.000
 PSUP1          0.000         0.000         0.000         0.000         0.000
 PSUP2          0.000         0.000         0.000         0.000         0.000
 SELF1          0.000         0.000         0.000         0.000         0.000
 SELF2          0.000         0.000         0.000         0.000         0.000
 SELF3          0.000         0.000         0.000         0.000         0.000
 ELC1           0.000         0.000         0.000         0.000         0.000
 ELC2           0.000         0.000         0.000         0.000         0.000
 ELC3           0.000         0.000         0.000         0.000         0.000
 ELC4           0.000         0.000         0.000         0.000         0.000
 ELC5           0.000         0.000         0.000         0.000         0.000
 EE1            0.000         0.000         0.000         0.000         0.000
 EE2            0.000         0.000         0.000         0.000         0.000
 EE3            0.000         0.000         0.000         0.000         0.000
 DP1            0.000         0.000         0.000         0.000         0.000
 DP2            0.000         0.000         0.000         0.000         0.000
 PA1            0.000         0.000         0.000         0.000         0.000
 PA2            0.000         0.000         0.000         0.000         0.000
 PA3            0.000         0.000         0.000         0.000         0.000


           LAMBDA
              F6            F7            F8            F9            F10
              ________      ________      ________      ________      ________
 ROLEA1         0.000         0.000         0.000         0.000         0.000
 ROLEA2         0.000         0.000         0.000         0.000         0.000
 ROLEC1         0.000         0.000         0.000         0.000         0.000
 ROLEC2         0.000         0.000         0.000         0.000         0.000
 WORK1          0.000         0.000         0.000         0.000         0.000
 WORK2          0.000         0.000         0.000         0.000         0.000
 CCLIM1         0.000         0.000         0.000         0.000         0.000
 CCLIM2         0.000         0.000         0.000         0.000         0.000
 CCLIM3         0.000         0.000         0.000         0.000         0.000
 CCLIM4         0.000         0.000         0.000         0.000         0.000
 DEC1           0.000         0.000         0.000         0.000         0.000
 DEC2           1.000         0.000         0.000         0.000         0.000
 SSUP1          1.000         0.000         0.000         0.000         0.000
 SSUP2          1.000         0.000         0.000         0.000         0.000
 PSUP1          0.000         1.000         0.000         0.000         0.000
 PSUP2          0.000         1.000         0.000         0.000         0.000
 SELF1          0.000         0.000         1.000         0.000         0.000
 SELF2          0.000         0.000         1.000         0.000         0.000
 SELF3          0.000         0.000         1.000         0.000         0.000
 ELC1           0.000         0.000         0.000         1.000         0.000
 ELC2           0.000         0.000         0.000         1.000         0.000
 ELC3           0.000         0.000         0.000         1.000         0.000
 ELC4           0.000         0.000         0.000         1.000         0.000
 ELC5           0.000         0.000         0.000         1.000         0.000
 EE1            0.000         0.000         0.000         0.000         1.000
 EE2            0.000         0.000         0.000         0.000         1.000
 EE3            0.000         0.000         0.000         0.000         1.000
 DP1            0.000         0.000         0.000         0.000         0.000
 DP2            0.000         0.000         0.000         0.000         0.000
 PA1            0.000         0.000         0.000         0.000         0.000
 PA2            0.000         0.000         0.000         0.000         0.000
 PA3            0.000         0.000         0.000         0.000         0.000


           LAMBDA
              F11           F12
              ________      ________
 ROLEA1         0.000         0.000
 ROLEA2         0.000         0.000
 ROLEC1         0.000         0.000
 ROLEC2         0.000         0.000
 WORK1          0.000         0.000
 WORK2          0.000         0.000
 CCLIM1         0.000         0.000
 CCLIM2         0.000         0.000
 CCLIM3         0.000         0.000
 CCLIM4         0.000         0.000
 DEC1           0.000         0.000
 DEC2           0.000         0.000
 SSUP1          0.000         0.000
 SSUP2          0.000         0.000
 PSUP1          0.000         0.000
 PSUP2          0.000         0.000
 SELF1          0.000         0.000
 SELF2          0.000         0.000
 SELF3          0.000         0.000
 ELC1           0.000         0.000
 ELC2           0.000         0.000
 ELC3           0.000         0.000
 ELC4           0.000         0.000
 ELC5           0.000         0.000
 EE1            0.000         0.000
 EE2            0.000         0.000
 EE3            0.000         0.000
 DP1            1.000         0.000
 DP2            1.000         0.000
 PA1            0.000         1.000
 PA2            0.000         1.000
 PA3            0.000         1.000


           THETA
              ROLEA1        ROLEA2        ROLEC1        ROLEC2        WORK1
              ________      ________      ________      ________      ________
 ROLEA1         0.417
 ROLEA2         0.000         0.473
 ROLEC1         0.000         0.000         0.606
 ROLEC2         0.000         0.000         0.000         0.762
 WORK1          0.000         0.000         0.000         0.000         0.721
 WORK2          0.000         0.000         0.000         0.000         0.000
 CCLIM1         0.000         0.000         0.000         0.000         0.000
 CCLIM2         0.000         0.000         0.000         0.000         0.000
 CCLIM3         0.000         0.000         0.000         0.000         0.000
 CCLIM4         0.000         0.000         0.000         0.000         0.000
 DEC1           0.000         0.000         0.000         0.000         0.000
 DEC2           0.000         0.000         0.000         0.000         0.000
 SSUP1          0.000         0.000         0.000         0.000         0.000
 SSUP2          0.000         0.000         0.000         0.000         0.000
 PSUP1          0.000         0.000         0.000         0.000         0.000
 PSUP2          0.000         0.000         0.000         0.000         0.000
 SELF1          0.000         0.000         0.000         0.000         0.000
 SELF2          0.000         0.000         0.000         0.000         0.000
 SELF3          0.000         0.000         0.000         0.000         0.000
 ELC1           0.000         0.000         0.000         0.000         0.000
 ELC2           0.000         0.000         0.000         0.000         0.000
 ELC3           0.000         0.000         0.000         0.000         0.000
 ELC4           0.000         0.000         0.000         0.000         0.000
 ELC5           0.000         0.000         0.000         0.000         0.000
 EE1            0.000         0.000         0.000         0.000         0.000
 EE2            0.000         0.000         0.000         0.000         0.000
 EE3            0.000         0.000         0.000         0.000         0.000
 DP1            0.000         0.000         0.000         0.000         0.000
 DP2            0.000         0.000         0.000         0.000         0.000
 PA1            0.000         0.000         0.000         0.000         0.000
 PA2            0.000         0.000         0.000         0.000         0.000
 PA3            0.000         0.000         0.000         0.000         0.000


           THETA
              WORK2         CCLIM1        CCLIM2        CCLIM3        CCLIM4
              ________      ________      ________      ________      ________
 WORK2          0.593
 CCLIM1         0.000         0.146
 CCLIM2         0.000         0.000         0.197
 CCLIM3         0.000         0.000         0.000         0.122
 CCLIM4         0.000         0.000         0.000         0.000         0.268
 DEC1           0.000         0.000         0.000         0.000         0.000
 DEC2           0.000         0.000         0.000         0.000         0.000
 SSUP1          0.000         0.000         0.000         0.000         0.000
 SSUP2          0.000         0.000         0.000         0.000         0.000
 PSUP1          0.000         0.000         0.000         0.000         0.000
 PSUP2          0.000         0.000         0.000         0.000         0.000
 SELF1          0.000         0.000         0.000         0.000         0.000
 SELF2          0.000         0.000         0.000         0.000         0.000
 SELF3          0.000         0.000         0.000         0.000         0.000
 ELC1           0.000         0.000         0.000         0.000         0.000
 ELC2           0.000         0.000         0.000         0.000         0.000
 ELC3           0.000         0.000         0.000         0.000         0.000
 ELC4           0.000         0.000         0.000         0.000         0.000
 ELC5           0.000         0.000         0.000         0.000         0.000
 EE1            0.000         0.000         0.000         0.000         0.000
 EE2            0.000         0.000         0.000         0.000         0.000
 EE3            0.000         0.000         0.000         0.000         0.000
 DP1            0.000         0.000         0.000         0.000         0.000
 DP2            0.000         0.000         0.000         0.000         0.000
 PA1            0.000         0.000         0.000         0.000         0.000
 PA2            0.000         0.000         0.000         0.000         0.000
 PA3            0.000         0.000         0.000         0.000         0.000


           THETA
              DEC1          DEC2          SSUP1         SSUP2         PSUP1
              ________      ________      ________      ________      ________
 DEC1           0.509
 DEC2           0.000         0.881
 SSUP1          0.000         0.000         0.774
 SSUP2          0.000         0.000         0.000         0.794
 PSUP1          0.000         0.000         0.000         0.000         0.465
 PSUP2          0.000         0.000         0.000         0.000         0.000
 SELF1          0.000         0.000         0.000         0.000         0.000
 SELF2          0.000         0.000         0.000         0.000         0.000
 SELF3          0.000         0.000         0.000         0.000         0.000
 ELC1           0.000         0.000         0.000         0.000         0.000
 ELC2           0.000         0.000         0.000         0.000         0.000
 ELC3           0.000         0.000         0.000         0.000         0.000
 ELC4           0.000         0.000         0.000         0.000         0.000
 ELC5           0.000         0.000         0.000         0.000         0.000
 EE1            0.000         0.000         0.000         0.000         0.000
 EE2            0.000         0.000         0.000         0.000         0.000
 EE3            0.000         0.000         0.000         0.000         0.000
 DP1            0.000         0.000         0.000         0.000         0.000
 DP2            0.000         0.000         0.000         0.000         0.000
 PA1            0.000         0.000         0.000         0.000         0.000
 PA2            0.000         0.000         0.000         0.000         0.000
 PA3            0.000         0.000         0.000         0.000         0.000


           THETA
              PSUP2         SELF1         SELF2         SELF3         ELC1
              ________      ________      ________      ________      ________
 PSUP2          0.428
 SELF1          0.000         0.099
 SELF2          0.000         0.000         0.127
 SELF3          0.000         0.000         0.000         0.148
 ELC1           0.000         0.000         0.000         0.000         0.194
 ELC2           0.000         0.000         0.000         0.000         0.000
 ELC3           0.000         0.000         0.000         0.000         0.000
 ELC4           0.000         0.000         0.000         0.000         0.000
 ELC5           0.000         0.000         0.000         0.000         0.000
 EE1            0.000         0.000         0.000         0.000         0.000
 EE2            0.000         0.000         0.000         0.000         0.000
 EE3            0.000         0.000         0.000         0.000         0.000
 DP1            0.000         0.000         0.000         0.000         0.000
 DP2            0.000         0.000         0.000         0.000         0.000
 PA1            0.000         0.000         0.000         0.000         0.000
 PA2            0.000         0.000         0.000         0.000         0.000
 PA3            0.000         0.000         0.000         0.000         0.000


           THETA
              ELC2          ELC3          ELC4          ELC5          EE1
              ________      ________      ________      ________      ________
 ELC2           0.196
 ELC3           0.000         0.150
 ELC4           0.000         0.000         0.183
 ELC5           0.000         0.000         0.000         0.208
 EE1            0.000         0.000         0.000         0.000         0.857
 EE2            0.000         0.000         0.000         0.000         0.000
 EE3            0.000         0.000         0.000         0.000         0.000
 DP1            0.000         0.000         0.000         0.000         0.000
 DP2            0.000         0.000         0.000         0.000         0.000
 PA1            0.000         0.000         0.000         0.000         0.000
 PA2            0.000         0.000         0.000         0.000         0.000
 PA3            0.000         0.000         0.000         0.000         0.000


           THETA
              EE2           EE3           DP1           DP2           PA1
              ________      ________      ________      ________      ________
 EE2            0.790
 EE3            0.000         0.841
 DP1            0.000         0.000         0.599
 DP2            0.000         0.000         0.000         0.698
 PA1            0.000         0.000         0.000         0.000         0.416
 PA2            0.000         0.000         0.000         0.000         0.000
 PA3            0.000         0.000         0.000         0.000         0.000


           THETA
              PA2           PA3
              ________      ________
 PA2            0.463
 PA3            0.000         0.464


           ALPHA
              F1            F2            F3            F4            F5
              ________      ________      ________      ________      ________
                0.000         0.000         0.000         0.000         0.000


           ALPHA
              F6            F7            F8            F9            F10
              ________      ________      ________      ________      ________
                0.000         0.000         0.000         0.000         0.000


           ALPHA
              F11           F12
              ________      ________
                0.000         0.000


           BETA
              F1            F2            F3            F4            F5
              ________      ________      ________      ________      ________
 F1             0.000         0.000         0.000         0.000         0.000
 F2             0.000         0.000         0.000         0.000         0.000
 F3             0.000         0.000         0.000         0.000         0.000
 F4             0.000         0.000         0.000         0.000         0.000
 F5             0.000         0.000         0.000         0.000         0.000
 F6             0.000         0.000         0.000         0.000         0.000
 F7             0.000         0.000         0.000         0.000         0.000
 F8             0.000         0.000         0.000         0.000         0.000
 F9             0.000         0.000         0.000         0.000         0.000
 F10            0.000         0.000         0.000         0.000         0.000
 F11            0.000         0.000         0.000         0.000         0.000
 F12            0.000         0.000         0.000         0.000         0.000


           BETA
              F6            F7            F8            F9            F10
              ________      ________      ________      ________      ________
 F1             0.000         0.000         0.000         0.000         0.000
 F2             0.000         0.000         0.000         0.000         0.000
 F3             0.000         0.000         0.000         0.000         0.000
 F4             0.000         0.000         0.000         0.000         0.000
 F5             0.000         0.000         0.000         0.000         0.000
 F6             0.000         0.000         0.000         0.000         0.000
 F7             0.000         0.000         0.000         0.000         0.000
 F8             0.000         0.000         0.000         0.000         0.000
 F9             0.000         0.000         0.000         0.000         0.000
 F10            0.000         0.000         0.000         0.000         0.000
 F11            0.000         0.000         0.000         0.000         0.000
 F12            0.000         0.000         0.000         0.000         0.000


           BETA
              F11           F12
              ________      ________
 F1             0.000         0.000
 F2             0.000         0.000
 F3             0.000         0.000
 F4             0.000         0.000
 F5             0.000         0.000
 F6             0.000         0.000
 F7             0.000         0.000
 F8             0.000         0.000
 F9             0.000         0.000
 F10            0.000         0.000
 F11            0.000         0.000
 F12            0.000         0.000


           PSI
              F1            F2            F3            F4            F5
              ________      ________      ________      ________      ________
 F1             0.050
 F2             0.000         0.050
 F3             0.000         0.000         0.050
 F4             0.000         0.000         0.000         0.050
 F5             0.000         0.000         0.000         0.000         0.050
 F6             0.000         0.000         0.000         0.000         0.000
 F7             0.000         0.000         0.000         0.000         0.000
 F8             0.000         0.000         0.000         0.000         0.000
 F9             0.000         0.000         0.000         0.000         0.000
 F10            0.000         0.000         0.000         0.000         0.000
 F11            0.000         0.000         0.000         0.000         0.000
 F12            0.000         0.000         0.000         0.000         0.000


           PSI
              F6            F7            F8            F9            F10
              ________      ________      ________      ________      ________
 F6             0.050
 F7             0.000         0.050
 F8             0.000         0.000         0.050
 F9             0.000         0.000         0.000         0.050
 F10            0.000         0.000         0.000         0.000         0.050
 F11            0.000         0.000         0.000         0.000         0.000
 F12            0.000         0.000         0.000         0.000         0.000


           PSI
              F11           F12
              ________      ________
 F11            0.050
 F12            0.000         0.050


DIAGRAM INFORMATION

  Use View Diagram under the Diagram menu in the Mplus Editor to view the diagram.
  If running Mplus from the Mplus Diagrammer, the diagram opens automatically.

  Diagram output
    h:\sem ta lab & lecture 2019\3.19.19 power and full sems\full sem 3.26.2.dgm

     Beginning Time:  13:42:55
        Ending Time:  13:42:59
       Elapsed Time:  00:00:04



MUTHEN & MUTHEN
3463 Stoner Ave.
Los Angeles, CA  90066

Tel: (310) 391-9971
Fax: (310) 391-8971
Web: www.StatModel.com
Support: Support@StatModel.com

Copyright (c) 1998-2018 Muthen & Muthen
