Mplus VERSION 8.2
MUTHEN & MUTHEN
03/19/2019   1:49 PM

INPUT INSTRUCTIONS

  TITLE: Full SEM Model 3 of Burnout for Secondary Teachers;

  DATA: file=allsecondary.dat;
        format = free;

  variable:
  names = rolea1 rolea2 rolec1 rolec2 work1 work2 cclim1 cclim2 cclim3
  cclim4 dec1 dec2 ssup1 ssup2 psup1 psup2 self1 self2 self3 elc1
  elc2 elc3 elc4 elc5 ee1 ee2 ee3 dp1 dp2 pa1 pa2 pa3;
  usevariables = rolea1-pa3;

  Analysis:
  estimator = MLM; !due to non-normality

  Model:

  !measurement model
  !added cross-loading indicators
  F1 by rolea1-rolea2 dec2; !role ambiguity
  F2 by rolec1-rolec2; !role conflict
  F3 by work1-work2; !work overload
  F4 by cclim1-cclim4; !classroom climate
  F5 by dec1-dec2; !decision-making
  F6 by ssup1-ssup2 dec2; !superior support
  F7 by psup1-psup2; !peer support
  F8 by self1-self3; !self-esteem
  F9 by elc1-elc5; !external loc. of control
  F10 by ee1-ee3; !emotional exhaustion
  F11 by dp1-dp2; !depersonalization
  F12 by pa1-pa3; !personal accomplishment

  !structural model
  !freely estimate F11 on F4
  !freely estimate F12 on F5
  F8 on F5 F6 F7;
  F9 on F5;
  F10 on F2 F3 F4;
  F11 on F2 F10 F4;
  F12 on F1 F8 F9 F10 F11 F5;

  Output: modindices; tech1;



INPUT READING TERMINATED NORMALLY



Full SEM Model 3 of Burnout for Secondary Teachers;

SUMMARY OF ANALYSIS

Number of groups                                                 1
Number of observations                                        1430

Number of dependent variables                                   32
Number of independent variables                                  0
Number of continuous latent variables                           12

Observed dependent variables

  Continuous
   ROLEA1      ROLEA2      ROLEC1      ROLEC2      WORK1       WORK2
   CCLIM1      CCLIM2      CCLIM3      CCLIM4      DEC1        DEC2
   SSUP1       SSUP2       PSUP1       PSUP2       SELF1       SELF2
   SELF3       ELC1        ELC2        ELC3        ELC4        ELC5
   EE1         EE2         EE3         DP1         DP2         PA1
   PA2         PA3

Continuous latent variables
   F1          F2          F3          F4          F5          F6
   F7          F8          F9          F10         F11         F12


Estimator                                                      MLM
Information matrix                                        EXPECTED
Maximum number of iterations                                  1000
Convergence criterion                                    0.500D-04
Maximum number of steepest descent iterations                   20

Input data file(s)
  allsecondary.dat

Input data format  FREE



UNIVARIATE SAMPLE STATISTICS


     UNIVARIATE HIGHER-ORDER MOMENT DESCRIPTIVE STATISTICS

         Variable/         Mean/     Skewness/   Minimum/ % with                Percentiles
        Sample Size      Variance    Kurtosis    Maximum  Min/Max      20%/60%    40%/80%    Median

     ROLEA1                2.401       0.646       1.000    7.48%       1.670      2.000      2.330
            1430.000       0.835       0.425       6.000    0.21%       2.670      3.000
     ROLEA2                2.086       1.203       1.000   19.16%       1.500      1.500      2.000
            1430.000       0.945       1.454       6.000    0.28%       2.000      3.000
     ROLEC1                3.015       0.243       1.000    3.71%       2.000      2.670      3.000
            1430.000       1.213      -0.456       6.000    0.84%       3.330      4.000
     ROLEC2                3.018       0.399       1.000    6.92%       2.000      2.500      3.000
            1430.000       1.523      -0.429       6.000    2.31%       3.500      4.000
     WORK1                 3.240       0.151       1.000    3.64%       2.000      3.000      3.330
            1430.000       1.443      -0.666       6.000    1.40%       3.670      4.330
     WORK2                 2.243       0.920       1.000   21.12%       1.000      2.000      2.000
            1430.000       1.186       0.516       6.000    0.63%       2.500      3.000
     CCLIM1                2.964      -0.299       1.000    0.28%       2.670      3.000      3.000
            1430.000       0.292       0.063       4.000    4.55%       3.000      3.330
     CCLIM2                2.723      -0.349       1.000    1.19%       2.330      2.670      2.670
            1430.000       0.395      -0.220       4.000    1.82%       3.000      3.330
     CCLIM3                2.928      -0.191       1.000    0.35%       2.670      2.670      3.000
            1430.000       0.243       0.500       4.000    3.57%       3.000      3.330
     CCLIM4                3.053      -0.620       1.000    2.24%       2.500      3.000      3.000
            1430.000       0.535      -0.044       4.000   19.09%       3.500      3.500
     DEC1                  4.039      -0.526       1.000    0.84%       3.330      4.000      4.000
            1430.000       1.019       0.144       6.000    1.82%       4.330      5.000
     DEC2                  4.242      -0.641       1.000    3.01%       3.000      4.000      4.500
            1430.000       1.763      -0.381       6.000   11.82%       5.000      5.500
     SSUP1                 4.299      -0.708       1.000    1.89%       3.330      4.100      4.330
            1430.000       1.548      -0.064       6.000    9.09%       4.670      5.330
     SSUP2                 4.370      -0.803       1.000    2.87%       3.500      4.500      4.500
            1430.000       1.588       0.089       6.000   13.43%       5.000      5.500
     PSUP1                 4.571      -0.739       1.000    0.35%       3.670      4.330      4.670
            1430.000       0.931       0.507       6.000    7.97%       5.000      5.330
     PSUP2                 4.621      -0.722       1.000    0.35%       4.000      4.500      4.500
            1430.000       0.857       0.647       6.000   10.77%       5.000      5.500
     SELF1                 3.603      -1.470       1.000    0.21%       3.330      3.670      3.670
            1430.000       0.198       3.470       4.000   39.51%       3.670      4.000
     SELF2                 3.613      -1.585       1.000    0.21%       3.250      3.750      3.750
            1430.000       0.254       2.682       4.000   45.52%       4.000      4.000
     SELF3                 3.483      -1.218       1.000    0.28%       3.000      3.330      3.670
            1430.000       0.296       1.596       4.000   34.34%       3.670      4.000
     ELC1                  2.918      -0.056       1.000    0.35%       2.400      2.800      3.000
            1430.000       0.389       0.042       4.800    0.14%       3.000      3.400
     ELC2                  3.008       0.017       1.000    0.28%       2.500      2.750      3.000
            1430.000       0.393       0.083       5.000    0.28%       3.250      3.500
     ELC3                  2.801      -0.076       1.000    0.21%       2.400      2.600      2.800
            1430.000       0.300       0.242       4.800    0.07%       3.000      3.200
     ELC4                  2.200       0.342       1.000    2.94%       1.750      2.000      2.250
            1430.000       0.366      -0.001       4.500    0.07%       2.250      2.750
     ELC5                  2.483       0.079       1.000    1.47%       2.000      2.400      2.400
            1430.000       0.415      -0.245       4.800    0.07%       2.600      3.000
     EE1                   3.855       0.062       1.000    0.70%       2.670      3.330      4.000
            1430.000       1.714      -0.578       7.000    1.05%       4.330      5.000
     EE2                   3.530       0.369       1.000    0.91%       2.330      3.000      3.330
            1430.000       1.580      -0.323       7.000    0.63%       3.670      4.670
     EE3                   3.165       0.596       1.000    2.10%       2.000      2.670      3.000
            1430.000       1.683      -0.242       7.000    0.28%       3.330      4.330
     DP1                   2.319       1.160       1.000   10.63%       1.330      1.670      2.000
            1430.000       1.198       1.348       6.670    0.21%       2.330      3.000
     DP2                   2.086       1.439       1.000   28.39%       1.000      1.500      1.500
            1430.000       1.396       1.957       7.000    0.21%       2.000      3.000
     PA1                   5.748      -0.813       2.000    0.07%       5.000      5.670      6.000
            1430.000       0.833       0.405       7.000    9.51%       6.000      6.670
     PA2                   5.850      -0.886       2.000    0.14%       5.000      6.000      6.000
            1430.000       0.927       0.385       7.000   17.97%       6.500      6.500
     PA3                   5.815      -0.836       2.000    0.14%       5.000      5.670      6.000
            1430.000       0.929       0.337       7.000   14.76%       6.330      6.670


THE MODEL ESTIMATION TERMINATED NORMALLY

     WARNING:  THE LATENT VARIABLE COVARIANCE MATRIX (PSI) IS NOT POSITIVE
     DEFINITE.  THIS COULD INDICATE A NEGATIVE VARIANCE/RESIDUAL VARIANCE FOR A
     LATENT VARIABLE, A CORRELATION GREATER OR EQUAL TO ONE BETWEEN TWO LATENT
     VARIABLES, OR A LINEAR DEPENDENCY AMONG MORE THAN TWO LATENT VARIABLES.
     CHECK THE TECH4 OUTPUT FOR MORE INFORMATION.
     PROBLEM INVOLVING VARIABLE F10.
!still getting this warning...



MODEL FIT INFORMATION

Number of Free Parameters                      135

Loglikelihood

          H0 Value                      -47157.067
          H1 Value                      -46371.583

Information Criteria

          Akaike (AIC)                   94584.133
          Bayesian (BIC)                 95294.966
          Sample-Size Adjusted BIC       94866.118
            (n* = (n + 2) / 24)

Chi-Square Test of Model Fit

          Value                           1406.517*
          Degrees of Freedom                   425
          P-Value                           0.0000
          Scaling Correction Factor         1.1169
            for MLM

*   The chi-square value for MLM, MLMV, MLR, ULSMV, WLSM and WLSMV cannot be used
    for chi-square difference testing in the regular way.  MLM, MLR and WLSM
    chi-square difference testing is described on the Mplus website.  MLMV, WLSMV,
    and ULSMV difference testing is done using the DIFFTEST option.

RMSEA (Root Mean Square Error Of Approximation)

          Estimate                           0.040
          90 Percent C.I.                    0.038  0.043
          Probability RMSEA <= .05           1.000

CFI/TLI

          CFI                                0.952
          TLI                                0.944

Chi-Square Test of Model Fit for the Baseline Model

          Value                          20859.447
          Degrees of Freedom                   496
          P-Value                           0.0000

SRMR (Standardized Root Mean Square Residual)

          Value                              0.044

!again, slight improvement in model fit

MODEL RESULTS

                                                    Two-Tailed
                    Estimate       S.E.  Est./S.E.    P-Value

 F1       BY
    ROLEA1             1.000      0.000    999.000    999.000
    ROLEA2             1.237      0.053     23.182      0.000
    DEC2               0.287      0.085      3.395      0.001

 F2       BY
    ROLEC1             1.000      0.000    999.000    999.000
    ROLEC2             1.309      0.050     26.132      0.000

 F3       BY
    WORK1              1.000      0.000    999.000    999.000
    WORK2              0.747      0.031     24.096      0.000

 F4       BY
    CCLIM1             1.000      0.000    999.000    999.000
    CCLIM2             1.486      0.072     20.563      0.000
    CCLIM3             0.964      0.053     18.201      0.000
    CCLIM4             1.329      0.075     17.628      0.000

 F5       BY
    DEC1               1.000      0.000    999.000    999.000
    DEC2               0.479      0.103      4.653      0.000

 F6       BY
    SSUP1              1.000      0.000    999.000    999.000
    SSUP2              1.099      0.024     45.119      0.000
    DEC2               0.842      0.047     17.786      0.000

 F7       BY
    PSUP1              1.000      0.000    999.000    999.000
    PSUP2              1.088      0.044     24.484      0.000

 F8       BY
    SELF1              1.000      0.000    999.000    999.000
    SELF2              1.277      0.041     31.401      0.000
    SELF3              1.356      0.051     26.674      0.000

 F9       BY
    ELC1               1.000      0.000    999.000    999.000
    ELC2               0.848      0.040     21.245      0.000
    ELC3               0.945      0.039     24.114      0.000
    ELC4               0.906      0.043     20.992      0.000
    ELC5               1.111      0.046     23.945      0.000

 F10      BY
    EE1                1.000      0.000    999.000    999.000
    EE2                1.020      0.019     55.107      0.000
    EE3                0.969      0.021     45.396      0.000

 F11      BY
    DP1                1.000      0.000    999.000    999.000
    DP2                0.894      0.039     23.003      0.000

 F12      BY
    PA1                1.000      0.000    999.000    999.000
    PA2                1.028      0.036     28.870      0.000
    PA3                0.957      0.037     25.597      0.000

 F8       ON
    F5                 0.473      0.050      9.432      0.000
    F6                -0.157      0.025     -6.363      0.000
    F7                -0.061      0.028     -2.197      0.028

 F9       ON
    F5                -0.288      0.021    -13.722      0.000

 F10      ON
    F2                -6.345      3.394     -1.870      0.062
!this path still non-sig but trending in right direction
    F3                 6.113      2.871      2.130      0.033
!note now this path is significant
    F4                -0.576      0.488     -1.181      0.237
!still non-sig

 F11      ON
    F2                 0.176      0.046      3.779      0.000
    F10                0.300      0.031      9.611      0.000
    F4                -0.963      0.100     -9.599      0.000

 F12      ON
    F1                 0.333      0.085      3.917      0.000
 !note now this path is significant
    F8                 0.469      0.085      5.488      0.000
    F9                -0.153      0.053     -2.919      0.004
    F10                0.025      0.028      0.887      0.375
    F11               -0.200      0.030     -6.575      0.000
    F5                 0.504      0.083      6.054      0.000

 F2       WITH
    F1                 0.365      0.023     15.617      0.000

 F3       WITH
    F1                 0.423      0.026     16.494      0.000
    F2                 0.668      0.033     20.371      0.000

 F4       WITH
    F1                -0.063      0.008     -8.131      0.000
    F2                -0.080      0.010     -8.023      0.000
    F3                -0.095      0.012     -7.715      0.000

 F5       WITH
    F1                -0.374      0.024    -15.621      0.000
    F2                -0.396      0.026    -15.090      0.000
    F3                -0.485      0.029    -16.845      0.000
    F4                 0.104      0.010     10.210      0.000

 F6       WITH
    F1                -0.384      0.028    -13.587      0.000
    F2                -0.426      0.030    -14.241      0.000
    F3                -0.499      0.032    -15.454      0.000
    F4                 0.120      0.013      9.347      0.000
    F5                 0.613      0.035     17.552      0.000

 F7       WITH
    F1                -0.241      0.021    -11.701      0.000
    F2                -0.231      0.021    -10.768      0.000
    F3                -0.275      0.024    -11.454      0.000
    F4                 0.055      0.009      6.270      0.000
    F5                 0.377      0.026     14.355      0.000
    F6                 0.392      0.030     13.154      0.000

 Intercepts
    ROLEA1             2.401      0.024     99.362      0.000
    ROLEA2             2.086      0.026     81.108      0.000
    ROLEC1             3.015      0.029    103.524      0.000
    ROLEC2             3.018      0.033     92.468      0.000
    WORK1              3.240      0.032    101.996      0.000
    WORK2              2.243      0.029     77.885      0.000
    CCLIM1             2.964      0.014    207.379      0.000
    CCLIM2             2.723      0.017    163.890      0.000
    CCLIM3             2.928      0.013    224.532      0.000
    CCLIM4             3.053      0.019    157.758      0.000
    DEC1               4.039      0.027    151.305      0.000
    DEC2               4.242      0.035    120.842      0.000
    SSUP1              4.299      0.033    130.631      0.000
    SSUP2              4.370      0.033    131.136      0.000
    PSUP1              4.571      0.026    179.200      0.000
    PSUP2              4.621      0.024    188.754      0.000
    SELF1              3.603      0.012    306.319      0.000
    SELF2              3.613      0.013    271.109      0.000
    SELF3              3.483      0.014    241.972      0.000
    ELC1               2.918      0.016    176.985      0.000
    ELC2               3.008      0.017    181.556      0.000
    ELC3               2.801      0.014    193.300      0.000
    ELC4               2.200      0.016    137.503      0.000
    ELC5               2.483      0.017    145.731      0.000
    EE1                3.855      0.035    111.347      0.000
    EE2                3.530      0.033    106.201      0.000
    EE3                3.165      0.034     92.281      0.000
    DP1                2.319      0.029     80.113      0.000
    DP2                2.086      0.031     66.763      0.000
    PA1                5.748      0.024    238.172      0.000
    PA2                5.850      0.025    229.759      0.000
    PA3                5.815      0.025    228.188      0.000

 Variances
    F1                 0.409      0.031     13.291      0.000
    F2                 0.572      0.039     14.591      0.000
    F3                 0.805      0.044     18.167      0.000
    F4                 0.111      0.010     11.373      0.000
    F5                 0.506      0.035     14.318      0.000
    F6                 1.149      0.056     20.576      0.000
    F7                 0.590      0.041     14.487      0.000

 Residual Variances
    ROLEA1             0.426      0.023     18.310      0.000
    ROLEA2             0.320      0.025     12.569      0.000
    ROLEC1             0.641      0.027     23.632      0.000
    ROLEC2             0.543      0.035     15.558      0.000
    WORK1              0.638      0.028     23.091      0.000
    WORK2              0.738      0.033     22.112      0.000
    CCLIM1             0.181      0.007     24.492      0.000
    CCLIM2             0.150      0.010     15.628      0.000
    CCLIM3             0.140      0.007     19.547      0.000
    CCLIM4             0.339      0.015     22.490      0.000
    DEC1               0.513      0.024     21.723      0.000
    DEC2               0.592      0.032     18.789      0.000
    SSUP1              0.399      0.024     16.466      0.000
    SSUP2              0.199      0.021      9.347      0.000
    PSUP1              0.340      0.025     13.363      0.000
    PSUP2              0.159      0.026      6.183      0.000
    SELF1              0.082      0.005     17.617      0.000
    SELF2              0.065      0.005     13.703      0.000
    SELF3              0.083      0.006     13.783      0.000
    ELC1               0.204      0.010     21.468      0.000
    ELC2               0.260      0.010     25.214      0.000
    ELC3               0.135      0.007     18.558      0.000
    ELC4               0.214      0.010     22.363      0.000
    ELC5               0.187      0.009     19.963      0.000
    EE1                0.407      0.022     18.868      0.000
    EE2                0.221      0.018     12.382      0.000
    EE3                0.456      0.022     20.323      0.000
    DP1                0.256      0.041      6.307      0.000
    DP2                0.644      0.043     14.820      0.000
    PA1                0.264      0.020     13.381      0.000
    PA2                0.326      0.022     14.585      0.000
    PA3                0.407      0.023     17.571      0.000
    F8                 0.077      0.007     10.651      0.000
    F9                 0.143      0.011     13.405      0.000
    F10               -0.124      0.410     -0.303      0.762
!still neg., hence the warning remains
    F11                0.545      0.045     12.103      0.000
    F12                0.360      0.023     15.840      0.000


QUALITY OF NUMERICAL RESULTS

     Condition Number for the Information Matrix              0.529E-07
       (ratio of smallest to largest eigenvalue)


MODEL MODIFICATION INDICES

NOTE:  Modification indices for direct effects of observed dependent variables
regressed on covariates may not be included.  To include these, request
MODINDICES (ALL).

Minimum M.I. value for printing the modification index    10.000

                                   M.I.     E.P.C.  Std E.P.C.  StdYX E.P.C.

BY Statements

F1       BY ROLEC1                20.126     0.400      0.256        0.232
F1       BY WORK1                 19.979    -0.391     -0.250       -0.208
F1       BY CCLIM1                33.791    -0.142     -0.091       -0.169
F1       BY SSUP1                 21.727    -0.235     -0.150       -0.121
F1       BY SSUP2                 30.017     0.302      0.193        0.153
F1       BY ELC4                  10.633     0.090      0.058        0.095
F1       BY ELC5                  11.542     0.094      0.060        0.094
F1       BY EE2                   21.871    -0.180     -0.115       -0.091
F1       BY EE3                   47.818     0.297      0.190        0.146
F1       BY PA1                   27.079    -0.188     -0.120       -0.133
F1       BY PA2                   16.999     0.157      0.101        0.105
F2       BY WORK1                 12.905    -1.123     -0.849       -0.707
F2       BY WORK2                 12.904     0.838      0.634        0.582
F2       BY CCLIM1                57.864    -0.157     -0.118       -0.219
F2       BY CCLIM3                15.249     0.073      0.055        0.111
F2       BY SSUP1                 13.005    -0.141     -0.107       -0.086
F2       BY SSUP2                 10.354     0.131      0.099        0.079
F2       BY ELC5                  13.420     0.082      0.062        0.096
F2       BY EE2                   40.758    -0.241     -0.182       -0.145
F2       BY EE3                   43.145     0.272      0.206        0.159
F2       BY PA1                   24.263    -0.148     -0.112       -0.123
F2       BY PA2                   23.816     0.155      0.117        0.123
F3       BY CCLIM1                63.103    -0.136     -0.122       -0.225
F3       BY CCLIM3                16.279     0.062      0.056        0.113
F3       BY SSUP1                 17.947    -0.134     -0.120       -0.097
F3       BY SSUP2                 12.137     0.115      0.103        0.082
F3       BY ELC5                  15.188     0.072      0.065        0.100
F3       BY EE2                   38.695    -0.232     -0.208       -0.165
F3       BY EE3                   38.593     0.255      0.228        0.176
F3       BY PA1                   34.009    -0.148     -0.133       -0.147
F3       BY PA2                   27.509     0.141      0.126        0.132
F4       BY DEC1                  12.871    -0.349     -0.116       -0.115
F4       BY EE1                   11.743     0.267      0.089        0.068
F4       BY EE3                   47.436    -0.551     -0.183       -0.141
F5       BY ROLEC1                18.639    -0.300     -0.214       -0.194
F5       BY CCLIM1                47.760     0.155      0.110        0.204
F5       BY CCLIM3                12.420    -0.071     -0.051       -0.103
F5       BY SSUP1                 17.832     0.267      0.190        0.153
F5       BY SSUP2                 17.832    -0.294     -0.209       -0.166
F5       BY EE1                   11.358     0.141      0.100        0.077
F5       BY EE2                   10.077     0.121      0.086        0.069
F5       BY EE3                   53.582    -0.313     -0.223       -0.172
F5       BY PA1                   48.996     0.245      0.174        0.192
F5       BY PA2                   31.666    -0.207     -0.147       -0.154
F6       BY ROLEC1                14.637    -0.119     -0.127       -0.116
F6       BY CCLIM1                27.611     0.073      0.078        0.145
F6       BY DEC1                  24.851     0.353      0.378        0.375
F6       BY EE1                   17.081     0.090      0.097        0.074
F6       BY EE3                   30.425    -0.124     -0.133       -0.102
F6       BY PA1                   18.952     0.089      0.095        0.105
F6       BY PA2                   18.200    -0.092     -0.099       -0.103
F7       BY ROLEC1                13.026    -0.146     -0.112       -0.102
F7       BY CCLIM1                14.339     0.072      0.055        0.102
F7       BY EE3                   17.091    -0.131     -0.101       -0.077
F8       BY WORK1                 14.306     0.382      0.130        0.108
F8       BY DEC1                  53.285    -0.833     -0.284       -0.281
F8       BY ELC5                  17.720    -0.190     -0.065       -0.100
F8       BY EE1                   11.960     0.256      0.087        0.066
F8       BY EE3                   27.733    -0.399     -0.136       -0.105
F8       BY DP1                   12.921    -0.279     -0.095       -0.087
F8       BY PA1                   30.296     0.374      0.127        0.140
F8       BY PA2                   29.612    -0.390     -0.133       -0.139
F9       BY ROLEC1                16.552     0.282      0.121        0.110
F9       BY PA1                   11.296    -0.175     -0.075       -0.083
F9       BY PA2                   12.583     0.195      0.084        0.088
F10      BY WORK1                 11.224     0.190      0.217        0.180
F10      BY WORK2                 10.354    -0.136     -0.156       -0.143
F10      BY CCLIM1                40.001    -0.084     -0.096       -0.177
F10      BY CCLIM2                10.116     0.049      0.056        0.089
F10      BY DEC1                  31.811     0.210      0.241        0.238
F10      BY SSUP1                 17.256    -0.086     -0.099       -0.079
F10      BY PA1                   51.030    -0.142     -0.162       -0.179
F10      BY PA2                   17.986     0.089      0.101        0.106
F10      BY PA3                   11.390     0.072      0.082        0.086
F11      BY WORK1                 11.402    -0.126     -0.122       -0.102
F11      BY CCLIM1                13.752    -0.069     -0.067       -0.124
F11      BY DEC1                  19.075     0.131      0.127        0.126
F11      BY EE1                   18.575    -0.131     -0.127       -0.097
F11      BY EE3                   48.043     0.214      0.208        0.160
F12      BY WORK1                 14.907     0.169      0.126        0.105
F12      BY EE1                   43.367     0.226      0.169        0.129
F12      BY EE3                   37.088    -0.214     -0.160       -0.123

ON/BY Statements

F2       ON F8       /
F8       BY F2                    31.379     0.134      0.060        0.060
F2       ON F12      /
F12      BY F2                    12.903     0.054      0.053        0.053
F3       ON F8       /
F8       BY F3                    34.600    -0.172     -0.065       -0.065
F3       ON F10      /
F10      BY F3                    16.528     6.687      8.521        8.521
F4       ON F10      /
F10      BY F4                    18.475    -7.270    -24.960      -24.960
F4       ON F12      /
F12      BY F4                    12.264     0.082      0.184        0.184
F5       ON F10      /
F10      BY F5                    13.702     4.442      7.138        7.138
F6       ON F8       /
F8       BY F6                    24.132     2.126      0.675        0.675
F6       ON F9       /
F9       BY F6                    43.486     0.523      0.210        0.210
F7       ON F8       /
F8       BY F7                    20.215     2.436      1.079        1.079
F8       ON F1       /
F1       BY F8                    26.548     0.248      0.467        0.467
F8       ON F9       /
F9       BY F8                    20.217    -0.128     -0.162       -0.162
F8       ON F10      /
F10      BY F8                    31.309    -0.116     -0.389       -0.389
F8       ON F11      /
F11      BY F8                    26.731    -0.069     -0.197       -0.197
F8       ON F12      /
F12      BY F8                    35.425     0.295      0.647        0.647
F9       ON F1       /
F1       BY F9                    20.770     0.204      0.303        0.303
F9       ON F2       /
F2       BY F9                    37.015     0.191      0.336        0.336
!large MI and substantively meaningful - makes sense that role conflict
!would be associated with external locus of control
F9       ON F3       /
F3       BY F9                    32.286     0.154      0.321        0.321
F9       ON F6       /
F6       BY F9                    30.219     0.130      0.323        0.323
F9       ON F8       /
F8       BY F9                    35.670    -0.284     -0.225       -0.225
F10      ON F1       /
F1       BY F10                   12.331     1.816      1.016        1.016
F10      ON F5       /
F5       BY F10                   16.048    -1.647     -1.025       -1.025
F10      ON F8       /
F8       BY F10                   38.869    -1.021     -0.304       -0.304
!wrong causal direction so ignore
F10      ON F12      /
F12      BY F10                   10.236    -0.345     -0.226       -0.226
F11      ON F8       /
F8       BY F11                   19.309    -0.398     -0.140       -0.140
F12      ON F2       /
F2       BY F12                   15.947     0.272      0.275        0.275
F12      ON F3       /
F3       BY F12                   17.959     0.283      0.340        0.340

WITH Statements

WORK2    WITH WORK1               16.472     0.101      0.101        0.147
CCLIM1   WITH WORK1               14.268    -0.042     -0.042       -0.124
CCLIM3   WITH CCLIM2              12.767     0.029      0.029        0.200
DEC1     WITH WORK1               10.342    -0.063     -0.063       -0.110
DEC1     WITH WORK2               15.373     0.075      0.075        0.122
DEC2     WITH DEC1                18.425     0.078      0.078        0.142
SSUP1    WITH DEC2                19.605    -0.120     -0.120       -0.248
SSUP2    WITH DEC1                10.796    -0.049     -0.049       -0.152
SSUP2    WITH SSUP1               13.102     0.217      0.217        0.768
PSUP1    WITH DEC2                15.036    -0.061     -0.061       -0.136
PSUP1    WITH SSUP1               29.629     0.072      0.072        0.196
PSUP1    WITH SSUP2               10.552    -0.039     -0.039       -0.151
PSUP2    WITH SSUP1               24.653    -0.061     -0.061       -0.243
PSUP2    WITH SSUP2               21.404     0.053      0.053        0.301
PSUP2    WITH PSUP1               20.214     3.360      3.360       14.467
SELF3    WITH DEC1                11.320    -0.025     -0.025       -0.120
ELC1     WITH WORK2               16.650    -0.050     -0.050       -0.129
ELC2     WITH ELC1                37.352     0.049      0.049        0.211
ELC4     WITH WORK2               12.326     0.043      0.043        0.109
ELC5     WITH WORK2               14.336     0.046      0.046        0.123
ELC5     WITH ELC2                17.697    -0.034     -0.034       -0.155
EE1      WITH WORK1               71.919     0.153      0.153        0.299
EE1      WITH CCLIM1              12.589    -0.033     -0.033       -0.121
EE2      WITH WORK1               12.398    -0.056     -0.056       -0.150
EE2      WITH WORK2               11.860    -0.055     -0.055       -0.137
EE2      WITH EE1                 63.046     0.225      0.225        0.748
EE3      WITH ROLEC1              11.312     0.061      0.061        0.113
EE3      WITH CCLIM2              12.698    -0.036     -0.036       -0.136
EE3      WITH EE1                 41.048    -0.156     -0.156       -0.363
DP2      WITH ELC4                11.460    -0.041     -0.041       -0.111
PA1      WITH EE3                 17.861    -0.055     -0.055       -0.159
PA2      WITH ROLEC1              11.037     0.054      0.054        0.117
PA2      WITH SELF2               16.282    -0.024     -0.024       -0.165
PA3      WITH PA1                 30.116    -0.126     -0.126       -0.384
PA3      WITH PA2                 49.830     0.164      0.164        0.450
F8       WITH F2                  31.379     0.010      0.049        0.049
F8       WITH F3                  34.600    -0.013     -0.053       -0.053
F8       WITH F6                  24.132     0.165      0.552        0.552
F8       WITH F7                  20.215     0.189      0.882        0.882
F9       WITH F6                  43.486     0.075      0.184        0.184
F9       WITH F8                  20.217    -0.018     -0.174       -0.174
F10      WITH F3                  16.465    -0.828    999.000      999.000
F10      WITH F4                  18.482     0.901    999.000      999.000
F10      WITH F5                  13.708    -0.551    999.000      999.000
F10      WITH F8                  36.774    -0.077    999.000      999.000
F11      WITH F8                  20.067    -0.035     -0.172       -0.172
F12      WITH F1                  11.980    -0.063     -0.165       -0.165
F12      WITH F4                  10.085     0.026      0.131        0.131


TECHNICAL 1 OUTPUT


     PARAMETER SPECIFICATION


           NU
              ROLEA1        ROLEA2        ROLEC1        ROLEC2        WORK1
              ________      ________      ________      ________      ________
                  1             2             3             4             5


           NU
              WORK2         CCLIM1        CCLIM2        CCLIM3        CCLIM4
              ________      ________      ________      ________      ________
                  6             7             8             9            10


           NU
              DEC1          DEC2          SSUP1         SSUP2         PSUP1
              ________      ________      ________      ________      ________
                 11            12            13            14            15


           NU
              PSUP2         SELF1         SELF2         SELF3         ELC1
              ________      ________      ________      ________      ________
                 16            17            18            19            20


           NU
              ELC2          ELC3          ELC4          ELC5          EE1
              ________      ________      ________      ________      ________
                 21            22            23            24            25


           NU
              EE2           EE3           DP1           DP2           PA1
              ________      ________      ________      ________      ________
                 26            27            28            29            30


           NU
              PA2           PA3
              ________      ________
                 31            32


           LAMBDA
              F1            F2            F3            F4            F5
              ________      ________      ________      ________      ________
 ROLEA1             0             0             0             0             0
 ROLEA2            33             0             0             0             0
 ROLEC1             0             0             0             0             0
 ROLEC2             0            34             0             0             0
 WORK1              0             0             0             0             0
 WORK2              0             0            35             0             0
 CCLIM1             0             0             0             0             0
 CCLIM2             0             0             0            36             0
 CCLIM3             0             0             0            37             0
 CCLIM4             0             0             0            38             0
 DEC1               0             0             0             0             0
 DEC2              39             0             0             0            40
 SSUP1              0             0             0             0             0
 SSUP2              0             0             0             0             0
 PSUP1              0             0             0             0             0
 PSUP2              0             0             0             0             0
 SELF1              0             0             0             0             0
 SELF2              0             0             0             0             0
 SELF3              0             0             0             0             0
 ELC1               0             0             0             0             0
 ELC2               0             0             0             0             0
 ELC3               0             0             0             0             0
 ELC4               0             0             0             0             0
 ELC5               0             0             0             0             0
 EE1                0             0             0             0             0
 EE2                0             0             0             0             0
 EE3                0             0             0             0             0
 DP1                0             0             0             0             0
 DP2                0             0             0             0             0
 PA1                0             0             0             0             0
 PA2                0             0             0             0             0
 PA3                0             0             0             0             0


           LAMBDA
              F6            F7            F8            F9            F10
              ________      ________      ________      ________      ________
 ROLEA1             0             0             0             0             0
 ROLEA2             0             0             0             0             0
 ROLEC1             0             0             0             0             0
 ROLEC2             0             0             0             0             0
 WORK1              0             0             0             0             0
 WORK2              0             0             0             0             0
 CCLIM1             0             0             0             0             0
 CCLIM2             0             0             0             0             0
 CCLIM3             0             0             0             0             0
 CCLIM4             0             0             0             0             0
 DEC1               0             0             0             0             0
 DEC2              41             0             0             0             0
 SSUP1              0             0             0             0             0
 SSUP2             42             0             0             0             0
 PSUP1              0             0             0             0             0
 PSUP2              0            43             0             0             0
 SELF1              0             0             0             0             0
 SELF2              0             0            44             0             0
 SELF3              0             0            45             0             0
 ELC1               0             0             0             0             0
 ELC2               0             0             0            46             0
 ELC3               0             0             0            47             0
 ELC4               0             0             0            48             0
 ELC5               0             0             0            49             0
 EE1                0             0             0             0             0
 EE2                0             0             0             0            50
 EE3                0             0             0             0            51
 DP1                0             0             0             0             0
 DP2                0             0             0             0             0
 PA1                0             0             0             0             0
 PA2                0             0             0             0             0
 PA3                0             0             0             0             0


           LAMBDA
              F11           F12
              ________      ________
 ROLEA1             0             0
 ROLEA2             0             0
 ROLEC1             0             0
 ROLEC2             0             0
 WORK1              0             0
 WORK2              0             0
 CCLIM1             0             0
 CCLIM2             0             0
 CCLIM3             0             0
 CCLIM4             0             0
 DEC1               0             0
 DEC2               0             0
 SSUP1              0             0
 SSUP2              0             0
 PSUP1              0             0
 PSUP2              0             0
 SELF1              0             0
 SELF2              0             0
 SELF3              0             0
 ELC1               0             0
 ELC2               0             0
 ELC3               0             0
 ELC4               0             0
 ELC5               0             0
 EE1                0             0
 EE2                0             0
 EE3                0             0
 DP1                0             0
 DP2               52             0
 PA1                0             0
 PA2                0            53
 PA3                0            54


           THETA
              ROLEA1        ROLEA2        ROLEC1        ROLEC2        WORK1
              ________      ________      ________      ________      ________
 ROLEA1            55
 ROLEA2             0            56
 ROLEC1             0             0            57
 ROLEC2             0             0             0            58
 WORK1              0             0             0             0            59
 WORK2              0             0             0             0             0
 CCLIM1             0             0             0             0             0
 CCLIM2             0             0             0             0             0
 CCLIM3             0             0             0             0             0
 CCLIM4             0             0             0             0             0
 DEC1               0             0             0             0             0
 DEC2               0             0             0             0             0
 SSUP1              0             0             0             0             0
 SSUP2              0             0             0             0             0
 PSUP1              0             0             0             0             0
 PSUP2              0             0             0             0             0
 SELF1              0             0             0             0             0
 SELF2              0             0             0             0             0
 SELF3              0             0             0             0             0
 ELC1               0             0             0             0             0
 ELC2               0             0             0             0             0
 ELC3               0             0             0             0             0
 ELC4               0             0             0             0             0
 ELC5               0             0             0             0             0
 EE1                0             0             0             0             0
 EE2                0             0             0             0             0
 EE3                0             0             0             0             0
 DP1                0             0             0             0             0
 DP2                0             0             0             0             0
 PA1                0             0             0             0             0
 PA2                0             0             0             0             0
 PA3                0             0             0             0             0


           THETA
              WORK2         CCLIM1        CCLIM2        CCLIM3        CCLIM4
              ________      ________      ________      ________      ________
 WORK2             60
 CCLIM1             0            61
 CCLIM2             0             0            62
 CCLIM3             0             0             0            63
 CCLIM4             0             0             0             0            64
 DEC1               0             0             0             0             0
 DEC2               0             0             0             0             0
 SSUP1              0             0             0             0             0
 SSUP2              0             0             0             0             0
 PSUP1              0             0             0             0             0
 PSUP2              0             0             0             0             0
 SELF1              0             0             0             0             0
 SELF2              0             0             0             0             0
 SELF3              0             0             0             0             0
 ELC1               0             0             0             0             0
 ELC2               0             0             0             0             0
 ELC3               0             0             0             0             0
 ELC4               0             0             0             0             0
 ELC5               0             0             0             0             0
 EE1                0             0             0             0             0
 EE2                0             0             0             0             0
 EE3                0             0             0             0             0
 DP1                0             0             0             0             0
 DP2                0             0             0             0             0
 PA1                0             0             0             0             0
 PA2                0             0             0             0             0
 PA3                0             0             0             0             0


           THETA
              DEC1          DEC2          SSUP1         SSUP2         PSUP1
              ________      ________      ________      ________      ________
 DEC1              65
 DEC2               0            66
 SSUP1              0             0            67
 SSUP2              0             0             0            68
 PSUP1              0             0             0             0            69
 PSUP2              0             0             0             0             0
 SELF1              0             0             0             0             0
 SELF2              0             0             0             0             0
 SELF3              0             0             0             0             0
 ELC1               0             0             0             0             0
 ELC2               0             0             0             0             0
 ELC3               0             0             0             0             0
 ELC4               0             0             0             0             0
 ELC5               0             0             0             0             0
 EE1                0             0             0             0             0
 EE2                0             0             0             0             0
 EE3                0             0             0             0             0
 DP1                0             0             0             0             0
 DP2                0             0             0             0             0
 PA1                0             0             0             0             0
 PA2                0             0             0             0             0
 PA3                0             0             0             0             0


           THETA
              PSUP2         SELF1         SELF2         SELF3         ELC1
              ________      ________      ________      ________      ________
 PSUP2             70
 SELF1              0            71
 SELF2              0             0            72
 SELF3              0             0             0            73
 ELC1               0             0             0             0            74
 ELC2               0             0             0             0             0
 ELC3               0             0             0             0             0
 ELC4               0             0             0             0             0
 ELC5               0             0             0             0             0
 EE1                0             0             0             0             0
 EE2                0             0             0             0             0
 EE3                0             0             0             0             0
 DP1                0             0             0             0             0
 DP2                0             0             0             0             0
 PA1                0             0             0             0             0
 PA2                0             0             0             0             0
 PA3                0             0             0             0             0


           THETA
              ELC2          ELC3          ELC4          ELC5          EE1
              ________      ________      ________      ________      ________
 ELC2              75
 ELC3               0            76
 ELC4               0             0            77
 ELC5               0             0             0            78
 EE1                0             0             0             0            79
 EE2                0             0             0             0             0
 EE3                0             0             0             0             0
 DP1                0             0             0             0             0
 DP2                0             0             0             0             0
 PA1                0             0             0             0             0
 PA2                0             0             0             0             0
 PA3                0             0             0             0             0


           THETA
              EE2           EE3           DP1           DP2           PA1
              ________      ________      ________      ________      ________
 EE2               80
 EE3                0            81
 DP1                0             0            82
 DP2                0             0             0            83
 PA1                0             0             0             0            84
 PA2                0             0             0             0             0
 PA3                0             0             0             0             0


           THETA
              PA2           PA3
              ________      ________
 PA2               85
 PA3                0            86


           ALPHA
              F1            F2            F3            F4            F5
              ________      ________      ________      ________      ________
                  0             0             0             0             0


           ALPHA
              F6            F7            F8            F9            F10
              ________      ________      ________      ________      ________
                  0             0             0             0             0


           ALPHA
              F11           F12
              ________      ________
                  0             0


           BETA
              F1            F2            F3            F4            F5
              ________      ________      ________      ________      ________
 F1                 0             0             0             0             0
 F2                 0             0             0             0             0
 F3                 0             0             0             0             0
 F4                 0             0             0             0             0
 F5                 0             0             0             0             0
 F6                 0             0             0             0             0
 F7                 0             0             0             0             0
 F8                 0             0             0             0            87
 F9                 0             0             0             0            90
 F10                0            91            92            93             0
 F11                0            94             0            95             0
 F12               97             0             0             0            98


           BETA
              F6            F7            F8            F9            F10
              ________      ________      ________      ________      ________
 F1                 0             0             0             0             0
 F2                 0             0             0             0             0
 F3                 0             0             0             0             0
 F4                 0             0             0             0             0
 F5                 0             0             0             0             0
 F6                 0             0             0             0             0
 F7                 0             0             0             0             0
 F8                88            89             0             0             0
 F9                 0             0             0             0             0
 F10                0             0             0             0             0
 F11                0             0             0             0            96
 F12                0             0            99           100           101


           BETA
              F11           F12
              ________      ________
 F1                 0             0
 F2                 0             0
 F3                 0             0
 F4                 0             0
 F5                 0             0
 F6                 0             0
 F7                 0             0
 F8                 0             0
 F9                 0             0
 F10                0             0
 F11                0             0
 F12              102             0


           PSI
              F1            F2            F3            F4            F5
              ________      ________      ________      ________      ________
 F1               103
 F2               104           105
 F3               106           107           108
 F4               109           110           111           112
 F5               113           114           115           116           117
 F6               118           119           120           121           122
 F7               124           125           126           127           128
 F8                 0             0             0             0             0
 F9                 0             0             0             0             0
 F10                0             0             0             0             0
 F11                0             0             0             0             0
 F12                0             0             0             0             0


           PSI
              F6            F7            F8            F9            F10
              ________      ________      ________      ________      ________
 F6               123
 F7               129           130
 F8                 0             0           131
 F9                 0             0             0           132
 F10                0             0             0             0           133
 F11                0             0             0             0             0
 F12                0             0             0             0             0


           PSI
              F11           F12
              ________      ________
 F11              134
 F12                0           135


     STARTING VALUES


           NU
              ROLEA1        ROLEA2        ROLEC1        ROLEC2        WORK1
              ________      ________      ________      ________      ________
                2.401         2.086         3.015         3.018         3.240


           NU
              WORK2         CCLIM1        CCLIM2        CCLIM3        CCLIM4
              ________      ________      ________      ________      ________
                2.243         2.964         2.723         2.928         3.053


           NU
              DEC1          DEC2          SSUP1         SSUP2         PSUP1
              ________      ________      ________      ________      ________
                4.039         4.242         4.299         4.370         4.571


           NU
              PSUP2         SELF1         SELF2         SELF3         ELC1
              ________      ________      ________      ________      ________
                4.621         3.603         3.613         3.483         2.918


           NU
              ELC2          ELC3          ELC4          ELC5          EE1
              ________      ________      ________      ________      ________
                3.008         2.801         2.200         2.483         3.855


           NU
              EE2           EE3           DP1           DP2           PA1
              ________      ________      ________      ________      ________
                3.530         3.165         2.319         2.086         5.748


           NU
              PA2           PA3
              ________      ________
                5.850         5.815


           LAMBDA
              F1            F2            F3            F4            F5
              ________      ________      ________      ________      ________
 ROLEA1         1.000         0.000         0.000         0.000         0.000
 ROLEA2         1.000         0.000         0.000         0.000         0.000
 ROLEC1         0.000         1.000         0.000         0.000         0.000
 ROLEC2         0.000         1.000         0.000         0.000         0.000
 WORK1          0.000         0.000         1.000         0.000         0.000
 WORK2          0.000         0.000         1.000         0.000         0.000
 CCLIM1         0.000         0.000         0.000         1.000         0.000
 CCLIM2         0.000         0.000         0.000         1.000         0.000
 CCLIM3         0.000         0.000         0.000         1.000         0.000
 CCLIM4         0.000         0.000         0.000         1.000         0.000
 DEC1           0.000         0.000         0.000         0.000         1.000
 DEC2           1.000         0.000         0.000         0.000         1.000
 SSUP1          0.000         0.000         0.000         0.000         0.000
 SSUP2          0.000         0.000         0.000         0.000         0.000
 PSUP1          0.000         0.000         0.000         0.000         0.000
 PSUP2          0.000         0.000         0.000         0.000         0.000
 SELF1          0.000         0.000         0.000         0.000         0.000
 SELF2          0.000         0.000         0.000         0.000         0.000
 SELF3          0.000         0.000         0.000         0.000         0.000
 ELC1           0.000         0.000         0.000         0.000         0.000
 ELC2           0.000         0.000         0.000         0.000         0.000
 ELC3           0.000         0.000         0.000         0.000         0.000
 ELC4           0.000         0.000         0.000         0.000         0.000
 ELC5           0.000         0.000         0.000         0.000         0.000
 EE1            0.000         0.000         0.000         0.000         0.000
 EE2            0.000         0.000         0.000         0.000         0.000
 EE3            0.000         0.000         0.000         0.000         0.000
 DP1            0.000         0.000         0.000         0.000         0.000
 DP2            0.000         0.000         0.000         0.000         0.000
 PA1            0.000         0.000         0.000         0.000         0.000
 PA2            0.000         0.000         0.000         0.000         0.000
 PA3            0.000         0.000         0.000         0.000         0.000


           LAMBDA
              F6            F7            F8            F9            F10
              ________      ________      ________      ________      ________
 ROLEA1         0.000         0.000         0.000         0.000         0.000
 ROLEA2         0.000         0.000         0.000         0.000         0.000
 ROLEC1         0.000         0.000         0.000         0.000         0.000
 ROLEC2         0.000         0.000         0.000         0.000         0.000
 WORK1          0.000         0.000         0.000         0.000         0.000
 WORK2          0.000         0.000         0.000         0.000         0.000
 CCLIM1         0.000         0.000         0.000         0.000         0.000
 CCLIM2         0.000         0.000         0.000         0.000         0.000
 CCLIM3         0.000         0.000         0.000         0.000         0.000
 CCLIM4         0.000         0.000         0.000         0.000         0.000
 DEC1           0.000         0.000         0.000         0.000         0.000
 DEC2           1.000         0.000         0.000         0.000         0.000
 SSUP1          1.000         0.000         0.000         0.000         0.000
 SSUP2          1.000         0.000         0.000         0.000         0.000
 PSUP1          0.000         1.000         0.000         0.000         0.000
 PSUP2          0.000         1.000         0.000         0.000         0.000
 SELF1          0.000         0.000         1.000         0.000         0.000
 SELF2          0.000         0.000         1.000         0.000         0.000
 SELF3          0.000         0.000         1.000         0.000         0.000
 ELC1           0.000         0.000         0.000         1.000         0.000
 ELC2           0.000         0.000         0.000         1.000         0.000
 ELC3           0.000         0.000         0.000         1.000         0.000
 ELC4           0.000         0.000         0.000         1.000         0.000
 ELC5           0.000         0.000         0.000         1.000         0.000
 EE1            0.000         0.000         0.000         0.000         1.000
 EE2            0.000         0.000         0.000         0.000         1.000
 EE3            0.000         0.000         0.000         0.000         1.000
 DP1            0.000         0.000         0.000         0.000         0.000
 DP2            0.000         0.000         0.000         0.000         0.000
 PA1            0.000         0.000         0.000         0.000         0.000
 PA2            0.000         0.000         0.000         0.000         0.000
 PA3            0.000         0.000         0.000         0.000         0.000


           LAMBDA
              F11           F12
              ________      ________
 ROLEA1         0.000         0.000
 ROLEA2         0.000         0.000
 ROLEC1         0.000         0.000
 ROLEC2         0.000         0.000
 WORK1          0.000         0.000
 WORK2          0.000         0.000
 CCLIM1         0.000         0.000
 CCLIM2         0.000         0.000
 CCLIM3         0.000         0.000
 CCLIM4         0.000         0.000
 DEC1           0.000         0.000
 DEC2           0.000         0.000
 SSUP1          0.000         0.000
 SSUP2          0.000         0.000
 PSUP1          0.000         0.000
 PSUP2          0.000         0.000
 SELF1          0.000         0.000
 SELF2          0.000         0.000
 SELF3          0.000         0.000
 ELC1           0.000         0.000
 ELC2           0.000         0.000
 ELC3           0.000         0.000
 ELC4           0.000         0.000
 ELC5           0.000         0.000
 EE1            0.000         0.000
 EE2            0.000         0.000
 EE3            0.000         0.000
 DP1            1.000         0.000
 DP2            1.000         0.000
 PA1            0.000         1.000
 PA2            0.000         1.000
 PA3            0.000         1.000


           THETA
              ROLEA1        ROLEA2        ROLEC1        ROLEC2        WORK1
              ________      ________      ________      ________      ________
 ROLEA1         0.417
 ROLEA2         0.000         0.473
 ROLEC1         0.000         0.000         0.606
 ROLEC2         0.000         0.000         0.000         0.762
 WORK1          0.000         0.000         0.000         0.000         0.721
 WORK2          0.000         0.000         0.000         0.000         0.000
 CCLIM1         0.000         0.000         0.000         0.000         0.000
 CCLIM2         0.000         0.000         0.000         0.000         0.000
 CCLIM3         0.000         0.000         0.000         0.000         0.000
 CCLIM4         0.000         0.000         0.000         0.000         0.000
 DEC1           0.000         0.000         0.000         0.000         0.000
 DEC2           0.000         0.000         0.000         0.000         0.000
 SSUP1          0.000         0.000         0.000         0.000         0.000
 SSUP2          0.000         0.000         0.000         0.000         0.000
 PSUP1          0.000         0.000         0.000         0.000         0.000
 PSUP2          0.000         0.000         0.000         0.000         0.000
 SELF1          0.000         0.000         0.000         0.000         0.000
 SELF2          0.000         0.000         0.000         0.000         0.000
 SELF3          0.000         0.000         0.000         0.000         0.000
 ELC1           0.000         0.000         0.000         0.000         0.000
 ELC2           0.000         0.000         0.000         0.000         0.000
 ELC3           0.000         0.000         0.000         0.000         0.000
 ELC4           0.000         0.000         0.000         0.000         0.000
 ELC5           0.000         0.000         0.000         0.000         0.000
 EE1            0.000         0.000         0.000         0.000         0.000
 EE2            0.000         0.000         0.000         0.000         0.000
 EE3            0.000         0.000         0.000         0.000         0.000
 DP1            0.000         0.000         0.000         0.000         0.000
 DP2            0.000         0.000         0.000         0.000         0.000
 PA1            0.000         0.000         0.000         0.000         0.000
 PA2            0.000         0.000         0.000         0.000         0.000
 PA3            0.000         0.000         0.000         0.000         0.000


           THETA
              WORK2         CCLIM1        CCLIM2        CCLIM3        CCLIM4
              ________      ________      ________      ________      ________
 WORK2          0.593
 CCLIM1         0.000         0.146
 CCLIM2         0.000         0.000         0.197
 CCLIM3         0.000         0.000         0.000         0.122
 CCLIM4         0.000         0.000         0.000         0.000         0.268
 DEC1           0.000         0.000         0.000         0.000         0.000
 DEC2           0.000         0.000         0.000         0.000         0.000
 SSUP1          0.000         0.000         0.000         0.000         0.000
 SSUP2          0.000         0.000         0.000         0.000         0.000
 PSUP1          0.000         0.000         0.000         0.000         0.000
 PSUP2          0.000         0.000         0.000         0.000         0.000
 SELF1          0.000         0.000         0.000         0.000         0.000
 SELF2          0.000         0.000         0.000         0.000         0.000
 SELF3          0.000         0.000         0.000         0.000         0.000
 ELC1           0.000         0.000         0.000         0.000         0.000
 ELC2           0.000         0.000         0.000         0.000         0.000
 ELC3           0.000         0.000         0.000         0.000         0.000
 ELC4           0.000         0.000         0.000         0.000         0.000
 ELC5           0.000         0.000         0.000         0.000         0.000
 EE1            0.000         0.000         0.000         0.000         0.000
 EE2            0.000         0.000         0.000         0.000         0.000
 EE3            0.000         0.000         0.000         0.000         0.000
 DP1            0.000         0.000         0.000         0.000         0.000
 DP2            0.000         0.000         0.000         0.000         0.000
 PA1            0.000         0.000         0.000         0.000         0.000
 PA2            0.000         0.000         0.000         0.000         0.000
 PA3            0.000         0.000         0.000         0.000         0.000


           THETA
              DEC1          DEC2          SSUP1         SSUP2         PSUP1
              ________      ________      ________      ________      ________
 DEC1           0.509
 DEC2           0.000         0.881
 SSUP1          0.000         0.000         0.774
 SSUP2          0.000         0.000         0.000         0.794
 PSUP1          0.000         0.000         0.000         0.000         0.465
 PSUP2          0.000         0.000         0.000         0.000         0.000
 SELF1          0.000         0.000         0.000         0.000         0.000
 SELF2          0.000         0.000         0.000         0.000         0.000
 SELF3          0.000         0.000         0.000         0.000         0.000
 ELC1           0.000         0.000         0.000         0.000         0.000
 ELC2           0.000         0.000         0.000         0.000         0.000
 ELC3           0.000         0.000         0.000         0.000         0.000
 ELC4           0.000         0.000         0.000         0.000         0.000
 ELC5           0.000         0.000         0.000         0.000         0.000
 EE1            0.000         0.000         0.000         0.000         0.000
 EE2            0.000         0.000         0.000         0.000         0.000
 EE3            0.000         0.000         0.000         0.000         0.000
 DP1            0.000         0.000         0.000         0.000         0.000
 DP2            0.000         0.000         0.000         0.000         0.000
 PA1            0.000         0.000         0.000         0.000         0.000
 PA2            0.000         0.000         0.000         0.000         0.000
 PA3            0.000         0.000         0.000         0.000         0.000


           THETA
              PSUP2         SELF1         SELF2         SELF3         ELC1
              ________      ________      ________      ________      ________
 PSUP2          0.428
 SELF1          0.000         0.099
 SELF2          0.000         0.000         0.127
 SELF3          0.000         0.000         0.000         0.148
 ELC1           0.000         0.000         0.000         0.000         0.194
 ELC2           0.000         0.000         0.000         0.000         0.000
 ELC3           0.000         0.000         0.000         0.000         0.000
 ELC4           0.000         0.000         0.000         0.000         0.000
 ELC5           0.000         0.000         0.000         0.000         0.000
 EE1            0.000         0.000         0.000         0.000         0.000
 EE2            0.000         0.000         0.000         0.000         0.000
 EE3            0.000         0.000         0.000         0.000         0.000
 DP1            0.000         0.000         0.000         0.000         0.000
 DP2            0.000         0.000         0.000         0.000         0.000
 PA1            0.000         0.000         0.000         0.000         0.000
 PA2            0.000         0.000         0.000         0.000         0.000
 PA3            0.000         0.000         0.000         0.000         0.000


           THETA
              ELC2          ELC3          ELC4          ELC5          EE1
              ________      ________      ________      ________      ________
 ELC2           0.196
 ELC3           0.000         0.150
 ELC4           0.000         0.000         0.183
 ELC5           0.000         0.000         0.000         0.208
 EE1            0.000         0.000         0.000         0.000         0.857
 EE2            0.000         0.000         0.000         0.000         0.000
 EE3            0.000         0.000         0.000         0.000         0.000
 DP1            0.000         0.000         0.000         0.000         0.000
 DP2            0.000         0.000         0.000         0.000         0.000
 PA1            0.000         0.000         0.000         0.000         0.000
 PA2            0.000         0.000         0.000         0.000         0.000
 PA3            0.000         0.000         0.000         0.000         0.000


           THETA
              EE2           EE3           DP1           DP2           PA1
              ________      ________      ________      ________      ________
 EE2            0.790
 EE3            0.000         0.841
 DP1            0.000         0.000         0.599
 DP2            0.000         0.000         0.000         0.698
 PA1            0.000         0.000         0.000         0.000         0.416
 PA2            0.000         0.000         0.000         0.000         0.000
 PA3            0.000         0.000         0.000         0.000         0.000


           THETA
              PA2           PA3
              ________      ________
 PA2            0.463
 PA3            0.000         0.464


           ALPHA
              F1            F2            F3            F4            F5
              ________      ________      ________      ________      ________
                0.000         0.000         0.000         0.000         0.000


           ALPHA
              F6            F7            F8            F9            F10
              ________      ________      ________      ________      ________
                0.000         0.000         0.000         0.000         0.000


           ALPHA
              F11           F12
              ________      ________
                0.000         0.000


           BETA
              F1            F2            F3            F4            F5
              ________      ________      ________      ________      ________
 F1             0.000         0.000         0.000         0.000         0.000
 F2             0.000         0.000         0.000         0.000         0.000
 F3             0.000         0.000         0.000         0.000         0.000
 F4             0.000         0.000         0.000         0.000         0.000
 F5             0.000         0.000         0.000         0.000         0.000
 F6             0.000         0.000         0.000         0.000         0.000
 F7             0.000         0.000         0.000         0.000         0.000
 F8             0.000         0.000         0.000         0.000         0.000
 F9             0.000         0.000         0.000         0.000         0.000
 F10            0.000         0.000         0.000         0.000         0.000
 F11            0.000         0.000         0.000         0.000         0.000
 F12            0.000         0.000         0.000         0.000         0.000


           BETA
              F6            F7            F8            F9            F10
              ________      ________      ________      ________      ________
 F1             0.000         0.000         0.000         0.000         0.000
 F2             0.000         0.000         0.000         0.000         0.000
 F3             0.000         0.000         0.000         0.000         0.000
 F4             0.000         0.000         0.000         0.000         0.000
 F5             0.000         0.000         0.000         0.000         0.000
 F6             0.000         0.000         0.000         0.000         0.000
 F7             0.000         0.000         0.000         0.000         0.000
 F8             0.000         0.000         0.000         0.000         0.000
 F9             0.000         0.000         0.000         0.000         0.000
 F10            0.000         0.000         0.000         0.000         0.000
 F11            0.000         0.000         0.000         0.000         0.000
 F12            0.000         0.000         0.000         0.000         0.000


           BETA
              F11           F12
              ________      ________
 F1             0.000         0.000
 F2             0.000         0.000
 F3             0.000         0.000
 F4             0.000         0.000
 F5             0.000         0.000
 F6             0.000         0.000
 F7             0.000         0.000
 F8             0.000         0.000
 F9             0.000         0.000
 F10            0.000         0.000
 F11            0.000         0.000
 F12            0.000         0.000


           PSI
              F1            F2            F3            F4            F5
              ________      ________      ________      ________      ________
 F1             0.050
 F2             0.000         0.050
 F3             0.000         0.000         0.050
 F4             0.000         0.000         0.000         0.050
 F5             0.000         0.000         0.000         0.000         0.050
 F6             0.000         0.000         0.000         0.000         0.000
 F7             0.000         0.000         0.000         0.000         0.000
 F8             0.000         0.000         0.000         0.000         0.000
 F9             0.000         0.000         0.000         0.000         0.000
 F10            0.000         0.000         0.000         0.000         0.000
 F11            0.000         0.000         0.000         0.000         0.000
 F12            0.000         0.000         0.000         0.000         0.000


           PSI
              F6            F7            F8            F9            F10
              ________      ________      ________      ________      ________
 F6             0.050
 F7             0.000         0.050
 F8             0.000         0.000         0.050
 F9             0.000         0.000         0.000         0.050
 F10            0.000         0.000         0.000         0.000         0.050
 F11            0.000         0.000         0.000         0.000         0.000
 F12            0.000         0.000         0.000         0.000         0.000


           PSI
              F11           F12
              ________      ________
 F11            0.050
 F12            0.000         0.050


DIAGRAM INFORMATION

  Use View Diagram under the Diagram menu in the Mplus Editor to view the diagram.
  If running Mplus from the Mplus Diagrammer, the diagram opens automatically.

  Diagram output
    h:\sem ta lab & lecture 2019\3.19.19 power and full sems\full sem 3.26.3.dgm

     Beginning Time:  13:49:34
        Ending Time:  13:49:38
       Elapsed Time:  00:00:04



MUTHEN & MUTHEN
3463 Stoner Ave.
Los Angeles, CA  90066

Tel: (310) 391-9971
Fax: (310) 391-8971
Web: www.StatModel.com
Support: Support@StatModel.com

Copyright (c) 1998-2018 Muthen & Muthen
