Mplus VERSION 8.2
MUTHEN & MUTHEN
03/19/2019   2:30 PM

INPUT INSTRUCTIONS

  TITLE: Full SEM Model 7 of Burnout for Secondary Teachers;

  DATA: file=allsecondary.dat;
        format = free;

  variable:
  names = rolea1 rolea2 rolec1 rolec2 work1 work2 cclim1 cclim2 cclim3
  cclim4 dec1 dec2 ssup1 ssup2 psup1 psup2 self1 self2 self3 elc1
  elc2 elc3 elc4 elc5 ee1 ee2 ee3 dp1 dp2 pa1 pa2 pa3;
  usevariables = rolea1-pa3;

  Analysis:
  estimator = MLM; !due to non-normality

  Model:

  !measurement model
  !added cross-loading indicators
  F1 by rolea1-rolea2 dec2; !role ambiguity
  F2 by rolec1-rolec2; !role conflict
  F3 by work1-work2; !work overload
  F4 by cclim1-cclim4; !classroom climate
  F5 by dec1-dec2; !decision-making
  F6 by ssup1-ssup2 dec2; !superior support
  F7 by psup1-psup2; !peer support
  F8 by self1-self3; !self-esteem
  F9 by elc1-elc5; !external loc. of control
  F10 by ee1-ee3; !emotional exhaustion
  F11 by dp1-dp2; !depersonalization
  F12 by pa1-pa3; !personal accomplishment

  !structural model
  !freely estimate F11 on F4
  !freely estimate F12 on F5
  !freely estimate F9 on F2
  !freely estimate F9 on F8
  !freely estimate F10 on F8
  !freely estimate F12 on F2
  F8 on F5 F6 F7;
  F9 on F5 F2 F8;
  F10 on F2 F3 F4 F8;
  F11 on F2 F10 F4;
  F12 on F1 F8 F9 F10 F11 F5 F2;

  Output: modindices; tech1;



INPUT READING TERMINATED NORMALLY



Full SEM Model 7 of Burnout for Secondary Teachers;

SUMMARY OF ANALYSIS

Number of groups                                                 1
Number of observations                                        1430

Number of dependent variables                                   32
Number of independent variables                                  0
Number of continuous latent variables                           12

Observed dependent variables

  Continuous
   ROLEA1      ROLEA2      ROLEC1      ROLEC2      WORK1       WORK2
   CCLIM1      CCLIM2      CCLIM3      CCLIM4      DEC1        DEC2
   SSUP1       SSUP2       PSUP1       PSUP2       SELF1       SELF2
   SELF3       ELC1        ELC2        ELC3        ELC4        ELC5
   EE1         EE2         EE3         DP1         DP2         PA1
   PA2         PA3

Continuous latent variables
   F1          F2          F3          F4          F5          F6
   F7          F8          F9          F10         F11         F12


Estimator                                                      MLM
Information matrix                                        EXPECTED
Maximum number of iterations                                  1000
Convergence criterion                                    0.500D-04
Maximum number of steepest descent iterations                   20

Input data file(s)
  allsecondary.dat

Input data format  FREE



UNIVARIATE SAMPLE STATISTICS


     UNIVARIATE HIGHER-ORDER MOMENT DESCRIPTIVE STATISTICS

         Variable/         Mean/     Skewness/   Minimum/ % with                Percentiles
        Sample Size      Variance    Kurtosis    Maximum  Min/Max      20%/60%    40%/80%    Median

     ROLEA1                2.401       0.646       1.000    7.48%       1.670      2.000      2.330
            1430.000       0.835       0.425       6.000    0.21%       2.670      3.000
     ROLEA2                2.086       1.203       1.000   19.16%       1.500      1.500      2.000
            1430.000       0.945       1.454       6.000    0.28%       2.000      3.000
     ROLEC1                3.015       0.243       1.000    3.71%       2.000      2.670      3.000
            1430.000       1.213      -0.456       6.000    0.84%       3.330      4.000
     ROLEC2                3.018       0.399       1.000    6.92%       2.000      2.500      3.000
            1430.000       1.523      -0.429       6.000    2.31%       3.500      4.000
     WORK1                 3.240       0.151       1.000    3.64%       2.000      3.000      3.330
            1430.000       1.443      -0.666       6.000    1.40%       3.670      4.330
     WORK2                 2.243       0.920       1.000   21.12%       1.000      2.000      2.000
            1430.000       1.186       0.516       6.000    0.63%       2.500      3.000
     CCLIM1                2.964      -0.299       1.000    0.28%       2.670      3.000      3.000
            1430.000       0.292       0.063       4.000    4.55%       3.000      3.330
     CCLIM2                2.723      -0.349       1.000    1.19%       2.330      2.670      2.670
            1430.000       0.395      -0.220       4.000    1.82%       3.000      3.330
     CCLIM3                2.928      -0.191       1.000    0.35%       2.670      2.670      3.000
            1430.000       0.243       0.500       4.000    3.57%       3.000      3.330
     CCLIM4                3.053      -0.620       1.000    2.24%       2.500      3.000      3.000
            1430.000       0.535      -0.044       4.000   19.09%       3.500      3.500
     DEC1                  4.039      -0.526       1.000    0.84%       3.330      4.000      4.000
            1430.000       1.019       0.144       6.000    1.82%       4.330      5.000
     DEC2                  4.242      -0.641       1.000    3.01%       3.000      4.000      4.500
            1430.000       1.763      -0.381       6.000   11.82%       5.000      5.500
     SSUP1                 4.299      -0.708       1.000    1.89%       3.330      4.100      4.330
            1430.000       1.548      -0.064       6.000    9.09%       4.670      5.330
     SSUP2                 4.370      -0.803       1.000    2.87%       3.500      4.500      4.500
            1430.000       1.588       0.089       6.000   13.43%       5.000      5.500
     PSUP1                 4.571      -0.739       1.000    0.35%       3.670      4.330      4.670
            1430.000       0.931       0.507       6.000    7.97%       5.000      5.330
     PSUP2                 4.621      -0.722       1.000    0.35%       4.000      4.500      4.500
            1430.000       0.857       0.647       6.000   10.77%       5.000      5.500
     SELF1                 3.603      -1.470       1.000    0.21%       3.330      3.670      3.670
            1430.000       0.198       3.470       4.000   39.51%       3.670      4.000
     SELF2                 3.613      -1.585       1.000    0.21%       3.250      3.750      3.750
            1430.000       0.254       2.682       4.000   45.52%       4.000      4.000
     SELF3                 3.483      -1.218       1.000    0.28%       3.000      3.330      3.670
            1430.000       0.296       1.596       4.000   34.34%       3.670      4.000
     ELC1                  2.918      -0.056       1.000    0.35%       2.400      2.800      3.000
            1430.000       0.389       0.042       4.800    0.14%       3.000      3.400
     ELC2                  3.008       0.017       1.000    0.28%       2.500      2.750      3.000
            1430.000       0.393       0.083       5.000    0.28%       3.250      3.500
     ELC3                  2.801      -0.076       1.000    0.21%       2.400      2.600      2.800
            1430.000       0.300       0.242       4.800    0.07%       3.000      3.200
     ELC4                  2.200       0.342       1.000    2.94%       1.750      2.000      2.250
            1430.000       0.366      -0.001       4.500    0.07%       2.250      2.750
     ELC5                  2.483       0.079       1.000    1.47%       2.000      2.400      2.400
            1430.000       0.415      -0.245       4.800    0.07%       2.600      3.000
     EE1                   3.855       0.062       1.000    0.70%       2.670      3.330      4.000
            1430.000       1.714      -0.578       7.000    1.05%       4.330      5.000
     EE2                   3.530       0.369       1.000    0.91%       2.330      3.000      3.330
            1430.000       1.580      -0.323       7.000    0.63%       3.670      4.670
     EE3                   3.165       0.596       1.000    2.10%       2.000      2.670      3.000
            1430.000       1.683      -0.242       7.000    0.28%       3.330      4.330
     DP1                   2.319       1.160       1.000   10.63%       1.330      1.670      2.000
            1430.000       1.198       1.348       6.670    0.21%       2.330      3.000
     DP2                   2.086       1.439       1.000   28.39%       1.000      1.500      1.500
            1430.000       1.396       1.957       7.000    0.21%       2.000      3.000
     PA1                   5.748      -0.813       2.000    0.07%       5.000      5.670      6.000
            1430.000       0.833       0.405       7.000    9.51%       6.000      6.670
     PA2                   5.850      -0.886       2.000    0.14%       5.000      6.000      6.000
            1430.000       0.927       0.385       7.000   17.97%       6.500      6.500
     PA3                   5.815      -0.836       2.000    0.14%       5.000      5.670      6.000
            1430.000       0.929       0.337       7.000   14.76%       6.330      6.670


THE MODEL ESTIMATION TERMINATED NORMALLY



MODEL FIT INFORMATION

Number of Free Parameters                      139

Loglikelihood

          H0 Value                      -47083.760
          H1 Value                      -46371.583

Information Criteria

          Akaike (AIC)                   94445.519
          Bayesian (BIC)                 95177.414
          Sample-Size Adjusted BIC       94735.859
            (n* = (n + 2) / 24)

Chi-Square Test of Model Fit

          Value                           1277.061*
          Degrees of Freedom                   421
          P-Value                           0.0000
          Scaling Correction Factor         1.1153
            for MLM

*   The chi-square value for MLM, MLMV, MLR, ULSMV, WLSM and WLSMV cannot be used
    for chi-square difference testing in the regular way.  MLM, MLR and WLSM
    chi-square difference testing is described on the Mplus website.  MLMV, WLSMV,
    and ULSMV difference testing is done using the DIFFTEST option.

RMSEA (Root Mean Square Error Of Approximation)

          Estimate                           0.038
          90 Percent C.I.                    0.035  0.040
          Probability RMSEA <= .05           1.000

CFI/TLI

          CFI                                0.958
          TLI                                0.950

Chi-Square Test of Model Fit for the Baseline Model

          Value                          20859.447
          Degrees of Freedom                   496
          P-Value                           0.0000

SRMR (Standardized Root Mean Square Residual)

          Value                              0.038

!model fit is looking good, but let's check for non-sig paths

MODEL RESULTS

                                                    Two-Tailed
                    Estimate       S.E.  Est./S.E.    P-Value

 F1       BY
    ROLEA1             1.000      0.000    999.000    999.000
    ROLEA2             1.236      0.054     22.873      0.000
    DEC2               0.364      0.110      3.308      0.001

 F2       BY
    ROLEC1             1.000      0.000    999.000    999.000
    ROLEC2             1.268      0.048     26.624      0.000

 F3       BY
    WORK1              1.000      0.000    999.000    999.000
    WORK2              0.721      0.031     23.460      0.000

 F4       BY
    CCLIM1             1.000      0.000    999.000    999.000
    CCLIM2             1.481      0.072     20.669      0.000
    CCLIM3             0.960      0.053     18.229      0.000
    CCLIM4             1.326      0.075     17.679      0.000

 F5       BY
    DEC1               1.000      0.000    999.000    999.000
    DEC2               0.600      0.142      4.217      0.000

 F6       BY
    SSUP1              1.000      0.000    999.000    999.000
    SSUP2              1.098      0.025     44.620      0.000
    DEC2               0.787      0.058     13.606      0.000

 F7       BY
    PSUP1              1.000      0.000    999.000    999.000
    PSUP2              1.081      0.045     24.181      0.000

 F8       BY
    SELF1              1.000      0.000    999.000    999.000
    SELF2              1.277      0.042     30.383      0.000
    SELF3              1.359      0.052     26.089      0.000

 F9       BY
    ELC1               1.000      0.000    999.000    999.000
    ELC2               0.848      0.041     20.909      0.000
    ELC3               0.955      0.040     24.027      0.000
    ELC4               0.919      0.045     20.373      0.000
    ELC5               1.132      0.047     23.941      0.000

 F10      BY
    EE1                1.000      0.000    999.000    999.000
    EE2                1.021      0.019     54.591      0.000
    EE3                0.972      0.022     45.148      0.000

 F11      BY
    DP1                1.000      0.000    999.000    999.000
    DP2                0.896      0.040     22.596      0.000

 F12      BY
    PA1                1.000      0.000    999.000    999.000
    PA2                1.028      0.036     28.819      0.000
    PA3                0.956      0.037     25.581      0.000

 F8       ON
    F5                 0.363      0.051      7.127      0.000
    F6                -0.121      0.026     -4.620      0.000
    F7                -0.016      0.028     -0.563      0.573
 !non sig so delete

 F9       ON
    F5                -0.082      0.032     -2.552      0.011
    F2                 0.164      0.029      5.630      0.000
    F8                -0.251      0.048     -5.285      0.000

 F10      ON
    F2                -0.883      0.305     -2.899      0.004
    F3                 1.317      0.258      5.104      0.000
    F4                -0.542      0.117     -4.653      0.000
    F8                -0.897      0.106     -8.480      0.000

 F11      ON
    F2                 0.176      0.047      3.731      0.000
    F10                0.302      0.032      9.382      0.000
    F4                -0.943      0.099     -9.509      0.000

 F12      ON
    F1                 0.084      0.089      0.947      0.344
 !non sig so delete
    F8                 0.398      0.087      4.576      0.000
    F9                -0.211      0.057     -3.683      0.000
    F10               -0.077      0.028     -2.764      0.006
    F11               -0.211      0.031     -6.788      0.000
    F5                 0.490      0.072      6.820      0.000
    F2                 0.332      0.070      4.736      0.000

 F2       WITH
    F1                 0.382      0.024     15.747      0.000

 F3       WITH
    F1                 0.401      0.027     14.981      0.000
    F2                 0.678      0.033     20.259      0.000

 F4       WITH
    F1                -0.065      0.008     -8.214      0.000
    F2                -0.082      0.010     -8.099      0.000
    F3                -0.097      0.012     -7.765      0.000

 F5       WITH
    F1                -0.387      0.025    -15.363      0.000
    F2                -0.428      0.028    -15.332      0.000
    F3                -0.494      0.030    -16.462      0.000
    F4                 0.104      0.011      9.810      0.000

 F6       WITH
    F1                -0.383      0.028    -13.477      0.000
    F2                -0.444      0.031    -14.437      0.000
    F3                -0.485      0.034    -14.194      0.000
    F4                 0.121      0.013      9.267      0.000
    F5                 0.639      0.036     17.836      0.000

 F7       WITH
    F1                -0.242      0.021    -11.670      0.000
    F2                -0.246      0.022    -11.023      0.000
    F3                -0.270      0.025    -10.621      0.000
    F4                 0.056      0.009      6.252      0.000
    F5                 0.381      0.027     14.184      0.000
    F6                 0.393      0.030     13.090      0.000

 Intercepts
    ROLEA1             2.401      0.024     99.362      0.000
    ROLEA2             2.086      0.026     81.108      0.000
    ROLEC1             3.015      0.029    103.524      0.000
    ROLEC2             3.018      0.033     92.468      0.000
    WORK1              3.240      0.032    101.996      0.000
    WORK2              2.243      0.029     77.885      0.000
    CCLIM1             2.964      0.014    207.379      0.000
    CCLIM2             2.723      0.017    163.890      0.000
    CCLIM3             2.928      0.013    224.532      0.000
    CCLIM4             3.053      0.019    157.758      0.000
    DEC1               4.039      0.027    151.305      0.000
    DEC2               4.242      0.035    120.842      0.000
    SSUP1              4.299      0.033    130.631      0.000
    SSUP2              4.370      0.033    131.136      0.000
    PSUP1              4.571      0.026    179.200      0.000
    PSUP2              4.621      0.024    188.754      0.000
    SELF1              3.603      0.012    306.319      0.000
    SELF2              3.613      0.013    271.109      0.000
    SELF3              3.483      0.014    241.972      0.000
    ELC1               2.918      0.016    176.985      0.000
    ELC2               3.008      0.017    181.556      0.000
    ELC3               2.801      0.014    193.300      0.000
    ELC4               2.200      0.016    137.503      0.000
    ELC5               2.483      0.017    145.731      0.000
    EE1                3.855      0.035    111.347      0.000
    EE2                3.530      0.033    106.201      0.000
    EE3                3.165      0.034     92.281      0.000
    DP1                2.319      0.029     80.113      0.000
    DP2                2.086      0.031     66.763      0.000
    PA1                5.748      0.024    238.172      0.000
    PA2                5.850      0.025    229.759      0.000
    PA3                5.815      0.025    228.188      0.000

 Variances
    F1                 0.413      0.031     13.205      0.000
    F2                 0.591      0.040     14.643      0.000
    F3                 0.904      0.048     18.662      0.000
    F4                 0.111      0.010     11.417      0.000
    F5                 0.535      0.037     14.504      0.000
    F6                 1.153      0.056     20.484      0.000
    F7                 0.594      0.041     14.455      0.000

 Residual Variances
    ROLEA1             0.421      0.023     18.094      0.000
    ROLEA2             0.314      0.026     12.201      0.000
    ROLEC1             0.622      0.027     22.846      0.000
    ROLEC2             0.573      0.035     16.208      0.000
    WORK1              0.539      0.031     17.319      0.000
    WORK2              0.717      0.034     21.064      0.000
    CCLIM1             0.181      0.007     24.422      0.000
    CCLIM2             0.150      0.010     15.678      0.000
    CCLIM3             0.140      0.007     19.595      0.000
    CCLIM4             0.339      0.015     22.471      0.000
    DEC1               0.484      0.024     19.835      0.000
    DEC2               0.585      0.032     18.416      0.000
    SSUP1              0.396      0.024     16.327      0.000
    SSUP2              0.199      0.021      9.309      0.000
    PSUP1              0.337      0.025     13.237      0.000
    PSUP2              0.162      0.026      6.352      0.000
    SELF1              0.082      0.005     17.558      0.000
    SELF2              0.065      0.005     13.858      0.000
    SELF3              0.083      0.006     13.768      0.000
    ELC1               0.207      0.009     21.924      0.000
    ELC2               0.262      0.010     25.490      0.000
    ELC3               0.135      0.007     18.668      0.000
    ELC4               0.213      0.010     22.358      0.000
    ELC5               0.183      0.009     19.846      0.000
    EE1                0.411      0.022     19.040      0.000
    EE2                0.222      0.018     12.540      0.000
    EE3                0.452      0.022     20.147      0.000
    DP1                0.258      0.041      6.316      0.000
    DP2                0.643      0.044     14.742      0.000
    PA1                0.264      0.020     13.295      0.000
    PA2                0.326      0.022     14.555      0.000
    PA3                0.408      0.023     17.674      0.000
    F8                 0.087      0.008     11.184      0.000
    F9                 0.130      0.010     12.648      0.000
    F10                0.517      0.054      9.552      0.000
    F11                0.543      0.045     12.047      0.000
    F12                0.343      0.023     14.837      0.000


QUALITY OF NUMERICAL RESULTS

     Condition Number for the Information Matrix              0.749E-04
       (ratio of smallest to largest eigenvalue)


MODEL MODIFICATION INDICES

NOTE:  Modification indices for direct effects of observed dependent variables
regressed on covariates may not be included.  To include these, request
MODINDICES (ALL).

Minimum M.I. value for printing the modification index    10.000

                                   M.I.     E.P.C.  Std E.P.C.  StdYX E.P.C.

BY Statements

F1       BY WORK2                 11.072     0.261      0.168        0.154
F1       BY CCLIM1                33.531    -0.141     -0.091       -0.168
F1       BY SSUP1                 25.604    -0.252     -0.162       -0.130
F1       BY SSUP2                 25.461     0.275      0.177        0.141
F1       BY EE2                   20.656    -0.173     -0.111       -0.089
F1       BY EE3                   47.225     0.293      0.188        0.145
F1       BY PA1                   26.115    -0.184     -0.118       -0.130
F1       BY PA2                   15.825     0.151      0.097        0.101
F2       BY WORK1                 16.160    -0.980     -0.754       -0.627
F2       BY WORK2                 16.157     0.706      0.543        0.499
F2       BY CCLIM1                56.495    -0.152     -0.117       -0.216
F2       BY CCLIM3                14.512     0.069      0.053        0.108
F2       BY SSUP1                 16.209    -0.157     -0.121       -0.097
F2       BY EE2                   39.164    -0.229     -0.176       -0.140
F2       BY EE3                   40.416     0.256      0.197        0.152
F2       BY PA1                   33.083    -0.166     -0.127       -0.140
F2       BY PA2                   19.365     0.134      0.103        0.107
F3       BY ROLEC1                13.165    -0.494     -0.470       -0.427
F3       BY ROLEC2                22.120     0.800      0.760        0.616
F3       BY CCLIM1                65.617    -0.132     -0.126       -0.233
F3       BY CCLIM3                14.001     0.055      0.052        0.106
F3       BY SSUP1                 15.559    -0.117     -0.112       -0.090
F3       BY EE2                   45.854    -0.239     -0.227       -0.181
F3       BY EE3                   24.554     0.192      0.182        0.141
F3       BY PA1                   35.975    -0.141     -0.134       -0.148
F3       BY PA2                   19.209     0.109      0.104        0.108
F4       BY DEC1                  14.004    -0.390     -0.130       -0.129
F4       BY EE1                   11.292     0.261      0.087        0.067
F4       BY EE3                   45.066    -0.532     -0.178       -0.137
F5       BY CCLIM1                45.753     0.148      0.108        0.200
F5       BY CCLIM3                12.114    -0.069     -0.050       -0.102
F5       BY SSUP1                 15.835     0.280      0.205        0.165
F5       BY SSUP2                 15.841    -0.308     -0.225       -0.178
F5       BY EE2                   10.916     0.111      0.081        0.065
F5       BY EE3                   55.386    -0.281     -0.205       -0.159
F5       BY PA1                   38.800     0.208      0.152        0.168
F5       BY PA2                   27.594    -0.185     -0.135       -0.141
F6       BY CCLIM1                27.121     0.072      0.077        0.143
F6       BY EE1                   14.619     0.082      0.088        0.068
F6       BY EE3                   31.114    -0.123     -0.132       -0.102
F6       BY PA1                   19.009     0.088      0.095        0.104
F6       BY PA2                   18.165    -0.091     -0.098       -0.102
F7       BY CCLIM1                14.404     0.072      0.055        0.102
F7       BY EE3                   17.677    -0.131     -0.101       -0.078
F8       BY DEC1                  25.647    -0.556     -0.189       -0.187
F8       BY EE1                   19.916     0.347      0.118        0.090
F8       BY EE3                   21.005    -0.363     -0.123       -0.095
F8       BY DP1                   13.133    -0.283     -0.096       -0.088
F8       BY PA1                   32.017     0.391      0.133        0.146
F8       BY PA2                   31.487    -0.408     -0.139       -0.145
F9       BY PA1                   12.204    -0.185     -0.079       -0.087
F9       BY PA2                   13.668     0.207      0.088        0.092
F10      BY CCLIM1                39.330    -0.083     -0.094       -0.175
F10      BY SSUP1                 14.222    -0.077     -0.087       -0.070
F10      BY SSUP2                 10.238     0.065      0.074        0.059
F10      BY PA1                   51.210    -0.143     -0.163       -0.179
F10      BY PA2                   18.304     0.090      0.103        0.107
F10      BY PA3                   11.260     0.072      0.082        0.086
F11      BY WORK1                 12.318    -0.129     -0.125       -0.104
F11      BY CCLIM1                14.325    -0.070     -0.068       -0.126
F11      BY EE1                   19.624    -0.135     -0.131       -0.100
F11      BY EE3                   45.359     0.208      0.202        0.156
F12      BY EE1                   47.661     0.238      0.178        0.136
F12      BY EE3                   32.939    -0.202     -0.151       -0.117

ON/BY Statements

F3       ON F11      /
F11      BY F3                    18.021    -0.188     -0.192       -0.192
F4       ON F9       /
F9       BY F4                    11.010    -0.107     -0.136       -0.136
F4       ON F12      /
F12      BY F4                    11.348     0.081      0.181        0.181
F5       ON F8       /
F8       BY F5                    11.382    -0.373     -0.173       -0.173
F7       ON F8       /
F8       BY F7                    13.025     2.082      0.918        0.918
F8       ON F11      /
F11      BY F8                    26.684    -0.075     -0.212       -0.212
F8       ON F12      /
F12      BY F8                    10.381     0.173      0.381        0.381
F11      ON F3       /
F3       BY F11                   16.526    -0.725     -0.712       -0.712
F11      ON F8       /
F8       BY F11                   19.989    -0.408     -0.143       -0.143

WITH Statements

WORK2    WITH ROLEC2              11.683     0.082      0.082        0.129
CCLIM1   WITH WORK1               13.746    -0.041     -0.041       -0.131
CCLIM3   WITH CCLIM2              13.559     0.030      0.030        0.206
DEC1     WITH WORK2               27.222     0.098      0.098        0.166
DEC2     WITH DEC1                13.979     0.073      0.073        0.137
SSUP1    WITH DEC2                18.363    -0.118     -0.118       -0.245
SSUP2    WITH DEC1                15.124    -0.059     -0.059       -0.190
SSUP2    WITH DEC2                11.307     0.103      0.103        0.300
PSUP1    WITH DEC2                16.417    -0.064     -0.064       -0.145
PSUP1    WITH SSUP1               28.904     0.071      0.071        0.195
PSUP1    WITH SSUP2               11.578    -0.041     -0.041       -0.159
PSUP2    WITH SSUP1               25.158    -0.062     -0.062       -0.244
PSUP2    WITH SSUP2               22.905     0.056      0.056        0.309
PSUP2    WITH PSUP1               12.988    12.511     12.511       53.502
ELC1     WITH WORK2               21.458    -0.057     -0.057       -0.148
ELC2     WITH ELC1                42.444     0.052      0.052        0.221
ELC4     WITH WORK2               12.326     0.043      0.043        0.110
ELC5     WITH WORK2               12.778     0.043      0.043        0.119
ELC5     WITH ELC2                17.273    -0.033     -0.033       -0.153
EE1      WITH WORK1               65.252     0.144      0.144        0.305
EE1      WITH CCLIM1              12.387    -0.033     -0.033       -0.120
EE2      WITH WORK1               11.081    -0.053     -0.053       -0.152
EE2      WITH WORK2               11.010    -0.053     -0.053       -0.133
EE2      WITH EE1                 74.677     0.238      0.238        0.789
EE3      WITH ROLEC1              11.873     0.061      0.061        0.116
EE3      WITH CCLIM2              12.853    -0.036     -0.036       -0.137
EE3      WITH EE1                 40.147    -0.152     -0.152       -0.353
DP2      WITH ELC4                11.064    -0.040     -0.040       -0.109
PA1      WITH EE3                 18.197    -0.056     -0.056       -0.161
PA2      WITH SELF2               15.016    -0.023     -0.023       -0.158
PA3      WITH PA1                 27.699    -0.118     -0.118       -0.359
PA3      WITH PA2                 48.486     0.158      0.158        0.432
F8       WITH F5                  11.381    -0.032     -0.150       -0.150
F8       WITH F7                  13.022     0.181      0.797        0.797
F10      WITH F4                  10.045     0.160      0.667        0.667
F11      WITH F3                  17.657    -0.103     -0.147       -0.147
F11      WITH F8                  22.555    -0.041     -0.190       -0.190


TECHNICAL 1 OUTPUT


     PARAMETER SPECIFICATION


           NU
              ROLEA1        ROLEA2        ROLEC1        ROLEC2        WORK1
              ________      ________      ________      ________      ________
                  1             2             3             4             5


           NU
              WORK2         CCLIM1        CCLIM2        CCLIM3        CCLIM4
              ________      ________      ________      ________      ________
                  6             7             8             9            10


           NU
              DEC1          DEC2          SSUP1         SSUP2         PSUP1
              ________      ________      ________      ________      ________
                 11            12            13            14            15


           NU
              PSUP2         SELF1         SELF2         SELF3         ELC1
              ________      ________      ________      ________      ________
                 16            17            18            19            20


           NU
              ELC2          ELC3          ELC4          ELC5          EE1
              ________      ________      ________      ________      ________
                 21            22            23            24            25


           NU
              EE2           EE3           DP1           DP2           PA1
              ________      ________      ________      ________      ________
                 26            27            28            29            30


           NU
              PA2           PA3
              ________      ________
                 31            32


           LAMBDA
              F1            F2            F3            F4            F5
              ________      ________      ________      ________      ________
 ROLEA1             0             0             0             0             0
 ROLEA2            33             0             0             0             0
 ROLEC1             0             0             0             0             0
 ROLEC2             0            34             0             0             0
 WORK1              0             0             0             0             0
 WORK2              0             0            35             0             0
 CCLIM1             0             0             0             0             0
 CCLIM2             0             0             0            36             0
 CCLIM3             0             0             0            37             0
 CCLIM4             0             0             0            38             0
 DEC1               0             0             0             0             0
 DEC2              39             0             0             0            40
 SSUP1              0             0             0             0             0
 SSUP2              0             0             0             0             0
 PSUP1              0             0             0             0             0
 PSUP2              0             0             0             0             0
 SELF1              0             0             0             0             0
 SELF2              0             0             0             0             0
 SELF3              0             0             0             0             0
 ELC1               0             0             0             0             0
 ELC2               0             0             0             0             0
 ELC3               0             0             0             0             0
 ELC4               0             0             0             0             0
 ELC5               0             0             0             0             0
 EE1                0             0             0             0             0
 EE2                0             0             0             0             0
 EE3                0             0             0             0             0
 DP1                0             0             0             0             0
 DP2                0             0             0             0             0
 PA1                0             0             0             0             0
 PA2                0             0             0             0             0
 PA3                0             0             0             0             0


           LAMBDA
              F6            F7            F8            F9            F10
              ________      ________      ________      ________      ________
 ROLEA1             0             0             0             0             0
 ROLEA2             0             0             0             0             0
 ROLEC1             0             0             0             0             0
 ROLEC2             0             0             0             0             0
 WORK1              0             0             0             0             0
 WORK2              0             0             0             0             0
 CCLIM1             0             0             0             0             0
 CCLIM2             0             0             0             0             0
 CCLIM3             0             0             0             0             0
 CCLIM4             0             0             0             0             0
 DEC1               0             0             0             0             0
 DEC2              41             0             0             0             0
 SSUP1              0             0             0             0             0
 SSUP2             42             0             0             0             0
 PSUP1              0             0             0             0             0
 PSUP2              0            43             0             0             0
 SELF1              0             0             0             0             0
 SELF2              0             0            44             0             0
 SELF3              0             0            45             0             0
 ELC1               0             0             0             0             0
 ELC2               0             0             0            46             0
 ELC3               0             0             0            47             0
 ELC4               0             0             0            48             0
 ELC5               0             0             0            49             0
 EE1                0             0             0             0             0
 EE2                0             0             0             0            50
 EE3                0             0             0             0            51
 DP1                0             0             0             0             0
 DP2                0             0             0             0             0
 PA1                0             0             0             0             0
 PA2                0             0             0             0             0
 PA3                0             0             0             0             0


           LAMBDA
              F11           F12
              ________      ________
 ROLEA1             0             0
 ROLEA2             0             0
 ROLEC1             0             0
 ROLEC2             0             0
 WORK1              0             0
 WORK2              0             0
 CCLIM1             0             0
 CCLIM2             0             0
 CCLIM3             0             0
 CCLIM4             0             0
 DEC1               0             0
 DEC2               0             0
 SSUP1              0             0
 SSUP2              0             0
 PSUP1              0             0
 PSUP2              0             0
 SELF1              0             0
 SELF2              0             0
 SELF3              0             0
 ELC1               0             0
 ELC2               0             0
 ELC3               0             0
 ELC4               0             0
 ELC5               0             0
 EE1                0             0
 EE2                0             0
 EE3                0             0
 DP1                0             0
 DP2               52             0
 PA1                0             0
 PA2                0            53
 PA3                0            54


           THETA
              ROLEA1        ROLEA2        ROLEC1        ROLEC2        WORK1
              ________      ________      ________      ________      ________
 ROLEA1            55
 ROLEA2             0            56
 ROLEC1             0             0            57
 ROLEC2             0             0             0            58
 WORK1              0             0             0             0            59
 WORK2              0             0             0             0             0
 CCLIM1             0             0             0             0             0
 CCLIM2             0             0             0             0             0
 CCLIM3             0             0             0             0             0
 CCLIM4             0             0             0             0             0
 DEC1               0             0             0             0             0
 DEC2               0             0             0             0             0
 SSUP1              0             0             0             0             0
 SSUP2              0             0             0             0             0
 PSUP1              0             0             0             0             0
 PSUP2              0             0             0             0             0
 SELF1              0             0             0             0             0
 SELF2              0             0             0             0             0
 SELF3              0             0             0             0             0
 ELC1               0             0             0             0             0
 ELC2               0             0             0             0             0
 ELC3               0             0             0             0             0
 ELC4               0             0             0             0             0
 ELC5               0             0             0             0             0
 EE1                0             0             0             0             0
 EE2                0             0             0             0             0
 EE3                0             0             0             0             0
 DP1                0             0             0             0             0
 DP2                0             0             0             0             0
 PA1                0             0             0             0             0
 PA2                0             0             0             0             0
 PA3                0             0             0             0             0


           THETA
              WORK2         CCLIM1        CCLIM2        CCLIM3        CCLIM4
              ________      ________      ________      ________      ________
 WORK2             60
 CCLIM1             0            61
 CCLIM2             0             0            62
 CCLIM3             0             0             0            63
 CCLIM4             0             0             0             0            64
 DEC1               0             0             0             0             0
 DEC2               0             0             0             0             0
 SSUP1              0             0             0             0             0
 SSUP2              0             0             0             0             0
 PSUP1              0             0             0             0             0
 PSUP2              0             0             0             0             0
 SELF1              0             0             0             0             0
 SELF2              0             0             0             0             0
 SELF3              0             0             0             0             0
 ELC1               0             0             0             0             0
 ELC2               0             0             0             0             0
 ELC3               0             0             0             0             0
 ELC4               0             0             0             0             0
 ELC5               0             0             0             0             0
 EE1                0             0             0             0             0
 EE2                0             0             0             0             0
 EE3                0             0             0             0             0
 DP1                0             0             0             0             0
 DP2                0             0             0             0             0
 PA1                0             0             0             0             0
 PA2                0             0             0             0             0
 PA3                0             0             0             0             0


           THETA
              DEC1          DEC2          SSUP1         SSUP2         PSUP1
              ________      ________      ________      ________      ________
 DEC1              65
 DEC2               0            66
 SSUP1              0             0            67
 SSUP2              0             0             0            68
 PSUP1              0             0             0             0            69
 PSUP2              0             0             0             0             0
 SELF1              0             0             0             0             0
 SELF2              0             0             0             0             0
 SELF3              0             0             0             0             0
 ELC1               0             0             0             0             0
 ELC2               0             0             0             0             0
 ELC3               0             0             0             0             0
 ELC4               0             0             0             0             0
 ELC5               0             0             0             0             0
 EE1                0             0             0             0             0
 EE2                0             0             0             0             0
 EE3                0             0             0             0             0
 DP1                0             0             0             0             0
 DP2                0             0             0             0             0
 PA1                0             0             0             0             0
 PA2                0             0             0             0             0
 PA3                0             0             0             0             0


           THETA
              PSUP2         SELF1         SELF2         SELF3         ELC1
              ________      ________      ________      ________      ________
 PSUP2             70
 SELF1              0            71
 SELF2              0             0            72
 SELF3              0             0             0            73
 ELC1               0             0             0             0            74
 ELC2               0             0             0             0             0
 ELC3               0             0             0             0             0
 ELC4               0             0             0             0             0
 ELC5               0             0             0             0             0
 EE1                0             0             0             0             0
 EE2                0             0             0             0             0
 EE3                0             0             0             0             0
 DP1                0             0             0             0             0
 DP2                0             0             0             0             0
 PA1                0             0             0             0             0
 PA2                0             0             0             0             0
 PA3                0             0             0             0             0


           THETA
              ELC2          ELC3          ELC4          ELC5          EE1
              ________      ________      ________      ________      ________
 ELC2              75
 ELC3               0            76
 ELC4               0             0            77
 ELC5               0             0             0            78
 EE1                0             0             0             0            79
 EE2                0             0             0             0             0
 EE3                0             0             0             0             0
 DP1                0             0             0             0             0
 DP2                0             0             0             0             0
 PA1                0             0             0             0             0
 PA2                0             0             0             0             0
 PA3                0             0             0             0             0


           THETA
              EE2           EE3           DP1           DP2           PA1
              ________      ________      ________      ________      ________
 EE2               80
 EE3                0            81
 DP1                0             0            82
 DP2                0             0             0            83
 PA1                0             0             0             0            84
 PA2                0             0             0             0             0
 PA3                0             0             0             0             0


           THETA
              PA2           PA3
              ________      ________
 PA2               85
 PA3                0            86


           ALPHA
              F1            F2            F3            F4            F5
              ________      ________      ________      ________      ________
                  0             0             0             0             0


           ALPHA
              F6            F7            F8            F9            F10
              ________      ________      ________      ________      ________
                  0             0             0             0             0


           ALPHA
              F11           F12
              ________      ________
                  0             0


           BETA
              F1            F2            F3            F4            F5
              ________      ________      ________      ________      ________
 F1                 0             0             0             0             0
 F2                 0             0             0             0             0
 F3                 0             0             0             0             0
 F4                 0             0             0             0             0
 F5                 0             0             0             0             0
 F6                 0             0             0             0             0
 F7                 0             0             0             0             0
 F8                 0             0             0             0            87
 F9                 0            90             0             0            91
 F10                0            93            94            95             0
 F11                0            97             0            98             0
 F12              100           101             0             0           102


           BETA
              F6            F7            F8            F9            F10
              ________      ________      ________      ________      ________
 F1                 0             0             0             0             0
 F2                 0             0             0             0             0
 F3                 0             0             0             0             0
 F4                 0             0             0             0             0
 F5                 0             0             0             0             0
 F6                 0             0             0             0             0
 F7                 0             0             0             0             0
 F8                88            89             0             0             0
 F9                 0             0            92             0             0
 F10                0             0            96             0             0
 F11                0             0             0             0            99
 F12                0             0           103           104           105


           BETA
              F11           F12
              ________      ________
 F1                 0             0
 F2                 0             0
 F3                 0             0
 F4                 0             0
 F5                 0             0
 F6                 0             0
 F7                 0             0
 F8                 0             0
 F9                 0             0
 F10                0             0
 F11                0             0
 F12              106             0


           PSI
              F1            F2            F3            F4            F5
              ________      ________      ________      ________      ________
 F1               107
 F2               108           109
 F3               110           111           112
 F4               113           114           115           116
 F5               117           118           119           120           121
 F6               122           123           124           125           126
 F7               128           129           130           131           132
 F8                 0             0             0             0             0
 F9                 0             0             0             0             0
 F10                0             0             0             0             0
 F11                0             0             0             0             0
 F12                0             0             0             0             0


           PSI
              F6            F7            F8            F9            F10
              ________      ________      ________      ________      ________
 F6               127
 F7               133           134
 F8                 0             0           135
 F9                 0             0             0           136
 F10                0             0             0             0           137
 F11                0             0             0             0             0
 F12                0             0             0             0             0


           PSI
              F11           F12
              ________      ________
 F11              138
 F12                0           139


     STARTING VALUES


           NU
              ROLEA1        ROLEA2        ROLEC1        ROLEC2        WORK1
              ________      ________      ________      ________      ________
                2.401         2.086         3.015         3.018         3.240


           NU
              WORK2         CCLIM1        CCLIM2        CCLIM3        CCLIM4
              ________      ________      ________      ________      ________
                2.243         2.964         2.723         2.928         3.053


           NU
              DEC1          DEC2          SSUP1         SSUP2         PSUP1
              ________      ________      ________      ________      ________
                4.039         4.242         4.299         4.370         4.571


           NU
              PSUP2         SELF1         SELF2         SELF3         ELC1
              ________      ________      ________      ________      ________
                4.621         3.603         3.613         3.483         2.918


           NU
              ELC2          ELC3          ELC4          ELC5          EE1
              ________      ________      ________      ________      ________
                3.008         2.801         2.200         2.483         3.855


           NU
              EE2           EE3           DP1           DP2           PA1
              ________      ________      ________      ________      ________
                3.530         3.165         2.319         2.086         5.748


           NU
              PA2           PA3
              ________      ________
                5.850         5.815


           LAMBDA
              F1            F2            F3            F4            F5
              ________      ________      ________      ________      ________
 ROLEA1         1.000         0.000         0.000         0.000         0.000
 ROLEA2         1.000         0.000         0.000         0.000         0.000
 ROLEC1         0.000         1.000         0.000         0.000         0.000
 ROLEC2         0.000         1.000         0.000         0.000         0.000
 WORK1          0.000         0.000         1.000         0.000         0.000
 WORK2          0.000         0.000         1.000         0.000         0.000
 CCLIM1         0.000         0.000         0.000         1.000         0.000
 CCLIM2         0.000         0.000         0.000         1.000         0.000
 CCLIM3         0.000         0.000         0.000         1.000         0.000
 CCLIM4         0.000         0.000         0.000         1.000         0.000
 DEC1           0.000         0.000         0.000         0.000         1.000
 DEC2           1.000         0.000         0.000         0.000         1.000
 SSUP1          0.000         0.000         0.000         0.000         0.000
 SSUP2          0.000         0.000         0.000         0.000         0.000
 PSUP1          0.000         0.000         0.000         0.000         0.000
 PSUP2          0.000         0.000         0.000         0.000         0.000
 SELF1          0.000         0.000         0.000         0.000         0.000
 SELF2          0.000         0.000         0.000         0.000         0.000
 SELF3          0.000         0.000         0.000         0.000         0.000
 ELC1           0.000         0.000         0.000         0.000         0.000
 ELC2           0.000         0.000         0.000         0.000         0.000
 ELC3           0.000         0.000         0.000         0.000         0.000
 ELC4           0.000         0.000         0.000         0.000         0.000
 ELC5           0.000         0.000         0.000         0.000         0.000
 EE1            0.000         0.000         0.000         0.000         0.000
 EE2            0.000         0.000         0.000         0.000         0.000
 EE3            0.000         0.000         0.000         0.000         0.000
 DP1            0.000         0.000         0.000         0.000         0.000
 DP2            0.000         0.000         0.000         0.000         0.000
 PA1            0.000         0.000         0.000         0.000         0.000
 PA2            0.000         0.000         0.000         0.000         0.000
 PA3            0.000         0.000         0.000         0.000         0.000


           LAMBDA
              F6            F7            F8            F9            F10
              ________      ________      ________      ________      ________
 ROLEA1         0.000         0.000         0.000         0.000         0.000
 ROLEA2         0.000         0.000         0.000         0.000         0.000
 ROLEC1         0.000         0.000         0.000         0.000         0.000
 ROLEC2         0.000         0.000         0.000         0.000         0.000
 WORK1          0.000         0.000         0.000         0.000         0.000
 WORK2          0.000         0.000         0.000         0.000         0.000
 CCLIM1         0.000         0.000         0.000         0.000         0.000
 CCLIM2         0.000         0.000         0.000         0.000         0.000
 CCLIM3         0.000         0.000         0.000         0.000         0.000
 CCLIM4         0.000         0.000         0.000         0.000         0.000
 DEC1           0.000         0.000         0.000         0.000         0.000
 DEC2           1.000         0.000         0.000         0.000         0.000
 SSUP1          1.000         0.000         0.000         0.000         0.000
 SSUP2          1.000         0.000         0.000         0.000         0.000
 PSUP1          0.000         1.000         0.000         0.000         0.000
 PSUP2          0.000         1.000         0.000         0.000         0.000
 SELF1          0.000         0.000         1.000         0.000         0.000
 SELF2          0.000         0.000         1.000         0.000         0.000
 SELF3          0.000         0.000         1.000         0.000         0.000
 ELC1           0.000         0.000         0.000         1.000         0.000
 ELC2           0.000         0.000         0.000         1.000         0.000
 ELC3           0.000         0.000         0.000         1.000         0.000
 ELC4           0.000         0.000         0.000         1.000         0.000
 ELC5           0.000         0.000         0.000         1.000         0.000
 EE1            0.000         0.000         0.000         0.000         1.000
 EE2            0.000         0.000         0.000         0.000         1.000
 EE3            0.000         0.000         0.000         0.000         1.000
 DP1            0.000         0.000         0.000         0.000         0.000
 DP2            0.000         0.000         0.000         0.000         0.000
 PA1            0.000         0.000         0.000         0.000         0.000
 PA2            0.000         0.000         0.000         0.000         0.000
 PA3            0.000         0.000         0.000         0.000         0.000


           LAMBDA
              F11           F12
              ________      ________
 ROLEA1         0.000         0.000
 ROLEA2         0.000         0.000
 ROLEC1         0.000         0.000
 ROLEC2         0.000         0.000
 WORK1          0.000         0.000
 WORK2          0.000         0.000
 CCLIM1         0.000         0.000
 CCLIM2         0.000         0.000
 CCLIM3         0.000         0.000
 CCLIM4         0.000         0.000
 DEC1           0.000         0.000
 DEC2           0.000         0.000
 SSUP1          0.000         0.000
 SSUP2          0.000         0.000
 PSUP1          0.000         0.000
 PSUP2          0.000         0.000
 SELF1          0.000         0.000
 SELF2          0.000         0.000
 SELF3          0.000         0.000
 ELC1           0.000         0.000
 ELC2           0.000         0.000
 ELC3           0.000         0.000
 ELC4           0.000         0.000
 ELC5           0.000         0.000
 EE1            0.000         0.000
 EE2            0.000         0.000
 EE3            0.000         0.000
 DP1            1.000         0.000
 DP2            1.000         0.000
 PA1            0.000         1.000
 PA2            0.000         1.000
 PA3            0.000         1.000


           THETA
              ROLEA1        ROLEA2        ROLEC1        ROLEC2        WORK1
              ________      ________      ________      ________      ________
 ROLEA1         0.417
 ROLEA2         0.000         0.473
 ROLEC1         0.000         0.000         0.606
 ROLEC2         0.000         0.000         0.000         0.762
 WORK1          0.000         0.000         0.000         0.000         0.721
 WORK2          0.000         0.000         0.000         0.000         0.000
 CCLIM1         0.000         0.000         0.000         0.000         0.000
 CCLIM2         0.000         0.000         0.000         0.000         0.000
 CCLIM3         0.000         0.000         0.000         0.000         0.000
 CCLIM4         0.000         0.000         0.000         0.000         0.000
 DEC1           0.000         0.000         0.000         0.000         0.000
 DEC2           0.000         0.000         0.000         0.000         0.000
 SSUP1          0.000         0.000         0.000         0.000         0.000
 SSUP2          0.000         0.000         0.000         0.000         0.000
 PSUP1          0.000         0.000         0.000         0.000         0.000
 PSUP2          0.000         0.000         0.000         0.000         0.000
 SELF1          0.000         0.000         0.000         0.000         0.000
 SELF2          0.000         0.000         0.000         0.000         0.000
 SELF3          0.000         0.000         0.000         0.000         0.000
 ELC1           0.000         0.000         0.000         0.000         0.000
 ELC2           0.000         0.000         0.000         0.000         0.000
 ELC3           0.000         0.000         0.000         0.000         0.000
 ELC4           0.000         0.000         0.000         0.000         0.000
 ELC5           0.000         0.000         0.000         0.000         0.000
 EE1            0.000         0.000         0.000         0.000         0.000
 EE2            0.000         0.000         0.000         0.000         0.000
 EE3            0.000         0.000         0.000         0.000         0.000
 DP1            0.000         0.000         0.000         0.000         0.000
 DP2            0.000         0.000         0.000         0.000         0.000
 PA1            0.000         0.000         0.000         0.000         0.000
 PA2            0.000         0.000         0.000         0.000         0.000
 PA3            0.000         0.000         0.000         0.000         0.000


           THETA
              WORK2         CCLIM1        CCLIM2        CCLIM3        CCLIM4
              ________      ________      ________      ________      ________
 WORK2          0.593
 CCLIM1         0.000         0.146
 CCLIM2         0.000         0.000         0.197
 CCLIM3         0.000         0.000         0.000         0.122
 CCLIM4         0.000         0.000         0.000         0.000         0.268
 DEC1           0.000         0.000         0.000         0.000         0.000
 DEC2           0.000         0.000         0.000         0.000         0.000
 SSUP1          0.000         0.000         0.000         0.000         0.000
 SSUP2          0.000         0.000         0.000         0.000         0.000
 PSUP1          0.000         0.000         0.000         0.000         0.000
 PSUP2          0.000         0.000         0.000         0.000         0.000
 SELF1          0.000         0.000         0.000         0.000         0.000
 SELF2          0.000         0.000         0.000         0.000         0.000
 SELF3          0.000         0.000         0.000         0.000         0.000
 ELC1           0.000         0.000         0.000         0.000         0.000
 ELC2           0.000         0.000         0.000         0.000         0.000
 ELC3           0.000         0.000         0.000         0.000         0.000
 ELC4           0.000         0.000         0.000         0.000         0.000
 ELC5           0.000         0.000         0.000         0.000         0.000
 EE1            0.000         0.000         0.000         0.000         0.000
 EE2            0.000         0.000         0.000         0.000         0.000
 EE3            0.000         0.000         0.000         0.000         0.000
 DP1            0.000         0.000         0.000         0.000         0.000
 DP2            0.000         0.000         0.000         0.000         0.000
 PA1            0.000         0.000         0.000         0.000         0.000
 PA2            0.000         0.000         0.000         0.000         0.000
 PA3            0.000         0.000         0.000         0.000         0.000


           THETA
              DEC1          DEC2          SSUP1         SSUP2         PSUP1
              ________      ________      ________      ________      ________
 DEC1           0.509
 DEC2           0.000         0.881
 SSUP1          0.000         0.000         0.774
 SSUP2          0.000         0.000         0.000         0.794
 PSUP1          0.000         0.000         0.000         0.000         0.465
 PSUP2          0.000         0.000         0.000         0.000         0.000
 SELF1          0.000         0.000         0.000         0.000         0.000
 SELF2          0.000         0.000         0.000         0.000         0.000
 SELF3          0.000         0.000         0.000         0.000         0.000
 ELC1           0.000         0.000         0.000         0.000         0.000
 ELC2           0.000         0.000         0.000         0.000         0.000
 ELC3           0.000         0.000         0.000         0.000         0.000
 ELC4           0.000         0.000         0.000         0.000         0.000
 ELC5           0.000         0.000         0.000         0.000         0.000
 EE1            0.000         0.000         0.000         0.000         0.000
 EE2            0.000         0.000         0.000         0.000         0.000
 EE3            0.000         0.000         0.000         0.000         0.000
 DP1            0.000         0.000         0.000         0.000         0.000
 DP2            0.000         0.000         0.000         0.000         0.000
 PA1            0.000         0.000         0.000         0.000         0.000
 PA2            0.000         0.000         0.000         0.000         0.000
 PA3            0.000         0.000         0.000         0.000         0.000


           THETA
              PSUP2         SELF1         SELF2         SELF3         ELC1
              ________      ________      ________      ________      ________
 PSUP2          0.428
 SELF1          0.000         0.099
 SELF2          0.000         0.000         0.127
 SELF3          0.000         0.000         0.000         0.148
 ELC1           0.000         0.000         0.000         0.000         0.194
 ELC2           0.000         0.000         0.000         0.000         0.000
 ELC3           0.000         0.000         0.000         0.000         0.000
 ELC4           0.000         0.000         0.000         0.000         0.000
 ELC5           0.000         0.000         0.000         0.000         0.000
 EE1            0.000         0.000         0.000         0.000         0.000
 EE2            0.000         0.000         0.000         0.000         0.000
 EE3            0.000         0.000         0.000         0.000         0.000
 DP1            0.000         0.000         0.000         0.000         0.000
 DP2            0.000         0.000         0.000         0.000         0.000
 PA1            0.000         0.000         0.000         0.000         0.000
 PA2            0.000         0.000         0.000         0.000         0.000
 PA3            0.000         0.000         0.000         0.000         0.000


           THETA
              ELC2          ELC3          ELC4          ELC5          EE1
              ________      ________      ________      ________      ________
 ELC2           0.196
 ELC3           0.000         0.150
 ELC4           0.000         0.000         0.183
 ELC5           0.000         0.000         0.000         0.208
 EE1            0.000         0.000         0.000         0.000         0.857
 EE2            0.000         0.000         0.000         0.000         0.000
 EE3            0.000         0.000         0.000         0.000         0.000
 DP1            0.000         0.000         0.000         0.000         0.000
 DP2            0.000         0.000         0.000         0.000         0.000
 PA1            0.000         0.000         0.000         0.000         0.000
 PA2            0.000         0.000         0.000         0.000         0.000
 PA3            0.000         0.000         0.000         0.000         0.000


           THETA
              EE2           EE3           DP1           DP2           PA1
              ________      ________      ________      ________      ________
 EE2            0.790
 EE3            0.000         0.841
 DP1            0.000         0.000         0.599
 DP2            0.000         0.000         0.000         0.698
 PA1            0.000         0.000         0.000         0.000         0.416
 PA2            0.000         0.000         0.000         0.000         0.000
 PA3            0.000         0.000         0.000         0.000         0.000


           THETA
              PA2           PA3
              ________      ________
 PA2            0.463
 PA3            0.000         0.464


           ALPHA
              F1            F2            F3            F4            F5
              ________      ________      ________      ________      ________
                0.000         0.000         0.000         0.000         0.000


           ALPHA
              F6            F7            F8            F9            F10
              ________      ________      ________      ________      ________
                0.000         0.000         0.000         0.000         0.000


           ALPHA
              F11           F12
              ________      ________
                0.000         0.000


           BETA
              F1            F2            F3            F4            F5
              ________      ________      ________      ________      ________
 F1             0.000         0.000         0.000         0.000         0.000
 F2             0.000         0.000         0.000         0.000         0.000
 F3             0.000         0.000         0.000         0.000         0.000
 F4             0.000         0.000         0.000         0.000         0.000
 F5             0.000         0.000         0.000         0.000         0.000
 F6             0.000         0.000         0.000         0.000         0.000
 F7             0.000         0.000         0.000         0.000         0.000
 F8             0.000         0.000         0.000         0.000         0.000
 F9             0.000         0.000         0.000         0.000         0.000
 F10            0.000         0.000         0.000         0.000         0.000
 F11            0.000         0.000         0.000         0.000         0.000
 F12            0.000         0.000         0.000         0.000         0.000


           BETA
              F6            F7            F8            F9            F10
              ________      ________      ________      ________      ________
 F1             0.000         0.000         0.000         0.000         0.000
 F2             0.000         0.000         0.000         0.000         0.000
 F3             0.000         0.000         0.000         0.000         0.000
 F4             0.000         0.000         0.000         0.000         0.000
 F5             0.000         0.000         0.000         0.000         0.000
 F6             0.000         0.000         0.000         0.000         0.000
 F7             0.000         0.000         0.000         0.000         0.000
 F8             0.000         0.000         0.000         0.000         0.000
 F9             0.000         0.000         0.000         0.000         0.000
 F10            0.000         0.000         0.000         0.000         0.000
 F11            0.000         0.000         0.000         0.000         0.000
 F12            0.000         0.000         0.000         0.000         0.000


           BETA
              F11           F12
              ________      ________
 F1             0.000         0.000
 F2             0.000         0.000
 F3             0.000         0.000
 F4             0.000         0.000
 F5             0.000         0.000
 F6             0.000         0.000
 F7             0.000         0.000
 F8             0.000         0.000
 F9             0.000         0.000
 F10            0.000         0.000
 F11            0.000         0.000
 F12            0.000         0.000


           PSI
              F1            F2            F3            F4            F5
              ________      ________      ________      ________      ________
 F1             0.050
 F2             0.000         0.050
 F3             0.000         0.000         0.050
 F4             0.000         0.000         0.000         0.050
 F5             0.000         0.000         0.000         0.000         0.050
 F6             0.000         0.000         0.000         0.000         0.000
 F7             0.000         0.000         0.000         0.000         0.000
 F8             0.000         0.000         0.000         0.000         0.000
 F9             0.000         0.000         0.000         0.000         0.000
 F10            0.000         0.000         0.000         0.000         0.000
 F11            0.000         0.000         0.000         0.000         0.000
 F12            0.000         0.000         0.000         0.000         0.000


           PSI
              F6            F7            F8            F9            F10
              ________      ________      ________      ________      ________
 F6             0.050
 F7             0.000         0.050
 F8             0.000         0.000         0.050
 F9             0.000         0.000         0.000         0.050
 F10            0.000         0.000         0.000         0.000         0.050
 F11            0.000         0.000         0.000         0.000         0.000
 F12            0.000         0.000         0.000         0.000         0.000


           PSI
              F11           F12
              ________      ________
 F11            0.050
 F12            0.000         0.050


DIAGRAM INFORMATION

  Use View Diagram under the Diagram menu in the Mplus Editor to view the diagram.
  If running Mplus from the Mplus Diagrammer, the diagram opens automatically.

  Diagram output
    h:\sem ta lab & lecture 2019\3.19.19 power and full sems\full sem 3.26.7.dgm

     Beginning Time:  14:30:39
        Ending Time:  14:30:45
       Elapsed Time:  00:00:06



MUTHEN & MUTHEN
3463 Stoner Ave.
Los Angeles, CA  90066

Tel: (310) 391-9971
Fax: (310) 391-8971
Web: www.StatModel.com
Support: Support@StatModel.com

Copyright (c) 1998-2018 Muthen & Muthen
