Mplus VERSION 8.2
MUTHEN & MUTHEN
03/19/2019   2:41 PM

INPUT INSTRUCTIONS

  TITLE: Full SEM Model FINAL of Burnout for Secondary Teachers;

  DATA: file=allsecondary.dat;
        format = free;

  variable:
  names = rolea1 rolea2 rolec1 rolec2 work1 work2 cclim1 cclim2 cclim3
  cclim4 dec1 dec2 ssup1 ssup2 psup1 psup2 self1 self2 self3 elc1
  elc2 elc3 elc4 elc5 ee1 ee2 ee3 dp1 dp2 pa1 pa2 pa3;
  usevariables = rolea1-pa3;

  Analysis:
  estimator = MLM; !due to non-normality

  Model:

  !measurement model
  !added cross-loading indicators
  F1 by rolea1-rolea2 dec2; !role ambiguity
  F2 by rolec1-rolec2; !role conflict
  F3 by work1-work2; !work overload
  F4 by cclim1-cclim4; !classroom climate
  F5 by dec1-dec2; !decision-making
  F6 by ssup1-ssup2 dec2; !superior support
  F7 by psup1-psup2; !peer support
  F8 by self1-self3; !self-esteem
  F9 by elc1-elc5; !external loc. of control
  F10 by ee1-ee3; !emotional exhaustion
  F11 by dp1-dp2; !depersonalization
  F12 by pa1-pa3; !personal accomplishment

  !structural model
  !freely estimate F11 on F4
  !freely estimate F12 on F5
  !freely estimate F9 on F2
  !freely estimate F9 on F8
  !freely estimate F10 on F8
  !freely estimate F12 on F2
  !delete F8 on F7 and F12 on F1
  F8 on F5 F6;
  F9 on F5 F2 F8;
  F10 on F2 F3 F4 F8;
  F11 on F2 F10 F4;
  F12 on F8 F9 F10 F11 F5 F2;

  Output: stdyx; !now requested standardization



INPUT READING TERMINATED NORMALLY



Full SEM Model FINAL of Burnout for Secondary Teachers;

SUMMARY OF ANALYSIS

Number of groups                                                 1
Number of observations                                        1430

Number of dependent variables                                   32
Number of independent variables                                  0
Number of continuous latent variables                           12

Observed dependent variables

  Continuous
   ROLEA1      ROLEA2      ROLEC1      ROLEC2      WORK1       WORK2
   CCLIM1      CCLIM2      CCLIM3      CCLIM4      DEC1        DEC2
   SSUP1       SSUP2       PSUP1       PSUP2       SELF1       SELF2
   SELF3       ELC1        ELC2        ELC3        ELC4        ELC5
   EE1         EE2         EE3         DP1         DP2         PA1
   PA2         PA3

Continuous latent variables
   F1          F2          F3          F4          F5          F6
   F7          F8          F9          F10         F11         F12


Estimator                                                      MLM
Information matrix                                        EXPECTED
Maximum number of iterations                                  1000
Convergence criterion                                    0.500D-04
Maximum number of steepest descent iterations                   20

Input data file(s)
  allsecondary.dat

Input data format  FREE



UNIVARIATE SAMPLE STATISTICS


     UNIVARIATE HIGHER-ORDER MOMENT DESCRIPTIVE STATISTICS

         Variable/         Mean/     Skewness/   Minimum/ % with                Percentiles
        Sample Size      Variance    Kurtosis    Maximum  Min/Max      20%/60%    40%/80%    Median

     ROLEA1                2.401       0.646       1.000    7.48%       1.670      2.000      2.330
            1430.000       0.835       0.425       6.000    0.21%       2.670      3.000
     ROLEA2                2.086       1.203       1.000   19.16%       1.500      1.500      2.000
            1430.000       0.945       1.454       6.000    0.28%       2.000      3.000
     ROLEC1                3.015       0.243       1.000    3.71%       2.000      2.670      3.000
            1430.000       1.213      -0.456       6.000    0.84%       3.330      4.000
     ROLEC2                3.018       0.399       1.000    6.92%       2.000      2.500      3.000
            1430.000       1.523      -0.429       6.000    2.31%       3.500      4.000
     WORK1                 3.240       0.151       1.000    3.64%       2.000      3.000      3.330
            1430.000       1.443      -0.666       6.000    1.40%       3.670      4.330
     WORK2                 2.243       0.920       1.000   21.12%       1.000      2.000      2.000
            1430.000       1.186       0.516       6.000    0.63%       2.500      3.000
     CCLIM1                2.964      -0.299       1.000    0.28%       2.670      3.000      3.000
            1430.000       0.292       0.063       4.000    4.55%       3.000      3.330
     CCLIM2                2.723      -0.349       1.000    1.19%       2.330      2.670      2.670
            1430.000       0.395      -0.220       4.000    1.82%       3.000      3.330
     CCLIM3                2.928      -0.191       1.000    0.35%       2.670      2.670      3.000
            1430.000       0.243       0.500       4.000    3.57%       3.000      3.330
     CCLIM4                3.053      -0.620       1.000    2.24%       2.500      3.000      3.000
            1430.000       0.535      -0.044       4.000   19.09%       3.500      3.500
     DEC1                  4.039      -0.526       1.000    0.84%       3.330      4.000      4.000
            1430.000       1.019       0.144       6.000    1.82%       4.330      5.000
     DEC2                  4.242      -0.641       1.000    3.01%       3.000      4.000      4.500
            1430.000       1.763      -0.381       6.000   11.82%       5.000      5.500
     SSUP1                 4.299      -0.708       1.000    1.89%       3.330      4.100      4.330
            1430.000       1.548      -0.064       6.000    9.09%       4.670      5.330
     SSUP2                 4.370      -0.803       1.000    2.87%       3.500      4.500      4.500
            1430.000       1.588       0.089       6.000   13.43%       5.000      5.500
     PSUP1                 4.571      -0.739       1.000    0.35%       3.670      4.330      4.670
            1430.000       0.931       0.507       6.000    7.97%       5.000      5.330
     PSUP2                 4.621      -0.722       1.000    0.35%       4.000      4.500      4.500
            1430.000       0.857       0.647       6.000   10.77%       5.000      5.500
     SELF1                 3.603      -1.470       1.000    0.21%       3.330      3.670      3.670
            1430.000       0.198       3.470       4.000   39.51%       3.670      4.000
     SELF2                 3.613      -1.585       1.000    0.21%       3.250      3.750      3.750
            1430.000       0.254       2.682       4.000   45.52%       4.000      4.000
     SELF3                 3.483      -1.218       1.000    0.28%       3.000      3.330      3.670
            1430.000       0.296       1.596       4.000   34.34%       3.670      4.000
     ELC1                  2.918      -0.056       1.000    0.35%       2.400      2.800      3.000
            1430.000       0.389       0.042       4.800    0.14%       3.000      3.400
     ELC2                  3.008       0.017       1.000    0.28%       2.500      2.750      3.000
            1430.000       0.393       0.083       5.000    0.28%       3.250      3.500
     ELC3                  2.801      -0.076       1.000    0.21%       2.400      2.600      2.800
            1430.000       0.300       0.242       4.800    0.07%       3.000      3.200
     ELC4                  2.200       0.342       1.000    2.94%       1.750      2.000      2.250
            1430.000       0.366      -0.001       4.500    0.07%       2.250      2.750
     ELC5                  2.483       0.079       1.000    1.47%       2.000      2.400      2.400
            1430.000       0.415      -0.245       4.800    0.07%       2.600      3.000
     EE1                   3.855       0.062       1.000    0.70%       2.670      3.330      4.000
            1430.000       1.714      -0.578       7.000    1.05%       4.330      5.000
     EE2                   3.530       0.369       1.000    0.91%       2.330      3.000      3.330
            1430.000       1.580      -0.323       7.000    0.63%       3.670      4.670
     EE3                   3.165       0.596       1.000    2.10%       2.000      2.670      3.000
            1430.000       1.683      -0.242       7.000    0.28%       3.330      4.330
     DP1                   2.319       1.160       1.000   10.63%       1.330      1.670      2.000
            1430.000       1.198       1.348       6.670    0.21%       2.330      3.000
     DP2                   2.086       1.439       1.000   28.39%       1.000      1.500      1.500
            1430.000       1.396       1.957       7.000    0.21%       2.000      3.000
     PA1                   5.748      -0.813       2.000    0.07%       5.000      5.670      6.000
            1430.000       0.833       0.405       7.000    9.51%       6.000      6.670
     PA2                   5.850      -0.886       2.000    0.14%       5.000      6.000      6.000
            1430.000       0.927       0.385       7.000   17.97%       6.500      6.500
     PA3                   5.815      -0.836       2.000    0.14%       5.000      5.670      6.000
            1430.000       0.929       0.337       7.000   14.76%       6.330      6.670


THE MODEL ESTIMATION TERMINATED NORMALLY



MODEL FIT INFORMATION

Number of Free Parameters                      137

Loglikelihood

          H0 Value                      -47084.472
          H1 Value                      -46371.583

Information Criteria

          Akaike (AIC)                   94442.945
          Bayesian (BIC)                 95164.309
          Sample-Size Adjusted BIC       94729.107
            (n* = (n + 2) / 24)

Chi-Square Test of Model Fit

          Value                           1277.333*
          Degrees of Freedom                   423
          P-Value                           0.0000
          Scaling Correction Factor         1.1162
            for MLM

*   The chi-square value for MLM, MLMV, MLR, ULSMV, WLSM and WLSMV cannot be used
    for chi-square difference testing in the regular way.  MLM, MLR and WLSM
    chi-square difference testing is described on the Mplus website.  MLMV, WLSMV,
    and ULSMV difference testing is done using the DIFFTEST option.

RMSEA (Root Mean Square Error Of Approximation)

          Estimate                           0.038
          90 Percent C.I.                    0.035  0.040
          Probability RMSEA <= .05           1.000

CFI/TLI

          CFI                                0.958
          TLI                                0.951

Chi-Square Test of Model Fit for the Baseline Model

          Value                          20859.447
          Degrees of Freedom                   496
          P-Value                           0.0000

SRMR (Standardized Root Mean Square Residual)

          Value                              0.038

!model still fitting well

MODEL RESULTS

                                                    Two-Tailed
                    Estimate       S.E.  Est./S.E.    P-Value

 F1       BY
    ROLEA1             1.000      0.000    999.000    999.000
    ROLEA2             1.233      0.054     22.917      0.000
    DEC2               0.375      0.111      3.383      0.001

 F2       BY
    ROLEC1             1.000      0.000    999.000    999.000
    ROLEC2             1.266      0.047     26.655      0.000

 F3       BY
    WORK1              1.000      0.000    999.000    999.000
    WORK2              0.719      0.031     23.451      0.000

 F4       BY
    CCLIM1             1.000      0.000    999.000    999.000
    CCLIM2             1.481      0.072     20.686      0.000
    CCLIM3             0.960      0.053     18.231      0.000
    CCLIM4             1.326      0.075     17.682      0.000

 F5       BY
    DEC1               1.000      0.000    999.000    999.000
    DEC2               0.622      0.146      4.275      0.000

 F6       BY
    SSUP1              1.000      0.000    999.000    999.000
    SSUP2              1.098      0.025     44.589      0.000
    DEC2               0.778      0.059     13.159      0.000

 F7       BY
    PSUP1              1.000      0.000    999.000    999.000
    PSUP2              1.082      0.045     24.154      0.000

 F8       BY
    SELF1              1.000      0.000    999.000    999.000
    SELF2              1.277      0.042     30.411      0.000
    SELF3              1.359      0.052     26.129      0.000

 F9       BY
    ELC1               1.000      0.000    999.000    999.000
    ELC2               0.848      0.041     20.900      0.000
    ELC3               0.955      0.040     24.017      0.000
    ELC4               0.919      0.045     20.354      0.000
    ELC5               1.132      0.047     23.927      0.000

 F10      BY
    EE1                1.000      0.000    999.000    999.000
    EE2                1.021      0.019     54.520      0.000
    EE3                0.972      0.022     45.015      0.000

 F11      BY
    DP1                1.000      0.000    999.000    999.000
    DP2                0.896      0.040     22.593      0.000

 F12      BY
    PA1                1.000      0.000    999.000    999.000
    PA2                1.028      0.036     28.830      0.000
    PA3                0.956      0.037     25.565      0.000

 F8       ON
    F5                 0.347      0.039      8.836      0.000
    F6                -0.118      0.024     -4.875      0.000

 F9       ON
    F5                -0.081      0.033     -2.482      0.013
    F2                 0.165      0.029      5.630      0.000
    F8                -0.252      0.048     -5.296      0.000

 F10      ON
    F2                -0.860      0.295     -2.921      0.003
    F3                 1.298      0.249      5.203      0.000
    F4                -0.539      0.115     -4.672      0.000
    F8                -0.902      0.104     -8.647      0.000

 F11      ON
    F2                 0.176      0.047      3.719      0.000
    F10                0.303      0.032      9.378      0.000
    F4                -0.942      0.099     -9.515      0.000

 F12      ON
    F8                 0.382      0.085      4.496      0.000
    F9                -0.212      0.057     -3.698      0.000
    F10               -0.085      0.027     -3.103      0.002
    F11               -0.213      0.031     -6.852      0.000
    F5                 0.458      0.060      7.615      0.000
    F2                 0.372      0.064      5.835      0.000

 F2       WITH
    F1                 0.384      0.024     15.737      0.000

 F3       WITH
    F1                 0.403      0.027     14.988      0.000
    F2                 0.678      0.033     20.278      0.000

 F4       WITH
    F1                -0.065      0.008     -8.253      0.000
    F2                -0.081      0.010     -8.092      0.000
    F3                -0.097      0.012     -7.766      0.000

 F5       WITH
    F1                -0.387      0.025    -15.767      0.000
    F2                -0.430      0.028    -15.557      0.000
    F3                -0.496      0.030    -16.787      0.000
    F4                 0.104      0.011      9.803      0.000

 F6       WITH
    F1                -0.383      0.028    -13.487      0.000
    F2                -0.443      0.031    -14.441      0.000
    F3                -0.485      0.034    -14.144      0.000
    F4                 0.121      0.013      9.262      0.000
    F5                 0.640      0.036     17.833      0.000

 F7       WITH
    F1                -0.242      0.021    -11.690      0.000
    F2                -0.247      0.022    -11.042      0.000
    F3                -0.270      0.025    -10.593      0.000
    F4                 0.056      0.009      6.272      0.000
    F5                 0.377      0.026     14.552      0.000
    F6                 0.393      0.030     13.123      0.000

 Intercepts
    ROLEA1             2.401      0.024     99.362      0.000
    ROLEA2             2.086      0.026     81.108      0.000
    ROLEC1             3.015      0.029    103.524      0.000
    ROLEC2             3.018      0.033     92.468      0.000
    WORK1              3.240      0.032    101.996      0.000
    WORK2              2.243      0.029     77.885      0.000
    CCLIM1             2.964      0.014    207.379      0.000
    CCLIM2             2.723      0.017    163.890      0.000
    CCLIM3             2.928      0.013    224.532      0.000
    CCLIM4             3.053      0.019    157.758      0.000
    DEC1               4.039      0.027    151.305      0.000
    DEC2               4.242      0.035    120.842      0.000
    SSUP1              4.299      0.033    130.631      0.000
    SSUP2              4.370      0.033    131.136      0.000
    PSUP1              4.571      0.026    179.200      0.000
    PSUP2              4.621      0.024    188.754      0.000
    SELF1              3.603      0.012    306.319      0.000
    SELF2              3.613      0.013    271.109      0.000
    SELF3              3.483      0.014    241.972      0.000
    ELC1               2.918      0.016    176.985      0.000
    ELC2               3.008      0.017    181.556      0.000
    ELC3               2.801      0.014    193.300      0.000
    ELC4               2.200      0.016    137.503      0.000
    ELC5               2.483      0.017    145.731      0.000
    EE1                3.855      0.035    111.347      0.000
    EE2                3.530      0.033    106.201      0.000
    EE3                3.165      0.034     92.281      0.000
    DP1                2.319      0.029     80.113      0.000
    DP2                2.086      0.031     66.763      0.000
    PA1                5.748      0.024    238.172      0.000
    PA2                5.850      0.025    229.759      0.000
    PA3                5.815      0.025    228.188      0.000

 Variances
    F1                 0.414      0.031     13.224      0.000
    F2                 0.591      0.040     14.681      0.000
    F3                 0.906      0.048     18.698      0.000
    F4                 0.111      0.010     11.424      0.000
    F5                 0.537      0.037     14.522      0.000
    F6                 1.152      0.056     20.481      0.000
    F7                 0.594      0.041     14.436      0.000

 Residual Variances
    ROLEA1             0.421      0.023     18.040      0.000
    ROLEA2             0.316      0.026     12.316      0.000
    ROLEC1             0.622      0.027     22.873      0.000
    ROLEC2             0.576      0.035     16.340      0.000
    WORK1              0.537      0.031     17.272      0.000
    WORK2              0.717      0.034     21.069      0.000
    CCLIM1             0.181      0.007     24.422      0.000
    CCLIM2             0.150      0.010     15.680      0.000
    CCLIM3             0.140      0.007     19.596      0.000
    CCLIM4             0.339      0.015     22.473      0.000
    DEC1               0.481      0.025     19.606      0.000
    DEC2               0.583      0.032     18.277      0.000
    SSUP1              0.396      0.024     16.336      0.000
    SSUP2              0.199      0.021      9.280      0.000
    PSUP1              0.337      0.025     13.248      0.000
    PSUP2              0.162      0.026      6.307      0.000
    SELF1              0.082      0.005     17.556      0.000
    SELF2              0.065      0.005     13.848      0.000
    SELF3              0.083      0.006     13.764      0.000
    ELC1               0.207      0.009     21.916      0.000
    ELC2               0.262      0.010     25.489      0.000
    ELC3               0.135      0.007     18.663      0.000
    ELC4               0.213      0.010     22.368      0.000
    ELC5               0.183      0.009     19.844      0.000
    EE1                0.411      0.022     19.044      0.000
    EE2                0.222      0.018     12.540      0.000
    EE3                0.452      0.022     20.139      0.000
    DP1                0.258      0.041      6.322      0.000
    DP2                0.642      0.044     14.739      0.000
    PA1                0.264      0.020     13.279      0.000
    PA2                0.325      0.022     14.543      0.000
    PA3                0.409      0.023     17.681      0.000
    F8                 0.087      0.008     11.318      0.000
    F9                 0.130      0.010     12.642      0.000
    F10                0.520      0.053      9.814      0.000
    F11                0.543      0.045     12.048      0.000
    F12                0.341      0.023     14.721      0.000


STANDARDIZED MODEL RESULTS


STDYX Standardization

                                                    Two-Tailed
                    Estimate       S.E.  Est./S.E.    P-Value

 F1       BY
    ROLEA1             0.704      0.019     37.477      0.000
    ROLEA2             0.816      0.017     48.372      0.000
    DEC2               0.182      0.053      3.414      0.001

 F2       BY
    ROLEC1             0.698      0.017     41.330      0.000
    ROLEC2             0.789      0.015     51.570      0.000

 F3       BY
    WORK1              0.792      0.014     55.439      0.000
    WORK2              0.629      0.019     32.472      0.000

 F4       BY
    CCLIM1             0.618      0.020     30.827      0.000
    CCLIM2             0.787      0.016     49.100      0.000
    CCLIM3             0.650      0.021     30.690      0.000
    CCLIM4             0.605      0.022     27.675      0.000

 F5       BY
    DEC1               0.726      0.017     42.878      0.000
    DEC2               0.343      0.079      4.369      0.000

 F6       BY
    SSUP1              0.863      0.010     86.171      0.000
    SSUP2              0.935      0.007    125.699      0.000
    DEC2               0.629      0.046     13.620      0.000

 F7       BY
    PSUP1              0.799      0.018     44.946      0.000
    PSUP2              0.901      0.017     53.197      0.000

 F8       BY
    SELF1              0.765      0.017     43.879      0.000
    SELF2              0.862      0.012     68.965      0.000
    SELF3              0.849      0.013     64.486      0.000

 F9       BY
    ELC1               0.683      0.018     37.232      0.000
    ELC2               0.576      0.021     27.599      0.000
    ELC3               0.742      0.016     46.126      0.000
    ELC4               0.646      0.019     33.482      0.000
    ELC5               0.748      0.015     48.462      0.000

 F10      BY
    EE1                0.871      0.008    108.835      0.000
    EE2                0.927      0.007    142.217      0.000
    EE3                0.855      0.008    102.324      0.000

 F11      BY
    DP1                0.885      0.019     45.474      0.000
    DP2                0.734      0.020     36.948      0.000

 F12      BY
    PA1                0.825      0.014     57.966      0.000
    PA2                0.804      0.015     53.389      0.000
    PA3                0.746      0.017     45.167      0.000

 F8       ON
    F5                 0.748      0.066     11.340      0.000
    F6                -0.371      0.071     -5.236      0.000

 F9       ON
    F5                -0.139      0.055     -2.512      0.012
    F2                 0.299      0.052      5.796      0.000
    F8                -0.201      0.035     -5.801      0.000

 F10      ON
    F2                -0.581      0.198     -2.935      0.003
    F3                 1.085      0.198      5.473      0.000
    F4                -0.158      0.033     -4.762      0.000
    F8                -0.270      0.028     -9.695      0.000

 F11      ON
    F2                 0.140      0.038      3.712      0.000
    F10                0.356      0.036      9.771      0.000
    F4                -0.325      0.028    -11.426      0.000

 F12      ON
    F8                 0.174      0.037      4.668      0.000
    F9                -0.120      0.033     -3.702      0.000
    F10               -0.129      0.041     -3.123      0.002
    F11               -0.275      0.038     -7.318      0.000
    F5                 0.448      0.058      7.757      0.000
    F2                 0.382      0.064      5.939      0.000

 F2       WITH
    F1                 0.776      0.023     33.546      0.000

 F3       WITH
    F1                 0.657      0.028     23.379      0.000
    F2                 0.926      0.018     51.456      0.000

 F4       WITH
    F1                -0.302      0.031     -9.811      0.000
    F2                -0.317      0.032     -9.783      0.000
    F3                -0.304      0.033     -9.257      0.000

 F5       WITH
    F1                -0.819      0.023    -36.040      0.000
    F2                -0.762      0.025    -30.587      0.000
    F3                -0.710      0.027    -26.623      0.000
    F4                 0.425      0.033     12.723      0.000

 F6       WITH
    F1                -0.555      0.027    -20.478      0.000
    F2                -0.537      0.025    -21.499      0.000
    F3                -0.474      0.026    -17.910      0.000
    F4                 0.337      0.029     11.697      0.000
    F5                 0.814      0.023     34.733      0.000

 F7       WITH
    F1                -0.488      0.030    -16.188      0.000
    F2                -0.417      0.029    -14.239      0.000
    F3                -0.368      0.029    -12.494      0.000
    F4                 0.216      0.031      7.006      0.000
    F5                 0.667      0.026     25.726      0.000
    F6                 0.475      0.029     16.594      0.000

 Intercepts
    ROLEA1             2.628      0.048     54.683      0.000
    ROLEA2             2.145      0.038     55.712      0.000
    ROLEC1             2.738      0.047     58.245      0.000
    ROLEC2             2.445      0.040     61.484      0.000
    WORK1              2.697      0.045     60.585      0.000
    WORK2              2.060      0.035     59.612      0.000
    CCLIM1             5.484      0.110     49.950      0.000
    CCLIM2             4.334      0.083     52.291      0.000
    CCLIM3             5.938      0.123     48.100      0.000
    CCLIM4             4.172      0.088     47.400      0.000
    DEC1               4.001      0.085     47.158      0.000
    DEC2               3.196      0.067     47.893      0.000
    SSUP1              3.454      0.075     46.042      0.000
    SSUP2              3.468      0.080     43.363      0.000
    PSUP1              4.739      0.110     42.914      0.000
    PSUP2              4.991      0.117     42.726      0.000
    SELF1              8.100      0.239     33.955      0.000
    SELF2              7.169      0.210     34.199      0.000
    SELF3              6.399      0.169     37.905      0.000
    ELC1               4.682      0.088     53.036      0.000
    ELC2               4.802      0.090     53.495      0.000
    ELC3               5.114      0.104     49.248      0.000
    ELC4               3.637      0.063     57.404      0.000
    ELC5               3.855      0.069     55.508      0.000
    EE1                2.951      0.051     57.730      0.000
    EE2                2.815      0.047     60.543      0.000
    EE3                2.445      0.038     64.583      0.000
    DP1                2.121      0.039     54.579      0.000
    DP2                1.767      0.031     56.167      0.000
    PA1                6.328      0.136     46.672      0.000
    PA2                6.103      0.134     45.662      0.000
    PA3                6.057      0.135     44.757      0.000

 Variances
    F1                 1.000      0.000    999.000    999.000
    F2                 1.000      0.000    999.000    999.000
    F3                 1.000      0.000    999.000    999.000
    F4                 1.000      0.000    999.000    999.000
    F5                 1.000      0.000    999.000    999.000
    F6                 1.000      0.000    999.000    999.000
    F7                 1.000      0.000    999.000    999.000

 Residual Variances
    ROLEA1             0.504      0.026     19.034      0.000
    ROLEA2             0.334      0.028     12.130      0.000
    ROLEC1             0.513      0.024     21.725      0.000
    ROLEC2             0.378      0.024     15.662      0.000
    WORK1              0.372      0.023     16.421      0.000
    WORK2              0.605      0.024     24.835      0.000
    CCLIM1             0.618      0.025     24.963      0.000
    CCLIM2             0.380      0.025     15.061      0.000
    CCLIM3             0.577      0.028     20.973      0.000
    CCLIM4             0.634      0.026     23.936      0.000
    DEC1               0.473      0.025     19.204      0.000
    DEC2               0.331      0.019     17.676      0.000
    SSUP1              0.256      0.017     14.811      0.000
    SSUP2              0.125      0.014      8.982      0.000
    PSUP1              0.362      0.028     12.762      0.000
    PSUP2              0.189      0.030      6.189      0.000
    SELF1              0.415      0.027     15.580      0.000
    SELF2              0.257      0.022     11.957      0.000
    SELF3              0.279      0.022     12.481      0.000
    ELC1               0.534      0.025     21.339      0.000
    ELC2               0.669      0.024     27.834      0.000
    ELC3               0.450      0.024     18.838      0.000
    ELC4               0.582      0.025     23.340      0.000
    ELC5               0.441      0.023     19.124      0.000
    EE1                0.241      0.014     17.278      0.000
    EE2                0.141      0.012     11.715      0.000
    EE3                0.270      0.014     18.877      0.000
    DP1                0.216      0.034      6.270      0.000
    DP2                0.461      0.029     15.790      0.000
    PA1                0.319      0.023     13.602      0.000
    PA2                0.354      0.024     14.636      0.000
    PA3                0.444      0.025     18.000      0.000
    F8                 0.755      0.029     26.080      0.000
    F9                 0.718      0.026     27.996      0.000
    F10                0.401      0.039     10.165      0.000
    F11                0.580      0.028     20.570      0.000
    F12                0.608      0.031     19.475      0.000


R-SQUARE

    Observed                                        Two-Tailed
    Variable        Estimate       S.E.  Est./S.E.    P-Value

    ROLEA1             0.496      0.026     18.739      0.000
    ROLEA2             0.666      0.028     24.186      0.000
    ROLEC1             0.487      0.024     20.665      0.000
    ROLEC2             0.622      0.024     25.785      0.000
    WORK1              0.628      0.023     27.720      0.000
    WORK2              0.395      0.024     16.236      0.000
    CCLIM1             0.382      0.025     15.413      0.000
    CCLIM2             0.620      0.025     24.550      0.000
    CCLIM3             0.423      0.028     15.345      0.000
    CCLIM4             0.366      0.026     13.837      0.000
    DEC1               0.527      0.025     21.439      0.000
    DEC2               0.669      0.019     35.765      0.000
    SSUP1              0.744      0.017     43.086      0.000
    SSUP2              0.875      0.014     62.849      0.000
    PSUP1              0.638      0.028     22.473      0.000
    PSUP2              0.811      0.030     26.598      0.000
    SELF1              0.585      0.027     21.939      0.000
    SELF2              0.743      0.022     34.483      0.000
    SELF3              0.721      0.022     32.243      0.000
    ELC1               0.466      0.025     18.616      0.000
    ELC2               0.331      0.024     13.800      0.000
    ELC3               0.550      0.024     23.063      0.000
    ELC4               0.418      0.025     16.741      0.000
    ELC5               0.559      0.023     24.231      0.000
    EE1                0.759      0.014     54.417      0.000
    EE2                0.859      0.012     71.108      0.000
    EE3                0.730      0.014     51.162      0.000
    DP1                0.784      0.034     22.737      0.000
    DP2                0.539      0.029     18.474      0.000
    PA1                0.681      0.023     28.983      0.000
    PA2                0.646      0.024     26.694      0.000
    PA3                0.556      0.025     22.583      0.000

     Latent                                         Two-Tailed
    Variable        Estimate       S.E.  Est./S.E.    P-Value

    F8                 0.245      0.029      8.469      0.000
    F9                 0.282      0.026     11.004      0.000
    F10                0.599      0.039     15.168      0.000
    F11                0.420      0.028     14.904      0.000
    F12                0.392      0.031     12.558      0.000


QUALITY OF NUMERICAL RESULTS

     Condition Number for the Information Matrix              0.856E-04
       (ratio of smallest to largest eigenvalue)


DIAGRAM INFORMATION

  Use View Diagram under the Diagram menu in the Mplus Editor to view the diagram.
  If running Mplus from the Mplus Diagrammer, the diagram opens automatically.

  Diagram output
    h:\sem ta lab & lecture 2019\3.19.19 power and full sems\full sem 3.26.final.dgm

     Beginning Time:  14:41:22
        Ending Time:  14:41:25
       Elapsed Time:  00:00:03



MUTHEN & MUTHEN
3463 Stoner Ave.
Los Angeles, CA  90066

Tel: (310) 391-9971
Fax: (310) 391-8971
Web: www.StatModel.com
Support: Support@StatModel.com

Copyright (c) 1998-2018 Muthen & Muthen
