Mplus VERSION 8.2
MUTHEN & MUTHEN
03/19/2019   1:55 PM

INPUT INSTRUCTIONS

  TITLE: Full SEM Model 4 of Burnout for Secondary Teachers;

  DATA: file=allsecondary.dat;
        format = free;

  variable:
  names = rolea1 rolea2 rolec1 rolec2 work1 work2 cclim1 cclim2 cclim3
  cclim4 dec1 dec2 ssup1 ssup2 psup1 psup2 self1 self2 self3 elc1
  elc2 elc3 elc4 elc5 ee1 ee2 ee3 dp1 dp2 pa1 pa2 pa3;
  usevariables = rolea1-pa3;

  Analysis:
  estimator = MLM; !due to non-normality

  Model:

  !measurement model
  !added cross-loading indicators
  F1 by rolea1-rolea2 dec2; !role ambiguity
  F2 by rolec1-rolec2; !role conflict
  F3 by work1-work2; !work overload
  F4 by cclim1-cclim4; !classroom climate
  F5 by dec1-dec2; !decision-making
  F6 by ssup1-ssup2 dec2; !superior support
  F7 by psup1-psup2; !peer support
  F8 by self1-self3; !self-esteem
  F9 by elc1-elc5; !external loc. of control
  F10 by ee1-ee3; !emotional exhaustion
  F11 by dp1-dp2; !depersonalization
  F12 by pa1-pa3; !personal accomplishment

  !structural model
  !freely estimate F11 on F4
  !freely estimate F12 on F5
  !freely estimate F9 on F2
  F8 on F5 F6 F7;
  F9 on F5 F2;
  F10 on F2 F3 F4;
  F11 on F2 F10 F4;
  F12 on F1 F8 F9 F10 F11 F5;

  Output: modindices; tech1;



INPUT READING TERMINATED NORMALLY



Full SEM Model 4 of Burnout for Secondary Teachers;

SUMMARY OF ANALYSIS

Number of groups                                                 1
Number of observations                                        1430

Number of dependent variables                                   32
Number of independent variables                                  0
Number of continuous latent variables                           12

Observed dependent variables

  Continuous
   ROLEA1      ROLEA2      ROLEC1      ROLEC2      WORK1       WORK2
   CCLIM1      CCLIM2      CCLIM3      CCLIM4      DEC1        DEC2
   SSUP1       SSUP2       PSUP1       PSUP2       SELF1       SELF2
   SELF3       ELC1        ELC2        ELC3        ELC4        ELC5
   EE1         EE2         EE3         DP1         DP2         PA1
   PA2         PA3

Continuous latent variables
   F1          F2          F3          F4          F5          F6
   F7          F8          F9          F10         F11         F12


Estimator                                                      MLM
Information matrix                                        EXPECTED
Maximum number of iterations                                  1000
Convergence criterion                                    0.500D-04
Maximum number of steepest descent iterations                   20

Input data file(s)
  allsecondary.dat

Input data format  FREE



UNIVARIATE SAMPLE STATISTICS


     UNIVARIATE HIGHER-ORDER MOMENT DESCRIPTIVE STATISTICS

         Variable/         Mean/     Skewness/   Minimum/ % with                Percentiles
        Sample Size      Variance    Kurtosis    Maximum  Min/Max      20%/60%    40%/80%    Median

     ROLEA1                2.401       0.646       1.000    7.48%       1.670      2.000      2.330
            1430.000       0.835       0.425       6.000    0.21%       2.670      3.000
     ROLEA2                2.086       1.203       1.000   19.16%       1.500      1.500      2.000
            1430.000       0.945       1.454       6.000    0.28%       2.000      3.000
     ROLEC1                3.015       0.243       1.000    3.71%       2.000      2.670      3.000
            1430.000       1.213      -0.456       6.000    0.84%       3.330      4.000
     ROLEC2                3.018       0.399       1.000    6.92%       2.000      2.500      3.000
            1430.000       1.523      -0.429       6.000    2.31%       3.500      4.000
     WORK1                 3.240       0.151       1.000    3.64%       2.000      3.000      3.330
            1430.000       1.443      -0.666       6.000    1.40%       3.670      4.330
     WORK2                 2.243       0.920       1.000   21.12%       1.000      2.000      2.000
            1430.000       1.186       0.516       6.000    0.63%       2.500      3.000
     CCLIM1                2.964      -0.299       1.000    0.28%       2.670      3.000      3.000
            1430.000       0.292       0.063       4.000    4.55%       3.000      3.330
     CCLIM2                2.723      -0.349       1.000    1.19%       2.330      2.670      2.670
            1430.000       0.395      -0.220       4.000    1.82%       3.000      3.330
     CCLIM3                2.928      -0.191       1.000    0.35%       2.670      2.670      3.000
            1430.000       0.243       0.500       4.000    3.57%       3.000      3.330
     CCLIM4                3.053      -0.620       1.000    2.24%       2.500      3.000      3.000
            1430.000       0.535      -0.044       4.000   19.09%       3.500      3.500
     DEC1                  4.039      -0.526       1.000    0.84%       3.330      4.000      4.000
            1430.000       1.019       0.144       6.000    1.82%       4.330      5.000
     DEC2                  4.242      -0.641       1.000    3.01%       3.000      4.000      4.500
            1430.000       1.763      -0.381       6.000   11.82%       5.000      5.500
     SSUP1                 4.299      -0.708       1.000    1.89%       3.330      4.100      4.330
            1430.000       1.548      -0.064       6.000    9.09%       4.670      5.330
     SSUP2                 4.370      -0.803       1.000    2.87%       3.500      4.500      4.500
            1430.000       1.588       0.089       6.000   13.43%       5.000      5.500
     PSUP1                 4.571      -0.739       1.000    0.35%       3.670      4.330      4.670
            1430.000       0.931       0.507       6.000    7.97%       5.000      5.330
     PSUP2                 4.621      -0.722       1.000    0.35%       4.000      4.500      4.500
            1430.000       0.857       0.647       6.000   10.77%       5.000      5.500
     SELF1                 3.603      -1.470       1.000    0.21%       3.330      3.670      3.670
            1430.000       0.198       3.470       4.000   39.51%       3.670      4.000
     SELF2                 3.613      -1.585       1.000    0.21%       3.250      3.750      3.750
            1430.000       0.254       2.682       4.000   45.52%       4.000      4.000
     SELF3                 3.483      -1.218       1.000    0.28%       3.000      3.330      3.670
            1430.000       0.296       1.596       4.000   34.34%       3.670      4.000
     ELC1                  2.918      -0.056       1.000    0.35%       2.400      2.800      3.000
            1430.000       0.389       0.042       4.800    0.14%       3.000      3.400
     ELC2                  3.008       0.017       1.000    0.28%       2.500      2.750      3.000
            1430.000       0.393       0.083       5.000    0.28%       3.250      3.500
     ELC3                  2.801      -0.076       1.000    0.21%       2.400      2.600      2.800
            1430.000       0.300       0.242       4.800    0.07%       3.000      3.200
     ELC4                  2.200       0.342       1.000    2.94%       1.750      2.000      2.250
            1430.000       0.366      -0.001       4.500    0.07%       2.250      2.750
     ELC5                  2.483       0.079       1.000    1.47%       2.000      2.400      2.400
            1430.000       0.415      -0.245       4.800    0.07%       2.600      3.000
     EE1                   3.855       0.062       1.000    0.70%       2.670      3.330      4.000
            1430.000       1.714      -0.578       7.000    1.05%       4.330      5.000
     EE2                   3.530       0.369       1.000    0.91%       2.330      3.000      3.330
            1430.000       1.580      -0.323       7.000    0.63%       3.670      4.670
     EE3                   3.165       0.596       1.000    2.10%       2.000      2.670      3.000
            1430.000       1.683      -0.242       7.000    0.28%       3.330      4.330
     DP1                   2.319       1.160       1.000   10.63%       1.330      1.670      2.000
            1430.000       1.198       1.348       6.670    0.21%       2.330      3.000
     DP2                   2.086       1.439       1.000   28.39%       1.000      1.500      1.500
            1430.000       1.396       1.957       7.000    0.21%       2.000      3.000
     PA1                   5.748      -0.813       2.000    0.07%       5.000      5.670      6.000
            1430.000       0.833       0.405       7.000    9.51%       6.000      6.670
     PA2                   5.850      -0.886       2.000    0.14%       5.000      6.000      6.000
            1430.000       0.927       0.385       7.000   17.97%       6.500      6.500
     PA3                   5.815      -0.836       2.000    0.14%       5.000      5.670      6.000
            1430.000       0.929       0.337       7.000   14.76%       6.330      6.670


THE MODEL ESTIMATION TERMINATED NORMALLY

     WARNING:  THE LATENT VARIABLE COVARIANCE MATRIX (PSI) IS NOT POSITIVE
     DEFINITE.  THIS COULD INDICATE A NEGATIVE VARIANCE/RESIDUAL VARIANCE FOR A
     LATENT VARIABLE, A CORRELATION GREATER OR EQUAL TO ONE BETWEEN TWO LATENT
     VARIABLES, OR A LINEAR DEPENDENCY AMONG MORE THAN TWO LATENT VARIABLES.
     CHECK THE TECH4 OUTPUT FOR MORE INFORMATION.
     PROBLEM INVOLVING VARIABLE F10.

!still getting this warning...


MODEL FIT INFORMATION

Number of Free Parameters                      136

Loglikelihood

          H0 Value                      -47134.966
          H1 Value                      -46371.583

Information Criteria

          Akaike (AIC)                   94541.933
          Bayesian (BIC)                 95258.031
          Sample-Size Adjusted BIC       94826.006
            (n* = (n + 2) / 24)

Chi-Square Test of Model Fit

          Value                           1366.129*
          Degrees of Freedom                   424
          P-Value                           0.0000
          Scaling Correction Factor         1.1176
            for MLM

*   The chi-square value for MLM, MLMV, MLR, ULSMV, WLSM and WLSMV cannot be used
    for chi-square difference testing in the regular way.  MLM, MLR and WLSM
    chi-square difference testing is described on the Mplus website.  MLMV, WLSMV,
    and ULSMV difference testing is done using the DIFFTEST option.

RMSEA (Root Mean Square Error Of Approximation)

          Estimate                           0.039
          90 Percent C.I.                    0.037  0.042
          Probability RMSEA <= .05           1.000

CFI/TLI

          CFI                                0.954
          TLI                                0.946

Chi-Square Test of Model Fit for the Baseline Model

          Value                          20859.447
          Degrees of Freedom                   496
          P-Value                           0.0000

SRMR (Standardized Root Mean Square Residual)

          Value                              0.041

!again, slight improvement in model fit

MODEL RESULTS

                                                    Two-Tailed
                    Estimate       S.E.  Est./S.E.    P-Value

 F1       BY
    ROLEA1             1.000      0.000    999.000    999.000
    ROLEA2             1.239      0.054     23.092      0.000
    DEC2               0.220      0.077      2.851      0.004

 F2       BY
    ROLEC1             1.000      0.000    999.000    999.000
    ROLEC2             1.300      0.050     26.179      0.000

 F3       BY
    WORK1              1.000      0.000    999.000    999.000
    WORK2              0.750      0.031     24.173      0.000

 F4       BY
    CCLIM1             1.000      0.000    999.000    999.000
    CCLIM2             1.486      0.072     20.585      0.000
    CCLIM3             0.963      0.053     18.265      0.000
    CCLIM4             1.328      0.075     17.667      0.000

 F5       BY
    DEC1               1.000      0.000    999.000    999.000
    DEC2               0.419      0.102      4.125      0.000

 F6       BY
    SSUP1              1.000      0.000    999.000    999.000
    SSUP2              1.095      0.024     45.264      0.000
    DEC2               0.843      0.051     16.528      0.000

 F7       BY
    PSUP1              1.000      0.000    999.000    999.000
    PSUP2              1.076      0.044     24.559      0.000

 F8       BY
    SELF1              1.000      0.000    999.000    999.000
    SELF2              1.275      0.041     31.166      0.000
    SELF3              1.356      0.051     26.492      0.000

 F9       BY
    ELC1               1.000      0.000    999.000    999.000
    ELC2               0.849      0.041     20.895      0.000
    ELC3               0.953      0.040     24.126      0.000
    ELC4               0.914      0.044     20.757      0.000
    ELC5               1.123      0.047     23.802      0.000

 F10      BY
    EE1                1.000      0.000    999.000    999.000
    EE2                1.020      0.019     54.960      0.000
    EE3                0.970      0.021     45.424      0.000

 F11      BY
    DP1                1.000      0.000    999.000    999.000
    DP2                0.894      0.039     22.845      0.000

 F12      BY
    PA1                1.000      0.000    999.000    999.000
    PA2                1.028      0.036     28.873      0.000
    PA3                0.958      0.037     25.601      0.000

 F8       ON
    F5                 0.566      0.067      8.412      0.000
    F6                -0.205      0.033     -6.147      0.000
    F7                -0.100      0.036     -2.784      0.005

 F9       ON
    F5                -0.125      0.027     -4.638      0.000
    F2                 0.189      0.026      7.157      0.000

 F10      ON
    F2                -8.852      6.316     -1.402      0.161
    F3                 8.260      5.359      1.541      0.123
    F4                -0.777      0.659     -1.178      0.239
!these paths are still bouncing around in terms of significance

 F11      ON
    F2                 0.176      0.047      3.740      0.000
    F10                0.300      0.032      9.537      0.000
    F4                -0.958      0.100     -9.575      0.000

 F12      ON
    F1                 0.271      0.075      3.626      0.000
    F8                 0.494      0.087      5.714      0.000
    F9                -0.166      0.052     -3.178      0.001
    F10                0.013      0.027      0.478      0.633
!note non-significant path
    F11               -0.202      0.030     -6.671      0.000
    F5                 0.432      0.068      6.387      0.000

 F2       WITH
    F1                 0.366      0.023     15.677      0.000

 F3       WITH
    F1                 0.423      0.026     16.517      0.000
    F2                 0.669      0.033     20.232      0.000

 F4       WITH
    F1                -0.063      0.008     -8.136      0.000
    F2                -0.083      0.010     -8.309      0.000
    F3                -0.095      0.012     -7.717      0.000

 F5       WITH
    F1                -0.361      0.024    -15.308      0.000
    F2                -0.383      0.026    -14.758      0.000
    F3                -0.461      0.028    -16.228      0.000
    F4                 0.101      0.010     10.044      0.000

 F6       WITH
    F1                -0.386      0.028    -13.591      0.000
    F2                -0.426      0.030    -14.230      0.000
    F3                -0.496      0.032    -15.393      0.000
    F4                 0.121      0.013      9.361      0.000
    F5                 0.641      0.036     18.000      0.000

 F7       WITH
    F1                -0.243      0.021    -11.693      0.000
    F2                -0.235      0.021    -10.953      0.000
    F3                -0.278      0.024    -11.495      0.000
    F4                 0.056      0.009      6.245      0.000
    F5                 0.393      0.027     14.452      0.000
    F6                 0.395      0.030     13.213      0.000

 Intercepts
    ROLEA1             2.401      0.024     99.362      0.000
    ROLEA2             2.086      0.026     81.108      0.000
    ROLEC1             3.015      0.029    103.524      0.000
    ROLEC2             3.018      0.033     92.468      0.000
    WORK1              3.240      0.032    101.996      0.000
    WORK2              2.243      0.029     77.885      0.000
    CCLIM1             2.964      0.014    207.379      0.000
    CCLIM2             2.723      0.017    163.890      0.000
    CCLIM3             2.928      0.013    224.532      0.000
    CCLIM4             3.053      0.019    157.758      0.000
    DEC1               4.039      0.027    151.305      0.000
    DEC2               4.242      0.035    120.842      0.000
    SSUP1              4.299      0.033    130.631      0.000
    SSUP2              4.370      0.033    131.136      0.000
    PSUP1              4.571      0.026    179.200      0.000
    PSUP2              4.621      0.024    188.754      0.000
    SELF1              3.603      0.012    306.319      0.000
    SELF2              3.613      0.013    271.109      0.000
    SELF3              3.483      0.014    241.972      0.000
    ELC1               2.918      0.016    176.985      0.000
    ELC2               3.008      0.017    181.556      0.000
    ELC3               2.801      0.014    193.300      0.000
    ELC4               2.200      0.016    137.503      0.000
    ELC5               2.483      0.017    145.731      0.000
    EE1                3.855      0.035    111.347      0.000
    EE2                3.530      0.033    106.201      0.000
    EE3                3.165      0.034     92.281      0.000
    DP1                2.319      0.029     80.113      0.000
    DP2                2.086      0.031     66.763      0.000
    PA1                5.748      0.024    238.172      0.000
    PA2                5.850      0.025    229.759      0.000
    PA3                5.815      0.025    228.188      0.000

 Variances
    F1                 0.410      0.031     13.296      0.000
    F2                 0.575      0.040     14.512      0.000
    F3                 0.797      0.044     17.992      0.000
    F4                 0.111      0.010     11.389      0.000
    F5                 0.501      0.035     14.301      0.000
    F6                 1.153      0.056     20.585      0.000
    F7                 0.597      0.041     14.548      0.000

 Residual Variances
    ROLEA1             0.425      0.023     18.252      0.000
    ROLEA2             0.317      0.026     12.347      0.000
    ROLEC1             0.638      0.027     23.541      0.000
    ROLEC2             0.552      0.034     16.049      0.000
    WORK1              0.646      0.028     23.451      0.000
    WORK2              0.738      0.033     22.119      0.000
    CCLIM1             0.181      0.007     24.468      0.000
    CCLIM2             0.150      0.010     15.579      0.000
    CCLIM3             0.140      0.007     19.557      0.000
    CCLIM4             0.340      0.015     22.491      0.000
    DEC1               0.518      0.023     22.112      0.000
    DEC2               0.593      0.031     18.838      0.000
    SSUP1              0.396      0.024     16.354      0.000
    SSUP2              0.206      0.021      9.717      0.000
    PSUP1              0.334      0.025     13.192      0.000
    PSUP2              0.166      0.025      6.588      0.000
    SELF1              0.082      0.005     17.608      0.000
    SELF2              0.065      0.005     13.804      0.000
    SELF3              0.083      0.006     13.783      0.000
    ELC1               0.206      0.010     21.686      0.000
    ELC2               0.261      0.010     25.398      0.000
    ELC3               0.134      0.007     18.536      0.000
    ELC4               0.214      0.010     22.432      0.000
    ELC5               0.185      0.009     19.994      0.000
    EE1                0.408      0.022     18.893      0.000
    EE2                0.221      0.018     12.435      0.000
    EE3                0.454      0.022     20.279      0.000
    DP1                0.256      0.041      6.313      0.000
    DP2                0.644      0.044     14.795      0.000
    PA1                0.264      0.020     13.400      0.000
    PA2                0.326      0.022     14.550      0.000
    PA3                0.407      0.023     17.551      0.000
    F8                 0.078      0.007     10.445      0.000
    F9                 0.136      0.010     12.968      0.000
    F10               -0.441      0.762     -0.579      0.563
!still negative variance
    F11                0.544      0.045     12.082      0.000
    F12                0.363      0.023     16.089      0.000


QUALITY OF NUMERICAL RESULTS

     Condition Number for the Information Matrix              0.810E-08
       (ratio of smallest to largest eigenvalue)


MODEL MODIFICATION INDICES

NOTE:  Modification indices for direct effects of observed dependent variables
regressed on covariates may not be included.  To include these, request
MODINDICES (ALL).

Minimum M.I. value for printing the modification index    10.000

                                   M.I.     E.P.C.  Std E.P.C.  StdYX E.P.C.

BY Statements

F1       BY ROLEC1                16.145     0.354      0.226        0.206
F1       BY WORK1                 20.937    -0.400     -0.256       -0.213
F1       BY CCLIM1                33.556    -0.142     -0.091       -0.168
F1       BY DEC1                  16.647    -0.379     -0.242       -0.240
F1       BY SSUP1                 19.857    -0.225     -0.144       -0.116
F1       BY SSUP2                 28.367     0.292      0.187        0.148
F1       BY EE2                   22.048    -0.181     -0.116       -0.092
F1       BY EE3                   47.639     0.296      0.190        0.146
F1       BY PA1                   26.914    -0.188     -0.120       -0.133
F1       BY PA2                   16.825     0.157      0.100        0.105
F2       BY WORK1                 14.296    -1.181     -0.896       -0.746
F2       BY WORK2                 14.295     0.886      0.672        0.617
F2       BY CCLIM1                55.416    -0.153     -0.116       -0.215
F2       BY CCLIM3                14.119     0.070      0.053        0.107
F2       BY DEC1                  11.874    -0.233     -0.177       -0.175
F2       BY SSUP1                 10.265    -0.124     -0.094       -0.076
F2       BY EE2                   39.173    -0.236     -0.179       -0.142
F2       BY EE3                   43.256     0.271      0.206        0.159
F2       BY PA1                   24.943    -0.151     -0.114       -0.126
F2       BY PA2                   24.319     0.157      0.119        0.125
F3       BY CCLIM1                60.901    -0.134     -0.119       -0.221
F3       BY CCLIM3                15.431     0.061      0.054        0.110
F3       BY SSUP1                 15.405    -0.124     -0.111       -0.089
F3       BY SSUP2                 11.532     0.112      0.100        0.079
F3       BY EE2                   35.896    -0.222     -0.199       -0.158
F3       BY EE3                   37.401     0.250      0.223        0.172
F3       BY PA1                   34.283    -0.150     -0.134       -0.148
F3       BY PA2                   27.833     0.143      0.127        0.133
F4       BY EE1                   11.644     0.266      0.089        0.068
F4       BY EE3                   47.273    -0.549     -0.183       -0.141
F4       BY PA1                   10.150     0.210      0.070        0.077
F5       BY ROLEC1                16.230    -0.256     -0.181       -0.165
F5       BY CCLIM1                46.362     0.151      0.107        0.198
F5       BY CCLIM3                12.157    -0.070     -0.049       -0.100
F5       BY SSUP1                 15.626     0.270      0.191        0.154
F5       BY SSUP2                 15.626    -0.296     -0.210       -0.166
F5       BY EE1                   12.120     0.142      0.100        0.077
F5       BY EE3                   48.371    -0.289     -0.205       -0.158
F5       BY PA1                   45.403     0.232      0.164        0.181
F5       BY PA2                   30.050    -0.198     -0.140       -0.147
F6       BY ROLEC1                14.910    -0.119     -0.128       -0.116
F6       BY CCLIM1                27.946     0.073      0.079        0.146
F6       BY EE1                   17.250     0.091      0.098        0.075
F6       BY EE3                   30.212    -0.124     -0.133       -0.102
F6       BY PA1                   19.495     0.090      0.097        0.107
F6       BY PA2                   18.149    -0.092     -0.099       -0.103
F7       BY ROLEC1                11.658    -0.137     -0.106       -0.096
F7       BY CCLIM1                14.655     0.072      0.056        0.103
F7       BY EE3                   17.097    -0.131     -0.101       -0.078
F8       BY WORK1                 13.480     0.386      0.132        0.109
F8       BY DEC1                  51.832    -1.098     -0.374       -0.370
F8       BY ELC5                  17.783    -0.189     -0.064       -0.100
F8       BY EE1                   14.244     0.284      0.097        0.074
F8       BY EE3                   25.905    -0.393     -0.134       -0.103
F8       BY DP1                   12.717    -0.279     -0.095       -0.087
F8       BY PA1                   30.716     0.378      0.129        0.142
F8       BY PA2                   29.744    -0.392     -0.133       -0.139
F9       BY PA1                   11.314    -0.175     -0.075       -0.082
F9       BY PA2                   12.379     0.194      0.083        0.086
F10      BY WORK1                 12.843     0.201      0.230        0.191
F10      BY WORK2                 10.394    -0.136     -0.156       -0.143
F10      BY CCLIM1                40.001    -0.084     -0.096       -0.177
F10      BY CCLIM2                10.044     0.049      0.055        0.088
F10      BY DEC1                  22.427     0.200      0.228        0.226
F10      BY SSUP1                 15.122    -0.081     -0.093       -0.074
F10      BY PA1                   51.785    -0.144     -0.164       -0.181
F10      BY PA2                   18.307     0.090      0.103        0.108
F10      BY PA3                   11.456     0.073      0.083        0.086
F11      BY WORK1                 10.802    -0.123     -0.119       -0.099
F11      BY CCLIM1                13.675    -0.069     -0.067       -0.124
F11      BY DEC1                  13.599     0.112      0.109        0.108
F11      BY EE1                   18.765    -0.131     -0.128       -0.097
F11      BY EE3                   47.444     0.213      0.207        0.159
F12      BY ROLEC1                10.590     0.132      0.098        0.089
F12      BY WORK1                 13.895     0.162      0.121        0.101
F12      BY EE1                   44.675     0.231      0.172        0.132
F12      BY EE3                   36.312    -0.213     -0.159       -0.123

ON/BY Statements

F2       ON F8       /
F8       BY F2                    19.160     0.095      0.043        0.043
F3       ON F8       /
F8       BY F3                    23.003    -0.127     -0.049       -0.049
F3       ON F10      /
F10      BY F3                    17.725     2.622      3.356        3.356
F4       ON F10      /
F10      BY F4                    16.030    -2.699     -9.260       -9.260
F4       ON F12      /
F12      BY F4                    14.819     0.088      0.197        0.197
F5       ON F8       /
F8       BY F5                    12.859    -0.697     -0.335       -0.335
F5       ON F9       /
F9       BY F5                    17.069    -0.169     -0.102       -0.102
F5       ON F10      /
F10      BY F5                    13.805     1.666      2.688        2.688
F6       ON F8       /
F8       BY F6                    24.629     2.393      0.759        0.759
F6       ON F9       /
F9       BY F6                    29.743     0.418      0.166        0.166
F7       ON F8       /
F8       BY F7                    34.277     3.763      1.659        1.659
F8       ON F1       /
F1       BY F8                    21.079     0.241      0.453        0.453
F8       ON F9       /
F9       BY F8                    24.852    -0.139     -0.175       -0.175
F8       ON F10      /
F10      BY F8                    21.163    -0.122     -0.408       -0.408
F8       ON F11      /
F11      BY F8                    23.427    -0.066     -0.189       -0.189
F8       ON F12      /
F12      BY F8                    33.473     0.302      0.662        0.662
F9       ON F6       /
F6       BY F9                    12.980     0.090      0.226        0.226
F9       ON F8       /
F8       BY F9                    34.615    -0.261     -0.208       -0.208
!large & meaningful - lower self-esteem associated with greater external
!loc of control
F9       ON F12      /
F12      BY F9                    27.194    -0.265     -0.464       -0.464
F10      ON F1       /
F1       BY F10                   13.858     2.586      1.449        1.449
F10      ON F5       /
F5       BY F10                   13.676    -1.882     -1.166       -1.166
F10      ON F8       /
F8       BY F10                   26.603    -1.048     -0.312       -0.312
F11      ON F8       /
F8       BY F11                   18.905    -0.396     -0.139       -0.139
F12      ON F2       /
F2       BY F12                   15.073     0.267      0.271        0.271
F12      ON F3       /
F3       BY F12                   18.238     0.291      0.348        0.348
F12      ON F4       /
F4       BY F12                   10.262     0.283      0.126        0.126

WITH Statements

WORK2    WITH ROLEC1              11.141    -0.076     -0.076       -0.110
WORK2    WITH WORK1               17.732     0.105      0.105        0.152
CCLIM1   WITH WORK1               15.098    -0.043     -0.043       -0.127
CCLIM3   WITH CCLIM2              12.950     0.029      0.029        0.202
DEC1     WITH WORK1               13.223    -0.071     -0.071       -0.122
DEC1     WITH WORK2               11.289     0.064      0.064        0.104
DEC2     WITH DEC1                17.486     0.076      0.076        0.137
SSUP1    WITH DEC2                24.641    -0.134     -0.134       -0.276
SSUP2    WITH DEC1                18.490    -0.065     -0.065       -0.199
SSUP2    WITH SSUP1               17.865     0.229      0.229        0.802
PSUP1    WITH DEC2                16.543    -0.065     -0.065       -0.145
PSUP1    WITH SSUP1               28.782     0.071      0.071        0.195
PSUP1    WITH SSUP2               10.338    -0.039     -0.039       -0.148
PSUP2    WITH SSUP1               24.374    -0.061     -0.061       -0.238
PSUP2    WITH SSUP2               23.414     0.056      0.056        0.303
PSUP2    WITH PSUP1               34.276     3.144      3.144       13.337
ELC1     WITH WORK2               19.113    -0.054     -0.054       -0.138
ELC2     WITH ELC1                40.340     0.050      0.050        0.218
ELC5     WITH WORK2               11.518     0.041      0.041        0.111
ELC5     WITH ELC2                17.307    -0.034     -0.034       -0.153
EE1      WITH WORK1               72.721     0.154      0.154        0.299
EE1      WITH CCLIM1              12.572    -0.033     -0.033       -0.121
EE2      WITH WORK1               12.416    -0.057     -0.057       -0.150
EE2      WITH WORK2               12.370    -0.057     -0.057       -0.140
EE2      WITH EE1                 65.698     0.227      0.227        0.756
EE3      WITH ROLEC1              11.426     0.061      0.061        0.114
EE3      WITH CCLIM2              12.652    -0.035     -0.035       -0.136
EE3      WITH EE1                 40.873    -0.155     -0.155       -0.360
DP2      WITH ELC4                11.056    -0.041     -0.041       -0.109
PA1      WITH EE3                 17.729    -0.055     -0.055       -0.159
PA2      WITH ROLEC1              10.951     0.053      0.053        0.117
PA2      WITH SELF2               16.296    -0.024     -0.024       -0.165
PA3      WITH PA1                 29.980    -0.126     -0.126       -0.384
PA3      WITH PA2                 49.583     0.164      0.164        0.451
F8       WITH F2                  19.160     0.007      0.035        0.035
F8       WITH F3                  23.003    -0.010     -0.040       -0.040
F8       WITH F5                  12.859    -0.054     -0.275       -0.275
F8       WITH F6                  24.629     0.187      0.622        0.622
F8       WITH F7                  34.277     0.293      1.360        1.360
F9       WITH F5                  17.069    -0.023     -0.088       -0.088
F9       WITH F6                  29.743     0.057      0.143        0.143
F9       WITH F8                  27.876    -0.020     -0.198       -0.198
F10      WITH F3                  17.739    -1.158    999.000      999.000
F10      WITH F4                  16.029     1.191    999.000      999.000
F10      WITH F5                  13.804    -0.735    999.000      999.000
F10      WITH F8                  24.742    -0.079    999.000      999.000
F11      WITH F8                  18.787    -0.034     -0.166       -0.166
F12      WITH F1                  10.440    -0.059     -0.154       -0.154
F12      WITH F4                  11.970     0.028      0.141        0.141
F12      WITH F9                  15.073    -0.192     -0.863       -0.863


TECHNICAL 1 OUTPUT


     PARAMETER SPECIFICATION


           NU
              ROLEA1        ROLEA2        ROLEC1        ROLEC2        WORK1
              ________      ________      ________      ________      ________
                  1             2             3             4             5


           NU
              WORK2         CCLIM1        CCLIM2        CCLIM3        CCLIM4
              ________      ________      ________      ________      ________
                  6             7             8             9            10


           NU
              DEC1          DEC2          SSUP1         SSUP2         PSUP1
              ________      ________      ________      ________      ________
                 11            12            13            14            15


           NU
              PSUP2         SELF1         SELF2         SELF3         ELC1
              ________      ________      ________      ________      ________
                 16            17            18            19            20


           NU
              ELC2          ELC3          ELC4          ELC5          EE1
              ________      ________      ________      ________      ________
                 21            22            23            24            25


           NU
              EE2           EE3           DP1           DP2           PA1
              ________      ________      ________      ________      ________
                 26            27            28            29            30


           NU
              PA2           PA3
              ________      ________
                 31            32


           LAMBDA
              F1            F2            F3            F4            F5
              ________      ________      ________      ________      ________
 ROLEA1             0             0             0             0             0
 ROLEA2            33             0             0             0             0
 ROLEC1             0             0             0             0             0
 ROLEC2             0            34             0             0             0
 WORK1              0             0             0             0             0
 WORK2              0             0            35             0             0
 CCLIM1             0             0             0             0             0
 CCLIM2             0             0             0            36             0
 CCLIM3             0             0             0            37             0
 CCLIM4             0             0             0            38             0
 DEC1               0             0             0             0             0
 DEC2              39             0             0             0            40
 SSUP1              0             0             0             0             0
 SSUP2              0             0             0             0             0
 PSUP1              0             0             0             0             0
 PSUP2              0             0             0             0             0
 SELF1              0             0             0             0             0
 SELF2              0             0             0             0             0
 SELF3              0             0             0             0             0
 ELC1               0             0             0             0             0
 ELC2               0             0             0             0             0
 ELC3               0             0             0             0             0
 ELC4               0             0             0             0             0
 ELC5               0             0             0             0             0
 EE1                0             0             0             0             0
 EE2                0             0             0             0             0
 EE3                0             0             0             0             0
 DP1                0             0             0             0             0
 DP2                0             0             0             0             0
 PA1                0             0             0             0             0
 PA2                0             0             0             0             0
 PA3                0             0             0             0             0


           LAMBDA
              F6            F7            F8            F9            F10
              ________      ________      ________      ________      ________
 ROLEA1             0             0             0             0             0
 ROLEA2             0             0             0             0             0
 ROLEC1             0             0             0             0             0
 ROLEC2             0             0             0             0             0
 WORK1              0             0             0             0             0
 WORK2              0             0             0             0             0
 CCLIM1             0             0             0             0             0
 CCLIM2             0             0             0             0             0
 CCLIM3             0             0             0             0             0
 CCLIM4             0             0             0             0             0
 DEC1               0             0             0             0             0
 DEC2              41             0             0             0             0
 SSUP1              0             0             0             0             0
 SSUP2             42             0             0             0             0
 PSUP1              0             0             0             0             0
 PSUP2              0            43             0             0             0
 SELF1              0             0             0             0             0
 SELF2              0             0            44             0             0
 SELF3              0             0            45             0             0
 ELC1               0             0             0             0             0
 ELC2               0             0             0            46             0
 ELC3               0             0             0            47             0
 ELC4               0             0             0            48             0
 ELC5               0             0             0            49             0
 EE1                0             0             0             0             0
 EE2                0             0             0             0            50
 EE3                0             0             0             0            51
 DP1                0             0             0             0             0
 DP2                0             0             0             0             0
 PA1                0             0             0             0             0
 PA2                0             0             0             0             0
 PA3                0             0             0             0             0


           LAMBDA
              F11           F12
              ________      ________
 ROLEA1             0             0
 ROLEA2             0             0
 ROLEC1             0             0
 ROLEC2             0             0
 WORK1              0             0
 WORK2              0             0
 CCLIM1             0             0
 CCLIM2             0             0
 CCLIM3             0             0
 CCLIM4             0             0
 DEC1               0             0
 DEC2               0             0
 SSUP1              0             0
 SSUP2              0             0
 PSUP1              0             0
 PSUP2              0             0
 SELF1              0             0
 SELF2              0             0
 SELF3              0             0
 ELC1               0             0
 ELC2               0             0
 ELC3               0             0
 ELC4               0             0
 ELC5               0             0
 EE1                0             0
 EE2                0             0
 EE3                0             0
 DP1                0             0
 DP2               52             0
 PA1                0             0
 PA2                0            53
 PA3                0            54


           THETA
              ROLEA1        ROLEA2        ROLEC1        ROLEC2        WORK1
              ________      ________      ________      ________      ________
 ROLEA1            55
 ROLEA2             0            56
 ROLEC1             0             0            57
 ROLEC2             0             0             0            58
 WORK1              0             0             0             0            59
 WORK2              0             0             0             0             0
 CCLIM1             0             0             0             0             0
 CCLIM2             0             0             0             0             0
 CCLIM3             0             0             0             0             0
 CCLIM4             0             0             0             0             0
 DEC1               0             0             0             0             0
 DEC2               0             0             0             0             0
 SSUP1              0             0             0             0             0
 SSUP2              0             0             0             0             0
 PSUP1              0             0             0             0             0
 PSUP2              0             0             0             0             0
 SELF1              0             0             0             0             0
 SELF2              0             0             0             0             0
 SELF3              0             0             0             0             0
 ELC1               0             0             0             0             0
 ELC2               0             0             0             0             0
 ELC3               0             0             0             0             0
 ELC4               0             0             0             0             0
 ELC5               0             0             0             0             0
 EE1                0             0             0             0             0
 EE2                0             0             0             0             0
 EE3                0             0             0             0             0
 DP1                0             0             0             0             0
 DP2                0             0             0             0             0
 PA1                0             0             0             0             0
 PA2                0             0             0             0             0
 PA3                0             0             0             0             0


           THETA
              WORK2         CCLIM1        CCLIM2        CCLIM3        CCLIM4
              ________      ________      ________      ________      ________
 WORK2             60
 CCLIM1             0            61
 CCLIM2             0             0            62
 CCLIM3             0             0             0            63
 CCLIM4             0             0             0             0            64
 DEC1               0             0             0             0             0
 DEC2               0             0             0             0             0
 SSUP1              0             0             0             0             0
 SSUP2              0             0             0             0             0
 PSUP1              0             0             0             0             0
 PSUP2              0             0             0             0             0
 SELF1              0             0             0             0             0
 SELF2              0             0             0             0             0
 SELF3              0             0             0             0             0
 ELC1               0             0             0             0             0
 ELC2               0             0             0             0             0
 ELC3               0             0             0             0             0
 ELC4               0             0             0             0             0
 ELC5               0             0             0             0             0
 EE1                0             0             0             0             0
 EE2                0             0             0             0             0
 EE3                0             0             0             0             0
 DP1                0             0             0             0             0
 DP2                0             0             0             0             0
 PA1                0             0             0             0             0
 PA2                0             0             0             0             0
 PA3                0             0             0             0             0


           THETA
              DEC1          DEC2          SSUP1         SSUP2         PSUP1
              ________      ________      ________      ________      ________
 DEC1              65
 DEC2               0            66
 SSUP1              0             0            67
 SSUP2              0             0             0            68
 PSUP1              0             0             0             0            69
 PSUP2              0             0             0             0             0
 SELF1              0             0             0             0             0
 SELF2              0             0             0             0             0
 SELF3              0             0             0             0             0
 ELC1               0             0             0             0             0
 ELC2               0             0             0             0             0
 ELC3               0             0             0             0             0
 ELC4               0             0             0             0             0
 ELC5               0             0             0             0             0
 EE1                0             0             0             0             0
 EE2                0             0             0             0             0
 EE3                0             0             0             0             0
 DP1                0             0             0             0             0
 DP2                0             0             0             0             0
 PA1                0             0             0             0             0
 PA2                0             0             0             0             0
 PA3                0             0             0             0             0


           THETA
              PSUP2         SELF1         SELF2         SELF3         ELC1
              ________      ________      ________      ________      ________
 PSUP2             70
 SELF1              0            71
 SELF2              0             0            72
 SELF3              0             0             0            73
 ELC1               0             0             0             0            74
 ELC2               0             0             0             0             0
 ELC3               0             0             0             0             0
 ELC4               0             0             0             0             0
 ELC5               0             0             0             0             0
 EE1                0             0             0             0             0
 EE2                0             0             0             0             0
 EE3                0             0             0             0             0
 DP1                0             0             0             0             0
 DP2                0             0             0             0             0
 PA1                0             0             0             0             0
 PA2                0             0             0             0             0
 PA3                0             0             0             0             0


           THETA
              ELC2          ELC3          ELC4          ELC5          EE1
              ________      ________      ________      ________      ________
 ELC2              75
 ELC3               0            76
 ELC4               0             0            77
 ELC5               0             0             0            78
 EE1                0             0             0             0            79
 EE2                0             0             0             0             0
 EE3                0             0             0             0             0
 DP1                0             0             0             0             0
 DP2                0             0             0             0             0
 PA1                0             0             0             0             0
 PA2                0             0             0             0             0
 PA3                0             0             0             0             0


           THETA
              EE2           EE3           DP1           DP2           PA1
              ________      ________      ________      ________      ________
 EE2               80
 EE3                0            81
 DP1                0             0            82
 DP2                0             0             0            83
 PA1                0             0             0             0            84
 PA2                0             0             0             0             0
 PA3                0             0             0             0             0


           THETA
              PA2           PA3
              ________      ________
 PA2               85
 PA3                0            86


           ALPHA
              F1            F2            F3            F4            F5
              ________      ________      ________      ________      ________
                  0             0             0             0             0


           ALPHA
              F6            F7            F8            F9            F10
              ________      ________      ________      ________      ________
                  0             0             0             0             0


           ALPHA
              F11           F12
              ________      ________
                  0             0


           BETA
              F1            F2            F3            F4            F5
              ________      ________      ________      ________      ________
 F1                 0             0             0             0             0
 F2                 0             0             0             0             0
 F3                 0             0             0             0             0
 F4                 0             0             0             0             0
 F5                 0             0             0             0             0
 F6                 0             0             0             0             0
 F7                 0             0             0             0             0
 F8                 0             0             0             0            87
 F9                 0            90             0             0            91
 F10                0            92            93            94             0
 F11                0            95             0            96             0
 F12               98             0             0             0            99


           BETA
              F6            F7            F8            F9            F10
              ________      ________      ________      ________      ________
 F1                 0             0             0             0             0
 F2                 0             0             0             0             0
 F3                 0             0             0             0             0
 F4                 0             0             0             0             0
 F5                 0             0             0             0             0
 F6                 0             0             0             0             0
 F7                 0             0             0             0             0
 F8                88            89             0             0             0
 F9                 0             0             0             0             0
 F10                0             0             0             0             0
 F11                0             0             0             0            97
 F12                0             0           100           101           102


           BETA
              F11           F12
              ________      ________
 F1                 0             0
 F2                 0             0
 F3                 0             0
 F4                 0             0
 F5                 0             0
 F6                 0             0
 F7                 0             0
 F8                 0             0
 F9                 0             0
 F10                0             0
 F11                0             0
 F12              103             0


           PSI
              F1            F2            F3            F4            F5
              ________      ________      ________      ________      ________
 F1               104
 F2               105           106
 F3               107           108           109
 F4               110           111           112           113
 F5               114           115           116           117           118
 F6               119           120           121           122           123
 F7               125           126           127           128           129
 F8                 0             0             0             0             0
 F9                 0             0             0             0             0
 F10                0             0             0             0             0
 F11                0             0             0             0             0
 F12                0             0             0             0             0


           PSI
              F6            F7            F8            F9            F10
              ________      ________      ________      ________      ________
 F6               124
 F7               130           131
 F8                 0             0           132
 F9                 0             0             0           133
 F10                0             0             0             0           134
 F11                0             0             0             0             0
 F12                0             0             0             0             0


           PSI
              F11           F12
              ________      ________
 F11              135
 F12                0           136


     STARTING VALUES


           NU
              ROLEA1        ROLEA2        ROLEC1        ROLEC2        WORK1
              ________      ________      ________      ________      ________
                2.401         2.086         3.015         3.018         3.240


           NU
              WORK2         CCLIM1        CCLIM2        CCLIM3        CCLIM4
              ________      ________      ________      ________      ________
                2.243         2.964         2.723         2.928         3.053


           NU
              DEC1          DEC2          SSUP1         SSUP2         PSUP1
              ________      ________      ________      ________      ________
                4.039         4.242         4.299         4.370         4.571


           NU
              PSUP2         SELF1         SELF2         SELF3         ELC1
              ________      ________      ________      ________      ________
                4.621         3.603         3.613         3.483         2.918


           NU
              ELC2          ELC3          ELC4          ELC5          EE1
              ________      ________      ________      ________      ________
                3.008         2.801         2.200         2.483         3.855


           NU
              EE2           EE3           DP1           DP2           PA1
              ________      ________      ________      ________      ________
                3.530         3.165         2.319         2.086         5.748


           NU
              PA2           PA3
              ________      ________
                5.850         5.815


           LAMBDA
              F1            F2            F3            F4            F5
              ________      ________      ________      ________      ________
 ROLEA1         1.000         0.000         0.000         0.000         0.000
 ROLEA2         1.000         0.000         0.000         0.000         0.000
 ROLEC1         0.000         1.000         0.000         0.000         0.000
 ROLEC2         0.000         1.000         0.000         0.000         0.000
 WORK1          0.000         0.000         1.000         0.000         0.000
 WORK2          0.000         0.000         1.000         0.000         0.000
 CCLIM1         0.000         0.000         0.000         1.000         0.000
 CCLIM2         0.000         0.000         0.000         1.000         0.000
 CCLIM3         0.000         0.000         0.000         1.000         0.000
 CCLIM4         0.000         0.000         0.000         1.000         0.000
 DEC1           0.000         0.000         0.000         0.000         1.000
 DEC2           1.000         0.000         0.000         0.000         1.000
 SSUP1          0.000         0.000         0.000         0.000         0.000
 SSUP2          0.000         0.000         0.000         0.000         0.000
 PSUP1          0.000         0.000         0.000         0.000         0.000
 PSUP2          0.000         0.000         0.000         0.000         0.000
 SELF1          0.000         0.000         0.000         0.000         0.000
 SELF2          0.000         0.000         0.000         0.000         0.000
 SELF3          0.000         0.000         0.000         0.000         0.000
 ELC1           0.000         0.000         0.000         0.000         0.000
 ELC2           0.000         0.000         0.000         0.000         0.000
 ELC3           0.000         0.000         0.000         0.000         0.000
 ELC4           0.000         0.000         0.000         0.000         0.000
 ELC5           0.000         0.000         0.000         0.000         0.000
 EE1            0.000         0.000         0.000         0.000         0.000
 EE2            0.000         0.000         0.000         0.000         0.000
 EE3            0.000         0.000         0.000         0.000         0.000
 DP1            0.000         0.000         0.000         0.000         0.000
 DP2            0.000         0.000         0.000         0.000         0.000
 PA1            0.000         0.000         0.000         0.000         0.000
 PA2            0.000         0.000         0.000         0.000         0.000
 PA3            0.000         0.000         0.000         0.000         0.000


           LAMBDA
              F6            F7            F8            F9            F10
              ________      ________      ________      ________      ________
 ROLEA1         0.000         0.000         0.000         0.000         0.000
 ROLEA2         0.000         0.000         0.000         0.000         0.000
 ROLEC1         0.000         0.000         0.000         0.000         0.000
 ROLEC2         0.000         0.000         0.000         0.000         0.000
 WORK1          0.000         0.000         0.000         0.000         0.000
 WORK2          0.000         0.000         0.000         0.000         0.000
 CCLIM1         0.000         0.000         0.000         0.000         0.000
 CCLIM2         0.000         0.000         0.000         0.000         0.000
 CCLIM3         0.000         0.000         0.000         0.000         0.000
 CCLIM4         0.000         0.000         0.000         0.000         0.000
 DEC1           0.000         0.000         0.000         0.000         0.000
 DEC2           1.000         0.000         0.000         0.000         0.000
 SSUP1          1.000         0.000         0.000         0.000         0.000
 SSUP2          1.000         0.000         0.000         0.000         0.000
 PSUP1          0.000         1.000         0.000         0.000         0.000
 PSUP2          0.000         1.000         0.000         0.000         0.000
 SELF1          0.000         0.000         1.000         0.000         0.000
 SELF2          0.000         0.000         1.000         0.000         0.000
 SELF3          0.000         0.000         1.000         0.000         0.000
 ELC1           0.000         0.000         0.000         1.000         0.000
 ELC2           0.000         0.000         0.000         1.000         0.000
 ELC3           0.000         0.000         0.000         1.000         0.000
 ELC4           0.000         0.000         0.000         1.000         0.000
 ELC5           0.000         0.000         0.000         1.000         0.000
 EE1            0.000         0.000         0.000         0.000         1.000
 EE2            0.000         0.000         0.000         0.000         1.000
 EE3            0.000         0.000         0.000         0.000         1.000
 DP1            0.000         0.000         0.000         0.000         0.000
 DP2            0.000         0.000         0.000         0.000         0.000
 PA1            0.000         0.000         0.000         0.000         0.000
 PA2            0.000         0.000         0.000         0.000         0.000
 PA3            0.000         0.000         0.000         0.000         0.000


           LAMBDA
              F11           F12
              ________      ________
 ROLEA1         0.000         0.000
 ROLEA2         0.000         0.000
 ROLEC1         0.000         0.000
 ROLEC2         0.000         0.000
 WORK1          0.000         0.000
 WORK2          0.000         0.000
 CCLIM1         0.000         0.000
 CCLIM2         0.000         0.000
 CCLIM3         0.000         0.000
 CCLIM4         0.000         0.000
 DEC1           0.000         0.000
 DEC2           0.000         0.000
 SSUP1          0.000         0.000
 SSUP2          0.000         0.000
 PSUP1          0.000         0.000
 PSUP2          0.000         0.000
 SELF1          0.000         0.000
 SELF2          0.000         0.000
 SELF3          0.000         0.000
 ELC1           0.000         0.000
 ELC2           0.000         0.000
 ELC3           0.000         0.000
 ELC4           0.000         0.000
 ELC5           0.000         0.000
 EE1            0.000         0.000
 EE2            0.000         0.000
 EE3            0.000         0.000
 DP1            1.000         0.000
 DP2            1.000         0.000
 PA1            0.000         1.000
 PA2            0.000         1.000
 PA3            0.000         1.000


           THETA
              ROLEA1        ROLEA2        ROLEC1        ROLEC2        WORK1
              ________      ________      ________      ________      ________
 ROLEA1         0.417
 ROLEA2         0.000         0.473
 ROLEC1         0.000         0.000         0.606
 ROLEC2         0.000         0.000         0.000         0.762
 WORK1          0.000         0.000         0.000         0.000         0.721
 WORK2          0.000         0.000         0.000         0.000         0.000
 CCLIM1         0.000         0.000         0.000         0.000         0.000
 CCLIM2         0.000         0.000         0.000         0.000         0.000
 CCLIM3         0.000         0.000         0.000         0.000         0.000
 CCLIM4         0.000         0.000         0.000         0.000         0.000
 DEC1           0.000         0.000         0.000         0.000         0.000
 DEC2           0.000         0.000         0.000         0.000         0.000
 SSUP1          0.000         0.000         0.000         0.000         0.000
 SSUP2          0.000         0.000         0.000         0.000         0.000
 PSUP1          0.000         0.000         0.000         0.000         0.000
 PSUP2          0.000         0.000         0.000         0.000         0.000
 SELF1          0.000         0.000         0.000         0.000         0.000
 SELF2          0.000         0.000         0.000         0.000         0.000
 SELF3          0.000         0.000         0.000         0.000         0.000
 ELC1           0.000         0.000         0.000         0.000         0.000
 ELC2           0.000         0.000         0.000         0.000         0.000
 ELC3           0.000         0.000         0.000         0.000         0.000
 ELC4           0.000         0.000         0.000         0.000         0.000
 ELC5           0.000         0.000         0.000         0.000         0.000
 EE1            0.000         0.000         0.000         0.000         0.000
 EE2            0.000         0.000         0.000         0.000         0.000
 EE3            0.000         0.000         0.000         0.000         0.000
 DP1            0.000         0.000         0.000         0.000         0.000
 DP2            0.000         0.000         0.000         0.000         0.000
 PA1            0.000         0.000         0.000         0.000         0.000
 PA2            0.000         0.000         0.000         0.000         0.000
 PA3            0.000         0.000         0.000         0.000         0.000


           THETA
              WORK2         CCLIM1        CCLIM2        CCLIM3        CCLIM4
              ________      ________      ________      ________      ________
 WORK2          0.593
 CCLIM1         0.000         0.146
 CCLIM2         0.000         0.000         0.197
 CCLIM3         0.000         0.000         0.000         0.122
 CCLIM4         0.000         0.000         0.000         0.000         0.268
 DEC1           0.000         0.000         0.000         0.000         0.000
 DEC2           0.000         0.000         0.000         0.000         0.000
 SSUP1          0.000         0.000         0.000         0.000         0.000
 SSUP2          0.000         0.000         0.000         0.000         0.000
 PSUP1          0.000         0.000         0.000         0.000         0.000
 PSUP2          0.000         0.000         0.000         0.000         0.000
 SELF1          0.000         0.000         0.000         0.000         0.000
 SELF2          0.000         0.000         0.000         0.000         0.000
 SELF3          0.000         0.000         0.000         0.000         0.000
 ELC1           0.000         0.000         0.000         0.000         0.000
 ELC2           0.000         0.000         0.000         0.000         0.000
 ELC3           0.000         0.000         0.000         0.000         0.000
 ELC4           0.000         0.000         0.000         0.000         0.000
 ELC5           0.000         0.000         0.000         0.000         0.000
 EE1            0.000         0.000         0.000         0.000         0.000
 EE2            0.000         0.000         0.000         0.000         0.000
 EE3            0.000         0.000         0.000         0.000         0.000
 DP1            0.000         0.000         0.000         0.000         0.000
 DP2            0.000         0.000         0.000         0.000         0.000
 PA1            0.000         0.000         0.000         0.000         0.000
 PA2            0.000         0.000         0.000         0.000         0.000
 PA3            0.000         0.000         0.000         0.000         0.000


           THETA
              DEC1          DEC2          SSUP1         SSUP2         PSUP1
              ________      ________      ________      ________      ________
 DEC1           0.509
 DEC2           0.000         0.881
 SSUP1          0.000         0.000         0.774
 SSUP2          0.000         0.000         0.000         0.794
 PSUP1          0.000         0.000         0.000         0.000         0.465
 PSUP2          0.000         0.000         0.000         0.000         0.000
 SELF1          0.000         0.000         0.000         0.000         0.000
 SELF2          0.000         0.000         0.000         0.000         0.000
 SELF3          0.000         0.000         0.000         0.000         0.000
 ELC1           0.000         0.000         0.000         0.000         0.000
 ELC2           0.000         0.000         0.000         0.000         0.000
 ELC3           0.000         0.000         0.000         0.000         0.000
 ELC4           0.000         0.000         0.000         0.000         0.000
 ELC5           0.000         0.000         0.000         0.000         0.000
 EE1            0.000         0.000         0.000         0.000         0.000
 EE2            0.000         0.000         0.000         0.000         0.000
 EE3            0.000         0.000         0.000         0.000         0.000
 DP1            0.000         0.000         0.000         0.000         0.000
 DP2            0.000         0.000         0.000         0.000         0.000
 PA1            0.000         0.000         0.000         0.000         0.000
 PA2            0.000         0.000         0.000         0.000         0.000
 PA3            0.000         0.000         0.000         0.000         0.000


           THETA
              PSUP2         SELF1         SELF2         SELF3         ELC1
              ________      ________      ________      ________      ________
 PSUP2          0.428
 SELF1          0.000         0.099
 SELF2          0.000         0.000         0.127
 SELF3          0.000         0.000         0.000         0.148
 ELC1           0.000         0.000         0.000         0.000         0.194
 ELC2           0.000         0.000         0.000         0.000         0.000
 ELC3           0.000         0.000         0.000         0.000         0.000
 ELC4           0.000         0.000         0.000         0.000         0.000
 ELC5           0.000         0.000         0.000         0.000         0.000
 EE1            0.000         0.000         0.000         0.000         0.000
 EE2            0.000         0.000         0.000         0.000         0.000
 EE3            0.000         0.000         0.000         0.000         0.000
 DP1            0.000         0.000         0.000         0.000         0.000
 DP2            0.000         0.000         0.000         0.000         0.000
 PA1            0.000         0.000         0.000         0.000         0.000
 PA2            0.000         0.000         0.000         0.000         0.000
 PA3            0.000         0.000         0.000         0.000         0.000


           THETA
              ELC2          ELC3          ELC4          ELC5          EE1
              ________      ________      ________      ________      ________
 ELC2           0.196
 ELC3           0.000         0.150
 ELC4           0.000         0.000         0.183
 ELC5           0.000         0.000         0.000         0.208
 EE1            0.000         0.000         0.000         0.000         0.857
 EE2            0.000         0.000         0.000         0.000         0.000
 EE3            0.000         0.000         0.000         0.000         0.000
 DP1            0.000         0.000         0.000         0.000         0.000
 DP2            0.000         0.000         0.000         0.000         0.000
 PA1            0.000         0.000         0.000         0.000         0.000
 PA2            0.000         0.000         0.000         0.000         0.000
 PA3            0.000         0.000         0.000         0.000         0.000


           THETA
              EE2           EE3           DP1           DP2           PA1
              ________      ________      ________      ________      ________
 EE2            0.790
 EE3            0.000         0.841
 DP1            0.000         0.000         0.599
 DP2            0.000         0.000         0.000         0.698
 PA1            0.000         0.000         0.000         0.000         0.416
 PA2            0.000         0.000         0.000         0.000         0.000
 PA3            0.000         0.000         0.000         0.000         0.000


           THETA
              PA2           PA3
              ________      ________
 PA2            0.463
 PA3            0.000         0.464


           ALPHA
              F1            F2            F3            F4            F5
              ________      ________      ________      ________      ________
                0.000         0.000         0.000         0.000         0.000


           ALPHA
              F6            F7            F8            F9            F10
              ________      ________      ________      ________      ________
                0.000         0.000         0.000         0.000         0.000


           ALPHA
              F11           F12
              ________      ________
                0.000         0.000


           BETA
              F1            F2            F3            F4            F5
              ________      ________      ________      ________      ________
 F1             0.000         0.000         0.000         0.000         0.000
 F2             0.000         0.000         0.000         0.000         0.000
 F3             0.000         0.000         0.000         0.000         0.000
 F4             0.000         0.000         0.000         0.000         0.000
 F5             0.000         0.000         0.000         0.000         0.000
 F6             0.000         0.000         0.000         0.000         0.000
 F7             0.000         0.000         0.000         0.000         0.000
 F8             0.000         0.000         0.000         0.000         0.000
 F9             0.000         0.000         0.000         0.000         0.000
 F10            0.000         0.000         0.000         0.000         0.000
 F11            0.000         0.000         0.000         0.000         0.000
 F12            0.000         0.000         0.000         0.000         0.000


           BETA
              F6            F7            F8            F9            F10
              ________      ________      ________      ________      ________
 F1             0.000         0.000         0.000         0.000         0.000
 F2             0.000         0.000         0.000         0.000         0.000
 F3             0.000         0.000         0.000         0.000         0.000
 F4             0.000         0.000         0.000         0.000         0.000
 F5             0.000         0.000         0.000         0.000         0.000
 F6             0.000         0.000         0.000         0.000         0.000
 F7             0.000         0.000         0.000         0.000         0.000
 F8             0.000         0.000         0.000         0.000         0.000
 F9             0.000         0.000         0.000         0.000         0.000
 F10            0.000         0.000         0.000         0.000         0.000
 F11            0.000         0.000         0.000         0.000         0.000
 F12            0.000         0.000         0.000         0.000         0.000


           BETA
              F11           F12
              ________      ________
 F1             0.000         0.000
 F2             0.000         0.000
 F3             0.000         0.000
 F4             0.000         0.000
 F5             0.000         0.000
 F6             0.000         0.000
 F7             0.000         0.000
 F8             0.000         0.000
 F9             0.000         0.000
 F10            0.000         0.000
 F11            0.000         0.000
 F12            0.000         0.000


           PSI
              F1            F2            F3            F4            F5
              ________      ________      ________      ________      ________
 F1             0.050
 F2             0.000         0.050
 F3             0.000         0.000         0.050
 F4             0.000         0.000         0.000         0.050
 F5             0.000         0.000         0.000         0.000         0.050
 F6             0.000         0.000         0.000         0.000         0.000
 F7             0.000         0.000         0.000         0.000         0.000
 F8             0.000         0.000         0.000         0.000         0.000
 F9             0.000         0.000         0.000         0.000         0.000
 F10            0.000         0.000         0.000         0.000         0.000
 F11            0.000         0.000         0.000         0.000         0.000
 F12            0.000         0.000         0.000         0.000         0.000


           PSI
              F6            F7            F8            F9            F10
              ________      ________      ________      ________      ________
 F6             0.050
 F7             0.000         0.050
 F8             0.000         0.000         0.050
 F9             0.000         0.000         0.000         0.050
 F10            0.000         0.000         0.000         0.000         0.050
 F11            0.000         0.000         0.000         0.000         0.000
 F12            0.000         0.000         0.000         0.000         0.000


           PSI
              F11           F12
              ________      ________
 F11            0.050
 F12            0.000         0.050


DIAGRAM INFORMATION

  Use View Diagram under the Diagram menu in the Mplus Editor to view the diagram.
  If running Mplus from the Mplus Diagrammer, the diagram opens automatically.

  Diagram output
    h:\sem ta lab & lecture 2019\3.19.19 power and full sems\full sem 3.26.4.dgm

     Beginning Time:  13:55:59
        Ending Time:  13:56:03
       Elapsed Time:  00:00:04



MUTHEN & MUTHEN
3463 Stoner Ave.
Los Angeles, CA  90066

Tel: (310) 391-9971
Fax: (310) 391-8971
Web: www.StatModel.com
Support: Support@StatModel.com

Copyright (c) 1998-2018 Muthen & Muthen
