Mplus VERSION 8.2
MUTHEN & MUTHEN
02/13/2019   2:29 PM

INPUT INSTRUCTIONS

  DATA: file=continuation85.dat;
        format = free;

  variable:
  names = id tfscs1-tfscs34;
  usevariables = tfscs1 tfscs10 tfscs15 tfscs17 tfscs22 tfscs23 tfscs33
   tfscs6 tfscs11 tfscs12 tfscs18 tfscs21 tfscs24 tfscs27
   tfscs3 tfscs4 tfscs9 tfscs14 tfscs28 tfscs31;


  Analysis:
  type = general;
  estimator = ML;
  iterations = 1000;

  Model:

  inhib by tfscs1@1 tfscs10 tfscs15 tfscs17 tfscs22 tfscs23 tfscs33;
  init by tfscs6@1 tfscs11 tfscs12 tfscs18 tfscs21 tfscs24 tfscs27;
  cont by tfscs3@1 tfscs4 tfscs9 tfscs14 tfscs28 tfscs31;
  selfcont by inhib init cont; !our new second-order factor

  Output: standardized; modindices; sampstat; tech1;



INPUT READING TERMINATED NORMALLY




SUMMARY OF ANALYSIS

Number of groups                                                 1
Number of observations                                         204

Number of dependent variables                                   20
Number of independent variables                                  0
Number of continuous latent variables                            4
!now have 4 continuous latent variables

Observed dependent variables

  Continuous
   TFSCS1      TFSCS10     TFSCS15     TFSCS17     TFSCS22     TFSCS23
   TFSCS33     TFSCS6      TFSCS11     TFSCS12     TFSCS18     TFSCS21
   TFSCS24     TFSCS27     TFSCS3      TFSCS4      TFSCS9      TFSCS14
   TFSCS28     TFSCS31

Continuous latent variables
   INHIB       INIT        CONT        SELFCONT


Estimator                                                       ML
Information matrix                                        OBSERVED
Maximum number of iterations                                  1000
Convergence criterion                                    0.500D-04
Maximum number of steepest descent iterations                   20

Input data file(s)
  continuation85.dat

Input data format  FREE


SAMPLE STATISTICS


     SAMPLE STATISTICS


           Means
              TFSCS1        TFSCS10       TFSCS15       TFSCS17       TFSCS22
              ________      ________      ________      ________      ________
                3.549         3.559         3.701         3.309         3.235


           Means
              TFSCS23       TFSCS33       TFSCS6        TFSCS11       TFSCS12
              ________      ________      ________      ________      ________
                3.623         3.309         3.206         2.902         3.167


           Means
              TFSCS18       TFSCS21       TFSCS24       TFSCS27       TFSCS3
              ________      ________      ________      ________      ________
                3.333         3.275         3.358         3.382         3.304


           Means
              TFSCS4        TFSCS9        TFSCS14       TFSCS28       TFSCS31
              ________      ________      ________      ________      ________
                3.627         3.784         3.461         3.451         3.706


           Covariances
              TFSCS1        TFSCS10       TFSCS15       TFSCS17       TFSCS22
              ________      ________      ________      ________      ________
 TFSCS1         0.797
 TFSCS10        0.428         0.894
 TFSCS15        0.311         0.383         0.906
 TFSCS17        0.536         0.514         0.460         1.272
 TFSCS22        0.341         0.476         0.394         0.516         1.151
 TFSCS23        0.443         0.373         0.417         0.597         0.456
 TFSCS33        0.321         0.479         0.337         0.405         0.413
 TFSCS6         0.446         0.429         0.287         0.843         0.398
 TFSCS11        0.260         0.319         0.324         0.550         0.425
 TFSCS12        0.394         0.343         0.305         0.723         0.392
 TFSCS18        0.415         0.417         0.399         0.907         0.559
 TFSCS21        0.379         0.420         0.332         0.601         0.288
 TFSCS24        0.397         0.325         0.318         0.522         0.210
 TFSCS27        0.393         0.482         0.423         0.686         0.557
 TFSCS3         0.431         0.276         0.228         0.445         0.281
 TFSCS4         0.322         0.385         0.291         0.380         0.171
 TFSCS9         0.417         0.415         0.342         0.478         0.262
 TFSCS14        0.281         0.375         0.402         0.515         0.308
 TFSCS28        0.350         0.317         0.355         0.513         0.281
 TFSCS31        0.323         0.360         0.294         0.385         0.314


           Covariances
              TFSCS23       TFSCS33       TFSCS6        TFSCS11       TFSCS12
              ________      ________      ________      ________      ________
 TFSCS23        0.833
 TFSCS33        0.396         1.008
 TFSCS6         0.494         0.397         1.458
 TFSCS11        0.375         0.266         0.702         1.216
 TFSCS12        0.347         0.409         0.912         0.624         1.247
 TFSCS18        0.484         0.407         0.936         0.729         0.856
 TFSCS21        0.417         0.307         0.782         0.620         0.621
 TFSCS24        0.419         0.345         0.789         0.555         0.641
 TFSCS27        0.409         0.357         0.848         0.621         0.770
 TFSCS3         0.389         0.318         0.511         0.407         0.449
 TFSCS4         0.379         0.311         0.410         0.262         0.312
 TFSCS9         0.409         0.302         0.471         0.405         0.384
 TFSCS14        0.380         0.377         0.444         0.369         0.350
 TFSCS28        0.391         0.317         0.559         0.417         0.435
 TFSCS31        0.369         0.307         0.384         0.265         0.309


           Covariances
              TFSCS18       TFSCS21       TFSCS24       TFSCS27       TFSCS3
              ________      ________      ________      ________      ________
 TFSCS18        1.379
 TFSCS21        0.766         1.111
 TFSCS24        0.719         0.765         1.161
 TFSCS27        0.882         0.665         0.598         1.275
 TFSCS3         0.497         0.485         0.494         0.506         1.153
 TFSCS4         0.335         0.426         0.383         0.299         0.290
 TFSCS9         0.498         0.515         0.479         0.416         0.379
 TFSCS14        0.493         0.427         0.404         0.388         0.316
 TFSCS28        0.560         0.562         0.535         0.455         0.368
 TFSCS31        0.373         0.341         0.390         0.318         0.364


           Covariances
              TFSCS4        TFSCS9        TFSCS14       TFSCS28       TFSCS31
              ________      ________      ________      ________      ________
 TFSCS4         0.734
 TFSCS9         0.474         0.895
 TFSCS14        0.358         0.447         0.886
 TFSCS28        0.379         0.494         0.385         0.865
 TFSCS31        0.317         0.339         0.322         0.358         0.845


           Correlations
              TFSCS1        TFSCS10       TFSCS15       TFSCS17       TFSCS22
              ________      ________      ________      ________      ________
 TFSCS1         1.000
 TFSCS10        0.508         1.000
 TFSCS15        0.366         0.425         1.000
 TFSCS17        0.533         0.482         0.429         1.000
 TFSCS22        0.357         0.470         0.386         0.426         1.000
 TFSCS23        0.543         0.432         0.480         0.580         0.466
 TFSCS33        0.358         0.505         0.353         0.357         0.383
 TFSCS6         0.414         0.376         0.250         0.619         0.307
 TFSCS11        0.264         0.307         0.308         0.442         0.359
 TFSCS12        0.395         0.325         0.287         0.574         0.327
 TFSCS18        0.396         0.375         0.357         0.685         0.444
 TFSCS21        0.403         0.422         0.331         0.506         0.255
 TFSCS24        0.412         0.319         0.310         0.429         0.182
 TFSCS27        0.390         0.452         0.394         0.538         0.460
 TFSCS3         0.450         0.272         0.223         0.368         0.244
 TFSCS4         0.421         0.475         0.356         0.393         0.186
 TFSCS9         0.494         0.464         0.380         0.448         0.258
 TFSCS14        0.335         0.421         0.449         0.485         0.305
 TFSCS28        0.422         0.360         0.402         0.489         0.282
 TFSCS31        0.394         0.415         0.337         0.371         0.319


           Correlations
              TFSCS23       TFSCS33       TFSCS6        TFSCS11       TFSCS12
              ________      ________      ________      ________      ________
 TFSCS23        1.000
 TFSCS33        0.432         1.000
 TFSCS6         0.449         0.328         1.000
 TFSCS11        0.372         0.240         0.527         1.000
 TFSCS12        0.341         0.365         0.676         0.507         1.000
 TFSCS18        0.451         0.345         0.660         0.563         0.653
 TFSCS21        0.434         0.291         0.614         0.534         0.528
 TFSCS24        0.426         0.319         0.607         0.467         0.533
 TFSCS27        0.397         0.315         0.622         0.499         0.610
 TFSCS3         0.397         0.295         0.394         0.344         0.375
 TFSCS4         0.485         0.362         0.396         0.278         0.326
 TFSCS9         0.474         0.318         0.412         0.389         0.364
 TFSCS14        0.442         0.399         0.391         0.355         0.333
 TFSCS28        0.460         0.339         0.498         0.406         0.418
 TFSCS31        0.440         0.332         0.346         0.262         0.301


           Correlations
              TFSCS18       TFSCS21       TFSCS24       TFSCS27       TFSCS3
              ________      ________      ________      ________      ________
 TFSCS18        1.000
 TFSCS21        0.619         1.000
 TFSCS24        0.568         0.673         1.000
 TFSCS27        0.665         0.558         0.492         1.000
 TFSCS3         0.394         0.429         0.427         0.418         1.000
 TFSCS4         0.333         0.472         0.415         0.309         0.315
 TFSCS9         0.449         0.517         0.470         0.389         0.373
 TFSCS14        0.446         0.431         0.398         0.365         0.313
 TFSCS28        0.513         0.574         0.533         0.433         0.368
 TFSCS31        0.345         0.352         0.393         0.307         0.369


           Correlations
              TFSCS4        TFSCS9        TFSCS14       TFSCS28       TFSCS31
              ________      ________      ________      ________      ________
 TFSCS4         1.000
 TFSCS9         0.584         1.000
 TFSCS14        0.444         0.503         1.000
 TFSCS28        0.475         0.562         0.440         1.000
 TFSCS31        0.402         0.389         0.372         0.419         1.000


UNIVARIATE SAMPLE STATISTICS


     UNIVARIATE HIGHER-ORDER MOMENT DESCRIPTIVE STATISTICS

         Variable/         Mean/     Skewness/   Minimum/ % with                Percentiles
        Sample Size      Variance    Kurtosis    Maximum  Min/Max      20%/60%    40%/80%    Median

     TFSCS1                3.549      -0.437       1.000    0.98%       3.000      3.000      4.000
             204.000       0.797      -0.290       5.000   11.27%       4.000      4.000
     TFSCS10               3.559      -0.378       1.000    1.96%       3.000      3.000      4.000
             204.000       0.894      -0.236       5.000   15.20%       4.000      4.000
     TFSCS15               3.701      -0.431       1.000    0.98%       3.000      4.000      4.000
             204.000       0.906      -0.421       5.000   20.59%       4.000      5.000
     TFSCS17               3.309      -0.176       1.000    5.39%       2.000      3.000      3.000
             204.000       1.272      -0.819       5.000   16.18%       4.000      4.000
     TFSCS22               3.235      -0.097       1.000    5.39%       2.000      3.000      3.000
             204.000       1.151      -0.607       5.000   13.24%       3.000      4.000
     TFSCS23               3.623      -0.694       1.000    2.45%       3.000      4.000      4.000
             204.000       0.833       0.356       5.000   13.24%       4.000      4.000
     TFSCS33               3.309      -0.414       1.000    5.39%       3.000      3.000      3.000
             204.000       1.008      -0.243       5.000    9.31%       4.000      4.000
     TFSCS6                3.206      -0.216       1.000    9.80%       2.000      3.000      3.000
             204.000       1.458      -0.910       5.000   15.20%       4.000      4.000
     TFSCS11               2.902       0.150       1.000    9.31%       2.000      3.000      3.000
             204.000       1.216      -0.733       5.000    8.33%       3.000      4.000
     TFSCS12               3.167      -0.078       1.000    6.37%       2.000      3.000      3.000
             204.000       1.247      -0.830       5.000   12.25%       4.000      4.000
     TFSCS18               3.333      -0.324       1.000    7.84%       2.000      3.000      3.000
             204.000       1.379      -0.762       5.000   17.16%       4.000      4.000
     TFSCS21               3.275      -0.238       1.000    5.39%       2.000      3.000      3.000
             204.000       1.111      -0.534       5.000   11.76%       4.000      4.000
     TFSCS24               3.358      -0.394       1.000    5.39%       2.000      3.000      4.000
             204.000       1.161      -0.580       5.000   12.75%       4.000      4.000
     TFSCS27               3.382      -0.136       1.000    3.92%       2.000      3.000      3.000
             204.000       1.275      -0.907       5.000   19.61%       4.000      4.000
     TFSCS3                3.304      -0.175       1.000    3.92%       2.000      3.000      3.000
             204.000       1.153      -0.803       5.000   13.24%       4.000      4.000
     TFSCS4                3.627      -0.563       1.000    1.47%       3.000      4.000      4.000
             204.000       0.734       0.295       5.000   12.25%       4.000      4.000
     TFSCS9                3.784      -0.671       1.000    1.47%       3.000      4.000      4.000
             204.000       0.895       0.042       5.000   22.06%       4.000      5.000
     TFSCS14               3.461      -0.292       1.000    1.96%       3.000      3.000      4.000
             204.000       0.886      -0.349       5.000   12.25%       4.000      4.000
     TFSCS28               3.451      -0.314       1.000    1.96%       3.000      3.000      4.000
             204.000       0.865      -0.308       5.000   11.27%       4.000      4.000
     TFSCS31               3.706      -0.484       1.000    1.47%       3.000      4.000      4.000
             204.000       0.845      -0.056       5.000   19.12%       4.000      4.000


THE MODEL ESTIMATION TERMINATED NORMALLY



MODEL FIT INFORMATION

Number of Free Parameters                       63

Loglikelihood

          H0 Value                       -4904.570
          H1 Value                       -4743.260

Information Criteria

          Akaike (AIC)                    9935.140
          Bayesian (BIC)                 10144.181
          Sample-Size Adjusted BIC        9944.578
            (n* = (n + 2) / 24)

Chi-Square Test of Model Fit

          Value                            322.619
          Degrees of Freedom                   167
          P-Value                           0.0000

RMSEA (Root Mean Square Error Of Approximation)

          Estimate                           0.068
          90 Percent C.I.                    0.056  0.079
          Probability RMSEA <= .05           0.006

CFI/TLI

          CFI                                0.924
          TLI                                0.913

Chi-Square Test of Model Fit for the Baseline Model

          Value                           2227.789
          Degrees of Freedom                   190
          P-Value                           0.0000

SRMR (Standardized Root Mean Square Residual)

          Value                              0.051



MODEL RESULTS

                                                    Two-Tailed
                    Estimate       S.E.  Est./S.E.    P-Value

 INHIB    BY
    TFSCS1             1.000      0.000    999.000    999.000
    TFSCS10            1.044      0.117      8.908      0.000
    TFSCS15            0.922      0.118      7.793      0.000
    TFSCS17            1.393      0.143      9.776      0.000
    TFSCS22            0.994      0.133      7.465      0.000
    TFSCS23            1.109      0.114      9.722      0.000
    TFSCS33            0.931      0.124      7.480      0.000

 INIT     BY
    TFSCS6             1.000      0.000    999.000    999.000
    TFSCS11            0.742      0.073     10.131      0.000
    TFSCS12            0.866      0.070     12.337      0.000
    TFSCS18            0.987      0.073     13.583      0.000
    TFSCS21            0.830      0.067     12.372      0.000
    TFSCS24            0.802      0.070     11.527      0.000
    TFSCS27            0.871      0.072     12.117      0.000

 CONT     BY
    TFSCS3             1.000      0.000    999.000    999.000
    TFSCS4             0.992      0.144      6.906      0.000
    TFSCS9             1.206      0.165      7.304      0.000
    TFSCS14            1.055      0.155      6.820      0.000
    TFSCS28            1.150      0.159      7.240      0.000
    TFSCS31            0.924      0.143      6.440      0.000

 SELFCONT BY
    INHIB              1.000      0.000    999.000    999.000
!as w/other latent variables, first is default ref. variable
    INIT               1.438      0.169      8.510      0.000
    CONT               0.963      0.149      6.480      0.000

 Intercepts
    TFSCS1             3.549      0.062     56.794      0.000
    TFSCS10            3.559      0.066     53.771      0.000
    TFSCS15            3.701      0.067     55.545      0.000
    TFSCS17            3.309      0.079     41.898      0.000
    TFSCS22            3.235      0.075     43.081      0.000
    TFSCS23            3.623      0.064     56.689      0.000
    TFSCS33            3.309      0.070     47.082      0.000
    TFSCS6             3.206      0.085     37.926      0.000
    TFSCS11            2.902      0.077     37.589      0.000
    TFSCS12            3.167      0.078     40.507      0.000
    TFSCS18            3.333      0.082     40.541      0.000
    TFSCS21            3.275      0.074     44.373      0.000
    TFSCS24            3.358      0.075     44.507      0.000
    TFSCS27            3.382      0.079     42.777      0.000
    TFSCS3             3.304      0.075     43.952      0.000
    TFSCS4             3.627      0.060     60.484      0.000
    TFSCS9             3.784      0.066     57.144      0.000
    TFSCS14            3.461      0.066     52.522      0.000
    TFSCS28            3.451      0.065     52.989      0.000
    TFSCS31            3.706      0.064     57.585      0.000

 Variances
    SELFCONT           0.327      0.066      4.965      0.000

 Residual Variances
    TFSCS1             0.416      0.046      8.959      0.000
    TFSCS10            0.478      0.053      8.953      0.000
    TFSCS15            0.582      0.062      9.403      0.000
    TFSCS17            0.533      0.065      8.241      0.000
    TFSCS22            0.774      0.082      9.454      0.000
    TFSCS23            0.365      0.043      8.464      0.000
    TFSCS33            0.678      0.072      9.472      0.000
    TFSCS6             0.490      0.059      8.347      0.000
    TFSCS11            0.683      0.072      9.425      0.000
    TFSCS12            0.521      0.059      8.832      0.000
    TFSCS18            0.436      0.053      8.161      0.000
    TFSCS21            0.443      0.051      8.672      0.000
    TFSCS24            0.539      0.060      9.007      0.000
    TFSCS27            0.540      0.061      8.881      0.000
    TFSCS3             0.813      0.085      9.511      0.000
    TFSCS4             0.399      0.045      8.847      0.000
    TFSCS9             0.400      0.049      8.222      0.000
    TFSCS14            0.507      0.056      9.076      0.000
    TFSCS28            0.416      0.048      8.573      0.000
    TFSCS31            0.555      0.059      9.378      0.000
    INHIB              0.054      0.023      2.403      0.016
    INIT               0.293      0.060      4.872      0.000
    CONT               0.037      0.021      1.761      0.078


STANDARDIZED MODEL RESULTS


STDYX Standardization

                                                    Two-Tailed
                    Estimate       S.E.  Est./S.E.    P-Value

 INHIB    BY
    TFSCS1             0.691      0.041     16.698      0.000
    TFSCS10            0.682      0.043     15.990      0.000
    TFSCS15            0.598      0.050     12.048      0.000
    TFSCS17            0.762      0.035     21.700      0.000
    TFSCS22            0.572      0.052     11.014      0.000
    TFSCS23            0.750      0.036     20.829      0.000
    TFSCS33            0.572      0.052     11.044      0.000

 INIT     BY
    TFSCS6             0.815      0.027     29.829      0.000
    TFSCS11            0.662      0.043     15.564      0.000
    TFSCS12            0.763      0.033     23.212      0.000
    TFSCS18            0.827      0.026     31.725      0.000
    TFSCS21            0.775      0.032     24.360      0.000
    TFSCS24            0.732      0.036     20.235      0.000
    TFSCS27            0.759      0.033     22.841      0.000

 CONT     BY
    TFSCS3             0.543      0.054      9.977      0.000
    TFSCS4             0.675      0.044     15.365      0.000
    TFSCS9             0.743      0.038     19.628      0.000
    TFSCS14            0.654      0.045     14.434      0.000
    TFSCS28            0.721      0.039     18.293      0.000
    TFSCS31            0.586      0.051     11.480      0.000

 SELFCONT BY
    INHIB              0.926      0.030     31.045      0.000
    INIT               0.835      0.033     25.112      0.000
    CONT               0.944      0.031     30.658      0.000
!our stdized estimates

 Intercepts
    TFSCS1             3.976      0.209     19.031      0.000
    TFSCS10            3.765      0.199     18.909      0.000
    TFSCS15            3.889      0.205     18.983      0.000
    TFSCS17            2.933      0.161     18.195      0.000
    TFSCS22            3.016      0.165     18.289      0.000
    TFSCS23            3.969      0.209     19.027      0.000
    TFSCS33            3.296      0.178     18.563      0.000
    TFSCS6             2.655      0.149     17.828      0.000
    TFSCS11            2.632      0.148     17.793      0.000
    TFSCS12            2.836      0.157     18.076      0.000
    TFSCS18            2.838      0.157     18.079      0.000
    TFSCS21            3.107      0.169     18.384      0.000
    TFSCS24            3.116      0.169     18.393      0.000
    TFSCS27            2.995      0.164     18.265      0.000
    TFSCS3             3.077      0.168     18.353      0.000
    TFSCS4             4.235      0.221     19.159      0.000
    TFSCS9             4.001      0.210     19.044      0.000
    TFSCS14            3.677      0.195     18.853      0.000
    TFSCS28            3.710      0.197     18.874      0.000
    TFSCS31            4.032      0.212     19.060      0.000

 Variances
    SELFCONT           1.000      0.000    999.000    999.000
 !in the stdized solution, variance of higher-order factor
 !defaults to 1

 Residual Variances
    TFSCS1             0.522      0.057      9.119      0.000
    TFSCS10            0.535      0.058      9.212      0.000
    TFSCS15            0.643      0.059     10.839      0.000
    TFSCS17            0.419      0.054      7.830      0.000
    TFSCS22            0.673      0.059     11.322      0.000
    TFSCS23            0.438      0.054      8.118      0.000
    TFSCS33            0.673      0.059     11.352      0.000
    TFSCS6             0.336      0.045      7.544      0.000
    TFSCS11            0.562      0.056      9.978      0.000
    TFSCS12            0.418      0.050      8.324      0.000
    TFSCS18            0.316      0.043      7.328      0.000
    TFSCS21            0.399      0.049      8.091      0.000
    TFSCS24            0.464      0.053      8.760      0.000
    TFSCS27            0.424      0.050      8.399      0.000
    TFSCS3             0.705      0.059     11.922      0.000
    TFSCS4             0.544      0.059      9.161      0.000
    TFSCS9             0.448      0.056      7.950      0.000
    TFSCS14            0.572      0.059      9.658      0.000
    TFSCS28            0.480      0.057      8.454      0.000
    TFSCS31            0.657      0.060     10.977      0.000
    INHIB              0.142      0.055      2.574      0.010
    INIT               0.302      0.056      5.442      0.000
    CONT               0.108      0.058      1.864      0.062
!bc these factors are themselves dependent latent variables in the
!CFA model, we can't estimate their variances. default in mplus
!is to estimate the variance of their residuals. interpretation:
!proportion of variances not explained by the assoc. latent factor


STDY Standardization

                                                    Two-Tailed
                    Estimate       S.E.  Est./S.E.    P-Value

 INHIB    BY
    TFSCS1             0.691      0.041     16.698      0.000
    TFSCS10            0.682      0.043     15.990      0.000
    TFSCS15            0.598      0.050     12.048      0.000
    TFSCS17            0.762      0.035     21.700      0.000
    TFSCS22            0.572      0.052     11.014      0.000
    TFSCS23            0.750      0.036     20.829      0.000
    TFSCS33            0.572      0.052     11.044      0.000

 INIT     BY
    TFSCS6             0.815      0.027     29.829      0.000
    TFSCS11            0.662      0.043     15.564      0.000
    TFSCS12            0.763      0.033     23.212      0.000
    TFSCS18            0.827      0.026     31.725      0.000
    TFSCS21            0.775      0.032     24.360      0.000
    TFSCS24            0.732      0.036     20.235      0.000
    TFSCS27            0.759      0.033     22.841      0.000

 CONT     BY
    TFSCS3             0.543      0.054      9.977      0.000
    TFSCS4             0.675      0.044     15.365      0.000
    TFSCS9             0.743      0.038     19.628      0.000
    TFSCS14            0.654      0.045     14.434      0.000
    TFSCS28            0.721      0.039     18.293      0.000
    TFSCS31            0.586      0.051     11.480      0.000

 SELFCONT BY
    INHIB              0.926      0.030     31.045      0.000
    INIT               0.835      0.033     25.112      0.000
    CONT               0.944      0.031     30.658      0.000

 Intercepts
    TFSCS1             3.976      0.209     19.031      0.000
    TFSCS10            3.765      0.199     18.909      0.000
    TFSCS15            3.889      0.205     18.983      0.000
    TFSCS17            2.933      0.161     18.195      0.000
    TFSCS22            3.016      0.165     18.289      0.000
    TFSCS23            3.969      0.209     19.027      0.000
    TFSCS33            3.296      0.178     18.563      0.000
    TFSCS6             2.655      0.149     17.828      0.000
    TFSCS11            2.632      0.148     17.793      0.000
    TFSCS12            2.836      0.157     18.076      0.000
    TFSCS18            2.838      0.157     18.079      0.000
    TFSCS21            3.107      0.169     18.384      0.000
    TFSCS24            3.116      0.169     18.393      0.000
    TFSCS27            2.995      0.164     18.265      0.000
    TFSCS3             3.077      0.168     18.353      0.000
    TFSCS4             4.235      0.221     19.159      0.000
    TFSCS9             4.001      0.210     19.044      0.000
    TFSCS14            3.677      0.195     18.853      0.000
    TFSCS28            3.710      0.197     18.874      0.000
    TFSCS31            4.032      0.212     19.060      0.000

 Variances
    SELFCONT           1.000      0.000    999.000    999.000

 Residual Variances
    TFSCS1             0.522      0.057      9.119      0.000
    TFSCS10            0.535      0.058      9.212      0.000
    TFSCS15            0.643      0.059     10.839      0.000
    TFSCS17            0.419      0.054      7.830      0.000
    TFSCS22            0.673      0.059     11.322      0.000
    TFSCS23            0.438      0.054      8.118      0.000
    TFSCS33            0.673      0.059     11.352      0.000
    TFSCS6             0.336      0.045      7.544      0.000
    TFSCS11            0.562      0.056      9.978      0.000
    TFSCS12            0.418      0.050      8.324      0.000
    TFSCS18            0.316      0.043      7.328      0.000
    TFSCS21            0.399      0.049      8.091      0.000
    TFSCS24            0.464      0.053      8.760      0.000
    TFSCS27            0.424      0.050      8.399      0.000
    TFSCS3             0.705      0.059     11.922      0.000
    TFSCS4             0.544      0.059      9.161      0.000
    TFSCS9             0.448      0.056      7.950      0.000
    TFSCS14            0.572      0.059      9.658      0.000
    TFSCS28            0.480      0.057      8.454      0.000
    TFSCS31            0.657      0.060     10.977      0.000
    INHIB              0.142      0.055      2.574      0.010
    INIT               0.302      0.056      5.442      0.000
    CONT               0.108      0.058      1.864      0.062


STD Standardization

                                                    Two-Tailed
                    Estimate       S.E.  Est./S.E.    P-Value

 INHIB    BY
    TFSCS1             0.617      0.057     10.785      0.000
    TFSCS10            0.644      0.061     10.549      0.000
    TFSCS15            0.569      0.064      8.948      0.000
    TFSCS17            0.860      0.070     12.282      0.000
    TFSCS22            0.614      0.073      8.454      0.000
    TFSCS23            0.684      0.057     12.036      0.000
    TFSCS33            0.574      0.068      8.467      0.000

 INIT     BY
    TFSCS6             0.984      0.071     13.839      0.000
    TFSCS11            0.730      0.071     10.351      0.000
    TFSCS12            0.852      0.068     12.545      0.000
    TFSCS18            0.971      0.069     14.151      0.000
    TFSCS21            0.817      0.064     12.811      0.000
    TFSCS24            0.789      0.067     11.812      0.000
    TFSCS27            0.857      0.069     12.456      0.000

 CONT     BY
    TFSCS3             0.583      0.074      7.917      0.000
    TFSCS4             0.579      0.056     10.340      0.000
    TFSCS9             0.703      0.060     11.752      0.000
    TFSCS14            0.615      0.062      9.972      0.000
    TFSCS28            0.671      0.059     11.327      0.000
    TFSCS31            0.539      0.062      8.685      0.000

 SELFCONT BY
    INHIB              0.926      0.030     31.045      0.000
    INIT               0.835      0.033     25.112      0.000
    CONT               0.944      0.031     30.658      0.000

 Intercepts
    TFSCS1             3.549      0.062     56.794      0.000
    TFSCS10            3.559      0.066     53.771      0.000
    TFSCS15            3.701      0.067     55.545      0.000
    TFSCS17            3.309      0.079     41.898      0.000
    TFSCS22            3.235      0.075     43.081      0.000
    TFSCS23            3.623      0.064     56.689      0.000
    TFSCS33            3.309      0.070     47.082      0.000
    TFSCS6             3.206      0.085     37.926      0.000
    TFSCS11            2.902      0.077     37.589      0.000
    TFSCS12            3.167      0.078     40.507      0.000
    TFSCS18            3.333      0.082     40.541      0.000
    TFSCS21            3.275      0.074     44.373      0.000
    TFSCS24            3.358      0.075     44.507      0.000
    TFSCS27            3.382      0.079     42.777      0.000
    TFSCS3             3.304      0.075     43.952      0.000
    TFSCS4             3.627      0.060     60.484      0.000
    TFSCS9             3.784      0.066     57.144      0.000
    TFSCS14            3.461      0.066     52.522      0.000
    TFSCS28            3.451      0.065     52.989      0.000
    TFSCS31            3.706      0.064     57.585      0.000

 Variances
    SELFCONT           1.000      0.000    999.000    999.000

 Residual Variances
    TFSCS1             0.416      0.046      8.959      0.000
    TFSCS10            0.478      0.053      8.953      0.000
    TFSCS15            0.582      0.062      9.403      0.000
    TFSCS17            0.533      0.065      8.241      0.000
    TFSCS22            0.774      0.082      9.454      0.000
    TFSCS23            0.365      0.043      8.464      0.000
    TFSCS33            0.678      0.072      9.472      0.000
    TFSCS6             0.490      0.059      8.347      0.000
    TFSCS11            0.683      0.072      9.425      0.000
    TFSCS12            0.521      0.059      8.832      0.000
    TFSCS18            0.436      0.053      8.161      0.000
    TFSCS21            0.443      0.051      8.672      0.000
    TFSCS24            0.539      0.060      9.007      0.000
    TFSCS27            0.540      0.061      8.881      0.000
    TFSCS3             0.813      0.085      9.511      0.000
    TFSCS4             0.399      0.045      8.847      0.000
    TFSCS9             0.400      0.049      8.222      0.000
    TFSCS14            0.507      0.056      9.076      0.000
    TFSCS28            0.416      0.048      8.573      0.000
    TFSCS31            0.555      0.059      9.378      0.000
    INHIB              0.142      0.055      2.574      0.010
    INIT               0.302      0.056      5.442      0.000
    CONT               0.108      0.058      1.864      0.062


R-SQUARE

    Observed                                        Two-Tailed
    Variable        Estimate       S.E.  Est./S.E.    P-Value

    TFSCS1             0.478      0.057      8.349      0.000
    TFSCS10            0.465      0.058      7.995      0.000
    TFSCS15            0.357      0.059      6.024      0.000
    TFSCS17            0.581      0.054     10.850      0.000
    TFSCS22            0.327      0.059      5.507      0.000
    TFSCS23            0.562      0.054     10.414      0.000
    TFSCS33            0.327      0.059      5.522      0.000
    TFSCS6             0.664      0.045     14.915      0.000
    TFSCS11            0.438      0.056      7.782      0.000
    TFSCS12            0.582      0.050     11.606      0.000
    TFSCS18            0.684      0.043     15.862      0.000
    TFSCS21            0.601      0.049     12.180      0.000
    TFSCS24            0.536      0.053     10.118      0.000
    TFSCS27            0.576      0.050     11.420      0.000
    TFSCS3             0.295      0.059      4.988      0.000
    TFSCS4             0.456      0.059      7.682      0.000
    TFSCS9             0.552      0.056      9.814      0.000
    TFSCS14            0.428      0.059      7.217      0.000
    TFSCS28            0.520      0.057      9.146      0.000
    TFSCS31            0.343      0.060      5.740      0.000

     Latent                                         Two-Tailed
    Variable        Estimate       S.E.  Est./S.E.    P-Value

    INHIB              0.858      0.055     15.523      0.000
    INIT               0.698      0.056     12.556      0.000
    CONT               0.892      0.058     15.329      0.000


QUALITY OF NUMERICAL RESULTS

     Condition Number for the Information Matrix              0.212E-02
       (ratio of smallest to largest eigenvalue)


MODEL MODIFICATION INDICES

NOTE:  Modification indices for direct effects of observed dependent variables
regressed on covariates may not be included.  To include these, request
MODINDICES (ALL).

Minimum M.I. value for printing the modification index    10.000

                                   M.I.     E.P.C.  Std E.P.C.  StdYX E.P.C.

BY Statements

INIT     BY TFSCS17               28.595     0.635      0.624        0.554
CONT     BY TFSCS22               10.547    -1.174     -0.685       -0.638

WITH Statements

TFSCS18  WITH TFSCS17             20.442     0.182      0.182        0.378
TFSCS24  WITH TFSCS22             13.220    -0.177     -0.177       -0.274
TFSCS24  WITH TFSCS21             16.505     0.161      0.161        0.330
TFSCS27  WITH TFSCS22             11.965     0.170      0.170        0.263

!you can see these are the same as in our original CFA

TECHNICAL 1 OUTPUT


     PARAMETER SPECIFICATION


           NU
              TFSCS1        TFSCS10       TFSCS15       TFSCS17       TFSCS22
              ________      ________      ________      ________      ________
                  1             2             3             4             5


           NU
              TFSCS23       TFSCS33       TFSCS6        TFSCS11       TFSCS12
              ________      ________      ________      ________      ________
                  6             7             8             9            10


           NU
              TFSCS18       TFSCS21       TFSCS24       TFSCS27       TFSCS3
              ________      ________      ________      ________      ________
                 11            12            13            14            15


           NU
              TFSCS4        TFSCS9        TFSCS14       TFSCS28       TFSCS31
              ________      ________      ________      ________      ________
                 16            17            18            19            20


           LAMBDA
              INHIB         INIT          CONT          SELFCONT
              ________      ________      ________      ________
 TFSCS1             0             0             0             0
 TFSCS10           21             0             0             0
 TFSCS15           22             0             0             0
 TFSCS17           23             0             0             0
 TFSCS22           24             0             0             0
 TFSCS23           25             0             0             0
 TFSCS33           26             0             0             0
 TFSCS6             0             0             0             0
 TFSCS11            0            27             0             0
 TFSCS12            0            28             0             0
 TFSCS18            0            29             0             0
 TFSCS21            0            30             0             0
 TFSCS24            0            31             0             0
 TFSCS27            0            32             0             0
 TFSCS3             0             0             0             0
 TFSCS4             0             0            33             0
 TFSCS9             0             0            34             0
 TFSCS14            0             0            35             0
 TFSCS28            0             0            36             0
 TFSCS31            0             0            37             0


           THETA
              TFSCS1        TFSCS10       TFSCS15       TFSCS17       TFSCS22
              ________      ________      ________      ________      ________
 TFSCS1            38
 TFSCS10            0            39
 TFSCS15            0             0            40
 TFSCS17            0             0             0            41
 TFSCS22            0             0             0             0            42
 TFSCS23            0             0             0             0             0
 TFSCS33            0             0             0             0             0
 TFSCS6             0             0             0             0             0
 TFSCS11            0             0             0             0             0
 TFSCS12            0             0             0             0             0
 TFSCS18            0             0             0             0             0
 TFSCS21            0             0             0             0             0
 TFSCS24            0             0             0             0             0
 TFSCS27            0             0             0             0             0
 TFSCS3             0             0             0             0             0
 TFSCS4             0             0             0             0             0
 TFSCS9             0             0             0             0             0
 TFSCS14            0             0             0             0             0
 TFSCS28            0             0             0             0             0
 TFSCS31            0             0             0             0             0


           THETA
              TFSCS23       TFSCS33       TFSCS6        TFSCS11       TFSCS12
              ________      ________      ________      ________      ________
 TFSCS23           43
 TFSCS33            0            44
 TFSCS6             0             0            45
 TFSCS11            0             0             0            46
 TFSCS12            0             0             0             0            47
 TFSCS18            0             0             0             0             0
 TFSCS21            0             0             0             0             0
 TFSCS24            0             0             0             0             0
 TFSCS27            0             0             0             0             0
 TFSCS3             0             0             0             0             0
 TFSCS4             0             0             0             0             0
 TFSCS9             0             0             0             0             0
 TFSCS14            0             0             0             0             0
 TFSCS28            0             0             0             0             0
 TFSCS31            0             0             0             0             0


           THETA
              TFSCS18       TFSCS21       TFSCS24       TFSCS27       TFSCS3
              ________      ________      ________      ________      ________
 TFSCS18           48
 TFSCS21            0            49
 TFSCS24            0             0            50
 TFSCS27            0             0             0            51
 TFSCS3             0             0             0             0            52
 TFSCS4             0             0             0             0             0
 TFSCS9             0             0             0             0             0
 TFSCS14            0             0             0             0             0
 TFSCS28            0             0             0             0             0
 TFSCS31            0             0             0             0             0


           THETA
              TFSCS4        TFSCS9        TFSCS14       TFSCS28       TFSCS31
              ________      ________      ________      ________      ________
 TFSCS4            53
 TFSCS9             0            54
 TFSCS14            0             0            55
 TFSCS28            0             0             0            56
 TFSCS31            0             0             0             0            57


           ALPHA
              INHIB         INIT          CONT          SELFCONT
              ________      ________      ________      ________
                  0             0             0             0


           BETA
              INHIB         INIT          CONT          SELFCONT
              ________      ________      ________      ________
 INHIB              0             0             0             0
 INIT               0             0             0            58
 CONT               0             0             0            59
 SELFCONT           0             0             0             0


           PSI
              INHIB         INIT          CONT          SELFCONT
              ________      ________      ________      ________
 INHIB             60
 INIT               0            61
 CONT               0             0            62
 SELFCONT           0             0             0            63


     STARTING VALUES


           NU
              TFSCS1        TFSCS10       TFSCS15       TFSCS17       TFSCS22
              ________      ________      ________      ________      ________
                3.549         3.559         3.701         3.309         3.235


           NU
              TFSCS23       TFSCS33       TFSCS6        TFSCS11       TFSCS12
              ________      ________      ________      ________      ________
                3.623         3.309         3.206         2.902         3.167


           NU
              TFSCS18       TFSCS21       TFSCS24       TFSCS27       TFSCS3
              ________      ________      ________      ________      ________
                3.333         3.275         3.358         3.382         3.304


           NU
              TFSCS4        TFSCS9        TFSCS14       TFSCS28       TFSCS31
              ________      ________      ________      ________      ________
                3.627         3.784         3.461         3.451         3.706


           LAMBDA
              INHIB         INIT          CONT          SELFCONT
              ________      ________      ________      ________
 TFSCS1         1.000         0.000         0.000         0.000
 TFSCS10        0.989         0.000         0.000         0.000
 TFSCS15        0.901         0.000         0.000         0.000
 TFSCS17        1.293         0.000         0.000         0.000
 TFSCS22        1.043         0.000         0.000         0.000
 TFSCS23        1.057         0.000         0.000         0.000
 TFSCS33        0.926         0.000         0.000         0.000
 TFSCS6         0.000         1.000         0.000         0.000
 TFSCS11        0.000         0.729         0.000         0.000
 TFSCS12        0.000         0.869         0.000         0.000
 TFSCS18        0.000         0.969         0.000         0.000
 TFSCS21        0.000         0.807         0.000         0.000
 TFSCS24        0.000         0.782         0.000         0.000
 TFSCS27        0.000         0.856         0.000         0.000
 TFSCS3         0.000         0.000         1.000         0.000
 TFSCS4         0.000         0.000         1.047         0.000
 TFSCS9         0.000         0.000         1.242         0.000
 TFSCS14        0.000         0.000         1.041         0.000
 TFSCS28        0.000         0.000         1.162         0.000
 TFSCS31        0.000         0.000         0.971         0.000


           THETA
              TFSCS1        TFSCS10       TFSCS15       TFSCS17       TFSCS22
              ________      ________      ________      ________      ________
 TFSCS1         0.398
 TFSCS10        0.000         0.447
 TFSCS15        0.000         0.000         0.453
 TFSCS17        0.000         0.000         0.000         0.636
 TFSCS22        0.000         0.000         0.000         0.000         0.575
 TFSCS23        0.000         0.000         0.000         0.000         0.000
 TFSCS33        0.000         0.000         0.000         0.000         0.000
 TFSCS6         0.000         0.000         0.000         0.000         0.000
 TFSCS11        0.000         0.000         0.000         0.000         0.000
 TFSCS12        0.000         0.000         0.000         0.000         0.000
 TFSCS18        0.000         0.000         0.000         0.000         0.000
 TFSCS21        0.000         0.000         0.000         0.000         0.000
 TFSCS24        0.000         0.000         0.000         0.000         0.000
 TFSCS27        0.000         0.000         0.000         0.000         0.000
 TFSCS3         0.000         0.000         0.000         0.000         0.000
 TFSCS4         0.000         0.000         0.000         0.000         0.000
 TFSCS9         0.000         0.000         0.000         0.000         0.000
 TFSCS14        0.000         0.000         0.000         0.000         0.000
 TFSCS28        0.000         0.000         0.000         0.000         0.000
 TFSCS31        0.000         0.000         0.000         0.000         0.000


           THETA
              TFSCS23       TFSCS33       TFSCS6        TFSCS11       TFSCS12
              ________      ________      ________      ________      ________
 TFSCS23        0.417
 TFSCS33        0.000         0.504
 TFSCS6         0.000         0.000         0.729
 TFSCS11        0.000         0.000         0.000         0.608
 TFSCS12        0.000         0.000         0.000         0.000         0.623
 TFSCS18        0.000         0.000         0.000         0.000         0.000
 TFSCS21        0.000         0.000         0.000         0.000         0.000
 TFSCS24        0.000         0.000         0.000         0.000         0.000
 TFSCS27        0.000         0.000         0.000         0.000         0.000
 TFSCS3         0.000         0.000         0.000         0.000         0.000
 TFSCS4         0.000         0.000         0.000         0.000         0.000
 TFSCS9         0.000         0.000         0.000         0.000         0.000
 TFSCS14        0.000         0.000         0.000         0.000         0.000
 TFSCS28        0.000         0.000         0.000         0.000         0.000
 TFSCS31        0.000         0.000         0.000         0.000         0.000


           THETA
              TFSCS18       TFSCS21       TFSCS24       TFSCS27       TFSCS3
              ________      ________      ________      ________      ________
 TFSCS18        0.690
 TFSCS21        0.000         0.555
 TFSCS24        0.000         0.000         0.581
 TFSCS27        0.000         0.000         0.000         0.638
 TFSCS3         0.000         0.000         0.000         0.000         0.576
 TFSCS4         0.000         0.000         0.000         0.000         0.000
 TFSCS9         0.000         0.000         0.000         0.000         0.000
 TFSCS14        0.000         0.000         0.000         0.000         0.000
 TFSCS28        0.000         0.000         0.000         0.000         0.000
 TFSCS31        0.000         0.000         0.000         0.000         0.000


           THETA
              TFSCS4        TFSCS9        TFSCS14       TFSCS28       TFSCS31
              ________      ________      ________      ________      ________
 TFSCS4         0.367
 TFSCS9         0.000         0.447
 TFSCS14        0.000         0.000         0.443
 TFSCS28        0.000         0.000         0.000         0.433
 TFSCS31        0.000         0.000         0.000         0.000         0.422


           ALPHA
              INHIB         INIT          CONT          SELFCONT
              ________      ________      ________      ________
                0.000         0.000         0.000         0.000


           BETA
              INHIB         INIT          CONT          SELFCONT
              ________      ________      ________      ________
 INHIB          0.000         0.000         0.000         1.000
 INIT           0.000         0.000         0.000         1.000
 CONT           0.000         0.000         0.000         1.000
 SELFCONT       0.000         0.000         0.000         0.000


           PSI
              INHIB         INIT          CONT          SELFCONT
              ________      ________      ________      ________
 INHIB          0.050
 INIT           0.000         0.050
 CONT           0.000         0.000         0.050
 SELFCONT       0.000         0.000         0.000         0.050


DIAGRAM INFORMATION

  Use View Diagram under the Diagram menu in the Mplus Editor to view the diagram.
  If running Mplus from the Mplus Diagrammer, the diagram opens automatically.

  Diagram output
    h:\sem ta lab & lecture 2019\2.12.19 complex measurement models\cfa with continuation 35.dgm

     Beginning Time:  14:29:13
        Ending Time:  14:29:16
       Elapsed Time:  00:00:03



MUTHEN & MUTHEN
3463 Stoner Ave.
Los Angeles, CA  90066

Tel: (310) 391-9971
Fax: (310) 391-8971
Web: www.StatModel.com
Support: Support@StatModel.com

Copyright (c) 1998-2018 Muthen & Muthen
