Mplus VERSION 8.2
MUTHEN & MUTHEN
02/13/2019   2:21 PM

INPUT INSTRUCTIONS

  Title: MTMM Test for Construct Validity
         Perfectly Correlated Traits Freely Correlated Methods;

  Data: File is ind7mt.dat;

  Variable:
  NAMES ARE scself sctch scpar scpeer acself actch acpar acpeer
    ecself ectch ecpar ecpeer mcself mctch mcpar mcpeer;
  USEVARIABLES ARE scself-mcpeer;

  Model:
  F1 by scself* sctch scpar scpeer;
  F2 by acself* actch acpar acpeer;
  F3 by ecself* ectch ecpar ecpeer;
  F4 by mcself* mctch mcpar mcpeer;
  F5 by scself* acself ecself mcself;
  F6 by sctch* actch ectch mctch;
  F7 by scpar* acpar ecpar mcpar;
  F8 by scpeer* acpeer ecpeer mcpeer;

  F1-F8@1;

  F1 with F2@1;
  F1 with F3@1;
  F1 with F4@1;
  F2 with F3@1;
  F2 with F4@1;
  F3 with F4@1;
  !correlations among traits fixed to 1
  !(perfectly correlated)

  F1 with F5@0;
  F1 with F6@0;
  F1 with F7@0;
  F1 with F8@0;
  F2 with F5@0;
  F2 with F6@0;
  F2 with F7@0;
  F2 with F8@0;
  F3 with F5@0;
  F3 with F6@0;
  F3 with F7@0;
  F3 with F8@0;
  F4 with F5@0;
  F4 with F6@0;
  F4 with F7@0;
  F4 with F8@0;
  !correlations btwn traits & methods fixed to 0

  !correlations among methods left out of syntax
  !(left free to vary)

  ACSELF@0;

  Output: stdyx; tech1;



INPUT READING TERMINATED NORMALLY



MTMM Test for Construct Validity
Perfectly Correlated Traits Freely Correlated Methods;

SUMMARY OF ANALYSIS

Number of groups                                                 1
Number of observations                                         193

Number of dependent variables                                   16
Number of independent variables                                  0
Number of continuous latent variables                            8

Observed dependent variables

  Continuous
   SCSELF      SCTCH       SCPAR       SCPEER      ACSELF      ACTCH
   ACPAR       ACPEER      ECSELF      ECTCH       ECPAR       ECPEER
   MCSELF      MCTCH       MCPAR       MCPEER

Continuous latent variables
   F1          F2          F3          F4          F5          F6
   F7          F8


Estimator                                                       ML
Information matrix                                        OBSERVED
Maximum number of iterations                                  1000
Convergence criterion                                    0.500D-04
Maximum number of steepest descent iterations                   20

Input data file(s)
  ind7mt.dat

Input data format  FREE



UNIVARIATE SAMPLE STATISTICS


     UNIVARIATE HIGHER-ORDER MOMENT DESCRIPTIVE STATISTICS

         Variable/         Mean/     Skewness/   Minimum/ % with                Percentiles
        Sample Size      Variance    Kurtosis    Maximum  Min/Max      20%/60%    40%/80%    Median

     SCSELF                3.032      -0.548       1.000    0.52%       2.300      3.000      3.200
             193.000       0.499      -0.458       4.000   10.36%       3.300      3.700
     SCTCH                 2.954      -0.296       1.000    1.55%       2.400      3.000      3.000
             193.000       0.468      -0.161       4.000   16.06%       3.000      3.500
     SCPAR                 3.301      -1.027       1.000    1.55%       2.500      3.000      3.500
             193.000       0.651       0.153       4.000   44.04%       4.000      4.000
     SCPEER               -0.126      -0.238      -5.500    1.04%      -0.880     -0.510     -0.330
             193.000       1.240       5.337       3.310    0.52%      -0.050      0.510
     ACSELF                3.005      -0.195       1.500    0.52%       2.500      2.800      3.000
             193.000       0.329      -0.526       4.000    5.70%       3.200      3.500
     ACTCH                 3.249      -0.836       1.000    1.04%       3.000      3.000      3.500
             193.000       0.536       0.079       4.000   34.20%       3.500      4.000
     ACPAR                 3.571      -1.384       1.500    1.04%       3.000      3.700      4.000
             193.000       0.408       0.840       4.000   60.10%       4.000      4.000
     ACPEER                0.081       1.846      -1.220    0.52%      -0.550     -0.400     -0.350
             193.000       1.068       2.754       4.080    0.52%      -0.320      0.540
     ECSELF                3.119      -0.489       1.500    1.04%       2.700      3.000      3.200
             193.000       0.319      -0.442       4.000    4.15%       3.300      3.700
     ECTCH                 3.148      -0.392       1.000    1.04%       2.500      3.000      3.000
             193.000       0.602      -0.875       4.000   35.23%       3.500      4.000
     ECPAR                 3.412      -0.915       1.500    2.59%       3.000      3.500      3.500
             193.000       0.482      -0.155       4.000   48.70%       4.000      4.000
     ECPEER                0.041       1.750      -1.000    3.11%      -0.700     -0.570     -0.370
             193.000       1.097       3.025       4.730    0.52%       0.000      0.650
     MCSELF                2.936      -0.414       1.000    2.07%       2.200      2.700      3.000
             193.000       0.670      -0.707       4.000   15.54%       3.200      3.800
     MCTCH                 3.077      -0.547       1.000    4.15%       2.400      3.000      3.000
             193.000       0.729      -0.547       4.000   34.20%       3.500      4.000
     MCPAR                 3.306      -1.225       1.000    4.66%       2.500      3.500      3.500
             193.000       0.772       0.441       4.000   45.60%       4.000      4.000
     MCPEER                0.051       1.862      -1.130    1.04%      -0.580     -0.450     -0.370
             193.000       1.043       2.847       3.840    0.52%       0.000      0.190


THE MODEL ESTIMATION TERMINATED NORMALLY

     WARNING:  THE LATENT VARIABLE COVARIANCE MATRIX (PSI) IS NOT POSITIVE
     DEFINITE.  THIS COULD INDICATE A NEGATIVE VARIANCE/RESIDUAL VARIANCE FOR A
     LATENT VARIABLE, A CORRELATION GREATER OR EQUAL TO ONE BETWEEN TWO LATENT
     VARIABLES, OR A LINEAR DEPENDENCY AMONG MORE THAN TWO LATENT VARIABLES.
     CHECK THE TECH4 OUTPUT FOR MORE INFORMATION.
     PROBLEM INVOLVING VARIABLE F2.




MODEL FIT INFORMATION

Number of Free Parameters                       69

Loglikelihood

          H0 Value                       -3018.611
          H1 Value                       -2910.529

Information Criteria

          Akaike (AIC)                    6175.222
          Bayesian (BIC)                  6400.348
          Sample-Size Adjusted BIC        6181.773
            (n* = (n + 2) / 24)

Chi-Square Test of Model Fit

          Value                            216.164
          Degrees of Freedom                    83
          P-Value                           0.0000

RMSEA (Root Mean Square Error Of Approximation)

          Estimate                           0.091
          90 Percent C.I.                    0.076  0.106
          Probability RMSEA <= .05           0.000

CFI/TLI

          CFI                                0.904
          TLI                                0.861

!this fit is not great

Chi-Square Test of Model Fit for the Baseline Model

          Value                           1504.105
          Degrees of Freedom                   120
          P-Value                           0.0000

SRMR (Standardized Root Mean Square Residual)

          Value                              0.071



MODEL RESULTS

                                                    Two-Tailed
                    Estimate       S.E.  Est./S.E.    P-Value

 F1       BY
    SCSELF            -0.052      0.066     -0.793      0.428
    SCTCH             -0.057      0.062     -0.917      0.359
    SCPAR             -0.119      0.075     -1.585      0.113
    SCPEER            -0.048      0.101     -0.475      0.634

 F2       BY
    ACSELF            -0.110      0.066     -1.664      0.096
    ACTCH             -0.063      0.077     -0.819      0.413
    ACPAR             -0.120      0.069     -1.740      0.082
    ACPEER             0.005      0.100      0.046      0.963

 F3       BY
    ECSELF             0.044      0.062      0.721      0.471
    ECTCH              0.039      0.082      0.473      0.636
    ECPAR              0.101      0.079      1.276      0.202
    ECPEER            -0.001      0.102     -0.007      0.994

 F4       BY
    MCSELF            -0.521      0.079     -6.600      0.000
    MCTCH             -0.323      0.082     -3.933      0.000
    MCPAR             -0.528      0.084     -6.290      0.000
    MCPEER            -0.214      0.095     -2.262      0.024

 F5       BY
    SCSELF             0.207      0.050      4.103      0.000
    ACSELF             0.563      0.030     18.519      0.000
    ECSELF             0.358      0.037      9.766      0.000
    MCSELF             0.454      0.063      7.200      0.000

 F6       BY
    SCTCH              0.176      0.051      3.426      0.001
    ACTCH              0.673      0.043     15.610      0.000
    ECTCH              0.645      0.048     13.413      0.000
    MCTCH              0.563      0.059      9.590      0.000

 F7       BY
    SCPAR              0.243      0.064      3.814      0.000
    ACPAR              0.505      0.043     11.685      0.000
    ECPAR              0.497      0.052      9.570      0.000
    MCPAR              0.581      0.071      8.184      0.000

 F8       BY
    SCPEER             0.478      0.080      5.958      0.000
    ACPEER             0.964      0.062     15.588      0.000
    ECPEER             0.749      0.069     10.806      0.000
    MCPEER             0.755      0.066     11.412      0.000

 F1       WITH
    F2                 1.000      0.000    999.000    999.000
    F3                 1.000      0.000    999.000    999.000
    F4                 1.000      0.000    999.000    999.000
    F5                 0.000      0.000    999.000    999.000
    F6                 0.000      0.000    999.000    999.000
    F7                 0.000      0.000    999.000    999.000
    F8                 0.000      0.000    999.000    999.000

 F2       WITH
    F3                 1.000      0.000    999.000    999.000
    F4                 1.000      0.000    999.000    999.000
    F5                 0.000      0.000    999.000    999.000
    F6                 0.000      0.000    999.000    999.000
    F7                 0.000      0.000    999.000    999.000
    F8                 0.000      0.000    999.000    999.000

 F3       WITH
    F4                 1.000      0.000    999.000    999.000
    F5                 0.000      0.000    999.000    999.000
    F6                 0.000      0.000    999.000    999.000
    F7                 0.000      0.000    999.000    999.000
    F8                 0.000      0.000    999.000    999.000

 F4       WITH
    F5                 0.000      0.000    999.000    999.000
    F6                 0.000      0.000    999.000    999.000
    F7                 0.000      0.000    999.000    999.000
    F8                 0.000      0.000    999.000    999.000

 F6       WITH
    F5                 0.475      0.062      7.724      0.000

 F7       WITH
    F5                 0.580      0.060      9.605      0.000
    F6                 0.636      0.059     10.817      0.000

 F8       WITH
    F5                 0.467      0.061      7.626      0.000
    F6                 0.495      0.065      7.638      0.000
    F7                 0.403      0.077      5.256      0.000

 Intercepts
    SCSELF             3.032      0.051     59.627      0.000
    SCTCH              2.954      0.049     60.001      0.000
    SCPAR              3.301      0.058     56.843      0.000
    SCPEER            -0.126      0.080     -1.569      0.117
    ACSELF             3.005      0.041     72.742      0.000
    ACTCH              3.249      0.053     61.664      0.000
    ACPAR              3.571      0.046     77.631      0.000
    ACPEER             0.081      0.074      1.092      0.275
    ECSELF             3.119      0.041     76.690      0.000
    ECTCH              3.148      0.056     56.346      0.000
    ECPAR              3.412      0.050     68.282      0.000
    ECPEER             0.041      0.075      0.540      0.589
    MCSELF             2.936      0.059     49.832      0.000
    MCTCH              3.077      0.061     50.054      0.000
    MCPAR              3.306      0.063     52.273      0.000
    MCPEER             0.051      0.074      0.695      0.487

 Variances
    F1                 1.000      0.000    999.000    999.000
    F2                 1.000      0.000    999.000    999.000
    F3                 1.000      0.000    999.000    999.000
    F4                 1.000      0.000    999.000    999.000
    F5                 1.000      0.000    999.000    999.000
    F6                 1.000      0.000    999.000    999.000
    F7                 1.000      0.000    999.000    999.000
    F8                 1.000      0.000    999.000    999.000

 Residual Variances
    SCSELF             0.454      0.046      9.822      0.000
    SCTCH              0.434      0.045      9.731      0.000
    SCPAR              0.578      0.060      9.638      0.000
    SCPEER             1.010      0.105      9.584      0.000
    ACSELF             0.000      0.000    999.000    999.000
    ACTCH              0.079      0.023      3.453      0.001
    ACPAR              0.139      0.023      6.077      0.000
    ACPEER             0.138      0.053      2.604      0.009
    ECSELF             0.189      0.020      9.399      0.000
    ECTCH              0.185      0.029      6.396      0.000
    ECPAR              0.224      0.041      5.504      0.000
    ECPEER             0.536      0.065      8.222      0.000
    MCSELF             0.193      0.037      5.160      0.000
    MCTCH              0.308      0.039      7.844      0.000
    MCPAR              0.155      0.043      3.609      0.000
    MCPEER             0.427      0.054      7.852      0.000


STANDARDIZED MODEL RESULTS


STDYX Standardization

                                                    Two-Tailed
                    Estimate       S.E.  Est./S.E.    P-Value

 F1       BY
    SCSELF            -0.074      0.093     -0.795      0.427
    SCTCH             -0.083      0.090     -0.920      0.358
    SCPAR             -0.148      0.092     -1.601      0.109
    SCPEER            -0.043      0.090     -0.476      0.634

 F2       BY
    ACSELF            -0.192      0.114     -1.682      0.093
    ACTCH             -0.086      0.105     -0.821      0.412
    ACPAR             -0.187      0.106     -1.760      0.078
    ACPEER             0.004      0.097      0.046      0.963

 F3       BY
    ECSELF             0.079      0.109      0.722      0.470
    ECTCH              0.050      0.105      0.474      0.636
    ECPAR              0.146      0.114      1.284      0.199
    ECPEER            -0.001      0.098     -0.007      0.994

 F4       BY
    MCSELF            -0.636      0.084     -7.606      0.000
    MCTCH             -0.378      0.091     -4.165      0.000
    MCPAR             -0.601      0.084     -7.183      0.000
    MCPEER            -0.210      0.091     -2.307      0.021

 F5       BY
    SCSELF             0.293      0.067      4.380      0.000
    ACSELF             0.981      0.022     44.023      0.000
    ECSELF             0.634      0.044     14.348      0.000
    MCSELF             0.554      0.073      7.601      0.000

 F6       BY
    SCTCH              0.258      0.072      3.585      0.000
    ACTCH              0.920      0.026     35.572      0.000
    ECTCH              0.831      0.031     26.808      0.000
    MCTCH              0.660      0.055     12.092      0.000

 F7       BY
    SCPAR              0.301      0.075      4.027      0.000
    ACPAR              0.790      0.044     17.811      0.000
    ECPAR              0.716      0.056     12.884      0.000
    MCPAR              0.661      0.076      8.713      0.000

 F8       BY
    SCPEER             0.429      0.063      6.840      0.000
    ACPEER             0.933      0.027     34.192      0.000
    ECPEER             0.715      0.042     17.051      0.000
    MCPEER             0.740      0.042     17.693      0.000

 F1       WITH
    F2                 1.000      0.000    999.000    999.000
    F3                 1.000      0.000    999.000    999.000
    F4                 1.000      0.000    999.000    999.000
    F5                 0.000      0.000    999.000    999.000
    F6                 0.000      0.000    999.000    999.000
    F7                 0.000      0.000    999.000    999.000
    F8                 0.000      0.000    999.000    999.000

 F2       WITH
    F3                 1.000      0.000    999.000    999.000
    F4                 1.000      0.000    999.000    999.000
    F5                 0.000      0.000    999.000    999.000
    F6                 0.000      0.000    999.000    999.000
    F7                 0.000      0.000    999.000    999.000
    F8                 0.000      0.000    999.000    999.000

 F3       WITH
    F4                 1.000      0.000    999.000    999.000
    F5                 0.000      0.000    999.000    999.000
    F6                 0.000      0.000    999.000    999.000
    F7                 0.000      0.000    999.000    999.000
    F8                 0.000      0.000    999.000    999.000

 F4       WITH
    F5                 0.000      0.000    999.000    999.000
    F6                 0.000      0.000    999.000    999.000
    F7                 0.000      0.000    999.000    999.000
    F8                 0.000      0.000    999.000    999.000

 F6       WITH
    F5                 0.475      0.062      7.724      0.000

 F7       WITH
    F5                 0.580      0.060      9.605      0.000
    F6                 0.636      0.059     10.817      0.000

 F8       WITH
    F5                 0.467      0.061      7.626      0.000
    F6                 0.495      0.065      7.638      0.000
    F7                 0.403      0.077      5.256      0.000

 Intercepts
    SCSELF             4.292      0.230     18.660      0.000
    SCTCH              4.319      0.231     18.671      0.000
    SCPAR              4.092      0.220     18.569      0.000
    SCPEER            -0.113      0.072     -1.564      0.118
    ACSELF             5.236      0.276     18.967      0.000
    ACTCH              4.439      0.237     18.720      0.000
    ACPAR              5.588      0.293     19.046      0.000
    ACPEER             0.079      0.072      1.090      0.276
    ECSELF             5.520      0.290     19.032      0.000
    ECTCH              4.056      0.219     18.551      0.000
    ECPAR              4.915      0.260     18.881      0.000
    ECPEER             0.039      0.072      0.540      0.589
    MCSELF             3.587      0.196     18.278      0.000
    MCTCH              3.603      0.197     18.288      0.000
    MCPAR              3.763      0.205     18.391      0.000
    MCPEER             0.050      0.072      0.694      0.487

 Variances
    F1                 1.000      0.000    999.000    999.000
    F2                 1.000      0.000    999.000    999.000
    F3                 1.000      0.000    999.000    999.000
    F4                 1.000      0.000    999.000    999.000
    F5                 1.000      0.000    999.000    999.000
    F6                 1.000      0.000    999.000    999.000
    F7                 1.000      0.000    999.000    999.000
    F8                 1.000      0.000    999.000    999.000

 Residual Variances
    SCSELF             0.909      0.040     22.996      0.000
    SCTCH              0.927      0.038     24.132      0.000
    SCPAR              0.888      0.046     19.129      0.000
    SCPEER             0.814      0.054     15.117      0.000
    ACSELF             0.000    999.000    999.000    999.000
    ACTCH              0.147      0.044      3.312      0.001
    ACPAR              0.340      0.059      5.736      0.000
    ACPEER             0.129      0.051      2.539      0.011
    ECSELF             0.592      0.057     10.311      0.000
    ECTCH              0.307      0.052      5.929      0.000
    ECPAR              0.466      0.086      5.446      0.000
    ECPEER             0.489      0.060      8.160      0.000
    MCSELF             0.288      0.059      4.882      0.000
    MCTCH              0.422      0.056      7.480      0.000
    MCPAR              0.201      0.058      3.472      0.001
    MCPEER             0.409      0.055      7.433      0.000


R-SQUARE

    Observed                                        Two-Tailed
    Variable        Estimate       S.E.  Est./S.E.    P-Value

    SCSELF             0.091      0.040      2.304      0.021
    SCTCH              0.073      0.038      1.908      0.056
    SCPAR              0.112      0.046      2.422      0.015
    SCPEER             0.186      0.054      3.450      0.001
    ACSELF             1.000    999.000    999.000    999.000
    ACTCH              0.853      0.044     19.226      0.000
    ACPAR              0.660      0.059     11.125      0.000
    ACPEER             0.871      0.051     17.114      0.000
    ECSELF             0.408      0.057      7.097      0.000
    ECTCH              0.693      0.052     13.399      0.000
    ECPAR              0.534      0.086      6.246      0.000
    ECPEER             0.511      0.060      8.527      0.000
    MCSELF             0.712      0.059     12.095      0.000
    MCTCH              0.578      0.056     10.253      0.000
    MCPAR              0.799      0.058     13.795      0.000
    MCPEER             0.591      0.055     10.731      0.000


QUALITY OF NUMERICAL RESULTS

     Condition Number for the Information Matrix              0.301E-02
       (ratio of smallest to largest eigenvalue)


TECHNICAL 1 OUTPUT


     PARAMETER SPECIFICATION


           NU
              SCSELF        SCTCH         SCPAR         SCPEER        ACSELF
              ________      ________      ________      ________      ________
                  1             2             3             4             5


           NU
              ACTCH         ACPAR         ACPEER        ECSELF        ECTCH
              ________      ________      ________      ________      ________
                  6             7             8             9            10


           NU
              ECPAR         ECPEER        MCSELF        MCTCH         MCPAR
              ________      ________      ________      ________      ________
                 11            12            13            14            15


           NU
              MCPEER
              ________
                 16


           LAMBDA
              F1            F2            F3            F4            F5
              ________      ________      ________      ________      ________
 SCSELF            17             0             0             0            18
 SCTCH             19             0             0             0             0
 SCPAR             21             0             0             0             0
 SCPEER            23             0             0             0             0
 ACSELF             0            25             0             0            26
 ACTCH              0            27             0             0             0
 ACPAR              0            29             0             0             0
 ACPEER             0            31             0             0             0
 ECSELF             0             0            33             0            34
 ECTCH              0             0            35             0             0
 ECPAR              0             0            37             0             0
 ECPEER             0             0            39             0             0
 MCSELF             0             0             0            41            42
 MCTCH              0             0             0            43             0
 MCPAR              0             0             0            45             0
 MCPEER             0             0             0            47             0


           LAMBDA
              F6            F7            F8
              ________      ________      ________
 SCSELF             0             0             0
 SCTCH             20             0             0
 SCPAR              0            22             0
 SCPEER             0             0            24
 ACSELF             0             0             0
 ACTCH             28             0             0
 ACPAR              0            30             0
 ACPEER             0             0            32
 ECSELF             0             0             0
 ECTCH             36             0             0
 ECPAR              0            38             0
 ECPEER             0             0            40
 MCSELF             0             0             0
 MCTCH             44             0             0
 MCPAR              0            46             0
 MCPEER             0             0            48


           THETA
              SCSELF        SCTCH         SCPAR         SCPEER        ACSELF
              ________      ________      ________      ________      ________
 SCSELF            49
 SCTCH              0            50
 SCPAR              0             0            51
 SCPEER             0             0             0            52
 ACSELF             0             0             0             0             0
 ACTCH              0             0             0             0             0
 ACPAR              0             0             0             0             0
 ACPEER             0             0             0             0             0
 ECSELF             0             0             0             0             0
 ECTCH              0             0             0             0             0
 ECPAR              0             0             0             0             0
 ECPEER             0             0             0             0             0
 MCSELF             0             0             0             0             0
 MCTCH              0             0             0             0             0
 MCPAR              0             0             0             0             0
 MCPEER             0             0             0             0             0


           THETA
              ACTCH         ACPAR         ACPEER        ECSELF        ECTCH
              ________      ________      ________      ________      ________
 ACTCH             53
 ACPAR              0            54
 ACPEER             0             0            55
 ECSELF             0             0             0            56
 ECTCH              0             0             0             0            57
 ECPAR              0             0             0             0             0
 ECPEER             0             0             0             0             0
 MCSELF             0             0             0             0             0
 MCTCH              0             0             0             0             0
 MCPAR              0             0             0             0             0
 MCPEER             0             0             0             0             0


           THETA
              ECPAR         ECPEER        MCSELF        MCTCH         MCPAR
              ________      ________      ________      ________      ________
 ECPAR             58
 ECPEER             0            59
 MCSELF             0             0            60
 MCTCH              0             0             0            61
 MCPAR              0             0             0             0            62
 MCPEER             0             0             0             0             0


           THETA
              MCPEER
              ________
 MCPEER            63


           ALPHA
              F1            F2            F3            F4            F5
              ________      ________      ________      ________      ________
                  0             0             0             0             0


           ALPHA
              F6            F7            F8
              ________      ________      ________
                  0             0             0


           BETA
              F1            F2            F3            F4            F5
              ________      ________      ________      ________      ________
 F1                 0             0             0             0             0
 F2                 0             0             0             0             0
 F3                 0             0             0             0             0
 F4                 0             0             0             0             0
 F5                 0             0             0             0             0
 F6                 0             0             0             0             0
 F7                 0             0             0             0             0
 F8                 0             0             0             0             0


           BETA
              F6            F7            F8
              ________      ________      ________
 F1                 0             0             0
 F2                 0             0             0
 F3                 0             0             0
 F4                 0             0             0
 F5                 0             0             0
 F6                 0             0             0
 F7                 0             0             0
 F8                 0             0             0


           PSI
              F1            F2            F3            F4            F5
              ________      ________      ________      ________      ________
 F1                 0
 F2                 0             0
 F3                 0             0             0
 F4                 0             0             0             0
 F5                 0             0             0             0             0
 F6                 0             0             0             0            64
 F7                 0             0             0             0            65
 F8                 0             0             0             0            67


           PSI
              F6            F7            F8
              ________      ________      ________
 F6                 0
 F7                66             0
 F8                68            69             0


     STARTING VALUES


           NU
              SCSELF        SCTCH         SCPAR         SCPEER        ACSELF
              ________      ________      ________      ________      ________
                3.032         2.954         3.301        -0.126         3.005


           NU
              ACTCH         ACPAR         ACPEER        ECSELF        ECTCH
              ________      ________      ________      ________      ________
                3.249         3.571         0.081         3.119         3.148


           NU
              ECPAR         ECPEER        MCSELF        MCTCH         MCPAR
              ________      ________      ________      ________      ________
                3.412         0.041         2.936         3.077         3.306


           NU
              MCPEER
              ________
                0.051


           LAMBDA
              F1            F2            F3            F4            F5
              ________      ________      ________      ________      ________
 SCSELF         1.000         0.000         0.000         0.000         1.000
 SCTCH          1.000         0.000         0.000         0.000         0.000
 SCPAR          1.000         0.000         0.000         0.000         0.000
 SCPEER         1.000         0.000         0.000         0.000         0.000
 ACSELF         0.000         1.000         0.000         0.000         1.000
 ACTCH          0.000         1.000         0.000         0.000         0.000
 ACPAR          0.000         1.000         0.000         0.000         0.000
 ACPEER         0.000         1.000         0.000         0.000         0.000
 ECSELF         0.000         0.000         1.000         0.000         1.000
 ECTCH          0.000         0.000         1.000         0.000         0.000
 ECPAR          0.000         0.000         1.000         0.000         0.000
 ECPEER         0.000         0.000         1.000         0.000         0.000
 MCSELF         0.000         0.000         0.000         1.000         1.000
 MCTCH          0.000         0.000         0.000         1.000         0.000
 MCPAR          0.000         0.000         0.000         1.000         0.000
 MCPEER         0.000         0.000         0.000         1.000         0.000


           LAMBDA
              F6            F7            F8
              ________      ________      ________
 SCSELF         0.000         0.000         0.000
 SCTCH          1.000         0.000         0.000
 SCPAR          0.000         1.000         0.000
 SCPEER         0.000         0.000         1.000
 ACSELF         0.000         0.000         0.000
 ACTCH          1.000         0.000         0.000
 ACPAR          0.000         1.000         0.000
 ACPEER         0.000         0.000         1.000
 ECSELF         0.000         0.000         0.000
 ECTCH          1.000         0.000         0.000
 ECPAR          0.000         1.000         0.000
 ECPEER         0.000         0.000         1.000
 MCSELF         0.000         0.000         0.000
 MCTCH          1.000         0.000         0.000
 MCPAR          0.000         1.000         0.000
 MCPEER         0.000         0.000         1.000


           THETA
              SCSELF        SCTCH         SCPAR         SCPEER        ACSELF
              ________      ________      ________      ________      ________
 SCSELF         0.250
 SCTCH          0.000         0.234
 SCPAR          0.000         0.000         0.325
 SCPEER         0.000         0.000         0.000         0.620
 ACSELF         0.000         0.000         0.000         0.000         0.000
 ACTCH          0.000         0.000         0.000         0.000         0.000
 ACPAR          0.000         0.000         0.000         0.000         0.000
 ACPEER         0.000         0.000         0.000         0.000         0.000
 ECSELF         0.000         0.000         0.000         0.000         0.000
 ECTCH          0.000         0.000         0.000         0.000         0.000
 ECPAR          0.000         0.000         0.000         0.000         0.000
 ECPEER         0.000         0.000         0.000         0.000         0.000
 MCSELF         0.000         0.000         0.000         0.000         0.000
 MCTCH          0.000         0.000         0.000         0.000         0.000
 MCPAR          0.000         0.000         0.000         0.000         0.000
 MCPEER         0.000         0.000         0.000         0.000         0.000


           THETA
              ACTCH         ACPAR         ACPEER        ECSELF        ECTCH
              ________      ________      ________      ________      ________
 ACTCH          0.268
 ACPAR          0.000         0.204
 ACPEER         0.000         0.000         0.534
 ECSELF         0.000         0.000         0.000         0.160
 ECTCH          0.000         0.000         0.000         0.000         0.301
 ECPAR          0.000         0.000         0.000         0.000         0.000
 ECPEER         0.000         0.000         0.000         0.000         0.000
 MCSELF         0.000         0.000         0.000         0.000         0.000
 MCTCH          0.000         0.000         0.000         0.000         0.000
 MCPAR          0.000         0.000         0.000         0.000         0.000
 MCPEER         0.000         0.000         0.000         0.000         0.000


           THETA
              ECPAR         ECPEER        MCSELF        MCTCH         MCPAR
              ________      ________      ________      ________      ________
 ECPAR          0.241
 ECPEER         0.000         0.549
 MCSELF         0.000         0.000         0.335
 MCTCH          0.000         0.000         0.000         0.365
 MCPAR          0.000         0.000         0.000         0.000         0.386
 MCPEER         0.000         0.000         0.000         0.000         0.000


           THETA
              MCPEER
              ________
 MCPEER         0.522


           ALPHA
              F1            F2            F3            F4            F5
              ________      ________      ________      ________      ________
                0.000         0.000         0.000         0.000         0.000


           ALPHA
              F6            F7            F8
              ________      ________      ________
                0.000         0.000         0.000


           BETA
              F1            F2            F3            F4            F5
              ________      ________      ________      ________      ________
 F1             0.000         0.000         0.000         0.000         0.000
 F2             0.000         0.000         0.000         0.000         0.000
 F3             0.000         0.000         0.000         0.000         0.000
 F4             0.000         0.000         0.000         0.000         0.000
 F5             0.000         0.000         0.000         0.000         0.000
 F6             0.000         0.000         0.000         0.000         0.000
 F7             0.000         0.000         0.000         0.000         0.000
 F8             0.000         0.000         0.000         0.000         0.000


           BETA
              F6            F7            F8
              ________      ________      ________
 F1             0.000         0.000         0.000
 F2             0.000         0.000         0.000
 F3             0.000         0.000         0.000
 F4             0.000         0.000         0.000
 F5             0.000         0.000         0.000
 F6             0.000         0.000         0.000
 F7             0.000         0.000         0.000
 F8             0.000         0.000         0.000


           PSI
              F1            F2            F3            F4            F5
              ________      ________      ________      ________      ________
 F1             1.000
 F2             1.000         1.000
 F3             1.000         1.000         1.000
 F4             1.000         1.000         1.000         1.000
 F5             0.000         0.000         0.000         0.000         1.000
 F6             0.000         0.000         0.000         0.000         0.000
 F7             0.000         0.000         0.000         0.000         0.000
 F8             0.000         0.000         0.000         0.000         0.000


           PSI
              F6            F7            F8
              ________      ________      ________
 F6             1.000
 F7             0.000         1.000
 F8             0.000         0.000         1.000


DIAGRAM INFORMATION

  Use View Diagram under the Diagram menu in the Mplus Editor to view the diagram.
  If running Mplus from the Mplus Diagrammer, the diagram opens automatically.

  Diagram output
    h:\sem ta lab & lecture 2019\2.12.19 complex measurement models\mtmm pctcm 35.dgm

     Beginning Time:  14:21:38
        Ending Time:  14:21:40
       Elapsed Time:  00:00:02



MUTHEN & MUTHEN
3463 Stoner Ave.
Los Angeles, CA  90066

Tel: (310) 391-9971
Fax: (310) 391-8971
Web: www.StatModel.com
Support: Support@StatModel.com

Copyright (c) 1998-2018 Muthen & Muthen
