Mplus VERSION 8.2
MUTHEN & MUTHEN
02/13/2019   2:22 PM

INPUT INSTRUCTIONS

  Title: MTMM Test for Construct Validity
         Correlated Uniquenesses Model;
!CU model yields proper solutions ~98% of time
!CTCM only 23%

!addresses some of the estimation/convergence probs
!assoc. with general CFA models

  Data: File is ind7mt.dat;

  Variable:
  NAMES ARE scself sctch scpar scpeer acself actch acpar acpeer
    ecself ectch ecpar ecpeer mcself mctch mcpar mcpeer;
  USEVARIABLES ARE scself-mcpeer;

  Model:
  F1 by scself* sctch scpar scpeer;
  F2 by acself* actch acpar acpeer;
  F3 by ecself* ectch ecpar ecpeer;
  F4 by mcself* mctch mcpar mcpeer;


  F1-F4@1;

  scself with acself ecself mcself;
  acself with ecself mcself;
  ecself with mcself;
  sctch with actch ectch mctch;
  actch with ectch mctch;
  ectch with mctch;
  scpar with acpar ecpar mcpar;
  acpar with ecpar mcpar;
  ecpar with mcpar;
  scpeer with acpeer ecpeer mcpeer;
  acpeer with ecpeer mcpeer;
  ecpeer with mcpeer;
!specifying the correlated uniquenesses

  Output: stdyx; tech1;

!only embodies the 4 correlated traits
!no method effects specified, per se. but their effects are 
!implied by specifying correlated uniquenesses (residuals)
!associated with each set of observed variables with same
!method

!does not assume that method effects assoc. with a certain
!method can be explained by a single latent method factor



INPUT READING TERMINATED NORMALLY



MTMM Test for Construct Validity
Correlated Uniquenesses Model;

SUMMARY OF ANALYSIS

Number of groups                                                 1
Number of observations                                         193

Number of dependent variables                                   16
Number of independent variables                                  0
Number of continuous latent variables                            4

Observed dependent variables

  Continuous
   SCSELF      SCTCH       SCPAR       SCPEER      ACSELF      ACTCH
   ACPAR       ACPEER      ECSELF      ECTCH       ECPAR       ECPEER
   MCSELF      MCTCH       MCPAR       MCPEER

Continuous latent variables
   F1          F2          F3          F4


Estimator                                                       ML
Information matrix                                        OBSERVED
Maximum number of iterations                                  1000
Convergence criterion                                    0.500D-04
Maximum number of steepest descent iterations                   20

Input data file(s)
  ind7mt.dat

Input data format  FREE



UNIVARIATE SAMPLE STATISTICS


     UNIVARIATE HIGHER-ORDER MOMENT DESCRIPTIVE STATISTICS

         Variable/         Mean/     Skewness/   Minimum/ % with                Percentiles
        Sample Size      Variance    Kurtosis    Maximum  Min/Max      20%/60%    40%/80%    Median

     SCSELF                3.032      -0.548       1.000    0.52%       2.300      3.000      3.200
             193.000       0.499      -0.458       4.000   10.36%       3.300      3.700
     SCTCH                 2.954      -0.296       1.000    1.55%       2.400      3.000      3.000
             193.000       0.468      -0.161       4.000   16.06%       3.000      3.500
     SCPAR                 3.301      -1.027       1.000    1.55%       2.500      3.000      3.500
             193.000       0.651       0.153       4.000   44.04%       4.000      4.000
     SCPEER               -0.126      -0.238      -5.500    1.04%      -0.880     -0.510     -0.330
             193.000       1.240       5.337       3.310    0.52%      -0.050      0.510
     ACSELF                3.005      -0.195       1.500    0.52%       2.500      2.800      3.000
             193.000       0.329      -0.526       4.000    5.70%       3.200      3.500
     ACTCH                 3.249      -0.836       1.000    1.04%       3.000      3.000      3.500
             193.000       0.536       0.079       4.000   34.20%       3.500      4.000
     ACPAR                 3.571      -1.384       1.500    1.04%       3.000      3.700      4.000
             193.000       0.408       0.840       4.000   60.10%       4.000      4.000
     ACPEER                0.081       1.846      -1.220    0.52%      -0.550     -0.400     -0.350
             193.000       1.068       2.754       4.080    0.52%      -0.320      0.540
     ECSELF                3.119      -0.489       1.500    1.04%       2.700      3.000      3.200
             193.000       0.319      -0.442       4.000    4.15%       3.300      3.700
     ECTCH                 3.148      -0.392       1.000    1.04%       2.500      3.000      3.000
             193.000       0.602      -0.875       4.000   35.23%       3.500      4.000
     ECPAR                 3.412      -0.915       1.500    2.59%       3.000      3.500      3.500
             193.000       0.482      -0.155       4.000   48.70%       4.000      4.000
     ECPEER                0.041       1.750      -1.000    3.11%      -0.700     -0.570     -0.370
             193.000       1.097       3.025       4.730    0.52%       0.000      0.650
     MCSELF                2.936      -0.414       1.000    2.07%       2.200      2.700      3.000
             193.000       0.670      -0.707       4.000   15.54%       3.200      3.800
     MCTCH                 3.077      -0.547       1.000    4.15%       2.400      3.000      3.000
             193.000       0.729      -0.547       4.000   34.20%       3.500      4.000
     MCPAR                 3.306      -1.225       1.000    4.66%       2.500      3.500      3.500
             193.000       0.772       0.441       4.000   45.60%       4.000      4.000
     MCPEER                0.051       1.862      -1.130    1.04%      -0.580     -0.450     -0.370
             193.000       1.043       2.847       3.840    0.52%       0.000      0.190


THE MODEL ESTIMATION TERMINATED NORMALLY



MODEL FIT INFORMATION

Number of Free Parameters                       78

Loglikelihood

          H0 Value                       -2959.016
          H1 Value                       -2910.529

Information Criteria

          Akaike (AIC)                    6074.033
          Bayesian (BIC)                  6328.523
          Sample-Size Adjusted BIC        6081.439
            (n* = (n + 2) / 24)

Chi-Square Test of Model Fit

          Value                             96.975
          Degrees of Freedom                    74
          P-Value                           0.0379

RMSEA (Root Mean Square Error Of Approximation)

          Estimate                           0.040
          90 Percent C.I.                    0.010  0.061
          Probability RMSEA <= .05           0.766

CFI/TLI

          CFI                                0.983
          TLI                                0.973
!note we have pretty darn good fit here

Chi-Square Test of Model Fit for the Baseline Model

          Value                           1504.105
          Degrees of Freedom                   120
          P-Value                           0.0000

SRMR (Standardized Root Mean Square Residual)

          Value                              0.067



MODEL RESULTS

                                                    Two-Tailed
                    Estimate       S.E.  Est./S.E.    P-Value

 F1       BY
    SCSELF             0.543      0.057      9.591      0.000
    SCTCH              0.316      0.055      5.783      0.000
    SCPAR              0.547      0.064      8.579      0.000
    SCPEER             0.403      0.087      4.612      0.000

 F2       BY
    ACSELF             0.454      0.039     11.558      0.000
    ACTCH              0.424      0.052      8.123      0.000
    ACPAR              0.413      0.047      8.713      0.000
    ACPEER             0.422      0.070      5.993      0.000

 F3       BY
    ECSELF             0.393      0.042      9.401      0.000
    ECTCH              0.447      0.058      7.640      0.000
    ECPAR              0.499      0.053      9.459      0.000
    ECPEER             0.419      0.078      5.348      0.000

 F4       BY
    MCSELF             0.610      0.056     10.856      0.000
    MCTCH              0.537      0.061      8.786      0.000
    MCPAR              0.695      0.060     11.624      0.000
    MCPEER             0.447      0.072      6.213      0.000

 F2       WITH
    F1                 0.356      0.090      3.968      0.000

 F3       WITH
    F1                 0.167      0.099      1.688      0.091
    F2                 0.868      0.039     22.315      0.000

 F4       WITH
    F1                 0.325      0.091      3.591      0.000
    F2                 0.800      0.041     19.718      0.000
    F3                 0.591      0.072      8.215      0.000

 SCSELF   WITH
    ACSELF             0.060      0.022      2.783      0.005
    ECSELF             0.074      0.022      3.384      0.001
    MCSELF             0.019      0.029      0.653      0.514

 ACSELF   WITH
    ECSELF             0.062      0.019      3.234      0.001
    MCSELF             0.117      0.027      4.314      0.000

 ECSELF   WITH
    MCSELF             0.040      0.024      1.699      0.089

 SCTCH    WITH
    ACTCH              0.083      0.029      2.821      0.005
    ECTCH              0.050      0.031      1.613      0.107
    MCTCH              0.018      0.032      0.561      0.575

 ACTCH    WITH
    ECTCH              0.245      0.039      6.343      0.000
    MCTCH              0.192      0.038      5.116      0.000

 ECTCH    WITH
    MCTCH              0.158      0.038      4.139      0.000

 SCPAR    WITH
    ACPAR              0.063      0.028      2.218      0.027
    ECPAR              0.049      0.029      1.679      0.093
    MCPAR              0.055      0.034      1.607      0.108

 ACPAR    WITH
    ECPAR              0.059      0.026      2.213      0.027
    MCPAR              0.120      0.032      3.781      0.000

 ECPAR    WITH
    MCPAR              0.041      0.030      1.361      0.174

 SCPEER   WITH
    ACPEER             0.338      0.077      4.418      0.000
    ECPEER             0.269      0.077      3.482      0.000
    MCPEER             0.194      0.073      2.645      0.008

 ACPEER   WITH
    ECPEER             0.484      0.077      6.298      0.000
    MCPEER             0.533      0.076      7.033      0.000

 ECPEER   WITH
    MCPEER             0.364      0.071      5.105      0.000

 Intercepts
    SCSELF             3.032      0.052     58.750      0.000
    SCTCH              2.954      0.049     60.360      0.000
    SCPAR              3.301      0.058     56.926      0.000
    SCPEER            -0.126      0.080     -1.569      0.117
    ACSELF             3.005      0.043     70.368      0.000
    ACTCH              3.249      0.051     63.216      0.000
    ACPAR              3.571      0.046     77.733      0.000
    ACPEER             0.081      0.072      1.133      0.257
    ECSELF             3.119      0.041     75.334      0.000
    ECTCH              3.148      0.055     56.964      0.000
    ECPAR              3.412      0.050     68.377      0.000
    ECPEER             0.041      0.073      0.557      0.578
    MCSELF             2.936      0.059     49.647      0.000
    MCTCH              3.077      0.061     50.493      0.000
    MCPAR              3.306      0.063     52.583      0.000
    MCPEER             0.051      0.073      0.702      0.482

 Variances
    F1                 1.000      0.000    999.000    999.000
    F2                 1.000      0.000    999.000    999.000
    F3                 1.000      0.000    999.000    999.000
    F4                 1.000      0.000    999.000    999.000

 Residual Variances
    SCSELF             0.219      0.048      4.534      0.000
    SCTCH              0.363      0.042      8.704      0.000
    SCPAR              0.349      0.057      6.154      0.000
    SCPEER             1.079      0.117      9.229      0.000
    ACSELF             0.146      0.025      5.779      0.000
    ACTCH              0.330      0.041      7.971      0.000
    ACPAR              0.237      0.033      7.215      0.000
    ACPEER             0.814      0.091      8.907      0.000
    ECSELF             0.176      0.026      6.796      0.000
    ECTCH              0.390      0.050      7.807      0.000
    ECPAR              0.232      0.039      5.900      0.000
    ECPEER             0.857      0.097      8.853      0.000
    MCSELF             0.303      0.047      6.486      0.000
    MCTCH              0.429      0.055      7.777      0.000
    MCPAR              0.279      0.053      5.316      0.000
    MCPEER             0.821      0.090      9.099      0.000


STANDARDIZED MODEL RESULTS


STDYX Standardization

                                                    Two-Tailed
                    Estimate       S.E.  Est./S.E.    P-Value

 F1       BY
    SCSELF             0.757      0.061     12.371      0.000
    SCTCH              0.464      0.071      6.495      0.000
    SCPAR              0.679      0.063     10.860      0.000
    SCPEER             0.362      0.073      4.944      0.000

 F2       BY
    ACSELF             0.766      0.044     17.229      0.000
    ACTCH              0.593      0.060      9.915      0.000
    ACPAR              0.647      0.058     11.182      0.000
    ACPEER             0.423      0.066      6.392      0.000

 F3       BY
    ECSELF             0.683      0.054     12.637      0.000
    ECTCH              0.582      0.063      9.181      0.000
    ECPAR              0.720      0.057     12.677      0.000
    ECPEER             0.412      0.072      5.710      0.000

 F4       BY
    MCSELF             0.743      0.046     16.082      0.000
    MCTCH              0.634      0.056     11.354      0.000
    MCPAR              0.796      0.044     17.908      0.000
    MCPEER             0.442      0.064      6.908      0.000

 F2       WITH
    F1                 0.356      0.090      3.968      0.000

 F3       WITH
    F1                 0.167      0.099      1.688      0.091
    F2                 0.868      0.039     22.315      0.000

 F4       WITH
    F1                 0.325      0.091      3.591      0.000
    F2                 0.800      0.041     19.718      0.000
    F3                 0.591      0.072      8.215      0.000

!method effects determined by degree to which these residual
!terms are correlated with one another

 SCSELF   WITH
    ACSELF             0.338      0.104      3.248      0.001
    ECSELF             0.375      0.098      3.828      0.000
    MCSELF             0.072      0.109      0.664      0.507

 ACSELF   WITH
    ECSELF             0.389      0.086      4.549      0.000
    MCSELF             0.556      0.072      7.771      0.000

 ECSELF   WITH
    MCSELF             0.173      0.095      1.818      0.069

 SCTCH    WITH
    ACTCH              0.238      0.076      3.122      0.002
    ECTCH              0.132      0.079      1.666      0.096
    MCTCH              0.046      0.081      0.565      0.572

 ACTCH    WITH
    ECTCH              0.684      0.045     15.267      0.000
    MCTCH              0.511      0.062      8.248      0.000
!here you can see teacher ratings of academic competence are
!highly correlated with ratings of math & english competence

 ECTCH    WITH
    MCTCH              0.386      0.072      5.369      0.000

 SCPAR    WITH
    ACPAR              0.220      0.088      2.486      0.013
    ECPAR              0.172      0.097      1.776      0.076
    MCPAR              0.176      0.102      1.721      0.085

 ACPAR    WITH
    ECPAR              0.250      0.094      2.665      0.008
    MCPAR              0.467      0.080      5.868      0.000

 ECPAR    WITH
    MCPAR              0.160      0.109      1.471      0.141

 SCPEER   WITH
    ACPEER             0.361      0.066      5.443      0.000
    ECPEER             0.280      0.071      3.950      0.000
    MCPEER             0.206      0.073      2.831      0.005

 ACPEER   WITH
    ECPEER             0.579      0.051     11.340      0.000
    MCPEER             0.652      0.044     14.896      0.000
!here you can see peer ratings of academic competence are
!highly corr. with ratings of math & english competence

 ECPEER   WITH
    MCPEER             0.434      0.062      6.957      0.000

 Intercepts
    SCSELF             4.229      0.229     18.487      0.000
    SCTCH              4.345      0.230     18.907      0.000
    SCPAR              4.098      0.219     18.678      0.000
    SCPEER            -0.113      0.072     -1.564      0.118
    ACSELF             5.065      0.273     18.523      0.000
    ACTCH              4.550      0.232     19.573      0.000
    ACPAR              5.595      0.291     19.218      0.000
    ACPEER             0.082      0.072      1.132      0.258
    ECSELF             5.423      0.290     18.690      0.000
    ECTCH              4.100      0.215     19.068      0.000
    ECPAR              4.922      0.259     18.979      0.000
    ECPEER             0.040      0.072      0.557      0.578
    MCSELF             3.574      0.195     18.284      0.000
    MCTCH              3.635      0.194     18.703      0.000
    MCPAR              3.785      0.204     18.573      0.000
    MCPEER             0.051      0.072      0.702      0.483

 Variances
    F1                 1.000      0.000    999.000    999.000
    F2                 1.000      0.000    999.000    999.000
    F3                 1.000      0.000    999.000    999.000
    F4                 1.000      0.000    999.000    999.000

 Residual Variances
    SCSELF             0.427      0.093      4.601      0.000
    SCTCH              0.785      0.066     11.831      0.000
    SCPAR              0.538      0.085      6.336      0.000
    SCPEER             0.869      0.053     16.435      0.000
    ACSELF             0.414      0.068      6.080      0.000
    ACTCH              0.648      0.071      9.128      0.000
    ACPAR              0.581      0.075      7.753      0.000
    ACPEER             0.821      0.056     14.636      0.000
    ECSELF             0.533      0.074      7.219      0.000
    ECTCH              0.662      0.074      8.971      0.000
    ECPAR              0.482      0.082      5.898      0.000
    ECPEER             0.830      0.059     13.956      0.000
    MCSELF             0.448      0.069      6.533      0.000
    MCTCH              0.598      0.071      8.451      0.000
    MCPAR              0.366      0.071      5.177      0.000
    MCPEER             0.805      0.057     14.216      0.000


R-SQUARE

    Observed                                        Two-Tailed
    Variable        Estimate       S.E.  Est./S.E.    P-Value

    SCSELF             0.573      0.093      6.186      0.000
    SCTCH              0.215      0.066      3.247      0.001
    SCPAR              0.462      0.085      5.430      0.000
    SCPEER             0.131      0.053      2.472      0.013
    ACSELF             0.586      0.068      8.615      0.000
    ACTCH              0.352      0.071      4.957      0.000
    ACPAR              0.419      0.075      5.591      0.000
    ACPEER             0.179      0.056      3.196      0.001
    ECSELF             0.467      0.074      6.318      0.000
    ECTCH              0.338      0.074      4.591      0.000
    ECPAR              0.518      0.082      6.338      0.000
    ECPEER             0.170      0.059      2.855      0.004
    MCSELF             0.552      0.069      8.041      0.000
    MCTCH              0.402      0.071      5.677      0.000
    MCPAR              0.634      0.071      8.954      0.000
    MCPEER             0.195      0.057      3.454      0.001


QUALITY OF NUMERICAL RESULTS

     Condition Number for the Information Matrix              0.138E-02
       (ratio of smallest to largest eigenvalue)


TECHNICAL 1 OUTPUT


     PARAMETER SPECIFICATION


           NU
              SCSELF        SCTCH         SCPAR         SCPEER        ACSELF
              ________      ________      ________      ________      ________
                  1             2             3             4             5


           NU
              ACTCH         ACPAR         ACPEER        ECSELF        ECTCH
              ________      ________      ________      ________      ________
                  6             7             8             9            10


           NU
              ECPAR         ECPEER        MCSELF        MCTCH         MCPAR
              ________      ________      ________      ________      ________
                 11            12            13            14            15


           NU
              MCPEER
              ________
                 16


           LAMBDA
              F1            F2            F3            F4
              ________      ________      ________      ________
 SCSELF            17             0             0             0
 SCTCH             18             0             0             0
 SCPAR             19             0             0             0
 SCPEER            20             0             0             0
 ACSELF             0            21             0             0
 ACTCH              0            22             0             0
 ACPAR              0            23             0             0
 ACPEER             0            24             0             0
 ECSELF             0             0            25             0
 ECTCH              0             0            26             0
 ECPAR              0             0            27             0
 ECPEER             0             0            28             0
 MCSELF             0             0             0            29
 MCTCH              0             0             0            30
 MCPAR              0             0             0            31
 MCPEER             0             0             0            32


           THETA
              SCSELF        SCTCH         SCPAR         SCPEER        ACSELF
              ________      ________      ________      ________      ________
 SCSELF            33
 SCTCH              0            34
 SCPAR              0             0            35
 SCPEER             0             0             0            36
 ACSELF            37             0             0             0            38
 ACTCH              0            39             0             0             0
 ACPAR              0             0            41             0             0
 ACPEER             0             0             0            43             0
 ECSELF            45             0             0             0            46
 ECTCH              0            48             0             0             0
 ECPAR              0             0            51             0             0
 ECPEER             0             0             0            54             0
 MCSELF            57             0             0             0            58
 MCTCH              0            61             0             0             0
 MCPAR              0             0            65             0             0
 MCPEER             0             0             0            69             0


           THETA
              ACTCH         ACPAR         ACPEER        ECSELF        ECTCH
              ________      ________      ________      ________      ________
 ACTCH             40
 ACPAR              0            42
 ACPEER             0             0            44
 ECSELF             0             0             0            47
 ECTCH             49             0             0             0            50
 ECPAR              0            52             0             0             0
 ECPEER             0             0            55             0             0
 MCSELF             0             0             0            59             0
 MCTCH             62             0             0             0            63
 MCPAR              0            66             0             0             0
 MCPEER             0             0            70             0             0


           THETA
              ECPAR         ECPEER        MCSELF        MCTCH         MCPAR
              ________      ________      ________      ________      ________
 ECPAR             53
 ECPEER             0            56
 MCSELF             0             0            60
 MCTCH              0             0             0            64
 MCPAR             67             0             0             0            68
 MCPEER             0            71             0             0             0


           THETA
              MCPEER
              ________
 MCPEER            72


           ALPHA
              F1            F2            F3            F4
              ________      ________      ________      ________
                  0             0             0             0


           BETA
              F1            F2            F3            F4
              ________      ________      ________      ________
 F1                 0             0             0             0
 F2                 0             0             0             0
 F3                 0             0             0             0
 F4                 0             0             0             0


           PSI
              F1            F2            F3            F4
              ________      ________      ________      ________
 F1                 0
 F2                73             0
 F3                74            75             0
 F4                76            77            78             0


     STARTING VALUES


           NU
              SCSELF        SCTCH         SCPAR         SCPEER        ACSELF
              ________      ________      ________      ________      ________
                3.032         2.954         3.301        -0.126         3.005


           NU
              ACTCH         ACPAR         ACPEER        ECSELF        ECTCH
              ________      ________      ________      ________      ________
                3.249         3.571         0.081         3.119         3.148


           NU
              ECPAR         ECPEER        MCSELF        MCTCH         MCPAR
              ________      ________      ________      ________      ________
                3.412         0.041         2.936         3.077         3.306


           NU
              MCPEER
              ________
                0.051


           LAMBDA
              F1            F2            F3            F4
              ________      ________      ________      ________
 SCSELF         1.000         0.000         0.000         0.000
 SCTCH          1.000         0.000         0.000         0.000
 SCPAR          1.000         0.000         0.000         0.000
 SCPEER         1.000         0.000         0.000         0.000
 ACSELF         0.000         1.000         0.000         0.000
 ACTCH          0.000         1.000         0.000         0.000
 ACPAR          0.000         1.000         0.000         0.000
 ACPEER         0.000         1.000         0.000         0.000
 ECSELF         0.000         0.000         1.000         0.000
 ECTCH          0.000         0.000         1.000         0.000
 ECPAR          0.000         0.000         1.000         0.000
 ECPEER         0.000         0.000         1.000         0.000
 MCSELF         0.000         0.000         0.000         1.000
 MCTCH          0.000         0.000         0.000         1.000
 MCPAR          0.000         0.000         0.000         1.000
 MCPEER         0.000         0.000         0.000         1.000


           THETA
              SCSELF        SCTCH         SCPAR         SCPEER        ACSELF
              ________      ________      ________      ________      ________
 SCSELF         0.250
 SCTCH          0.000         0.234
 SCPAR          0.000         0.000         0.325
 SCPEER         0.000         0.000         0.000         0.620
 ACSELF         0.000         0.000         0.000         0.000         0.165
 ACTCH          0.000         0.000         0.000         0.000         0.000
 ACPAR          0.000         0.000         0.000         0.000         0.000
 ACPEER         0.000         0.000         0.000         0.000         0.000
 ECSELF         0.000         0.000         0.000         0.000         0.000
 ECTCH          0.000         0.000         0.000         0.000         0.000
 ECPAR          0.000         0.000         0.000         0.000         0.000
 ECPEER         0.000         0.000         0.000         0.000         0.000
 MCSELF         0.000         0.000         0.000         0.000         0.000
 MCTCH          0.000         0.000         0.000         0.000         0.000
 MCPAR          0.000         0.000         0.000         0.000         0.000
 MCPEER         0.000         0.000         0.000         0.000         0.000


           THETA
              ACTCH         ACPAR         ACPEER        ECSELF        ECTCH
              ________      ________      ________      ________      ________
 ACTCH          0.268
 ACPAR          0.000         0.204
 ACPEER         0.000         0.000         0.534
 ECSELF         0.000         0.000         0.000         0.160
 ECTCH          0.000         0.000         0.000         0.000         0.301
 ECPAR          0.000         0.000         0.000         0.000         0.000
 ECPEER         0.000         0.000         0.000         0.000         0.000
 MCSELF         0.000         0.000         0.000         0.000         0.000
 MCTCH          0.000         0.000         0.000         0.000         0.000
 MCPAR          0.000         0.000         0.000         0.000         0.000
 MCPEER         0.000         0.000         0.000         0.000         0.000


           THETA
              ECPAR         ECPEER        MCSELF        MCTCH         MCPAR
              ________      ________      ________      ________      ________
 ECPAR          0.241
 ECPEER         0.000         0.549
 MCSELF         0.000         0.000         0.335
 MCTCH          0.000         0.000         0.000         0.365
 MCPAR          0.000         0.000         0.000         0.000         0.386
 MCPEER         0.000         0.000         0.000         0.000         0.000


           THETA
              MCPEER
              ________
 MCPEER         0.522


           ALPHA
              F1            F2            F3            F4
              ________      ________      ________      ________
                0.000         0.000         0.000         0.000


           BETA
              F1            F2            F3            F4
              ________      ________      ________      ________
 F1             0.000         0.000         0.000         0.000
 F2             0.000         0.000         0.000         0.000
 F3             0.000         0.000         0.000         0.000
 F4             0.000         0.000         0.000         0.000


           PSI
              F1            F2            F3            F4
              ________      ________      ________      ________
 F1             1.000
 F2             0.000         1.000
 F3             0.000         0.000         1.000
 F4             0.000         0.000         0.000         1.000


DIAGRAM INFORMATION

  Use View Diagram under the Diagram menu in the Mplus Editor to view the diagram.
  If running Mplus from the Mplus Diagrammer, the diagram opens automatically.

  Diagram output
    h:\sem ta lab & lecture 2019\2.12.19 complex measurement models\mtmm cu 35.dgm

     Beginning Time:  14:22:24
        Ending Time:  14:22:26
       Elapsed Time:  00:00:02



MUTHEN & MUTHEN
3463 Stoner Ave.
Los Angeles, CA  90066

Tel: (310) 391-9971
Fax: (310) 391-8971
Web: www.StatModel.com
Support: Support@StatModel.com

Copyright (c) 1998-2018 Muthen & Muthen
