Mplus VERSION 6.1
MUTHEN & MUTHEN
02/04/2016   2:21 PM

INPUT INSTRUCTIONS

  DATA: file=continuation85.dat;
        format = free;

  variable:
  names = id tfscs1-tfscs34;
  usevariables = tfscs1 tfscs10 tfscs15 tfscs17 tfscs22 tfscs23 tfscs33
   tfscs6 tfscs11 tfscs12 tfscs18 tfscs21 tfscs24 tfscs27
   tfscs3 tfscs4 tfscs9 tfscs14 tfscs16 tfscs28 tfscs31;


  Analysis:
  type = general;
  estimator = ML;
  iterations = 1000;


  Model:

  inhib by tfscs1@1 tfscs10 tfscs15 tfscs17 tfscs22 tfscs23 tfscs33;
  init by tfscs6@1 tfscs11 tfscs12 tfscs18 tfscs21 tfscs24 tfscs27;
  cont by tfscs3@1 tfscs4 tfscs9 tfscs14 tfscs16 tfscs28 tfscs31;

  Output: standardized; modindices; sampstat; tech1;
!can also use stdyx


INPUT READING TERMINATED NORMALLY




SUMMARY OF ANALYSIS

Number of groups                                                 1
Number of observations                                         204

Number of dependent variables                                   21
!observed variables
Number of independent variables                                  0
Number of continuous latent variables                            3
!aka factors

Observed dependent variables
!in this case, our scale items

  Continuous
   TFSCS1      TFSCS10     TFSCS15     TFSCS17     TFSCS22     TFSCS23
   TFSCS33     TFSCS6      TFSCS11     TFSCS12     TFSCS18     TFSCS21
   TFSCS24     TFSCS27     TFSCS3      TFSCS4      TFSCS9      TFSCS14
   TFSCS16     TFSCS28     TFSCS31

Continuous latent variables
!our factors (subscales in this example)
   INHIB       INIT        CONT


Estimator                                                       ML
Information matrix                                        OBSERVED
Maximum number of iterations                                  1000
Convergence criterion                                    0.500D-04
Maximum number of steepest descent iterations                   20

Input data file(s)
  continuation85.dat

Input data format  FREE


SAMPLE STATISTICS


     SAMPLE STATISTICS


           Means !observed variable means
              TFSCS1        TFSCS10       TFSCS15       TFSCS17       TFSCS22
              ________      ________      ________      ________      ________
      1         3.549         3.559         3.701         3.309         3.235


           Means
              TFSCS23       TFSCS33       TFSCS6        TFSCS11       TFSCS12
              ________      ________      ________      ________      ________
      1         3.623         3.309         3.206         2.902         3.167


           Means
              TFSCS18       TFSCS21       TFSCS24       TFSCS27       TFSCS3
              ________      ________      ________      ________      ________
      1         3.333         3.275         3.358         3.382         3.304


           Means
              TFSCS4        TFSCS9        TFSCS14       TFSCS16       TFSCS28
              ________      ________      ________      ________      ________
      1         3.627         3.784         3.461         3.093         3.451


           Means
              TFSCS31
              ________
      1         3.706


           Covariances
              TFSCS1        TFSCS10       TFSCS15       TFSCS17       TFSCS22
              ________      ________      ________      ________      ________
 TFSCS1         0.797
 TFSCS10        0.428         0.894
 TFSCS15        0.311         0.383         0.906
 TFSCS17        0.536         0.514         0.460         1.272
 TFSCS22        0.341         0.476         0.394         0.516         1.151
 TFSCS23        0.443         0.373         0.417         0.597         0.456
 TFSCS33        0.321         0.479         0.337         0.405         0.413
 TFSCS6         0.446         0.429         0.287         0.843         0.398
 TFSCS11        0.260         0.319         0.324         0.550         0.425
 TFSCS12        0.394         0.343         0.305         0.723         0.392
 TFSCS18        0.415         0.417         0.399         0.907         0.559
 TFSCS21        0.379         0.420         0.332         0.601         0.288
 TFSCS24        0.397         0.325         0.318         0.522         0.210
 TFSCS27        0.393         0.482         0.423         0.686         0.557
 TFSCS3         0.431         0.276         0.228         0.445         0.281
 TFSCS4         0.322         0.385         0.291         0.380         0.171
 TFSCS9         0.417         0.415         0.342         0.478         0.262
 TFSCS14        0.281         0.375         0.402         0.515         0.308
 TFSCS16        0.297         0.311         0.351         0.672         0.439
 TFSCS28        0.350         0.317         0.355         0.513         0.281
 TFSCS31        0.323         0.360         0.294         0.385         0.314


           Covariances
              TFSCS23       TFSCS33       TFSCS6        TFSCS11       TFSCS12
              ________      ________      ________      ________      ________
 TFSCS23        0.833
 TFSCS33        0.396         1.008
 TFSCS6         0.494         0.397         1.458
 TFSCS11        0.375         0.266         0.702         1.216
 TFSCS12        0.347         0.409         0.912         0.624         1.247
 TFSCS18        0.484         0.407         0.936         0.729         0.856
 TFSCS21        0.417         0.307         0.782         0.620         0.621
 TFSCS24        0.419         0.345         0.789         0.555         0.641
 TFSCS27        0.409         0.357         0.848         0.621         0.770
 TFSCS3         0.389         0.318         0.511         0.407         0.449
 TFSCS4         0.379         0.311         0.410         0.262         0.312
 TFSCS9         0.409         0.302         0.471         0.405         0.384
 TFSCS14        0.380         0.377         0.444         0.369         0.350
 TFSCS16        0.349         0.221         0.643         0.597         0.538
 TFSCS28        0.391         0.317         0.559         0.417         0.435
 TFSCS31        0.369         0.307         0.384         0.265         0.309


           Covariances
              TFSCS18       TFSCS21       TFSCS24       TFSCS27       TFSCS3
              ________      ________      ________      ________      ________
 TFSCS18        1.379
 TFSCS21        0.766         1.111
 TFSCS24        0.719         0.765         1.161
 TFSCS27        0.882         0.665         0.598         1.275
 TFSCS3         0.497         0.485         0.494         0.506         1.153
 TFSCS4         0.335         0.426         0.383         0.299         0.290
 TFSCS9         0.498         0.515         0.479         0.416         0.379
 TFSCS14        0.493         0.427         0.404         0.388         0.316
 TFSCS16        0.709         0.445         0.452         0.553         0.334
 TFSCS28        0.560         0.562         0.535         0.455         0.368
 TFSCS31        0.373         0.341         0.390         0.318         0.364


           Covariances
              TFSCS4        TFSCS9        TFSCS14       TFSCS16       TFSCS28
              ________      ________      ________      ________      ________
 TFSCS4         0.734
 TFSCS9         0.474         0.895
 TFSCS14        0.358         0.447         0.886
 TFSCS16        0.285         0.378         0.364         1.143
 TFSCS28        0.379         0.494         0.385         0.458         0.865
 TFSCS31        0.317         0.339         0.322         0.125         0.358


           Covariances
              TFSCS31
              ________
 TFSCS31        0.845


           Correlations !correlations among observed variables
              TFSCS1        TFSCS10       TFSCS15       TFSCS17       TFSCS22
              ________      ________      ________      ________      ________
 TFSCS1         1.000
 TFSCS10        0.508         1.000
 TFSCS15        0.366         0.425         1.000
 TFSCS17        0.533         0.482         0.429         1.000
 TFSCS22        0.357         0.470         0.386         0.426         1.000
 TFSCS23        0.543         0.432         0.480         0.580         0.466
 TFSCS33        0.358         0.505         0.353         0.357         0.383
 TFSCS6         0.414         0.376         0.250         0.619         0.307
 TFSCS11        0.264         0.307         0.308         0.442         0.359
 TFSCS12        0.395         0.325         0.287         0.574         0.327
 TFSCS18        0.396         0.375         0.357         0.685         0.444
 TFSCS21        0.403         0.422         0.331         0.506         0.255
 TFSCS24        0.412         0.319         0.310         0.429         0.182
 TFSCS27        0.390         0.452         0.394         0.538         0.460
 TFSCS3         0.450         0.272         0.223         0.368         0.244
 TFSCS4         0.421         0.475         0.356         0.393         0.186
 TFSCS9         0.494         0.464         0.380         0.448         0.258
 TFSCS14        0.335         0.421         0.449         0.485         0.305
 TFSCS16        0.311         0.307         0.345         0.557         0.383
 TFSCS28        0.422         0.360         0.402         0.489         0.282
 TFSCS31        0.394         0.415         0.337         0.371         0.319


           Correlations
              TFSCS23       TFSCS33       TFSCS6        TFSCS11       TFSCS12
              ________      ________      ________      ________      ________
 TFSCS23        1.000
 TFSCS33        0.432         1.000
 TFSCS6         0.449         0.328         1.000
 TFSCS11        0.372         0.240         0.527         1.000
 TFSCS12        0.341         0.365         0.676         0.507         1.000
 TFSCS18        0.451         0.345         0.660         0.563         0.653
 TFSCS21        0.434         0.291         0.614         0.534         0.528
 TFSCS24        0.426         0.319         0.607         0.467         0.533
 TFSCS27        0.397         0.315         0.622         0.499         0.610
 TFSCS3         0.397         0.295         0.394         0.344         0.375
 TFSCS4         0.485         0.362         0.396         0.278         0.326
 TFSCS9         0.474         0.318         0.412         0.389         0.364
 TFSCS14        0.442         0.399         0.391         0.355         0.333
 TFSCS16        0.357         0.206         0.498         0.507         0.451
 TFSCS28        0.460         0.339         0.498         0.406         0.418
 TFSCS31        0.440         0.332         0.346         0.262         0.301


           Correlations
              TFSCS18       TFSCS21       TFSCS24       TFSCS27       TFSCS3
              ________      ________      ________      ________      ________
 TFSCS18        1.000
 TFSCS21        0.619         1.000
 TFSCS24        0.568         0.673         1.000
 TFSCS27        0.665         0.558         0.492         1.000
 TFSCS3         0.394         0.429         0.427         0.418         1.000
 TFSCS4         0.333         0.472         0.415         0.309         0.315
 TFSCS9         0.449         0.517         0.470         0.389         0.373
 TFSCS14        0.446         0.431         0.398         0.365         0.313
 TFSCS16        0.565         0.395         0.392         0.458         0.291
 TFSCS28        0.513         0.574         0.533         0.433         0.368
 TFSCS31        0.345         0.352         0.393         0.307         0.369


           Correlations
              TFSCS4        TFSCS9        TFSCS14       TFSCS16       TFSCS28
              ________      ________      ________      ________      ________
 TFSCS4         1.000
 TFSCS9         0.584         1.000
 TFSCS14        0.444         0.503         1.000
 TFSCS16        0.311         0.374         0.362         1.000
 TFSCS28        0.475         0.562         0.440         0.460         1.000
 TFSCS31        0.402         0.389         0.372         0.128         0.419


           Correlations
              TFSCS31
              ________
 TFSCS31        1.000


THE MODEL ESTIMATION TERMINATED NORMALLY



MODEL FIT INFORMATION

Number of Free Parameters                       66

Loglikelihood

          H0 Value                       -5172.290
          !loglikelihood value for hypothesized model
          H1 Value                       -4975.255
          !loglikelihood value for the baseline model

Information Criteria
!used in comparison of nonnested models
!take into account model fit and complexity of model 
!(i.e., parsimony)

          Akaike (AIC)                   10476.580
          Bayesian (BIC)                 10695.576
          Sample-Size Adjusted BIC       10486.468
            (n* = (n + 2) / 24)

Chi-Square Test of Model Fit
!represents discrepancy btwn unrestricted sample 
!covariance matrix & restricted covariance matrix
!sensitive to sample size - w/small N or non-normal
!distribution is not actually chi-square

          Value                            394.071
          Degrees of Freedom                   186
          P-Value                           0.0000

RMSEA (Root Mean Square Error Of Approximation)
!how close observed model comes to population model
!close fit = .05 or less
!marginal fit = .08

          Estimate                           0.074
          90 Percent C.I.                    0.064  0.084
          Probability RMSEA <= .05           0.000

CFI/TLI
!both measure proportionate improvement in model fit
!by comparing our hypothesized model to less restricted
!baseline model (nested) 

          CFI                                0.904
          !normed, range 0-1, > .90 good >.95 better
          TLI                                0.891
          !non-normed - penalty for overly complex
          !model 

Chi-Square Test of Model Fit for the Baseline Model
!sets all parameters equal to zero

          Value                           2370.045
          Degrees of Freedom                   210
          P-Value                           0.0000

SRMR (Standardized Root Mean Square Residual)
!average value across all stdized residuals
!represents avg. discrepancy btwn observed sample
!matrix & hypothesized matrix

          Value                              0.056
!"the model explains correlations within an avg.
!error of .056"


MODEL RESULTS
!unstandardized parameter estimates

                                                    Two-Tailed
                    Estimate       S.E.  Est./S.E.    P-Value
                  !check for size & sign
                  !z-score > 1.96 = good
 INHIB    BY
 !unstdized factor loadings
    TFSCS1             1.000      0.000    999.000    999.000
    !we fixed this to 1
    TFSCS10            1.043      0.118      8.851      0.000
    TFSCS15            0.928      0.119      7.801      0.000
    TFSCS17            1.409      0.144      9.806      0.000
    TFSCS22            1.003      0.134      7.491      0.000
    TFSCS23            1.111      0.115      9.678      0.000
    TFSCS33            0.927      0.125      7.416      0.000

 INIT     BY
 !unstdized factor loadings
    TFSCS6             1.000      0.000    999.000    999.000
    !we fixed this to 1
    TFSCS11            0.745      0.073     10.174      0.000
    TFSCS12            0.865      0.070     12.304      0.000
    TFSCS18            0.989      0.073     13.608      0.000
    TFSCS21            0.832      0.067     12.394      0.000
    TFSCS24            0.803      0.070     11.551      0.000
    TFSCS27            0.870      0.072     12.093      0.000

 CONT     BY
 !unstdized factor loadings
    TFSCS3             1.000      0.000    999.000    999.000
    !we fixed this to 1
    TFSCS4             0.959      0.139      6.876      0.000
    TFSCS9             1.173      0.160      7.316      0.000
    TFSCS14            1.044      0.152      6.874      0.000
    TFSCS16            1.065      0.166      6.419      0.000
    TFSCS28            1.154      0.157      7.350      0.000
    TFSCS31            0.879      0.139      6.303      0.000

 INIT     WITH
    INHIB              0.468      0.071      6.617      0.000
    !factor covariances

 CONT     WITH
    INHIB              0.321      0.057      5.640      0.000
    INIT               0.477      0.081      5.853      0.000
    !factor covariances

 Intercepts
 !observed variable intercepts
    TFSCS1             3.549      0.062     56.794      0.000
    TFSCS10            3.559      0.066     53.771      0.000
    TFSCS15            3.701      0.067     55.545      0.000
    TFSCS17            3.309      0.079     41.899      0.000
    TFSCS22            3.235      0.075     43.081      0.000
    TFSCS23            3.623      0.064     56.690      0.000
    TFSCS33            3.309      0.070     47.082      0.000
    TFSCS6             3.206      0.085     37.927      0.000
    TFSCS11            2.902      0.077     37.589      0.000
    TFSCS12            3.167      0.078     40.507      0.000
    TFSCS18            3.333      0.082     40.542      0.000
    TFSCS21            3.275      0.074     44.373      0.000
    TFSCS24            3.358      0.075     44.507      0.000
    TFSCS27            3.382      0.079     42.778      0.000
    TFSCS3             3.304      0.075     43.952      0.000
    TFSCS4             3.627      0.060     60.484      0.000
    TFSCS9             3.784      0.066     57.145      0.000
    TFSCS14            3.461      0.066     52.522      0.000
    TFSCS16            3.093      0.075     41.318      0.000
    TFSCS28            3.451      0.065     52.989      0.000
    TFSCS31            3.706      0.064     57.585      0.000

 Variances
 !factor variances
    INHIB              0.378      0.070      5.367      0.000
    INIT               0.967      0.140      6.916      0.000
    CONT               0.342      0.085      4.004      0.000

 Residual Variances
 !uniquenesses/error terms
 !residual variances associated with the observed variables
    TFSCS1             0.419      0.047      8.989      0.000
    TFSCS10            0.482      0.054      8.986      0.000
    TFSCS15            0.580      0.062      9.403      0.000
    TFSCS17            0.522      0.064      8.206      0.000
    TFSCS22            0.771      0.081      9.458      0.000
    TFSCS23            0.367      0.043      8.501      0.000
    TFSCS33            0.683      0.072      9.492      0.000
    TFSCS6             0.491      0.059      8.382      0.000
    TFSCS11            0.680      0.072      9.428      0.000
    TFSCS12            0.524      0.059      8.864      0.000
    TFSCS18            0.434      0.053      8.185      0.000
    TFSCS21            0.443      0.051      8.704      0.000
    TFSCS24            0.537      0.060      9.026      0.000
    TFSCS27            0.543      0.061      8.912      0.000
    TFSCS3             0.811      0.085      9.588      0.000
    TFSCS4             0.419      0.046      9.049      0.000
    TFSCS9             0.424      0.050      8.501      0.000
    TFSCS14            0.513      0.056      9.208      0.000
    TFSCS16            0.756      0.080      9.395      0.000
    TFSCS28            0.410      0.047      8.671      0.000
    TFSCS31            0.581      0.061      9.533      0.000


STANDARDIZED MODEL RESULTS
!standardized option gives you three ways of standardization


STDYX Standardization
!standardization based on background & outcome variables

                                                    Two-Tailed
                    Estimate       S.E.  Est./S.E.    P-Value
                   !factor loadings

 INHIB    BY
    TFSCS1             0.689      0.042     16.549      0.000
    !parameters reported as 1.0 in unstdized solution now 
    !have new values
    TFSCS10            0.678      0.043     15.824      0.000
    TFSCS15            0.599      0.049     12.130      0.000
    TFSCS17            0.768      0.034     22.290      0.000
    TFSCS22            0.575      0.052     11.128      0.000
    TFSCS23            0.748      0.036     20.736      0.000
    TFSCS33            0.567      0.052     10.885      0.000

 INIT     BY
    TFSCS6             0.814      0.027     29.816      0.000
    TFSCS11            0.664      0.042     15.709      0.000
    TFSCS12            0.761      0.033     23.080      0.000
    TFSCS18            0.828      0.026     31.963      0.000
    TFSCS21            0.776      0.032     24.504      0.000
    TFSCS24            0.733      0.036     20.360      0.000
    TFSCS27            0.758      0.033     22.735      0.000

 CONT     BY
    TFSCS3             0.544      0.054     10.156      0.000
    TFSCS4             0.654      0.045     14.413      0.000
    TFSCS9             0.725      0.039     18.531      0.000
    TFSCS14            0.649      0.045     14.361      0.000
    TFSCS16            0.582      0.051     11.337      0.000
    TFSCS28            0.725      0.038     18.868      0.000
    TFSCS31            0.559      0.053     10.611      0.000

 INIT     WITH
    INHIB              0.775      0.039     20.016      0.000

 CONT     WITH
    INHIB              0.893      0.030     29.319      0.000
    INIT               0.829      0.035     23.838      0.000

 Intercepts
    TFSCS1             3.976      0.209     19.031      0.000
    TFSCS10            3.765      0.199     18.909      0.000
    TFSCS15            3.889      0.205     18.983      0.000
    TFSCS17            2.933      0.161     18.195      0.000
    TFSCS22            3.016      0.165     18.289      0.000
    TFSCS23            3.969      0.209     19.027      0.000
    TFSCS33            3.296      0.178     18.563      0.000
    TFSCS6             2.655      0.149     17.828      0.000
    TFSCS11            2.632      0.148     17.793      0.000
    TFSCS12            2.836      0.157     18.076      0.000
    TFSCS18            2.838      0.157     18.079      0.000
    TFSCS21            3.107      0.169     18.384      0.000
    TFSCS24            3.116      0.169     18.394      0.000
    TFSCS27            2.995      0.164     18.265      0.000
    TFSCS3             3.077      0.168     18.354      0.000
    TFSCS4             4.235      0.221     19.159      0.000
    TFSCS9             4.001      0.210     19.044      0.000
    TFSCS14            3.677      0.195     18.853      0.000
    TFSCS16            2.893      0.159     18.147      0.000
    TFSCS28            3.710      0.197     18.874      0.000
    TFSCS31            4.032      0.212     19.060      0.000

 Variances
 !all factor variances are reported as 1
 !in stdized solution, all variables are rescaled to have
 !a variance of 1
    INHIB              1.000      0.000    999.000    999.000
    INIT               1.000      0.000    999.000    999.000
    CONT               1.000      0.000    999.000    999.000

 Residual Variances
    TFSCS1             0.526      0.057      9.180      0.000
    TFSCS10            0.540      0.058      9.285      0.000
    TFSCS15            0.641      0.059     10.814      0.000
    TFSCS17            0.410      0.053      7.760      0.000
    TFSCS22            0.670      0.059     11.287      0.000
    TFSCS23            0.441      0.054      8.164      0.000
    TFSCS33            0.678      0.059     11.466      0.000
    TFSCS6             0.337      0.044      7.575      0.000
    TFSCS11            0.559      0.056      9.953      0.000
    TFSCS12            0.420      0.050      8.365      0.000
    TFSCS18            0.315      0.043      7.341      0.000
    TFSCS21            0.398      0.049      8.113      0.000
    TFSCS24            0.463      0.053      8.769      0.000
    TFSCS27            0.426      0.050      8.439      0.000
    TFSCS3             0.704      0.058     12.050      0.000
    TFSCS4             0.572      0.059      9.619      0.000
    TFSCS9             0.474      0.057      8.349      0.000
    TFSCS14            0.579      0.059      9.882      0.000
    TFSCS16            0.661      0.060     11.065      0.000
    TFSCS28            0.474      0.056      8.511      0.000
    TFSCS31            0.688      0.059     11.687      0.000


STDY Standardization
!standardization is based on variances of continuous latent
!variables (i.e., factors) & variances of background and
!outcome variables

                                                    Two-Tailed
                    Estimate       S.E.  Est./S.E.    P-Value

 INHIB    BY
    TFSCS1             0.689      0.042     16.549      0.000
    TFSCS10            0.678      0.043     15.824      0.000
    TFSCS15            0.599      0.049     12.130      0.000
    TFSCS17            0.768      0.034     22.290      0.000
    TFSCS22            0.575      0.052     11.128      0.000
    TFSCS23            0.748      0.036     20.736      0.000
    TFSCS33            0.567      0.052     10.885      0.000

 INIT     BY
    TFSCS6             0.814      0.027     29.816      0.000
    TFSCS11            0.664      0.042     15.709      0.000
    TFSCS12            0.761      0.033     23.080      0.000
    TFSCS18            0.828      0.026     31.963      0.000
    TFSCS21            0.776      0.032     24.504      0.000
    TFSCS24            0.733      0.036     20.360      0.000
    TFSCS27            0.758      0.033     22.735      0.000

 CONT     BY
    TFSCS3             0.544      0.054     10.156      0.000
    TFSCS4             0.654      0.045     14.413      0.000
    TFSCS9             0.725      0.039     18.531      0.000
    TFSCS14            0.649      0.045     14.361      0.000
    TFSCS16            0.582      0.051     11.337      0.000
    TFSCS28            0.725      0.038     18.868      0.000
    TFSCS31            0.559      0.053     10.611      0.000

 INIT     WITH
    INHIB              0.775      0.039     20.016      0.000

 CONT     WITH
    INHIB              0.893      0.030     29.319      0.000
    INIT               0.829      0.035     23.838      0.000

 Intercepts
    TFSCS1             3.976      0.209     19.031      0.000
    TFSCS10            3.765      0.199     18.909      0.000
    TFSCS15            3.889      0.205     18.983      0.000
    TFSCS17            2.933      0.161     18.195      0.000
    TFSCS22            3.016      0.165     18.289      0.000
    TFSCS23            3.969      0.209     19.027      0.000
    TFSCS33            3.296      0.178     18.563      0.000
    TFSCS6             2.655      0.149     17.828      0.000
    TFSCS11            2.632      0.148     17.793      0.000
    TFSCS12            2.836      0.157     18.076      0.000
    TFSCS18            2.838      0.157     18.079      0.000
    TFSCS21            3.107      0.169     18.384      0.000
    TFSCS24            3.116      0.169     18.394      0.000
    TFSCS27            2.995      0.164     18.265      0.000
    TFSCS3             3.077      0.168     18.354      0.000
    TFSCS4             4.235      0.221     19.159      0.000
    TFSCS9             4.001      0.210     19.044      0.000
    TFSCS14            3.677      0.195     18.853      0.000
    TFSCS16            2.893      0.159     18.147      0.000
    TFSCS28            3.710      0.197     18.874      0.000
    TFSCS31            4.032      0.212     19.060      0.000

 Variances
    INHIB              1.000      0.000    999.000    999.000
    INIT               1.000      0.000    999.000    999.000
    CONT               1.000      0.000    999.000    999.000

 Residual Variances
    TFSCS1             0.526      0.057      9.180      0.000
    TFSCS10            0.540      0.058      9.285      0.000
    TFSCS15            0.641      0.059     10.814      0.000
    TFSCS17            0.410      0.053      7.760      0.000
    TFSCS22            0.670      0.059     11.287      0.000
    TFSCS23            0.441      0.054      8.164      0.000
    TFSCS33            0.678      0.059     11.466      0.000
    TFSCS6             0.337      0.044      7.575      0.000
    TFSCS11            0.559      0.056      9.953      0.000
    TFSCS12            0.420      0.050      8.365      0.000
    TFSCS18            0.315      0.043      7.341      0.000
    TFSCS21            0.398      0.049      8.113      0.000
    TFSCS24            0.463      0.053      8.769      0.000
    TFSCS27            0.426      0.050      8.439      0.000
    TFSCS3             0.704      0.058     12.050      0.000
    TFSCS4             0.572      0.059      9.619      0.000
    TFSCS9             0.474      0.057      8.349      0.000
    TFSCS14            0.579      0.059      9.882      0.000
    TFSCS16            0.661      0.060     11.065      0.000
    TFSCS28            0.474      0.056      8.511      0.000
    TFSCS31            0.688      0.059     11.687      0.000


STD Standardization
!standardized based on variances of the continuous latent 
!variables (i.e., factors)

                                                    Two-Tailed
                    Estimate       S.E.  Est./S.E.    P-Value

 INHIB    BY
    TFSCS1             0.615      0.057     10.733      0.000
    TFSCS10            0.641      0.061     10.488      0.000
    TFSCS15            0.570      0.063      8.985      0.000
    TFSCS17            0.866      0.070     12.427      0.000
    TFSCS22            0.616      0.072      8.509      0.000
    TFSCS23            0.683      0.057     12.007      0.000
    TFSCS33            0.569      0.068      8.387      0.000

 INIT     BY
    TFSCS6             0.983      0.071     13.831      0.000
    TFSCS11            0.732      0.070     10.401      0.000
    TFSCS12            0.850      0.068     12.512      0.000
    TFSCS18            0.972      0.069     14.181      0.000
    TFSCS21            0.818      0.064     12.836      0.000
    TFSCS24            0.790      0.067     11.841      0.000
    TFSCS27            0.856      0.069     12.428      0.000

 CONT     BY
    TFSCS3             0.585      0.073      8.008      0.000
    TFSCS4             0.561      0.056      9.967      0.000
    TFSCS9             0.686      0.060     11.406      0.000
    TFSCS14            0.611      0.061      9.931      0.000
    TFSCS16            0.622      0.072      8.615      0.000
    TFSCS28            0.674      0.059     11.482      0.000
    TFSCS31            0.514      0.062      8.247      0.000

 INIT     WITH
    INHIB              0.775      0.039     20.016      0.000

 CONT     WITH
    INHIB              0.893      0.030     29.319      0.000
    INIT               0.829      0.035     23.838      0.000

 Intercepts
    TFSCS1             3.549      0.062     56.794      0.000
    TFSCS10            3.559      0.066     53.771      0.000
    TFSCS15            3.701      0.067     55.545      0.000
    TFSCS17            3.309      0.079     41.899      0.000
    TFSCS22            3.235      0.075     43.081      0.000
    TFSCS23            3.623      0.064     56.690      0.000
    TFSCS33            3.309      0.070     47.082      0.000
    TFSCS6             3.206      0.085     37.927      0.000
    TFSCS11            2.902      0.077     37.589      0.000
    TFSCS12            3.167      0.078     40.507      0.000
    TFSCS18            3.333      0.082     40.542      0.000
    TFSCS21            3.275      0.074     44.373      0.000
    TFSCS24            3.358      0.075     44.507      0.000
    TFSCS27            3.382      0.079     42.778      0.000
    TFSCS3             3.304      0.075     43.952      0.000
    TFSCS4             3.627      0.060     60.484      0.000
    TFSCS9             3.784      0.066     57.145      0.000
    TFSCS14            3.461      0.066     52.522      0.000
    TFSCS16            3.093      0.075     41.318      0.000
    TFSCS28            3.451      0.065     52.989      0.000
    TFSCS31            3.706      0.064     57.585      0.000

 Variances
    INHIB              1.000      0.000    999.000    999.000
    INIT               1.000      0.000    999.000    999.000
    CONT               1.000      0.000    999.000    999.000

 Residual Variances
    TFSCS1             0.419      0.047      8.989      0.000
    TFSCS10            0.482      0.054      8.986      0.000
    TFSCS15            0.580      0.062      9.403      0.000
    TFSCS17            0.522      0.064      8.206      0.000
    TFSCS22            0.771      0.081      9.458      0.000
    TFSCS23            0.367      0.043      8.501      0.000
    TFSCS33            0.683      0.072      9.492      0.000
    TFSCS6             0.491      0.059      8.382      0.000
    TFSCS11            0.680      0.072      9.428      0.000
    TFSCS12            0.524      0.059      8.864      0.000
    TFSCS18            0.434      0.053      8.185      0.000
    TFSCS21            0.443      0.051      8.704      0.000
    TFSCS24            0.537      0.060      9.026      0.000
    TFSCS27            0.543      0.061      8.912      0.000
    TFSCS3             0.811      0.085      9.588      0.000
    TFSCS4             0.419      0.046      9.049      0.000
    TFSCS9             0.424      0.050      8.501      0.000
    TFSCS14            0.513      0.056      9.208      0.000
    TFSCS16            0.756      0.080      9.395      0.000
    TFSCS28            0.410      0.047      8.671      0.000
    TFSCS31            0.581      0.061      9.533      0.000


R-SQUARE
!aka communalities
!R2 values represent the proportion of variance in each 
!observed variable accounted for by its related factor
!computed by subtracting square of the residual (meas. error)
!from 1; like to see > .3

    Observed                                        Two-Tailed
    Variable        Estimate       S.E.  Est./S.E.    P-Value

    TFSCS1             0.474      0.057      8.275      0.000
    TFSCS10            0.460      0.058      7.912      0.000
    TFSCS15            0.359      0.059      6.065      0.000
    TFSCS17            0.590      0.053     11.145      0.000
    TFSCS22            0.330      0.059      5.564      0.000
    TFSCS23            0.559      0.054     10.368      0.000
    TFSCS33            0.322      0.059      5.443      0.000
    TFSCS6             0.663      0.044     14.908      0.000
    TFSCS11            0.441      0.056      7.854      0.000
    TFSCS12            0.580      0.050     11.540      0.000
    TFSCS18            0.685      0.043     15.981      0.000
    TFSCS21            0.602      0.049     12.252      0.000
    TFSCS24            0.537      0.053     10.180      0.000
    TFSCS27            0.574      0.050     11.367      0.000
    TFSCS3             0.296      0.058      5.078      0.000
    TFSCS4             0.428      0.059      7.207      0.000
    TFSCS9             0.526      0.057      9.265      0.000
    TFSCS14            0.421      0.059      7.181      0.000
    TFSCS16            0.339      0.060      5.669      0.000
    TFSCS28            0.526      0.056      9.434      0.000
    TFSCS31            0.312      0.059      5.306      0.000


QUALITY OF NUMERICAL RESULTS

     Condition Number for the Information Matrix              0.629E-03
       (ratio of smallest to largest eigenvalue)


MODEL MODIFICATION INDICES
!how we determine misspecified parameters
!identify parameter constraints that weren't chosen well
!identify which parameters, if freely estimated, would improve
!model fit

NOTE:  Modification indices for direct effects of observed dependent variables
regressed on covariates may not be included.  To include these, request
MODINDICES (ALL).

Minimum M.I. value for printing the modification index    10.000

                            M.I.     E.P.C.  Std E.P.C.  StdYX E.P.C.
                            !M.I. represents the approx. amt by which
                            !chi-square would decrease if parameter
                            !was freely estimated in subsequent model
                            !(i.e., model fit improved)

                            !E.P.C. predicted estimated change for each
                            !fixed parameter in the model if estimated
                            !in subsequent model
                            !(can be neg. or pos.)

                          

BY Statements
!could potentially have cross-loadings here that you don't want
!or weren't aware of/hadn't considered
INIT     BY TFSCS17        27.571     0.626      0.615        0.545
INIT     BY TFSCS16        18.181     0.653      0.642        0.600

WITH Statements
!covariance between these specified observed variables
!if we were to estimate a covariance between them, this would be value
TFSCS18  WITH TFSCS17      19.700     0.177      0.177        0.371
TFSCS24  WITH TFSCS22      13.004    -0.175     -0.175       -0.272
TFSCS24  WITH TFSCS21      16.182     0.159      0.159        0.326
TFSCS27  WITH TFSCS22      12.016     0.171      0.171        0.264
TFSCS9   WITH TFSCS4       12.193     0.119      0.119        0.283
TFSCS16  WITH TFSCS17      16.419     0.201      0.201        0.319
TFSCS31  WITH TFSCS16      19.958    -0.221     -0.221       -0.334


!observed variables in CFA are DVs
!in SEM we don't estimate variances/covariances of DVs


TECHNICAL 1 OUTPUT
!the numbers assigned to parameters help: (1) to identify parameter 
!likely to be source of difficulty/problems when you get error msgs
!(2) enable us to determine if estimated parameters were actually
!estimated and (3) easy access to # of parameters to be estimated

!Mplus includes observed variable intercepts in the model, but if
!they are not specified, these parameters are ignored

     PARAMETER SPECIFICATION


           NU
           !intercepts of continuous observed variables
              TFSCS1        TFSCS10       TFSCS15       TFSCS17       TFSCS22
              ________      ________      ________      ________      ________
      1           1             2             3             4             5


           NU
              TFSCS23       TFSCS33       TFSCS6        TFSCS11       TFSCS12
              ________      ________      ________      ________      ________
      1           6             7             8             9            10


           NU
              TFSCS18       TFSCS21       TFSCS24       TFSCS27       TFSCS3
              ________      ________      ________      ________      ________
      1          11            12            13            14            15


           NU
              TFSCS4        TFSCS9        TFSCS14       TFSCS16       TFSCS28
              ________      ________      ________      ________      ________
      1          16            17            18            19            20


           NU
              TFSCS31
              ________
      1          21


           LAMBDA
           !pattern of factor loadings
              INHIB         INIT          CONT
              ________      ________      ________
 TFSCS1             0             0             0
 TFSCS10           22             0             0
 TFSCS15           23             0             0
 TFSCS17           24             0             0
 TFSCS22           25             0             0
 TFSCS23           26             0             0
 TFSCS33           27             0             0
 TFSCS6             0             0             0
 TFSCS11            0            28             0
 TFSCS12            0            29             0
 TFSCS18            0            30             0
 TFSCS21            0            31             0
 TFSCS24            0            32             0
 TFSCS27            0            33             0
 TFSCS3             0             0             0
 TFSCS4             0             0            34
 TFSCS9             0             0            35
 TFSCS14            0             0            36
 TFSCS16            0             0            37
 TFSCS28            0             0            38
 TFSCS31            0             0            39


           THETA
           !residuals
              TFSCS1        TFSCS10       TFSCS15       TFSCS17       TFSCS22
              ________      ________      ________      ________      ________
 TFSCS1            40
 TFSCS10            0            41
 TFSCS15            0             0            42
 TFSCS17            0             0             0            43
 TFSCS22            0             0             0             0            44
 TFSCS23            0             0             0             0             0
 TFSCS33            0             0             0             0             0
 TFSCS6             0             0             0             0             0
 TFSCS11            0             0             0             0             0
 TFSCS12            0             0             0             0             0
 TFSCS18            0             0             0             0             0
 TFSCS21            0             0             0             0             0
 TFSCS24            0             0             0             0             0
 TFSCS27            0             0             0             0             0
 TFSCS3             0             0             0             0             0
 TFSCS4             0             0             0             0             0
 TFSCS9             0             0             0             0             0
 TFSCS14            0             0             0             0             0
 TFSCS16            0             0             0             0             0
 TFSCS28            0             0             0             0             0
 TFSCS31            0             0             0             0             0


           THETA
              TFSCS23       TFSCS33       TFSCS6        TFSCS11       TFSCS12
              ________      ________      ________      ________      ________
 TFSCS23           45
 TFSCS33            0            46
 TFSCS6             0             0            47
 TFSCS11            0             0             0            48
 TFSCS12            0             0             0             0            49
 TFSCS18            0             0             0             0             0
 TFSCS21            0             0             0             0             0
 TFSCS24            0             0             0             0             0
 TFSCS27            0             0             0             0             0
 TFSCS3             0             0             0             0             0
 TFSCS4             0             0             0             0             0
 TFSCS9             0             0             0             0             0
 TFSCS14            0             0             0             0             0
 TFSCS16            0             0             0             0             0
 TFSCS28            0             0             0             0             0
 TFSCS31            0             0             0             0             0


           THETA
              TFSCS18       TFSCS21       TFSCS24       TFSCS27       TFSCS3
              ________      ________      ________      ________      ________
 TFSCS18           50
 TFSCS21            0            51
 TFSCS24            0             0            52
 TFSCS27            0             0             0            53
 TFSCS3             0             0             0             0            54
 TFSCS4             0             0             0             0             0
 TFSCS9             0             0             0             0             0
 TFSCS14            0             0             0             0             0
 TFSCS16            0             0             0             0             0
 TFSCS28            0             0             0             0             0
 TFSCS31            0             0             0             0             0


           THETA
              TFSCS4        TFSCS9        TFSCS14       TFSCS16       TFSCS28
              ________      ________      ________      ________      ________
 TFSCS4            55
 TFSCS9             0            56
 TFSCS14            0             0            57
 TFSCS16            0             0             0            58
 TFSCS28            0             0             0             0            59
 TFSCS31            0             0             0             0             0


           THETA
              TFSCS31
              ________
 TFSCS31           60


           ALPHA
              INHIB         INIT          CONT
              ________      ________      ________
      1           0             0             0


           BETA
              INHIB         INIT          CONT
              ________      ________      ________
 INHIB              0             0             0
 INIT               0             0             0
 CONT               0             0             0


           PSI
           !variances/covariances of continuous
           !latent variables
              INHIB         INIT          CONT
              ________      ________      ________
 INHIB             61
 INIT              62            63
 CONT              64            65            66


     STARTING VALUES
     !starting values used for contents of each matrix
     !(for intercepts, these are the means)


           NU
              TFSCS1        TFSCS10       TFSCS15       TFSCS17       TFSCS22
              ________      ________      ________      ________      ________
      1         3.549         3.559         3.701         3.309         3.235


           NU
              TFSCS23       TFSCS33       TFSCS6        TFSCS11       TFSCS12
              ________      ________      ________      ________      ________
      1         3.623         3.309         3.206         2.902         3.167


           NU
              TFSCS18       TFSCS21       TFSCS24       TFSCS27       TFSCS3
              ________      ________      ________      ________      ________
      1         3.333         3.275         3.358         3.382         3.304


           NU
              TFSCS4        TFSCS9        TFSCS14       TFSCS16       TFSCS28
              ________      ________      ________      ________      ________
      1         3.627         3.784         3.461         3.093         3.451


           NU
              TFSCS31
              ________
      1         3.706


           LAMBDA
           !factor loadings (notice how first item on each factor = 1
           !because we fixed it to be that)
           !off-loadings are all zero bc we didn't specify any
              INHIB         INIT          CONT
              ________      ________      ________
 TFSCS1         1.000         0.000         0.000
 TFSCS10        0.989         0.000         0.000
 TFSCS15        0.901         0.000         0.000
 TFSCS17        1.293         0.000         0.000
 TFSCS22        1.043         0.000         0.000
 TFSCS23        1.057         0.000         0.000
 TFSCS33        0.926         0.000         0.000
 TFSCS6         0.000         1.000         0.000
 TFSCS11        0.000         0.729         0.000
 TFSCS12        0.000         0.869         0.000
 TFSCS18        0.000         0.969         0.000
 TFSCS21        0.000         0.807         0.000
 TFSCS24        0.000         0.782         0.000
 TFSCS27        0.000         0.856         0.000
 TFSCS3         0.000         0.000         1.000
 TFSCS4         0.000         0.000         1.000
 TFSCS9         0.000         0.000         1.185
 TFSCS14        0.000         0.000         1.036
 TFSCS16        0.000         0.000         0.852
 TFSCS28        0.000         0.000         1.186
 TFSCS31        0.000         0.000         0.880


           THETA
           !residuals again
              TFSCS1        TFSCS10       TFSCS15       TFSCS17       TFSCS22
              ________      ________      ________      ________      ________
 TFSCS1         0.400
 TFSCS10        0.000         0.449
 TFSCS15        0.000         0.000         0.455
 TFSCS17        0.000         0.000         0.000         0.639
 TFSCS22        0.000         0.000         0.000         0.000         0.578
 TFSCS23        0.000         0.000         0.000         0.000         0.000
 TFSCS33        0.000         0.000         0.000         0.000         0.000
 TFSCS6         0.000         0.000         0.000         0.000         0.000
 TFSCS11        0.000         0.000         0.000         0.000         0.000
 TFSCS12        0.000         0.000         0.000         0.000         0.000
 TFSCS18        0.000         0.000         0.000         0.000         0.000
 TFSCS21        0.000         0.000         0.000         0.000         0.000
 TFSCS24        0.000         0.000         0.000         0.000         0.000
 TFSCS27        0.000         0.000         0.000         0.000         0.000
 TFSCS3         0.000         0.000         0.000         0.000         0.000
 TFSCS4         0.000         0.000         0.000         0.000         0.000
 TFSCS9         0.000         0.000         0.000         0.000         0.000
 TFSCS14        0.000         0.000         0.000         0.000         0.000
 TFSCS16        0.000         0.000         0.000         0.000         0.000
 TFSCS28        0.000         0.000         0.000         0.000         0.000
 TFSCS31        0.000         0.000         0.000         0.000         0.000


           THETA
              TFSCS23       TFSCS33       TFSCS6        TFSCS11       TFSCS12
              ________      ________      ________      ________      ________
 TFSCS23        0.419
 TFSCS33        0.000         0.506
 TFSCS6         0.000         0.000         0.732
 TFSCS11        0.000         0.000         0.000         0.611
 TFSCS12        0.000         0.000         0.000         0.000         0.626
 TFSCS18        0.000         0.000         0.000         0.000         0.000
 TFSCS21        0.000         0.000         0.000         0.000         0.000
 TFSCS24        0.000         0.000         0.000         0.000         0.000
 TFSCS27        0.000         0.000         0.000         0.000         0.000
 TFSCS3         0.000         0.000         0.000         0.000         0.000
 TFSCS4         0.000         0.000         0.000         0.000         0.000
 TFSCS9         0.000         0.000         0.000         0.000         0.000
 TFSCS14        0.000         0.000         0.000         0.000         0.000
 TFSCS16        0.000         0.000         0.000         0.000         0.000
 TFSCS28        0.000         0.000         0.000         0.000         0.000
 TFSCS31        0.000         0.000         0.000         0.000         0.000


           THETA
              TFSCS18       TFSCS21       TFSCS24       TFSCS27       TFSCS3
              ________      ________      ________      ________      ________
 TFSCS18        0.693
 TFSCS21        0.000         0.558
 TFSCS24        0.000         0.000         0.583
 TFSCS27        0.000         0.000         0.000         0.641
 TFSCS3         0.000         0.000         0.000         0.000         0.579
 TFSCS4         0.000         0.000         0.000         0.000         0.000
 TFSCS9         0.000         0.000         0.000         0.000         0.000
 TFSCS14        0.000         0.000         0.000         0.000         0.000
 TFSCS16        0.000         0.000         0.000         0.000         0.000
 TFSCS28        0.000         0.000         0.000         0.000         0.000
 TFSCS31        0.000         0.000         0.000         0.000         0.000


           THETA
              TFSCS4        TFSCS9        TFSCS14       TFSCS16       TFSCS28
              ________      ________      ________      ________      ________
 TFSCS4         0.369
 TFSCS9         0.000         0.450
 TFSCS14        0.000         0.000         0.445
 TFSCS16        0.000         0.000         0.000         0.574
 TFSCS28        0.000         0.000         0.000         0.000         0.435
 TFSCS31        0.000         0.000         0.000         0.000         0.000


           THETA
              TFSCS31
              ________
 TFSCS31        0.425


           ALPHA
              INHIB         INIT          CONT
              ________      ________      ________
      1         0.000         0.000         0.000


           BETA
              INHIB         INIT          CONT
              ________      ________      ________
 INHIB          0.000         0.000         0.000
 INIT           0.000         0.000         0.000
 CONT           0.000         0.000         0.000


           PSI
              INHIB         INIT          CONT
              ________      ________      ________
 INHIB          0.050
 INIT           0.000         0.050
 CONT           0.000         0.000         0.050


     Beginning Time:  14:21:12
        Ending Time:  14:21:12
       Elapsed Time:  00:00:00



MUTHEN & MUTHEN
3463 Stoner Ave.
Los Angeles, CA  90066

Tel: (310) 391-9971
Fax: (310) 391-8971
Web: www.StatModel.com
Support: Support@StatModel.com

Copyright (c) 1998-2010 Muthen & Muthen
