Mplus VERSION 8.7
MUTHEN & MUTHEN
01/19/2022   3:01 PM

INPUT INSTRUCTIONS

  DATA: FILE IS "C:\Users\Fe\Box\Hoyle Lab\
  Habits and Adjustment to Covid Outbreak\Analysis Scripts\
  Time 1 Analysis\sem_categorical.dat";
  type is individual;

  VARIABLE:

  NAMES ARE age sex white child init inhib cont bfi psyeffect sched insec prehabit
  sl exer dt screen sm subs fri work hobby fam;

  USEVARIABLES ARE age sex white child init inhib cont bfi psyeffect
  sched insec prehabit sl exer dt subs;

  Missing are .;

  ANALYSIS:
  ESTIMATOR IS MLR;

  MODEL:
  !latent variables
  disrupt by psyeffect sched insec;
  sreg by cont init inhib bfi;

  !paths
  sl exer dt subs on age sex white child prehabit sreg disrupt;

  !covariances
  sreg WITH disrupt;

  OUTPUT: SAMPSTAT TECH1 TECH4 residual standardized (all);




*** WARNING in VARIABLE command
  Note that only the first 8 characters of variable names are used in the output.
  Shorten variable names to avoid any confusion.
*** WARNING
  Data set contains cases with missing on x-variables.
  These cases were not included in the analysis.
  Number of cases with missing on x-variables:  15
   2 WARNING(S) FOUND IN THE INPUT INSTRUCTIONS




SUMMARY OF ANALYSIS

Number of groups                                                 1
Number of observations                                         417

Number of dependent variables                                   11
Number of independent variables                                  5
Number of continuous latent variables                            2

Observed dependent variables

  Continuous
   INIT        INHIB       CONT        BFI         PSYEFFECT   SCHED
   INSEC       SL          EXER        DT          SUBS

Observed independent variables
   AGE         SEX         WHITE       CHILD       PREHABIT

Continuous latent variables
   DISRUPT     SREG


Estimator                                                      MLR
Information matrix                                        OBSERVED
Maximum number of iterations                                  1000
Convergence criterion                                    0.500D-04
Maximum number of steepest descent iterations                   20
Maximum number of iterations for H1                           2000
Convergence criterion for H1                             0.100D-03

Input data file(s)
  C:\Users\Fe\Box\Hoyle Lab\Habits and Adjustment to Covid Outbreak\Analysis Scr

Input data format  FREE


SUMMARY OF DATA

     Number of missing data patterns             2


COVARIANCE COVERAGE OF DATA

Minimum covariance coverage value   0.100


     PROPORTION OF DATA PRESENT


           Covariance Coverage
              INIT          INHIB         CONT          BFI           PSYEFFEC
              ________      ________      ________      ________      ________
 INIT           1.000
 INHIB          1.000         1.000
 CONT           1.000         1.000         1.000
 BFI            1.000         1.000         1.000         1.000
 PSYEFFEC       1.000         1.000         1.000         1.000         1.000
 SCHED          1.000         1.000         1.000         1.000         1.000
 INSEC          0.998         0.998         0.998         0.998         0.998
 SL             1.000         1.000         1.000         1.000         1.000
 EXER           1.000         1.000         1.000         1.000         1.000
 DT             1.000         1.000         1.000         1.000         1.000
 SUBS           1.000         1.000         1.000         1.000         1.000
 AGE            1.000         1.000         1.000         1.000         1.000
 SEX            1.000         1.000         1.000         1.000         1.000
 WHITE          1.000         1.000         1.000         1.000         1.000
 CHILD          1.000         1.000         1.000         1.000         1.000
 PREHABIT       1.000         1.000         1.000         1.000         1.000


           Covariance Coverage
              SCHED         INSEC         SL            EXER          DT
              ________      ________      ________      ________      ________
 SCHED          1.000
 INSEC          0.998         0.998
 SL             1.000         0.998         1.000
 EXER           1.000         0.998         1.000         1.000
 DT             1.000         0.998         1.000         1.000         1.000
 SUBS           1.000         0.998         1.000         1.000         1.000
 AGE            1.000         0.998         1.000         1.000         1.000
 SEX            1.000         0.998         1.000         1.000         1.000
 WHITE          1.000         0.998         1.000         1.000         1.000
 CHILD          1.000         0.998         1.000         1.000         1.000
 PREHABIT       1.000         0.998         1.000         1.000         1.000


           Covariance Coverage
              SUBS          AGE           SEX           WHITE         CHILD
              ________      ________      ________      ________      ________
 SUBS           1.000
 AGE            1.000         1.000
 SEX            1.000         1.000         1.000
 WHITE          1.000         1.000         1.000         1.000
 CHILD          1.000         1.000         1.000         1.000         1.000
 PREHABIT       1.000         1.000         1.000         1.000         1.000


           Covariance Coverage
              PREHABIT
              ________
 PREHABIT       1.000


SAMPLE STATISTICS


     ESTIMATED SAMPLE STATISTICS


           Means
              INIT          INHIB         CONT          BFI           PSYEFFEC
              ________      ________      ________      ________      ________
                3.270         3.826         3.456         3.860         3.261


           Means
              SCHED         INSEC         SL            EXER          DT
              ________      ________      ________      ________      ________
                3.634         2.640         1.923         1.868         1.942


           Means
              SUBS          AGE           SEX           WHITE         CHILD
              ________      ________      ________      ________      ________
                2.269        34.631         0.405         0.664         0.405


           Means
              PREHABIT
              ________
                4.055


           Covariances
              INIT          INHIB         CONT          BFI           PSYEFFEC
              ________      ________      ________      ________      ________
 INIT           0.956
 INHIB          0.261         0.488
 CONT           0.383         0.213         0.566
 BFI            0.505         0.202         0.309         0.498
 PSYEFFEC      -0.098        -0.042        -0.086        -0.061         0.885
 SCHED         -0.027        -0.035        -0.022        -0.005         0.480
 INSEC         -0.193        -0.059        -0.128        -0.155         0.499
 SL             0.008         0.026        -0.003         0.012        -0.160
 EXER           0.050         0.019         0.000         0.043        -0.211
 DT             0.017        -0.010        -0.027         0.007        -0.023
 SUBS           0.042         0.031         0.060         0.034        -0.129
 AGE            2.428         1.239         1.681         0.861        -0.511
 SEX           -0.038        -0.025        -0.001        -0.043        -0.055
 WHITE          0.015         0.007         0.019         0.019         0.000
 CHILD          0.070         0.018         0.049         0.036         0.017
 PREHABIT       0.094         0.078         0.043         0.108         0.098


           Covariances
              SCHED         INSEC         SL            EXER          DT
              ________      ________      ________      ________      ________
 SCHED          0.955
 INSEC          0.539         1.662
 SL            -0.128        -0.187         0.646
 EXER          -0.129        -0.013         0.062         0.733
 DT            -0.058        -0.023         0.005         0.019         0.380
 SUBS          -0.127        -0.133         0.088        -0.010         0.020
 AGE           -1.005        -0.495         0.087         0.196         0.571
 SEX           -0.012         0.014         0.000         0.010        -0.005
 WHITE         -0.047        -0.070        -0.007        -0.027        -0.003
 CHILD          0.130        -0.014         0.017         0.010         0.023
 PREHABIT       0.075         0.003        -0.034         0.010         0.000


           Covariances
              SUBS          AGE           SEX           WHITE         CHILD
              ________      ________      ________      ________      ________
 SUBS           0.595
 AGE            0.917       132.228
 SEX           -0.006        -0.332         0.241
 WHITE          0.042         0.759        -0.020         0.223
 CHILD          0.001         1.027         0.001        -0.010         0.241
 PREHABIT       0.022         1.006        -0.025        -0.022         0.024


           Covariances
              PREHABIT
              ________
 PREHABIT       0.449


           Correlations
              INIT          INHIB         CONT          BFI           PSYEFFEC
              ________      ________      ________      ________      ________
 INIT           1.000
 INHIB          0.383         1.000
 CONT           0.520         0.405         1.000
 BFI            0.732         0.410         0.582         1.000
 PSYEFFEC      -0.107        -0.064        -0.122        -0.091         1.000
 SCHED         -0.029        -0.052        -0.030        -0.008         0.522
 INSEC         -0.153        -0.066        -0.131        -0.170         0.412
 SL             0.010         0.046        -0.006         0.020        -0.212
 EXER           0.060         0.032         0.000         0.071        -0.262
 DT             0.028        -0.023        -0.057         0.015        -0.040
 SUBS           0.055         0.057         0.103         0.062        -0.178
 AGE            0.216         0.154         0.194         0.106        -0.047
 SEX           -0.078        -0.071        -0.002        -0.124        -0.119
 WHITE          0.032         0.021         0.053         0.058         0.001
 CHILD          0.147         0.052         0.132         0.103         0.037
 PREHABIT       0.144         0.167         0.085         0.228         0.155


           Correlations
              SCHED         INSEC         SL            EXER          DT
              ________      ________      ________      ________      ________
 SCHED          1.000
 INSEC          0.428         1.000
 SL            -0.163        -0.180         1.000
 EXER          -0.155        -0.012         0.090         1.000
 DT            -0.097        -0.029         0.010         0.036         1.000
 SUBS          -0.169        -0.134         0.142        -0.015         0.043
 AGE           -0.089        -0.033         0.009         0.020         0.081
 SEX           -0.025         0.022         0.000         0.024        -0.018
 WHITE         -0.101        -0.115        -0.017        -0.068        -0.009
 CHILD          0.270        -0.022         0.042         0.024         0.077
 PREHABIT       0.114         0.003        -0.063         0.018         0.001


           Correlations
              SUBS          AGE           SEX           WHITE         CHILD
              ________      ________      ________      ________      ________
 SUBS           1.000
 AGE            0.103         1.000
 SEX           -0.015        -0.059         1.000
 WHITE          0.116         0.140        -0.085         1.000
 CHILD          0.004         0.182         0.005        -0.044         1.000
 PREHABIT       0.042         0.130        -0.076        -0.070         0.071


           Correlations
              PREHABIT
              ________
 PREHABIT       1.000


     MAXIMUM LOG-LIKELIHOOD VALUE FOR THE UNRESTRICTED (H1) MODEL IS -7991.306


UNIVARIATE SAMPLE STATISTICS


     UNIVARIATE HIGHER-ORDER MOMENT DESCRIPTIVE STATISTICS

         Variable/         Mean/     Skewness/   Minimum/ % with                Percentiles
        Sample Size      Variance    Kurtosis    Maximum  Min/Max      20%/60%    40%/80%    Median

     INIT                  3.270      -0.131       1.000    1.92%       2.333      3.000      3.333
             417.000       0.956      -0.692       5.000    5.28%       3.667      4.333
     INHIB                 3.826      -0.234       2.000    0.96%       3.333      3.667      4.000
             417.000       0.488      -0.434       5.000    9.11%       4.000      4.333
     CONT                  3.456      -0.081       1.000    0.24%       2.667      3.333      3.333
             417.000       0.566      -0.353       5.000    2.64%       3.667      4.000
     BFI                   3.860      -0.268       1.417    0.24%       3.167      3.750      3.917
             417.000       0.498      -0.509       5.000    5.28%       4.083      4.500
     PSYEFFECT             3.261      -0.209       1.000    0.24%       2.375      3.125      3.375
             417.000       0.885      -0.625       5.000    3.12%       3.625      4.125
     SCHED                 3.634      -0.651       1.000    1.20%       2.800      3.600      3.800
             417.000       0.955      -0.094       5.000   10.79%       4.000      4.500
     INSEC                 2.637       0.303       1.000   18.27%       1.250      2.000      2.500
             416.000       1.660      -1.126       5.000    6.97%       3.000      4.000
     SL                    1.923       0.140       1.000   36.45%       1.000      2.000      2.000
             417.000       0.646      -1.440       3.000   28.78%       2.000      3.000
     EXER                  1.868       0.256       1.000   44.12%       1.000      1.000      2.000
             417.000       0.733      -1.589       3.000   30.94%       2.000      3.000
     DT                    1.942       0.035       1.000   22.06%       1.000      2.000      2.000
             417.000       0.380      -0.387       3.000   16.31%       2.000      2.000
     SUBS                  2.269      -0.501       1.000   19.90%       1.000      2.000      2.000
             417.000       0.595      -1.158       3.000   46.76%       3.000      3.000
     AGE                  34.631       1.051      18.000    1.44%      25.000     30.000     31.000
             417.000     132.228       0.726      74.000    0.24%      34.000     44.000
     SEX                   0.405       0.386       0.000   59.47%       0.000      0.000      0.000
             417.000       0.241      -1.851       1.000   40.53%       1.000      1.000
     WHITE                 0.664      -0.696       0.000   33.57%       0.000      1.000      1.000
             417.000       0.223      -1.516       1.000   66.43%       1.000      1.000
     CHILD                 0.405       0.386       0.000   59.47%       0.000      0.000      0.000
             417.000       0.241      -1.851       1.000   40.53%       1.000      1.000
     PREHABIT              4.055      -0.780       1.889    0.24%       3.500      3.900      4.200
             417.000       0.449       0.182       5.000    6.00%       4.375      4.667


     THIS ANALYSIS MAY HAVE MULTIPLE SOLUTIONS.  EXPLORE THIS USING RANDOM STARTS,
     FOR EXAMPLE, STARTS = 20.  USE A LARGE ENOUGH NUMBER OF STARTS SO THAT THE
     BEST FIT FUNCTION VALUE IS REPLICATED SEVERAL TIMES.


THE MODEL ESTIMATION TERMINATED NORMALLY



MODEL FIT INFORMATION

Number of Free Parameters                       64

Loglikelihood

          H0 Value                       -5219.935
          H0 Scaling Correction Factor      0.9912
            for MLR
          H1 Value                       -5108.603
          H1 Scaling Correction Factor      1.0005
            for MLR

Information Criteria

          Akaike (AIC)                   10567.869
          Bayesian (BIC)                 10825.987
          Sample-Size Adjusted BIC       10622.898
            (n* = (n + 2) / 24)

Chi-Square Test of Model Fit

          Value                            220.638*
          Degrees of Freedom                    68
          P-Value                           0.0000
          Scaling Correction Factor         1.0092
            for MLR

*   The chi-square value for MLM, MLMV, MLR, ULSMV, WLSM and WLSMV cannot be used
    for chi-square difference testing in the regular way.  MLM, MLR and WLSM
    chi-square difference testing is described on the Mplus website.  MLMV, WLSMV,
    and ULSMV difference testing is done using the DIFFTEST option.

RMSEA (Root Mean Square Error Of Approximation)

          Estimate                           0.073
          90 Percent C.I.                    0.063  0.084
          Probability RMSEA <= .05           0.000

CFI/TLI

          CFI                                0.848
          TLI                                0.755

Chi-Square Test of Model Fit for the Baseline Model

          Value                           1117.447
          Degrees of Freedom                   110
          P-Value                           0.0000

SRMR (Standardized Root Mean Square Residual)

          Value                              0.066



MODEL RESULTS

                                                    Two-Tailed
                    Estimate       S.E.  Est./S.E.    P-Value

 DISRUPT  BY
    PSYEFFECT          1.000      0.000    999.000    999.000
    SCHED              0.970      0.118      8.213      0.000
    INSEC              1.020      0.146      6.972      0.000

 SREG     BY
    CONT               1.000      0.000    999.000    999.000
    INIT               1.610      0.122     13.166      0.000
    INHIB              0.679      0.074      9.117      0.000
    BFI                1.262      0.101     12.495      0.000

 SL       ON
    SREG              -0.039      0.094     -0.415      0.678
    DISRUPT           -0.324      0.070     -4.626      0.000

 EXER     ON
    SREG               0.038      0.095      0.396      0.692
    DISRUPT           -0.317      0.071     -4.482      0.000

 DT       ON
    SREG              -0.040      0.073     -0.545      0.586
    DISRUPT           -0.085      0.057     -1.495      0.135

 SUBS     ON
    SREG               0.019      0.091      0.206      0.837
    DISRUPT           -0.257      0.066     -3.889      0.000

 SL       ON
    AGE               -0.001      0.004     -0.247      0.805
    SEX               -0.041      0.079     -0.522      0.602
    WHITE             -0.057      0.081     -0.703      0.482
    CHILD              0.130      0.081      1.613      0.107
    PREHABIT          -0.043      0.060     -0.718      0.472

 EXER     ON
    AGE                0.000      0.004     -0.053      0.958
    SEX                0.013      0.083      0.154      0.878
    WHITE             -0.146      0.088     -1.656      0.098
    CHILD              0.077      0.087      0.894      0.371
    PREHABIT           0.044      0.064      0.684      0.494

 DT       ON
    AGE                0.004      0.003      1.169      0.243
    SEX               -0.031      0.061     -0.509      0.611
    WHITE             -0.028      0.064     -0.435      0.663
    CHILD              0.099      0.064      1.552      0.121
    PREHABIT          -0.001      0.046     -0.011      0.991

 SUBS     ON
    AGE                0.004      0.003      1.202      0.229
    SEX               -0.017      0.077     -0.220      0.826
    WHITE              0.157      0.081      1.947      0.052
    CHILD              0.026      0.078      0.332      0.740
    PREHABIT           0.071      0.063      1.135      0.256

 SREG     WITH
    DISRUPT           -0.051      0.024     -2.110      0.035

 EXER     WITH
    SL                 0.011      0.034      0.332      0.740

 DT       WITH
    SL                -0.010      0.023     -0.424      0.671
    EXER               0.005      0.025      0.192      0.848

 SUBS     WITH
    SL                 0.050      0.028      1.765      0.078
    EXER              -0.047      0.031     -1.536      0.125
    DT                 0.008      0.024      0.329      0.742

 Intercepts
    INIT               3.270      0.048     68.297      0.000
    INHIB              3.826      0.034    111.817      0.000
    CONT               3.456      0.037     93.782      0.000
    BFI                3.860      0.035    111.725      0.000
    PSYEFFECT          3.261      0.046     70.793      0.000
    SCHED              3.634      0.048     75.928      0.000
    INSEC              2.639      0.063     41.755      0.000
    SL                 2.132      0.269      7.935      0.000
    EXER               1.759      0.286      6.156      0.000
    DT                 1.812      0.228      7.938      0.000
    SUBS               1.733      0.287      6.029      0.000

 Variances
    DISRUPT            0.503      0.074      6.781      0.000
    SREG               0.246      0.037      6.734      0.000

 Residual Variances
    INIT               0.317      0.036      8.851      0.000
    INHIB              0.375      0.025     14.799      0.000
    CONT               0.320      0.029     10.850      0.000
    BFI                0.105      0.020      5.385      0.000
    PSYEFFECT          0.382      0.059      6.478      0.000
    SCHED              0.482      0.070      6.904      0.000
    INSEC              1.138      0.103     11.068      0.000
    SL                 0.592      0.028     21.091      0.000
    EXER               0.678      0.031     22.215      0.000
    DT                 0.373      0.023     15.927      0.000
    SUBS               0.548      0.029     18.607      0.000


QUALITY OF NUMERICAL RESULTS

     Condition Number for the Information Matrix              0.737E-05
       (ratio of smallest to largest eigenvalue)


STANDARDIZED MODEL RESULTS


STDYX Standardization

                                                    Two-Tailed
                    Estimate       S.E.  Est./S.E.    P-Value

 DISRUPT  BY
    PSYEFFECT          0.754      0.046     16.504      0.000
    SCHED              0.704      0.050     14.055      0.000
    INSEC              0.561      0.055     10.213      0.000

 SREG     BY
    CONT               0.660      0.038     17.177      0.000
    INIT               0.817      0.024     33.922      0.000
    INHIB              0.482      0.044     10.898      0.000
    BFI                0.888      0.023     38.869      0.000

 SL       ON
    SREG              -0.024      0.058     -0.414      0.679
    DISRUPT           -0.285      0.058     -4.929      0.000

 EXER     ON
    SREG               0.022      0.055      0.397      0.692
    DISRUPT           -0.262      0.063     -4.166      0.000

 DT       ON
    SREG              -0.032      0.058     -0.545      0.586
    DISRUPT           -0.098      0.064     -1.519      0.129

 SUBS     ON
    SREG               0.012      0.059      0.206      0.837
    DISRUPT           -0.237      0.060     -3.960      0.000

 SL       ON
    AGE               -0.013      0.052     -0.247      0.805
    SEX               -0.025      0.048     -0.523      0.601
    WHITE             -0.034      0.048     -0.703      0.482
    CHILD              0.079      0.049      1.618      0.106
    PREHABIT          -0.036      0.050     -0.718      0.473

 EXER     ON
    AGE               -0.003      0.051     -0.053      0.958
    SEX                0.007      0.047      0.154      0.878
    WHITE             -0.080      0.048     -1.660      0.097
    CHILD              0.044      0.049      0.895      0.371
    PREHABIT           0.034      0.050      0.685      0.493

 DT       ON
    AGE                0.066      0.057      1.169      0.242
    SEX               -0.025      0.049     -0.509      0.611
    WHITE             -0.021      0.049     -0.436      0.663
    CHILD              0.078      0.050      1.558      0.119
    PREHABIT          -0.001      0.050     -0.011      0.991

 SUBS     ON
    AGE                0.060      0.050      1.201      0.230
    SEX               -0.011      0.049     -0.220      0.826
    WHITE              0.096      0.049      1.952      0.051
    CHILD              0.017      0.050      0.333      0.739
    PREHABIT           0.062      0.054      1.140      0.254

 SREG     WITH
    DISRUPT           -0.146      0.065     -2.250      0.024

 EXER     WITH
    SL                 0.018      0.054      0.333      0.739

 DT       WITH
    SL                -0.021      0.050     -0.425      0.671
    EXER               0.009      0.049      0.192      0.848

 SUBS     WITH
    SL                 0.088      0.049      1.784      0.074
    EXER              -0.078      0.051     -1.536      0.125
    DT                 0.017      0.053      0.329      0.742

 Intercepts
    INIT               3.345      0.111     30.255      0.000
    INHIB              5.476      0.183     29.868      0.000
    CONT               4.593      0.155     29.571      0.000
    BFI                5.471      0.181     30.263      0.000
    PSYEFFECT          3.467      0.118     29.261      0.000
    SCHED              3.718      0.155     24.001      0.000
    INSEC              2.048      0.056     36.699      0.000
    SL                 2.644      0.336      7.862      0.000
    EXER               2.047      0.336      6.099      0.000
    DT                 2.934      0.383      7.653      0.000
    SUBS               2.249      0.390      5.768      0.000

 Variances
    DISRUPT            1.000      0.000    999.000    999.000
    SREG               1.000      0.000    999.000    999.000

 Residual Variances
    INIT               0.332      0.039      8.432      0.000
    INHIB              0.767      0.043     17.965      0.000
    CONT               0.565      0.051     11.148      0.000
    BFI                0.212      0.041      5.228      0.000
    PSYEFFECT          0.431      0.069      6.263      0.000
    SCHED              0.505      0.070      7.170      0.000
    INSEC              0.685      0.062     11.105      0.000
    SL                 0.912      0.034     27.187      0.000
    EXER               0.919      0.034     26.807      0.000
    DT                 0.977      0.018     53.506      0.000
    SUBS               0.924      0.029     31.420      0.000


STDY Standardization

                                                    Two-Tailed
                    Estimate       S.E.  Est./S.E.    P-Value

 DISRUPT  BY
    PSYEFFECT          0.754      0.046     16.504      0.000
    SCHED              0.704      0.050     14.055      0.000
    INSEC              0.561      0.055     10.213      0.000

 SREG     BY
    CONT               0.660      0.038     17.177      0.000
    INIT               0.817      0.024     33.922      0.000
    INHIB              0.482      0.044     10.898      0.000
    BFI                0.888      0.023     38.869      0.000

 SL       ON
    SREG              -0.024      0.058     -0.414      0.679
    DISRUPT           -0.285      0.058     -4.929      0.000

 EXER     ON
    SREG               0.022      0.055      0.397      0.692
    DISRUPT           -0.262      0.063     -4.166      0.000

 DT       ON
    SREG              -0.032      0.058     -0.545      0.586
    DISRUPT           -0.098      0.064     -1.519      0.129

 SUBS     ON
    SREG               0.012      0.059      0.206      0.837
    DISRUPT           -0.237      0.060     -3.960      0.000

 SL       ON
    AGE               -0.001      0.004     -0.247      0.805
    SEX               -0.051      0.098     -0.523      0.601
    WHITE             -0.071      0.101     -0.703      0.482
    CHILD              0.161      0.100      1.619      0.106
    PREHABIT          -0.054      0.075     -0.718      0.473

 EXER     ON
    AGE                0.000      0.004     -0.053      0.958
    SEX                0.015      0.097      0.154      0.878
    WHITE             -0.170      0.102     -1.660      0.097
    CHILD              0.090      0.101      0.895      0.371
    PREHABIT           0.051      0.074      0.685      0.493

 DT       ON
    AGE                0.006      0.005      1.171      0.242
    SEX               -0.050      0.099     -0.509      0.611
    WHITE             -0.045      0.103     -0.436      0.663
    CHILD              0.160      0.103      1.558      0.119
    PREHABIT          -0.001      0.075     -0.011      0.991

 SUBS     ON
    AGE                0.005      0.004      1.202      0.229
    SEX               -0.022      0.099     -0.220      0.826
    WHITE              0.204      0.104      1.953      0.051
    CHILD              0.034      0.102      0.333      0.739
    PREHABIT           0.092      0.081      1.141      0.254

 SREG     WITH
    DISRUPT           -0.146      0.065     -2.250      0.024

 EXER     WITH
    SL                 0.018      0.054      0.333      0.739

 DT       WITH
    SL                -0.021      0.050     -0.425      0.671
    EXER               0.009      0.049      0.192      0.848

 SUBS     WITH
    SL                 0.088      0.049      1.784      0.074
    EXER              -0.078      0.051     -1.536      0.125
    DT                 0.017      0.053      0.329      0.742

 Intercepts
    INIT               3.345      0.111     30.255      0.000
    INHIB              5.476      0.183     29.868      0.000
    CONT               4.593      0.155     29.571      0.000
    BFI                5.471      0.181     30.263      0.000
    PSYEFFECT          3.467      0.118     29.261      0.000
    SCHED              3.718      0.155     24.001      0.000
    INSEC              2.048      0.056     36.699      0.000
    SL                 2.644      0.336      7.862      0.000
    EXER               2.047      0.336      6.099      0.000
    DT                 2.934      0.383      7.653      0.000
    SUBS               2.249      0.390      5.768      0.000

 Variances
    DISRUPT            1.000      0.000    999.000    999.000
    SREG               1.000      0.000    999.000    999.000

 Residual Variances
    INIT               0.332      0.039      8.432      0.000
    INHIB              0.767      0.043     17.965      0.000
    CONT               0.565      0.051     11.148      0.000
    BFI                0.212      0.041      5.228      0.000
    PSYEFFECT          0.431      0.069      6.263      0.000
    SCHED              0.505      0.070      7.170      0.000
    INSEC              0.685      0.062     11.105      0.000
    SL                 0.912      0.034     27.187      0.000
    EXER               0.919      0.034     26.807      0.000
    DT                 0.977      0.018     53.506      0.000
    SUBS               0.924      0.029     31.420      0.000


STD Standardization

                                                    Two-Tailed
                    Estimate       S.E.  Est./S.E.    P-Value

 DISRUPT  BY
    PSYEFFECT          0.709      0.052     13.562      0.000
    SCHED              0.688      0.057     11.968      0.000
    INSEC              0.723      0.077      9.439      0.000

 SREG     BY
    CONT               0.496      0.037     13.468      0.000
    INIT               0.799      0.038     21.297      0.000
    INHIB              0.337      0.036      9.431      0.000
    BFI                0.626      0.028     22.715      0.000

 SL       ON
    SREG              -0.019      0.047     -0.414      0.679
    DISRUPT           -0.230      0.047     -4.837      0.000

 EXER     ON
    SREG               0.019      0.047      0.397      0.691
    DISRUPT           -0.225      0.055     -4.116      0.000

 DT       ON
    SREG              -0.020      0.036     -0.544      0.586
    DISRUPT           -0.060      0.040     -1.509      0.131

 SUBS     ON
    SREG               0.009      0.045      0.206      0.837
    DISRUPT           -0.182      0.046     -3.927      0.000

 SL       ON
    AGE               -0.001      0.004     -0.247      0.805
    SEX               -0.041      0.079     -0.522      0.602
    WHITE             -0.057      0.081     -0.703      0.482
    CHILD              0.130      0.081      1.613      0.107
    PREHABIT          -0.043      0.060     -0.718      0.472

 EXER     ON
    AGE                0.000      0.004     -0.053      0.958
    SEX                0.013      0.083      0.154      0.878
    WHITE             -0.146      0.088     -1.656      0.098
    CHILD              0.077      0.087      0.894      0.371
    PREHABIT           0.044      0.064      0.684      0.494

 DT       ON
    AGE                0.004      0.003      1.169      0.243
    SEX               -0.031      0.061     -0.509      0.611
    WHITE             -0.028      0.064     -0.435      0.663
    CHILD              0.099      0.064      1.552      0.121
    PREHABIT          -0.001      0.046     -0.011      0.991

 SUBS     ON
    AGE                0.004      0.003      1.202      0.229
    SEX               -0.017      0.077     -0.220      0.826
    WHITE              0.157      0.081      1.947      0.052
    CHILD              0.026      0.078      0.332      0.740
    PREHABIT           0.071      0.063      1.135      0.256

 SREG     WITH
    DISRUPT           -0.146      0.065     -2.250      0.024

 EXER     WITH
    SL                 0.011      0.034      0.332      0.740

 DT       WITH
    SL                -0.010      0.023     -0.424      0.671
    EXER               0.005      0.025      0.192      0.848

 SUBS     WITH
    SL                 0.050      0.028      1.765      0.078
    EXER              -0.047      0.031     -1.536      0.125
    DT                 0.008      0.024      0.329      0.742

 Intercepts
    INIT               3.270      0.048     68.297      0.000
    INHIB              3.826      0.034    111.817      0.000
    CONT               3.456      0.037     93.782      0.000
    BFI                3.860      0.035    111.725      0.000
    PSYEFFECT          3.261      0.046     70.793      0.000
    SCHED              3.634      0.048     75.928      0.000
    INSEC              2.639      0.063     41.755      0.000
    SL                 2.132      0.269      7.935      0.000
    EXER               1.759      0.286      6.156      0.000
    DT                 1.812      0.228      7.938      0.000
    SUBS               1.733      0.287      6.029      0.000

 Variances
    DISRUPT            1.000      0.000    999.000    999.000
    SREG               1.000      0.000    999.000    999.000

 Residual Variances
    INIT               0.317      0.036      8.851      0.000
    INHIB              0.375      0.025     14.799      0.000
    CONT               0.320      0.029     10.850      0.000
    BFI                0.105      0.020      5.385      0.000
    PSYEFFECT          0.382      0.059      6.478      0.000
    SCHED              0.482      0.070      6.904      0.000
    INSEC              1.138      0.103     11.068      0.000
    SL                 0.592      0.028     21.091      0.000
    EXER               0.678      0.031     22.215      0.000
    DT                 0.373      0.023     15.927      0.000
    SUBS               0.548      0.029     18.607      0.000


R-SQUARE

    Observed                                        Two-Tailed
    Variable        Estimate       S.E.  Est./S.E.    P-Value

    INIT               0.668      0.039     16.961      0.000
    INHIB              0.233      0.043      5.449      0.000
    CONT               0.435      0.051      8.589      0.000
    BFI                0.788      0.041     19.435      0.000
    PSYEFFEC           0.569      0.069      8.252      0.000
    SCHED              0.495      0.070      7.027      0.000
    INSEC              0.315      0.062      5.107      0.000
    SL                 0.088      0.034      2.639      0.008
    EXER               0.081      0.034      2.374      0.018
    DT                 0.023      0.018      1.257      0.209
    SUBS               0.076      0.029      2.603      0.009


RESIDUAL OUTPUT


     ESTIMATED MODEL AND RESIDUALS (OBSERVED - ESTIMATED)


           Model Estimated Means
              INIT          INHIB         CONT          BFI           PSYEFFEC
              ________      ________      ________      ________      ________
                3.270         3.826         3.456         3.860         3.261


           Model Estimated Means
              SCHED         INSEC         SL            EXER          DT
              ________      ________      ________      ________      ________
                3.634         2.639         1.923         1.868         1.942


           Model Estimated Means
              SUBS          AGE           SEX           WHITE         CHILD
              ________      ________      ________      ________      ________
                2.269        34.631         0.405         0.664         0.405


           Model Estimated Means
              PREHABIT
              ________
                4.055


           Residuals for Means
              INIT          INHIB         CONT          BFI           PSYEFFEC
              ________      ________      ________      ________      ________
                0.000         0.000         0.000         0.000         0.000


           Residuals for Means
              SCHED         INSEC         SL            EXER          DT
              ________      ________      ________      ________      ________
                0.000         0.001         0.000         0.000         0.000


           Residuals for Means
              SUBS          AGE           SEX           WHITE         CHILD
              ________      ________      ________      ________      ________
                0.000         0.000         0.000         0.000         0.000


           Residuals for Means
              PREHABIT
              ________
                0.000


           Standardized Residuals (z-scores) for Means
              INIT          INHIB         CONT          BFI           PSYEFFEC
              ________      ________      ________      ________      ________
                0.000         0.000         0.000         0.000         0.000


           Standardized Residuals (z-scores) for Means
              SCHED         INSEC         SL            EXER          DT
              ________      ________      ________      ________      ________
                0.000         0.360         0.000         0.000         0.000


           Standardized Residuals (z-scores) for Means
              SUBS          AGE           SEX           WHITE         CHILD
              ________      ________      ________      ________      ________
                0.000         0.000         0.000         0.000         0.000


           Standardized Residuals (z-scores) for Means
              PREHABIT
              ________
                0.000


           Normalized Residuals for Means
              INIT          INHIB         CONT          BFI           PSYEFFEC
              ________      ________      ________      ________      ________
                0.000         0.000         0.000         0.000         0.000


           Normalized Residuals for Means
              SCHED         INSEC         SL            EXER          DT
              ________      ________      ________      ________      ________
                0.000         0.012         0.000         0.000         0.000


           Normalized Residuals for Means
              SUBS          AGE           SEX           WHITE         CHILD
              ________      ________      ________      ________      ________
                0.000         0.000         0.000         0.000         0.000


           Normalized Residuals for Means
              PREHABIT
              ________
                0.000


           Model Estimated Covariances
              INIT          INHIB         CONT          BFI           PSYEFFEC
              ________      ________      ________      ________      ________
 INIT           0.956
 INHIB          0.269         0.488
 CONT           0.397         0.167         0.566
 BFI            0.500         0.211         0.311         0.498
 PSYEFFEC      -0.083        -0.035        -0.051        -0.065         0.885
 SCHED         -0.080        -0.034        -0.050        -0.063         0.488
 INSEC         -0.084        -0.036        -0.052        -0.066         0.513
 SL             0.011         0.005         0.007         0.009        -0.161
 EXER           0.041         0.017         0.026         0.032        -0.162
 DT            -0.009        -0.004        -0.005        -0.007        -0.041
 SUBS           0.029         0.012         0.018         0.023        -0.130
 AGE            0.000         0.000         0.000         0.000         0.000
 SEX            0.000         0.000         0.000         0.000         0.000
 WHITE          0.000         0.000         0.000         0.000         0.000
 CHILD          0.000         0.000         0.000         0.000         0.000
 PREHABIT       0.000         0.000         0.000         0.000         0.000


           Model Estimated Covariances
              SCHED         INSEC         SL            EXER          DT
              ________      ________      ________      ________      ________
 SCHED          0.955
 INSEC          0.497         1.661
 SL            -0.156        -0.164         0.650
 EXER          -0.157        -0.165         0.066         0.738
 DT            -0.039        -0.042         0.007         0.020         0.381
 SUBS          -0.126        -0.133         0.089        -0.009         0.021
 AGE            0.000         0.000        -0.058        -0.018         0.561
 SEX            0.000         0.000        -0.007         0.005        -0.008
 WHITE          0.000         0.000        -0.013        -0.035        -0.004
 CHILD          0.000         0.000         0.030         0.021         0.028
 PREHABIT       0.000         0.000        -0.015         0.024         0.007


           Model Estimated Covariances
              SUBS          AGE           SEX           WHITE         CHILD
              ________      ________      ________      ________      ________
 SUBS           0.594
 AGE            0.755       132.228
 SEX           -0.010        -0.332         0.241
 WHITE          0.037         0.759        -0.020         0.223
 CHILD          0.010         1.027         0.001        -0.010         0.241
 PREHABIT       0.034         1.006        -0.025        -0.022         0.024


           Model Estimated Covariances
              PREHABIT
              ________
 PREHABIT       0.449


           Model Estimated Correlations
              INIT          INHIB         CONT          BFI           PSYEFFEC
              ________      ________      ________      ________      ________
 INIT           1.000
 INHIB          0.394         1.000
 CONT           0.539         0.318         1.000
 BFI            0.725         0.428         0.586         1.000
 PSYEFFEC      -0.090        -0.053        -0.073        -0.098         1.000
 SCHED         -0.084        -0.050        -0.068        -0.091         0.530
 INSEC         -0.067        -0.040        -0.054        -0.073         0.423
 SL             0.014         0.009         0.012         0.016        -0.212
 EXER           0.049         0.029         0.040         0.053        -0.200
 DT            -0.014        -0.008        -0.012        -0.016        -0.070
 SUBS           0.038         0.022         0.031         0.041        -0.180
 AGE            0.000         0.000         0.000         0.000         0.000
 SEX            0.000         0.000         0.000         0.000         0.000
 WHITE          0.000         0.000         0.000         0.000         0.000
 CHILD          0.000         0.000         0.000         0.000         0.000
 PREHABIT       0.000         0.000         0.000         0.000         0.000


           Model Estimated Correlations
              SCHED         INSEC         SL            EXER          DT
              ________      ________      ________      ________      ________
 SCHED          1.000
 INSEC          0.395         1.000
 SL            -0.198        -0.158         1.000
 EXER          -0.187        -0.149         0.096         1.000
 DT            -0.065        -0.052         0.014         0.038         1.000
 SUBS          -0.168        -0.134         0.144        -0.013         0.045
 AGE            0.000         0.000        -0.006        -0.002         0.079
 SEX            0.000         0.000        -0.018         0.012        -0.026
 WHITE          0.000         0.000        -0.034        -0.086        -0.013
 CHILD          0.000         0.000         0.076         0.050         0.091
 PREHABIT       0.000         0.000        -0.028         0.042         0.017


           Model Estimated Correlations
              SUBS          AGE           SEX           WHITE         CHILD
              ________      ________      ________      ________      ________
 SUBS           1.000
 AGE            0.085         1.000
 SEX           -0.027        -0.059         1.000
 WHITE          0.100         0.140        -0.085         1.000
 CHILD          0.028         0.182         0.005        -0.044         1.000
 PREHABIT       0.065         0.130        -0.076        -0.070         0.071


           Model Estimated Correlations
              PREHABIT
              ________
 PREHABIT       1.000


           Residuals for Covariances
              INIT          INHIB         CONT          BFI           PSYEFFEC
              ________      ________      ________      ________      ________
 INIT           0.000
 INHIB         -0.008         0.000
 CONT          -0.014         0.046         0.000
 BFI            0.005        -0.009        -0.002         0.000
 PSYEFFEC      -0.016        -0.007        -0.035         0.004         0.000
 SCHED          0.053        -0.001         0.028         0.058        -0.007
 INSEC         -0.108        -0.024        -0.075        -0.088        -0.014
 SL            -0.003         0.021        -0.010         0.003         0.001
 EXER           0.009         0.002        -0.025         0.010        -0.050
 DT             0.026        -0.006        -0.021         0.014         0.017
 SUBS           0.013         0.019         0.042         0.011         0.001
 AGE            2.428         1.239         1.681         0.861        -0.511
 SEX           -0.038        -0.025        -0.001        -0.043        -0.055
 WHITE          0.015         0.007         0.019         0.019         0.000
 CHILD          0.070         0.018         0.049         0.036         0.017
 PREHABIT       0.094         0.078         0.043         0.108         0.098


           Residuals for Covariances
              SCHED         INSEC         SL            EXER          DT
              ________      ________      ________      ________      ________
 SCHED          0.000
 INSEC          0.041         0.001
 SL             0.028        -0.022        -0.003
 EXER           0.027         0.152        -0.004        -0.005
 DT            -0.019         0.019        -0.002        -0.001        -0.001
 SUBS          -0.001         0.000        -0.002        -0.001        -0.001
 AGE           -1.005        -0.495         0.145         0.214         0.010
 SEX           -0.012         0.014         0.007         0.005         0.003
 WHITE         -0.047        -0.070         0.006         0.007         0.001
 CHILD          0.130        -0.014        -0.013        -0.011        -0.004
 PREHABIT       0.075         0.003        -0.019        -0.014        -0.007


           Residuals for Covariances
              SUBS          AGE           SEX           WHITE         CHILD
              ________      ________      ________      ________      ________
 SUBS           0.001
 AGE            0.162         0.000
 SEX            0.005         0.000         0.000
 WHITE          0.006         0.000         0.000         0.000
 CHILD         -0.009         0.000         0.000         0.000         0.000
 PREHABIT      -0.012         0.000         0.000         0.000         0.000


           Residuals for Covariances
              PREHABIT
              ________
 PREHABIT       0.000


           Residuals for Correlations
              INIT          INHIB         CONT          BFI           PSYEFFEC
              ________      ________      ________      ________      ________
 INIT           0.000
 INHIB         -0.012         0.000
 CONT          -0.019         0.087         0.000
 BFI            0.007        -0.018        -0.003         0.000
 PSYEFFEC      -0.017        -0.011        -0.049         0.006         0.000
 SCHED          0.055        -0.002         0.038         0.084        -0.008
 INSEC         -0.086        -0.026        -0.077        -0.097        -0.011
 SL            -0.004         0.037        -0.017         0.005         0.000
 EXER           0.011         0.003        -0.039         0.017        -0.062
 DT             0.043        -0.015        -0.046         0.031         0.030
 SUBS           0.017         0.035         0.072         0.020         0.001
 AGE            0.216         0.154         0.194         0.106        -0.047
 SEX           -0.078        -0.071        -0.002        -0.124        -0.119
 WHITE          0.032         0.021         0.053         0.058         0.001
 CHILD          0.147         0.052         0.132         0.103         0.037
 PREHABIT       0.144         0.167         0.085         0.228         0.155


           Residuals for Correlations
              SCHED         INSEC         SL            EXER          DT
              ________      ________      ________      ________      ________
 SCHED          0.000
 INSEC          0.033         0.000
 SL             0.035        -0.022         0.000
 EXER           0.032         0.137        -0.006         0.000
 DT            -0.032         0.024        -0.003        -0.003         0.000
 SUBS          -0.001         0.000        -0.002        -0.002        -0.002
 AGE           -0.089        -0.033         0.016         0.022         0.002
 SEX           -0.025         0.022         0.018         0.013         0.008
 WHITE         -0.101        -0.115         0.017         0.018         0.005
 CHILD          0.270        -0.022        -0.033        -0.025        -0.014
 PREHABIT       0.114         0.003        -0.035        -0.024        -0.017


           Residuals for Correlations
              SUBS          AGE           SEX           WHITE         CHILD
              ________      ________      ________      ________      ________
 SUBS           0.000
 AGE            0.018         0.000
 SEX            0.012         0.000         0.000
 WHITE          0.016         0.000         0.000         0.000
 CHILD         -0.024         0.000         0.000         0.000         0.000
 PREHABIT      -0.023         0.000         0.000         0.000         0.000


           Residuals for Correlations
              PREHABIT
              ________
 PREHABIT       0.000


           Standardized Residuals (z-scores) for Covariances
              INIT          INHIB         CONT          BFI           PSYEFFEC
              ________      ________      ________      ________      ________
 INIT           0.000
 INHIB         -0.788         0.000
 CONT          -1.207         3.574         0.000
 BFI          999.000        -1.148        -0.654         0.000
 PSYEFFEC      -0.534        -0.257        -1.375         0.270         0.000
 SCHED          1.634        -0.045         0.995         2.843        -1.186
 INSEC         -2.288        -0.538        -1.970        -2.839        -0.883
 SL            -0.201         0.851        -0.481         1.018         0.056
 EXER           0.495         0.083        -1.136         1.922       999.000
 DT             2.313        -0.376        -1.374       999.000         1.321
 SUBS           0.810         0.905         2.104         6.734         0.120
 AGE            4.522         3.178         4.191         2.263        -1.021
 SEX           -1.588        -1.460        -0.045        -2.554        -2.423
 WHITE          0.670         0.439         1.102         1.184         0.015
 CHILD          3.035         1.063         2.707         2.107         0.735
 PREHABIT       2.818         3.150         1.656         4.327         3.020


           Standardized Residuals (z-scores) for Covariances
              SCHED         INSEC         SL            EXER          DT
              ________      ________      ________      ________      ________
 SCHED          0.000
 INSEC        999.000         0.228
 SL             1.265        -0.721       999.000
 EXER           1.361         3.720       999.000       999.000
 DT            -1.236         0.718       999.000       999.000       999.000
 SUBS          -0.066        -0.013       999.000       999.000       999.000
 AGE           -1.649        -0.679       999.000       999.000       999.000
 SEX           -0.503         0.460         1.506         1.546         2.873
 WHITE         -2.069        -2.332         1.998         1.818       999.000
 CHILD          5.790        -0.451        -4.066        -5.224       999.000
 PREHABIT       2.447         0.068        -8.899       999.000       999.000


           Standardized Residuals (z-scores) for Covariances
              SUBS          AGE           SEX           WHITE         CHILD
              ________      ________      ________      ________      ________
 SUBS         999.000
 AGE            1.314         0.000
 SEX            4.330         0.000         0.000
 WHITE        999.000         0.000         0.000         0.000
 CHILD        999.000         0.000         0.000         0.000         0.000
 PREHABIT     999.000         0.000         0.000         0.000         0.000


           Standardized Residuals (z-scores) for Covariances
              PREHABIT
              ________
 PREHABIT       0.000


           Normalized Residuals for Covariances
              INIT          INHIB         CONT          BFI           PSYEFFEC
              ________      ________      ________      ________      ________
 INIT           0.000
 INHIB         -0.233         0.000
 CONT          -0.345         1.657         0.000
 BFI            0.134        -0.344        -0.060         0.000
 PSYEFFEC      -0.323        -0.221        -0.990         0.124         0.000
 SCHED          1.103        -0.040         0.781         1.707        -0.151
 INSEC         -1.730        -0.498        -1.633        -2.001        -0.230
 SL            -0.086         0.723        -0.335         0.095         0.021
 EXER           0.215         0.070        -0.794         0.352        -1.229
 DT             0.861        -0.310        -0.914         0.628         0.570
 SUBS           0.335         0.733         1.410         0.397         0.025
 AGE            4.522         3.178         4.191         2.263        -1.021
 SEX           -1.588        -1.460        -0.045        -2.554        -2.423
 WHITE          0.670         0.439         1.102         1.184         0.015
 CHILD          3.035         1.063         2.707         2.107         0.735
 PREHABIT       2.818         3.150         1.656         4.327         3.020


           Normalized Residuals for Covariances
              SCHED         INSEC         SL            EXER          DT
              ________      ________      ________      ________      ________
 SCHED          0.000
 INSEC          0.632         0.014
 SL             0.695        -0.457        -0.143
 EXER           0.632         2.799        -0.125        -0.213
 DT            -0.603         0.491        -0.065        -0.055        -0.043
 SUBS          -0.030        -0.009        -0.052        -0.043        -0.040
 AGE           -1.649        -0.679         0.316         0.446         0.026
 SEX           -0.503         0.460         0.367         0.257         0.173
 WHITE         -2.069        -2.332         0.350         0.361         0.095
 CHILD          5.790        -0.451        -0.694        -0.519        -0.305
 PREHABIT       2.447         0.068        -0.708        -0.490        -0.348


           Normalized Residuals for Covariances
              SUBS          AGE           SEX           WHITE         CHILD
              ________      ________      ________      ________      ________
 SUBS           0.029
 AGE            0.357         0.000
 SEX            0.245         0.000         0.000
 WHITE          0.316         0.000         0.000         0.000
 CHILD         -0.493         0.000         0.000         0.000         0.000
 PREHABIT      -0.433         0.000         0.000         0.000         0.000


           Normalized Residuals for Covariances
              PREHABIT
              ________
 PREHABIT       0.000


TECHNICAL 1 OUTPUT


     PARAMETER SPECIFICATION


           NU
              INIT          INHIB         CONT          BFI           PSYEFFEC
              ________      ________      ________      ________      ________
                  1             2             3             4             5


           NU
              SCHED         INSEC         SL            EXER          DT
              ________      ________      ________      ________      ________
                  6             7             0             0             0


           NU
              SUBS          AGE           SEX           WHITE         CHILD
              ________      ________      ________      ________      ________
                  0             0             0             0             0


           NU
              PREHABIT
              ________
                  0


           LAMBDA
              DISRUPT       SREG          SL            EXER          DT
              ________      ________      ________      ________      ________
 INIT               0             8             0             0             0
 INHIB              0             9             0             0             0
 CONT               0             0             0             0             0
 BFI                0            10             0             0             0
 PSYEFFEC           0             0             0             0             0
 SCHED             11             0             0             0             0
 INSEC             12             0             0             0             0
 SL                 0             0             0             0             0
 EXER               0             0             0             0             0
 DT                 0             0             0             0             0
 SUBS               0             0             0             0             0
 AGE                0             0             0             0             0
 SEX                0             0             0             0             0
 WHITE              0             0             0             0             0
 CHILD              0             0             0             0             0
 PREHABIT           0             0             0             0             0


           LAMBDA
              SUBS          AGE           SEX           WHITE         CHILD
              ________      ________      ________      ________      ________
 INIT               0             0             0             0             0
 INHIB              0             0             0             0             0
 CONT               0             0             0             0             0
 BFI                0             0             0             0             0
 PSYEFFEC           0             0             0             0             0
 SCHED              0             0             0             0             0
 INSEC              0             0             0             0             0
 SL                 0             0             0             0             0
 EXER               0             0             0             0             0
 DT                 0             0             0             0             0
 SUBS               0             0             0             0             0
 AGE                0             0             0             0             0
 SEX                0             0             0             0             0
 WHITE              0             0             0             0             0
 CHILD              0             0             0             0             0
 PREHABIT           0             0             0             0             0


           LAMBDA
              PREHABIT
              ________
 INIT               0
 INHIB              0
 CONT               0
 BFI                0
 PSYEFFEC           0
 SCHED              0
 INSEC              0
 SL                 0
 EXER               0
 DT                 0
 SUBS               0
 AGE                0
 SEX                0
 WHITE              0
 CHILD              0
 PREHABIT           0


           THETA
              INIT          INHIB         CONT          BFI           PSYEFFEC
              ________      ________      ________      ________      ________
 INIT              13
 INHIB              0            14
 CONT               0             0            15
 BFI                0             0             0            16
 PSYEFFEC           0             0             0             0            17
 SCHED              0             0             0             0             0
 INSEC              0             0             0             0             0
 SL                 0             0             0             0             0
 EXER               0             0             0             0             0
 DT                 0             0             0             0             0
 SUBS               0             0             0             0             0
 AGE                0             0             0             0             0
 SEX                0             0             0             0             0
 WHITE              0             0             0             0             0
 CHILD              0             0             0             0             0
 PREHABIT           0             0             0             0             0


           THETA
              SCHED         INSEC         SL            EXER          DT
              ________      ________      ________      ________      ________
 SCHED             18
 INSEC              0            19
 SL                 0             0             0
 EXER               0             0             0             0
 DT                 0             0             0             0             0
 SUBS               0             0             0             0             0
 AGE                0             0             0             0             0
 SEX                0             0             0             0             0
 WHITE              0             0             0             0             0
 CHILD              0             0             0             0             0
 PREHABIT           0             0             0             0             0


           THETA
              SUBS          AGE           SEX           WHITE         CHILD
              ________      ________      ________      ________      ________
 SUBS               0
 AGE                0             0
 SEX                0             0             0
 WHITE              0             0             0             0
 CHILD              0             0             0             0             0
 PREHABIT           0             0             0             0             0


           THETA
              PREHABIT
              ________
 PREHABIT           0


           ALPHA
              DISRUPT       SREG          SL            EXER          DT
              ________      ________      ________      ________      ________
                  0             0            20            21            22


           ALPHA
              SUBS          AGE           SEX           WHITE         CHILD
              ________      ________      ________      ________      ________
                 23             0             0             0             0


           ALPHA
              PREHABIT
              ________
                  0


           BETA
              DISRUPT       SREG          SL            EXER          DT
              ________      ________      ________      ________      ________
 DISRUPT            0             0             0             0             0
 SREG               0             0             0             0             0
 SL                24            25             0             0             0
 EXER              31            32             0             0             0
 DT                38            39             0             0             0
 SUBS              45            46             0             0             0
 AGE                0             0             0             0             0
 SEX                0             0             0             0             0
 WHITE              0             0             0             0             0
 CHILD              0             0             0             0             0
 PREHABIT           0             0             0             0             0


           BETA
              SUBS          AGE           SEX           WHITE         CHILD
              ________      ________      ________      ________      ________
 DISRUPT            0             0             0             0             0
 SREG               0             0             0             0             0
 SL                 0            26            27            28            29
 EXER               0            33            34            35            36
 DT                 0            40            41            42            43
 SUBS               0            47            48            49            50
 AGE                0             0             0             0             0
 SEX                0             0             0             0             0
 WHITE              0             0             0             0             0
 CHILD              0             0             0             0             0
 PREHABIT           0             0             0             0             0


           BETA
              PREHABIT
              ________
 DISRUPT            0
 SREG               0
 SL                30
 EXER              37
 DT                44
 SUBS              51
 AGE                0
 SEX                0
 WHITE              0
 CHILD              0
 PREHABIT           0


           PSI
              DISRUPT       SREG          SL            EXER          DT
              ________      ________      ________      ________      ________
 DISRUPT           52
 SREG              53            54
 SL                 0             0            55
 EXER               0             0            56            57
 DT                 0             0            58            59            60
 SUBS               0             0            61            62            63
 AGE                0             0             0             0             0
 SEX                0             0             0             0             0
 WHITE              0             0             0             0             0
 CHILD              0             0             0             0             0
 PREHABIT           0             0             0             0             0


           PSI
              SUBS          AGE           SEX           WHITE         CHILD
              ________      ________      ________      ________      ________
 SUBS              64
 AGE                0             0
 SEX                0             0             0
 WHITE              0             0             0             0
 CHILD              0             0             0             0             0
 PREHABIT           0             0             0             0             0


           PSI
              PREHABIT
              ________
 PREHABIT           0


     STARTING VALUES


           NU
              INIT          INHIB         CONT          BFI           PSYEFFEC
              ________      ________      ________      ________      ________
                3.270         3.826         3.456         3.860         3.261


           NU
              SCHED         INSEC         SL            EXER          DT
              ________      ________      ________      ________      ________
                3.634         2.637         0.000         0.000         0.000


           NU
              SUBS          AGE           SEX           WHITE         CHILD
              ________      ________      ________      ________      ________
                0.000         0.000         0.000         0.000         0.000


           NU
              PREHABIT
              ________
                0.000


           LAMBDA
              DISRUPT       SREG          SL            EXER          DT
              ________      ________      ________      ________      ________
 INIT           0.000         1.602         0.000         0.000         0.000
 INHIB          0.000         0.673         0.000         0.000         0.000
 CONT           0.000         1.000         0.000         0.000         0.000
 BFI            0.000         1.278         0.000         0.000         0.000
 PSYEFFEC       1.000         0.000         0.000         0.000         0.000
 SCHED          0.935         0.000         0.000         0.000         0.000
 INSEC          0.966         0.000         0.000         0.000         0.000
 SL             0.000         0.000         1.000         0.000         0.000
 EXER           0.000         0.000         0.000         1.000         0.000
 DT             0.000         0.000         0.000         0.000         1.000
 SUBS           0.000         0.000         0.000         0.000         0.000
 AGE            0.000         0.000         0.000         0.000         0.000
 SEX            0.000         0.000         0.000         0.000         0.000
 WHITE          0.000         0.000         0.000         0.000         0.000
 CHILD          0.000         0.000         0.000         0.000         0.000
 PREHABIT       0.000         0.000         0.000         0.000         0.000


           LAMBDA
              SUBS          AGE           SEX           WHITE         CHILD
              ________      ________      ________      ________      ________
 INIT           0.000         0.000         0.000         0.000         0.000
 INHIB          0.000         0.000         0.000         0.000         0.000
 CONT           0.000         0.000         0.000         0.000         0.000
 BFI            0.000         0.000         0.000         0.000         0.000
 PSYEFFEC       0.000         0.000         0.000         0.000         0.000
 SCHED          0.000         0.000         0.000         0.000         0.000
 INSEC          0.000         0.000         0.000         0.000         0.000
 SL             0.000         0.000         0.000         0.000         0.000
 EXER           0.000         0.000         0.000         0.000         0.000
 DT             0.000         0.000         0.000         0.000         0.000
 SUBS           1.000         0.000         0.000         0.000         0.000
 AGE            0.000         1.000         0.000         0.000         0.000
 SEX            0.000         0.000         1.000         0.000         0.000
 WHITE          0.000         0.000         0.000         1.000         0.000
 CHILD          0.000         0.000         0.000         0.000         1.000
 PREHABIT       0.000         0.000         0.000         0.000         0.000


           LAMBDA
              PREHABIT
              ________
 INIT           0.000
 INHIB          0.000
 CONT           0.000
 BFI            0.000
 PSYEFFEC       0.000
 SCHED          0.000
 INSEC          0.000
 SL             0.000
 EXER           0.000
 DT             0.000
 SUBS           0.000
 AGE            0.000
 SEX            0.000
 WHITE          0.000
 CHILD          0.000
 PREHABIT       1.000


           THETA
              INIT          INHIB         CONT          BFI           PSYEFFEC
              ________      ________      ________      ________      ________
 INIT           0.478
 INHIB          0.000         0.244
 CONT           0.000         0.000         0.283
 BFI            0.000         0.000         0.000         0.249
 PSYEFFEC       0.000         0.000         0.000         0.000         0.442
 SCHED          0.000         0.000         0.000         0.000         0.000
 INSEC          0.000         0.000         0.000         0.000         0.000
 SL             0.000         0.000         0.000         0.000         0.000
 EXER           0.000         0.000         0.000         0.000         0.000
 DT             0.000         0.000         0.000         0.000         0.000
 SUBS           0.000         0.000         0.000         0.000         0.000
 AGE            0.000         0.000         0.000         0.000         0.000
 SEX            0.000         0.000         0.000         0.000         0.000
 WHITE          0.000         0.000         0.000         0.000         0.000
 CHILD          0.000         0.000         0.000         0.000         0.000
 PREHABIT       0.000         0.000         0.000         0.000         0.000


           THETA
              SCHED         INSEC         SL            EXER          DT
              ________      ________      ________      ________      ________
 SCHED          0.478
 INSEC          0.000         0.830
 SL             0.000         0.000         0.000
 EXER           0.000         0.000         0.000         0.000
 DT             0.000         0.000         0.000         0.000         0.000
 SUBS           0.000         0.000         0.000         0.000         0.000
 AGE            0.000         0.000         0.000         0.000         0.000
 SEX            0.000         0.000         0.000         0.000         0.000
 WHITE          0.000         0.000         0.000         0.000         0.000
 CHILD          0.000         0.000         0.000         0.000         0.000
 PREHABIT       0.000         0.000         0.000         0.000         0.000


           THETA
              SUBS          AGE           SEX           WHITE         CHILD
              ________      ________      ________      ________      ________
 SUBS           0.000
 AGE            0.000         0.000
 SEX            0.000         0.000         0.000
 WHITE          0.000         0.000         0.000         0.000
 CHILD          0.000         0.000         0.000         0.000         0.000
 PREHABIT       0.000         0.000         0.000         0.000         0.000


           THETA
              PREHABIT
              ________
 PREHABIT       0.000


           ALPHA
              DISRUPT       SREG          SL            EXER          DT
              ________      ________      ________      ________      ________
                0.000         0.000         1.923         1.868         1.942


           ALPHA
              SUBS          AGE           SEX           WHITE         CHILD
              ________      ________      ________      ________      ________
                2.269        34.631         0.405         0.664         0.405


           ALPHA
              PREHABIT
              ________
                4.055


           BETA
              DISRUPT       SREG          SL            EXER          DT
              ________      ________      ________      ________      ________
 DISRUPT        0.000         0.000         0.000         0.000         0.000
 SREG           0.000         0.000         0.000         0.000         0.000
 SL             0.000         0.000         0.000         0.000         0.000
 EXER           0.000         0.000         0.000         0.000         0.000
 DT             0.000         0.000         0.000         0.000         0.000
 SUBS           0.000         0.000         0.000         0.000         0.000
 AGE            0.000         0.000         0.000         0.000         0.000
 SEX            0.000         0.000         0.000         0.000         0.000
 WHITE          0.000         0.000         0.000         0.000         0.000
 CHILD          0.000         0.000         0.000         0.000         0.000
 PREHABIT       0.000         0.000         0.000         0.000         0.000


           BETA
              SUBS          AGE           SEX           WHITE         CHILD
              ________      ________      ________      ________      ________
 DISRUPT        0.000         0.000         0.000         0.000         0.000
 SREG           0.000         0.000         0.000         0.000         0.000
 SL             0.000         0.000         0.000         0.000         0.000
 EXER           0.000         0.000         0.000         0.000         0.000
 DT             0.000         0.000         0.000         0.000         0.000
 SUBS           0.000         0.000         0.000         0.000         0.000
 AGE            0.000         0.000         0.000         0.000         0.000
 SEX            0.000         0.000         0.000         0.000         0.000
 WHITE          0.000         0.000         0.000         0.000         0.000
 CHILD          0.000         0.000         0.000         0.000         0.000
 PREHABIT       0.000         0.000         0.000         0.000         0.000


           BETA
              PREHABIT
              ________
 DISRUPT        0.000
 SREG           0.000
 SL             0.000
 EXER           0.000
 DT             0.000
 SUBS           0.000
 AGE            0.000
 SEX            0.000
 WHITE          0.000
 CHILD          0.000
 PREHABIT       0.000


           PSI
              DISRUPT       SREG          SL            EXER          DT
              ________      ________      ________      ________      ________
 DISRUPT        0.050
 SREG           0.000         0.050
 SL             0.000         0.000         0.323
 EXER           0.000         0.000         0.000         0.367
 DT             0.000         0.000         0.000         0.000         0.190
 SUBS           0.000         0.000         0.000         0.000         0.000
 AGE            0.000         0.000         0.000         0.000         0.000
 SEX            0.000         0.000         0.000         0.000         0.000
 WHITE          0.000         0.000         0.000         0.000         0.000
 CHILD          0.000         0.000         0.000         0.000         0.000
 PREHABIT       0.000         0.000         0.000         0.000         0.000


           PSI
              SUBS          AGE           SEX           WHITE         CHILD
              ________      ________      ________      ________      ________
 SUBS           0.297
 AGE            0.000       132.228
 SEX            0.000        -0.332         0.241
 WHITE          0.000         0.759        -0.020         0.223
 CHILD          0.000         1.027         0.001        -0.010         0.241
 PREHABIT       0.000         1.006        -0.025        -0.022         0.024


           PSI
              PREHABIT
              ________
 PREHABIT       0.449


TECHNICAL 4 OUTPUT


     ESTIMATES DERIVED FROM THE MODEL


           ESTIMATED MEANS FOR THE LATENT VARIABLES
              DISRUPT       SREG          SL            EXER          DT
              ________      ________      ________      ________      ________
                0.000         0.000         1.923         1.868         1.942


           ESTIMATED MEANS FOR THE LATENT VARIABLES
              SUBS          AGE           SEX           WHITE         CHILD
              ________      ________      ________      ________      ________
                2.269        34.631         0.405         0.664         0.405


           ESTIMATED MEANS FOR THE LATENT VARIABLES
              PREHABIT
              ________
                4.055


           S.E. FOR ESTIMATED MEANS FOR THE LATENT VARIABLES
              DISRUPT       SREG          SL            EXER          DT
              ________      ________      ________      ________      ________
                0.000         0.000         0.039         0.042         0.030


           S.E. FOR ESTIMATED MEANS FOR THE LATENT VARIABLES
              SUBS          AGE           SEX           WHITE         CHILD
              ________      ________      ________      ________      ________
                0.038         0.563         0.024         0.023         0.024


           S.E. FOR ESTIMATED MEANS FOR THE LATENT VARIABLES
              PREHABIT
              ________
                0.033


           EST./S.E. FOR ESTIMATED MEANS FOR THE LATENT VARIABLES
              DISRUPT       SREG          SL            EXER          DT
              ________      ________      ________      ________      ________
                0.000         0.000        48.722        44.403        64.229


           EST./S.E. FOR ESTIMATED MEANS FOR THE LATENT VARIABLES
              SUBS          AGE           SEX           WHITE         CHILD
              ________      ________      ________      ________      ________
               60.120        61.499        16.857        28.724        16.857


           EST./S.E. FOR ESTIMATED MEANS FOR THE LATENT VARIABLES
              PREHABIT
              ________
              123.568


           TWO-TAILED P-VALUE FOR ESTIMATED MEANS FOR THE LATENT VARIABLES
              DISRUPT       SREG          SL            EXER          DT
              ________      ________      ________      ________      ________
                1.000         1.000         0.000         0.000         0.000


           TWO-TAILED P-VALUE FOR ESTIMATED MEANS FOR THE LATENT VARIABLES
              SUBS          AGE           SEX           WHITE         CHILD
              ________      ________      ________      ________      ________
                0.000         0.000         0.000         0.000         0.000


           TWO-TAILED P-VALUE FOR ESTIMATED MEANS FOR THE LATENT VARIABLES
              PREHABIT
              ________
                0.000


           ESTIMATED COVARIANCE MATRIX FOR THE LATENT VARIABLES
              DISRUPT       SREG          SL            EXER          DT
              ________      ________      ________      ________      ________
 DISRUPT        0.503
 SREG          -0.051         0.246
 SL            -0.161         0.007         0.650
 EXER          -0.162         0.026         0.066         0.738
 DT            -0.041        -0.005         0.007         0.020         0.381
 SUBS          -0.130         0.018         0.089        -0.009         0.021
 AGE            0.000         0.000        -0.058        -0.018         0.561
 SEX            0.000         0.000        -0.007         0.005        -0.008
 WHITE          0.000         0.000        -0.013        -0.035        -0.004
 CHILD          0.000         0.000         0.030         0.021         0.028
 PREHABIT       0.000         0.000        -0.015         0.024         0.007


           ESTIMATED COVARIANCE MATRIX FOR THE LATENT VARIABLES
              SUBS          AGE           SEX           WHITE         CHILD
              ________      ________      ________      ________      ________
 SUBS           0.594
 AGE            0.755       132.228
 SEX           -0.010        -0.332         0.241
 WHITE          0.037         0.759        -0.020         0.223
 CHILD          0.010         1.027         0.001        -0.010         0.241
 PREHABIT       0.034         1.006        -0.025        -0.022         0.024


           ESTIMATED COVARIANCE MATRIX FOR THE LATENT VARIABLES
              PREHABIT
              ________
 PREHABIT       0.449


           S.E. FOR ESTIMATED COVARIANCE MATRIX FOR THE LATENT VARIABLES
              DISRUPT       SREG          SL            EXER          DT
              ________      ________      ________      ________      ________
 DISRUPT        0.074
 SREG           0.024         0.037
 SL             0.035         0.022         0.024
 EXER           0.044         0.023         0.035         0.024
 DT             0.027         0.017         0.025         0.027         0.024
 SUBS           0.034         0.022         0.030         0.033         0.025
 AGE            0.000         0.000         0.458         0.485         0.393
 SEX            0.000         0.000         0.019         0.020         0.015
 WHITE          0.000         0.000         0.018         0.020         0.014
 CHILD          0.000         0.000         0.019         0.020         0.015
 PREHABIT       0.000         0.000         0.027         0.029         0.021


           S.E. FOR ESTIMATED COVARIANCE MATRIX FOR THE LATENT VARIABLES
              SUBS          AGE           SEX           WHITE         CHILD
              ________      ________      ________      ________      ________
 SUBS           0.027
 AGE            0.437        10.691
 SEX            0.018         0.268         0.005
 WHITE          0.018         0.248         0.011         0.008
 CHILD          0.019         0.264         0.012         0.011         0.005
 PREHABIT       0.028         0.371         0.016         0.015         0.016


           S.E. FOR ESTIMATED COVARIANCE MATRIX FOR THE LATENT VARIABLES
              PREHABIT
              ________
 PREHABIT       0.032


           EST./S.E. FOR ESTIMATED COVARIANCE MATRIX FOR THE LATENT VARIABLES
              DISRUPT       SREG          SL            EXER          DT
              ________      ________      ________      ________      ________
 DISRUPT        6.781
 SREG          -2.110         6.734
 SL            -4.577         0.315        26.867
 EXER          -3.668         1.116         1.884        30.581
 DT            -1.481        -0.311         0.268         0.759        16.048
 SUBS          -3.807         0.806         2.985        -0.269         0.834
 AGE            0.000         0.000        -0.126        -0.037         1.429
 SEX            0.000         0.000        -0.382         0.251        -0.540
 WHITE          0.000         0.000        -0.720        -1.771        -0.272
 CHILD          0.000         0.000         1.595         1.024         1.895
 PREHABIT       0.000         0.000        -0.559         0.843         0.340


           EST./S.E. FOR ESTIMATED COVARIANCE MATRIX FOR THE LATENT VARIABLES
              SUBS          AGE           SEX           WHITE         CHILD
              ________      ________      ________      ________      ________
 SUBS          21.782
 AGE            1.726        12.368
 SEX           -0.556        -1.241        52.919
 WHITE          2.020         3.061        -1.731        29.353
 CHILD          0.564         3.898         0.103        -0.896        52.919
 PREHABIT       1.191         2.712        -1.565        -1.444         1.465


           EST./S.E. FOR ESTIMATED COVARIANCE MATRIX FOR THE LATENT VARIABLES
              PREHABIT
              ________
 PREHABIT      13.824


           TWO-TAILED P-VALUE FOR ESTIMATED COVARIANCE MATRIX FOR THE LATENT VARIABLES
              DISRUPT       SREG          SL            EXER          DT
              ________      ________      ________      ________      ________
 DISRUPT        0.000
 SREG           0.035         0.000
 SL             0.000         0.753         0.000
 EXER           0.000         0.265         0.060         0.000
 DT             0.139         0.756         0.789         0.448         0.000
 SUBS           0.000         0.420         0.003         0.788         0.404
 AGE            1.000         1.000         0.900         0.970         0.153
 SEX            1.000         1.000         0.702         0.802         0.589
 WHITE          1.000         1.000         0.472         0.077         0.786
 CHILD          1.000         1.000         0.111         0.306         0.058
 PREHABIT       1.000         1.000         0.576         0.399         0.734


           TWO-TAILED P-VALUE FOR ESTIMATED COVARIANCE MATRIX FOR THE LATENT VARIABLES
              SUBS          AGE           SEX           WHITE         CHILD
              ________      ________      ________      ________      ________
 SUBS           0.000
 AGE            0.084         0.000
 SEX            0.578         0.215         0.000
 WHITE          0.043         0.002         0.083         0.000
 CHILD          0.573         0.000         0.918         0.370         0.000
 PREHABIT       0.234         0.007         0.118         0.149         0.143


           TWO-TAILED P-VALUE FOR ESTIMATED COVARIANCE MATRIX FOR THE LATENT VARIABLES
              PREHABIT
              ________
 PREHABIT       0.000


           ESTIMATED CORRELATION MATRIX FOR THE LATENT VARIABLES
              DISRUPT       SREG          SL            EXER          DT
              ________      ________      ________      ________      ________
 DISRUPT        1.000
 SREG          -0.146         1.000
 SL            -0.281         0.018         1.000
 EXER          -0.265         0.060         0.096         1.000
 DT            -0.093        -0.018         0.014         0.038         1.000
 SUBS          -0.238         0.047         0.144        -0.013         0.045
 AGE            0.000         0.000        -0.006        -0.002         0.079
 SEX            0.000         0.000        -0.018         0.012        -0.026
 WHITE          0.000         0.000        -0.034        -0.086        -0.013
 CHILD          0.000         0.000         0.076         0.050         0.091
 PREHABIT       0.000         0.000        -0.028         0.042         0.017


           ESTIMATED CORRELATION MATRIX FOR THE LATENT VARIABLES
              SUBS          AGE           SEX           WHITE         CHILD
              ________      ________      ________      ________      ________
 SUBS           1.000
 AGE            0.085         1.000
 SEX           -0.027        -0.059         1.000
 WHITE          0.100         0.140        -0.085         1.000
 CHILD          0.028         0.182         0.005        -0.044         1.000
 PREHABIT       0.065         0.130        -0.076        -0.070         0.071


           ESTIMATED CORRELATION MATRIX FOR THE LATENT VARIABLES
              PREHABIT
              ________
 PREHABIT       1.000


           S.E. FOR ESTIMATED CORRELATION MATRIX FOR THE LATENT VARIABLES
              DISRUPT       SREG          SL            EXER          DT
              ________      ________      ________      ________      ________
 DISRUPT        0.000
 SREG           0.065         0.000
 SL             0.056         0.056         0.000
 EXER           0.061         0.054         0.051         0.000
 DT             0.062         0.056         0.051         0.050         0.000
 SUBS           0.058         0.057         0.048         0.049         0.053
 AGE            0.000         0.000         0.049         0.049         0.055
 SEX            0.000         0.000         0.048         0.048         0.049
 WHITE          0.000         0.000         0.047         0.048         0.049
 CHILD          0.000         0.000         0.047         0.048         0.048
 PREHABIT       0.000         0.000         0.050         0.049         0.050


           S.E. FOR ESTIMATED CORRELATION MATRIX FOR THE LATENT VARIABLES
              SUBS          AGE           SEX           WHITE         CHILD
              ________      ________      ________      ________      ________
 SUBS           0.000
 AGE            0.049         0.000
 SEX            0.049         0.047         0.000
 WHITE          0.049         0.044         0.049         0.000
 CHILD          0.049         0.049         0.049         0.049         0.000
 PREHABIT       0.054         0.047         0.049         0.049         0.049


           S.E. FOR ESTIMATED CORRELATION MATRIX FOR THE LATENT VARIABLES
              PREHABIT
              ________
 PREHABIT       0.000


           EST./S.E. FOR ESTIMATED CORRELATION MATRIX FOR THE LATENT VARIABLES
              DISRUPT       SREG          SL            EXER          DT
              ________      ________      ________      ________      ________
 DISRUPT      999.000
 SREG          -2.250       999.000
 SL            -5.029         0.315       999.000
 EXER          -4.320         1.115         1.892       999.000
 DT            -1.496        -0.311         0.268         0.761       999.000
 SUBS          -4.123         0.813         3.023        -0.269         0.837
 AGE            0.000         0.000        -0.126        -0.037         1.438
 SEX            0.000         0.000        -0.382         0.251        -0.541
 WHITE          0.000         0.000        -0.720        -1.780        -0.272
 CHILD          0.000         0.000         1.600         1.027         1.906
 PREHABIT       0.000         0.000        -0.559         0.846         0.340


           EST./S.E. FOR ESTIMATED CORRELATION MATRIX FOR THE LATENT VARIABLES
              SUBS          AGE           SEX           WHITE         CHILD
              ________      ________      ________      ________      ________
 SUBS         999.000
 AGE            1.742       999.000
 SEX           -0.557        -1.248       999.000
 WHITE          2.029         3.161        -1.734       999.000
 CHILD          0.565         3.728         0.103        -0.896       999.000
 PREHABIT       1.200         2.794        -1.566        -1.447         1.466


           EST./S.E. FOR ESTIMATED CORRELATION MATRIX FOR THE LATENT VARIABLES
              PREHABIT
              ________
 PREHABIT     999.000


           TWO-TAILED P-VALUE FOR ESTIMATED CORRELATION MATRIX FOR THE LATENT VARIABLES
              DISRUPT       SREG          SL            EXER          DT
              ________      ________      ________      ________      ________
 DISRUPT        0.000
 SREG           0.024         0.000
 SL             0.000         0.753         0.000
 EXER           0.000         0.265         0.059         0.000
 DT             0.135         0.756         0.788         0.447         0.000
 SUBS           0.000         0.416         0.002         0.788         0.403
 AGE            1.000         1.000         0.900         0.970         0.150
 SEX            1.000         1.000         0.702         0.802         0.589
 WHITE          1.000         1.000         0.471         0.075         0.786
 CHILD          1.000         1.000         0.110         0.305         0.057
 PREHABIT       1.000         1.000         0.576         0.397         0.734


           TWO-TAILED P-VALUE FOR ESTIMATED CORRELATION MATRIX FOR THE LATENT VARIABLES
              SUBS          AGE           SEX           WHITE         CHILD
              ________      ________      ________      ________      ________
 SUBS           0.000
 AGE            0.081         0.000
 SEX            0.578         0.212         0.000
 WHITE          0.042         0.002         0.083         0.000
 CHILD          0.572         0.000         0.918         0.370         0.000
 PREHABIT       0.230         0.005         0.117         0.148         0.143


           TWO-TAILED P-VALUE FOR ESTIMATED CORRELATION MATRIX FOR THE LATENT VARIABLES
              PREHABIT
              ________
 PREHABIT       0.000


     Beginning Time:  15:01:58
        Ending Time:  15:01:58
       Elapsed Time:  00:00:00



MUTHEN & MUTHEN
3463 Stoner Ave.
Los Angeles, CA  90066

Tel: (310) 391-9971
Fax: (310) 391-8971
Web: www.StatModel.com
Support: Support@StatModel.com

Copyright (c) 1998-2021 Muthen & Muthen
