Mplus VERSION 8.7
MUTHEN & MUTHEN
01/19/2022   2:43 PM

INPUT INSTRUCTIONS

  DATA: FILE IS "C:\Users\Fe\Box\Hoyle Lab\
  Habits and Adjustment to Covid Outbreak\Analysis Scripts\
  Time 1 Analysis\sem_categorical.dat";
  type is individual;

  VARIABLE:

  NAMES ARE age sex white child init inhib cont bfi psyeffect sched insec prehabit
  sl exer dt screen sm subs fri work hobby fam;

  USEVARIABLES ARE age sex white child init inhib cont bfi psyeffect
  sched insec prehabit sl exer dt subs;

  NOMINAL ARE sl exer dt subs;

  Missing are .;

  ANALYSIS:
  ESTIMATOR IS MLR;
  INTEGRATION = MONTECARLO;

  MODEL:
  !latent variables
  disrupt by psyeffect sched insec;
  sreg by cont init inhib bfi;
  beh by sl exer dt subs;

  !paths
  beh on age sex white child prehabit prehabit sreg disrupt;
  [age sex white child prehabit]; !variances for FIML

  OUTPUT: SAMPSTAT TECH1 TECH4 residual standardized (all);




*** WARNING in VARIABLE command
  Note that only the first 8 characters of variable names are used in the output.
  Shorten variable names to avoid any confusion.
   1 WARNING(S) FOUND IN THE INPUT INSTRUCTIONS




SUMMARY OF ANALYSIS

Number of groups                                                 1
Number of observations                                         432

Number of dependent variables                                   11
Number of independent variables                                  5
Number of continuous latent variables                            3

Observed dependent variables

  Continuous
   INIT        INHIB       CONT        BFI         PSYEFFECT   SCHED
   INSEC

  Unordered categorical (nominal)
   SL          EXER        DT          SUBS

Observed independent variables
   AGE         SEX         WHITE       CHILD       PREHABIT

Continuous latent variables
   DISRUPT     SREG        BEH


Estimator                                                      MLR
Information matrix                                        OBSERVED
Optimization Specifications for the Quasi-Newton Algorithm for
Continuous Outcomes
  Maximum number of iterations                                 100
  Convergence criterion                                  0.100D-05
Optimization Specifications for the EM Algorithm
  Maximum number of iterations                                 500
  Convergence criteria
    Loglikelihood change                                 0.100D-02
    Relative loglikelihood change                        0.100D-05
    Derivative                                           0.100D-02
Optimization Specifications for the M step of the EM Algorithm for
Categorical Latent variables
  Number of M step iterations                                    1
  M step convergence criterion                           0.100D-02
  Basis for M step termination                           ITERATION
Optimization Specifications for the M step of the EM Algorithm for
Censored, Binary or Ordered Categorical (Ordinal), Unordered
Categorical (Nominal) and Count Outcomes
  Number of M step iterations                                    1
  M step convergence criterion                           0.100D-02
  Basis for M step termination                           ITERATION
  Maximum value for logit thresholds                            15
  Minimum value for logit thresholds                           -15
  Minimum expected cell size for chi-square              0.100D-01
Maximum number of iterations for H1                           2000
Convergence criterion for H1                             0.100D-03
Optimization algorithm                                         EMA
Integration Specifications
  Type                                                  MONTECARLO
  Number of integration points                                1000
  Dimensions of numerical integration                            1
  Adaptive quadrature                                           ON
  Monte Carlo integration seed                                   0
Cholesky                                                       OFF

Input data file(s)
  C:\Users\Fe\Box\Hoyle Lab\Habits and Adjustment to Covid Outbreak\Analysis Scr
Input data format  FREE


SUMMARY OF DATA

     Number of missing data patterns             8


COVARIANCE COVERAGE OF DATA

Minimum covariance coverage value   0.100


     PROPORTION OF DATA PRESENT FOR Y


           Covariance Coverage
              INIT          INHIB         CONT          BFI           PSYEFFEC
              ________      ________      ________      ________      ________
 INIT           1.000
 INHIB          1.000         1.000
 CONT           1.000         1.000         1.000
 BFI            1.000         1.000         1.000         1.000
 PSYEFFEC       1.000         1.000         1.000         1.000         1.000
 SCHED          1.000         1.000         1.000         1.000         1.000
 INSEC          0.998         0.998         0.998         0.998         0.998
 AGE            0.979         0.979         0.979         0.979         0.979
 SEX            0.998         0.998         0.998         0.998         0.998
 WHITE          0.988         0.988         0.988         0.988         0.988
 CHILD          0.998         0.998         0.998         0.998         0.998
 PREHABIT       0.998         0.998         0.998         0.998         0.998


           Covariance Coverage
              SCHED         INSEC         AGE           SEX           WHITE
              ________      ________      ________      ________      ________
 SCHED          1.000
 INSEC          0.998         0.998
 AGE            0.979         0.977         0.979
 SEX            0.998         0.995         0.977         0.998
 WHITE          0.988         0.986         0.970         0.986         0.988
 CHILD          0.998         0.995         0.979         0.995         0.986
 PREHABIT       0.998         0.995         0.977         0.995         0.986


           Covariance Coverage
              CHILD         PREHABIT
              ________      ________
 CHILD          0.998
 PREHABIT       0.995         0.998


UNIVARIATE PROPORTIONS AND COUNTS FOR CATEGORICAL VARIABLES

    SL
      Category 1    0.361          156.000
      Category 2    0.350          151.000
      Category 3    0.289          125.000
    EXER
      Category 1    0.431          186.000
      Category 2    0.255          110.000
      Category 3    0.315          136.000
    DT
      Category 1    0.215           93.000
      Category 2    0.620          268.000
      Category 3    0.164           71.000
    SUBS
      Category 1    0.194           84.000
      Category 2    0.331          143.000
      Category 3    0.475          205.000


SAMPLE STATISTICS


     ESTIMATED SAMPLE STATISTICS


           Means
              INIT          INHIB         CONT          BFI           PSYEFFEC
              ________      ________      ________      ________      ________
                3.270         3.826         3.448         3.861         3.251


           Means
              SCHED         INSEC         AGE           SEX           WHITE
              ________      ________      ________      ________      ________
                3.641         2.662        34.635         0.406         0.669


           Means
              CHILD         PREHABIT
              ________      ________
                0.406         4.056


           Covariances
              INIT          INHIB         CONT          BFI           PSYEFFEC
              ________      ________      ________      ________      ________
 INIT           0.939
 INHIB          0.255         0.485
 CONT           0.374         0.211         0.556
 BFI            0.496         0.197         0.300         0.496
 PSYEFFEC      -0.096        -0.046        -0.085        -0.057         0.882
 SCHED         -0.028        -0.038        -0.023        -0.007         0.476
 INSEC         -0.187        -0.052        -0.128        -0.153         0.492
 AGE            2.380         1.219         1.665         0.795        -0.537
 SEX           -0.042        -0.025        -0.004        -0.044        -0.052
 WHITE          0.017         0.008         0.018         0.021        -0.001
 CHILD          0.069         0.016         0.049         0.037         0.016
 PREHABIT       0.089         0.075         0.046         0.110         0.100


           Covariances
              SCHED         INSEC         AGE           SEX           WHITE
              ________      ________      ________      ________      ________
 SCHED          0.944
 INSEC          0.541         1.670
 AGE           -0.961        -0.431       131.722
 SEX           -0.007         0.019        -0.350         0.241
 WHITE         -0.043        -0.064         0.741        -0.018         0.221
 CHILD          0.127        -0.016         1.060         0.000        -0.010
 PREHABIT       0.077         0.008         0.988        -0.024        -0.020


           Covariances
              CHILD         PREHABIT
              ________      ________
 CHILD          0.241
 PREHABIT       0.025         0.452


           Correlations
              INIT          INHIB         CONT          BFI           PSYEFFEC
              ________      ________      ________      ________      ________
 INIT           1.000
 INHIB          0.379         1.000
 CONT           0.517         0.406         1.000
 BFI            0.727         0.403         0.572         1.000
 PSYEFFEC      -0.106        -0.071        -0.122        -0.087         1.000
 SCHED         -0.029        -0.056        -0.032        -0.010         0.522
 INSEC         -0.150        -0.058        -0.133        -0.168         0.405
 AGE            0.214         0.153         0.194         0.098        -0.050
 SEX           -0.088        -0.073        -0.012        -0.128        -0.112
 WHITE          0.038         0.025         0.051         0.064        -0.003
 CHILD          0.145         0.048         0.133         0.106         0.034
 PREHABIT       0.137         0.160         0.092         0.233         0.159


           Correlations
              SCHED         INSEC         AGE           SEX           WHITE
              ________      ________      ________      ________      ________
 SCHED          1.000
 INSEC          0.430         1.000
 AGE           -0.086        -0.029         1.000
 SEX           -0.015         0.030        -0.062         1.000
 WHITE         -0.094        -0.106         0.137        -0.079         1.000
 CHILD          0.266        -0.025         0.188        -0.002        -0.045
 PREHABIT       0.118         0.009         0.128        -0.073        -0.064


           Correlations
              CHILD         PREHABIT
              ________      ________
 CHILD          1.000
 PREHABIT       0.075         1.000


     MAXIMUM LOG-LIKELIHOOD VALUE FOR THE UNRESTRICTED (H1) MODEL IS -6330.426


UNIVARIATE SAMPLE STATISTICS


     UNIVARIATE HIGHER-ORDER MOMENT DESCRIPTIVE STATISTICS

         Variable/         Mean/     Skewness/   Minimum/ % with                Percentiles
        Sample Size      Variance    Kurtosis    Maximum  Min/Max      20%/60%    40%/80%    Median

     INIT                  3.270      -0.129       1.000    1.85%       2.333      3.000      3.333
             432.000       0.939      -0.674       5.000    5.09%       3.667      4.333
     INHIB                 3.826      -0.211       2.000    0.93%       3.333      3.667      4.000
             432.000       0.485      -0.433       5.000    9.26%       4.000      4.333
     CONT                  3.448      -0.071       1.000    0.23%       2.667      3.333      3.333
             432.000       0.556      -0.319       5.000    2.55%       3.667      4.000
     BFI                   3.861      -0.254       1.417    0.23%       3.167      3.667      3.917
             432.000       0.496      -0.523       5.000    5.32%       4.083      4.583
     PSYEFFECT             3.251      -0.186       1.000    0.23%       2.375      3.000      3.250
             432.000       0.882      -0.630       5.000    3.24%       3.500      4.125
     SCHED                 3.641      -0.640       1.000    1.16%       3.000      3.500      3.800
             432.000       0.944      -0.080       5.000   11.11%       4.000      4.500
     INSEC                 2.659       0.287       1.000   17.63%       1.250      2.000      2.500
             431.000       1.668      -1.147       5.000    7.19%       3.000      4.000
     AGE                  34.624       1.054      18.000    1.42%      26.000     30.000     31.000
             423.000     131.677       0.728      74.000    0.24%      34.000     44.000
     SEX                   0.406       0.383       0.000   59.40%       0.000      0.000      0.000
             431.000       0.241      -1.854       1.000   40.60%       1.000      1.000
     WHITE                 0.670      -0.722       0.000   33.02%       0.000      1.000      1.000
             427.000       0.221      -1.479       1.000   66.98%       1.000      1.000
     CHILD                 0.406       0.383       0.000   59.40%       0.000      0.000      0.000
             431.000       0.241      -1.854       1.000   40.60%       1.000      1.000
     PREHABIT              4.055      -0.790       1.889    0.23%       3.500      3.900      4.125
             431.000       0.452       0.203       5.000    6.03%       4.375      4.667


THE MODEL ESTIMATION TERMINATED NORMALLY



MODEL FIT INFORMATION

Number of Free Parameters                       75

Loglikelihood

          H0 Value                       -8116.878
          H0 Scaling Correction Factor      1.0131
            for MLR

Information Criteria

          Akaike (AIC)                   16383.756
          Bayesian (BIC)                 16688.888
          Sample-Size Adjusted BIC       16450.880
            (n* = (n + 2) / 24)



MODEL RESULTS

                                                    Two-Tailed
                    Estimate       S.E.  Est./S.E.    P-Value

 DISRUPT  BY
    PSYEFFECT          1.000      0.000    999.000    999.000
    SCHED              1.036      0.176      5.870      0.000
    INSEC              1.020      0.148      6.903      0.000

 SREG     BY
    CONT               1.000      0.000    999.000    999.000
    INIT               1.623      0.123     13.218      0.000
    INHIB              0.689      0.074      9.265      0.000
    BFI                1.269      0.103     12.352      0.000

 BEH      BY
    SL#1               1.000      0.000    999.000    999.000
    SL#2               1.175      0.270      4.346      0.000
    EXER#1             0.816      0.330      2.475      0.013
    EXER#2             0.599      0.325      1.842      0.066
    DT#1               0.746      0.443      1.684      0.092
    DT#2               1.901      0.882      2.154      0.031
    SUBS#1             1.062      0.422      2.514      0.012
    SUBS#2             1.926      0.784      2.457      0.014

 BEH        ON
    SREG              -0.249      0.137     -1.825      0.068
    DISRUPT            0.646      0.254      2.544      0.011

 BEH        ON
    AGE               -0.003      0.005     -0.604      0.546
    SEX                0.022      0.112      0.194      0.846
    WHITE             -0.038      0.122     -0.315      0.753
    CHILD              0.166      0.125      1.327      0.185
    PREHABIT           0.059      0.089      0.663      0.507

 SREG     WITH
    DISRUPT           -0.046      0.024     -1.900      0.057

 AGE      WITH
    DISRUPT           -0.681      0.466     -1.461      0.144
    SREG               1.062      0.322      3.299      0.001

 SEX      WITH
    DISRUPT           -0.022      0.022     -0.979      0.328
    SREG              -0.029      0.012     -2.340      0.019

 WHITE    WITH
    DISRUPT           -0.028      0.019     -1.455      0.146
    SREG               0.015      0.012      1.232      0.218

 CHILD    WITH
    DISRUPT            0.056      0.023      2.400      0.016
    SREG               0.035      0.013      2.712      0.007

 PREHABIT WITH
    DISRUPT            0.076      0.028      2.707      0.007
    SREG               0.073      0.018      3.967      0.000

 SEX      WITH
    AGE               -0.342      0.265     -1.291      0.197

 WHITE    WITH
    AGE                0.745      0.245      3.045      0.002
    SEX               -0.018      0.011     -1.632      0.103

 CHILD    WITH
    AGE                1.071      0.261      4.107      0.000
    SEX                0.000      0.012     -0.031      0.975
    WHITE             -0.010      0.011     -0.928      0.354

 PREHABIT WITH
    AGE                1.005      0.371      2.706      0.007
    SEX               -0.024      0.016     -1.500      0.134
    WHITE             -0.020      0.015     -1.348      0.178
    CHILD              0.025      0.016      1.580      0.114

 Means
    AGE               34.643      0.558     62.129      0.000
    SEX                0.406      0.024     17.162      0.000
    WHITE              0.669      0.023     29.397      0.000
    CHILD              0.406      0.024     17.159      0.000
    PREHABIT           4.056      0.032    125.303      0.000

 Intercepts
    INIT               3.270      0.047     70.135      0.000
    INHIB              3.826      0.033    114.228      0.000
    CONT               3.448      0.036     96.067      0.000
    BFI                3.861      0.034    113.966      0.000
    PSYEFFECT          3.252      0.045     71.944      0.000
    SCHED              3.641      0.047     77.883      0.000
    INSEC              2.661      0.062     42.753      0.000
    SL#1               0.161      0.458      0.352      0.725
    SL#2               0.070      0.528      0.133      0.894
    EXER#1             0.199      0.371      0.537      0.592
    EXER#2            -0.264      0.278     -0.950      0.342
    DT#1               0.433      0.365      1.185      0.236
    DT#2               1.284      0.844      1.522      0.128
    SUBS#1            -0.963      0.441     -2.183      0.029
    SUBS#2            -0.818      0.907     -0.902      0.367

 Variances
    AGE              131.799     10.577     12.461      0.000
    SEX                0.241      0.004     54.254      0.000
    WHITE              0.221      0.008     28.623      0.000
    CHILD              0.241      0.004     54.226      0.000
    PREHABIT           0.452      0.032     13.989      0.000
    DISRUPT            0.475      0.091      5.211      0.000
    SREG               0.238      0.036      6.707      0.000

 Residual Variances
    INIT               0.312      0.034      9.081      0.000
    INHIB              0.371      0.025     14.975      0.000
    CONT               0.318      0.028     11.209      0.000
    BFI                0.112      0.020      5.719      0.000
    PSYEFFECT          0.407      0.077      5.294      0.000
    SCHED              0.435      0.091      4.803      0.000
    INSEC              1.175      0.097     12.154      0.000
    BEH                0.263      0.123      2.137      0.033


QUALITY OF NUMERICAL RESULTS

     Condition Number for the Information Matrix              0.374E-08
       (ratio of smallest to largest eigenvalue)


STANDARDIZED MODEL RESULTS


STDYX Standardization

                                                    Two-Tailed
                    Estimate       S.E.  Est./S.E.    P-Value

 DISRUPT  BY
    PSYEFFECT          0.734      0.062     11.869      0.000
    SCHED              0.735      0.065     11.339      0.000
    INSEC              0.544      0.052     10.467      0.000

 SREG     BY
    CONT               0.654      0.038     17.151      0.000
    INIT               0.817      0.024     34.722      0.000
    INHIB              0.483      0.044     11.094      0.000
    BFI                0.880      0.023     38.020      0.000

 BEH      BY
    SL#1               0.720      0.180      4.007      0.000
    SL#2               0.846      0.235      3.599      0.000
    EXER#1             0.588      0.217      2.703      0.007
    EXER#2             0.431      0.226      1.904      0.057
    DT#1               0.537      0.284      1.892      0.058
    DT#2               1.369      0.403      3.400      0.001
    SUBS#1             0.765      0.310      2.464      0.014
    SUBS#2             1.387      0.376      3.693      0.000

 BEH        ON
    SREG              -0.169      0.098     -1.721      0.085
    DISRUPT            0.618      0.136      4.544      0.000

 BEH        ON
    AGE               -0.048      0.075     -0.632      0.527
    SEX                0.015      0.077      0.193      0.847
    WHITE             -0.025      0.079     -0.318      0.750
    CHILD              0.114      0.093      1.215      0.224
    PREHABIT           0.055      0.086      0.640      0.522

 SREG     WITH
    DISRUPT           -0.138      0.066     -2.089      0.037

 AGE      WITH
    DISRUPT           -0.086      0.058     -1.481      0.139
    SREG               0.190      0.051      3.703      0.000

 SEX      WITH
    DISRUPT           -0.064      0.062     -1.027      0.305
    SREG              -0.119      0.052     -2.301      0.021

 WHITE    WITH
    DISRUPT           -0.085      0.062     -1.381      0.167
    SREG               0.064      0.052      1.235      0.217

 CHILD    WITH
    DISRUPT            0.167      0.079      2.122      0.034
    SREG               0.147      0.050      2.912      0.004

 PREHABIT WITH
    DISRUPT            0.163      0.056      2.927      0.003
    SREG               0.223      0.053      4.215      0.000

 SEX      WITH
    AGE               -0.061      0.047     -1.299      0.194

 WHITE    WITH
    AGE                0.138      0.044      3.141      0.002
    SEX               -0.080      0.049     -1.635      0.102

 CHILD    WITH
    AGE                0.190      0.048      3.929      0.000
    SEX               -0.002      0.048     -0.031      0.975
    WHITE             -0.045      0.049     -0.928      0.353

 PREHABIT WITH
    AGE                0.130      0.046      2.802      0.005
    SEX               -0.072      0.048     -1.505      0.132
    WHITE             -0.065      0.048     -1.352      0.176
    CHILD              0.076      0.048      1.585      0.113

 Means
    AGE                3.018      0.098     30.945      0.000
    SEX                0.827      0.041     20.387      0.000
    WHITE              1.423      0.073     19.424      0.000
    CHILD              0.826      0.041     20.383      0.000
    PREHABIT           6.035      0.245     24.658      0.000

 Intercepts
    INIT               3.375      0.110     30.723      0.000
    INHIB              5.496      0.180     30.531      0.000
    CONT               4.622      0.154     29.924      0.000
    BFI                5.484      0.177     31.017      0.000
    PSYEFFECT          3.462      0.115     30.028      0.000
    SCHED              3.747      0.153     24.466      0.000
    INSEC              2.060      0.055     37.332      0.000
    SL#1               0.161      0.458      0.352      0.725
    SL#2               0.070      0.528      0.133      0.894
    EXER#1             0.199      0.371      0.537      0.592
    EXER#2            -0.264      0.278     -0.950      0.342
    DT#1               0.433      0.365      1.185      0.236
    DT#2               1.284      0.844      1.522      0.128
    SUBS#1            -0.963      0.441     -2.183      0.029
    SUBS#2            -0.818      0.907     -0.902      0.367

 Variances
    AGE                1.000      0.000    999.000    999.000
    SEX                1.000      0.000    999.000    999.000
    WHITE              1.000      0.000    999.000    999.000
    CHILD              1.000      0.000    999.000    999.000
    PREHABIT           1.000      0.000    999.000    999.000
    DISRUPT            1.000      0.000    999.000    999.000
    SREG               1.000      0.000    999.000    999.000

 Residual Variances
    INIT               0.332      0.038      8.626      0.000
    INHIB              0.767      0.042     18.214      0.000
    CONT               0.572      0.050     11.460      0.000
    BFI                0.226      0.041      5.550      0.000
    PSYEFFECT          0.461      0.091      5.086      0.000
    SCHED              0.460      0.095      4.837      0.000
    INSEC              0.704      0.057     12.441      0.000
    BEH                0.507      0.156      3.250      0.001


STDY Standardization

                                                    Two-Tailed
                    Estimate       S.E.  Est./S.E.    P-Value

 DISRUPT  BY
    PSYEFFECT          0.734      0.062     11.869      0.000
    SCHED              0.735      0.065     11.339      0.000
    INSEC              0.544      0.052     10.467      0.000

 SREG     BY
    CONT               0.654      0.038     17.151      0.000
    INIT               0.817      0.024     34.722      0.000
    INHIB              0.483      0.044     11.094      0.000
    BFI                0.880      0.023     38.020      0.000

 BEH      BY
    SL#1               0.720      0.180      4.007      0.000
    SL#2               0.846      0.235      3.599      0.000
    EXER#1             0.588      0.217      2.703      0.007
    EXER#2             0.431      0.226      1.904      0.057
    DT#1               0.537      0.284      1.892      0.058
    DT#2               1.369      0.403      3.400      0.001
    SUBS#1             0.765      0.310      2.464      0.014
    SUBS#2             1.387      0.376      3.693      0.000

 BEH        ON
    SREG              -0.169      0.098     -1.721      0.085
    DISRUPT            0.618      0.136      4.544      0.000

 BEH        ON
    AGE               -0.048      0.075     -0.632      0.527
    SEX                0.015      0.077      0.193      0.847
    WHITE             -0.025      0.079     -0.318      0.750
    CHILD              0.114      0.093      1.215      0.224
    PREHABIT           0.055      0.086      0.640      0.522

 SREG     WITH
    DISRUPT           -0.138      0.066     -2.089      0.037

 AGE      WITH
    DISRUPT           -0.086      0.058     -1.481      0.139
    SREG               0.190      0.051      3.703      0.000

 SEX      WITH
    DISRUPT           -0.064      0.062     -1.027      0.305
    SREG              -0.119      0.052     -2.301      0.021

 WHITE    WITH
    DISRUPT           -0.085      0.062     -1.381      0.167
    SREG               0.064      0.052      1.235      0.217

 CHILD    WITH
    DISRUPT            0.167      0.079      2.122      0.034
    SREG               0.147      0.050      2.912      0.004

 PREHABIT WITH
    DISRUPT            0.163      0.056      2.927      0.003
    SREG               0.223      0.053      4.215      0.000

 SEX      WITH
    AGE               -0.061      0.047     -1.299      0.194

 WHITE    WITH
    AGE                0.138      0.044      3.141      0.002
    SEX               -0.080      0.049     -1.635      0.102

 CHILD    WITH
    AGE                0.190      0.048      3.929      0.000
    SEX               -0.002      0.048     -0.031      0.975
    WHITE             -0.045      0.049     -0.928      0.353

 PREHABIT WITH
    AGE                0.130      0.046      2.802      0.005
    SEX               -0.072      0.048     -1.505      0.132
    WHITE             -0.065      0.048     -1.352      0.176
    CHILD              0.076      0.048      1.585      0.113

 Means
    AGE                3.018      0.098     30.945      0.000
    SEX                0.827      0.041     20.387      0.000
    WHITE              1.423      0.073     19.424      0.000
    CHILD              0.826      0.041     20.383      0.000
    PREHABIT           6.035      0.245     24.658      0.000

 Intercepts
    INIT               3.375      0.110     30.723      0.000
    INHIB              5.496      0.180     30.531      0.000
    CONT               4.622      0.154     29.924      0.000
    BFI                5.484      0.177     31.017      0.000
    PSYEFFECT          3.462      0.115     30.028      0.000
    SCHED              3.747      0.153     24.466      0.000
    INSEC              2.060      0.055     37.332      0.000
    SL#1               0.161      0.458      0.352      0.725
    SL#2               0.070      0.528      0.133      0.894
    EXER#1             0.199      0.371      0.537      0.592
    EXER#2            -0.264      0.278     -0.950      0.342
    DT#1               0.433      0.365      1.185      0.236
    DT#2               1.284      0.844      1.522      0.128
    SUBS#1            -0.963      0.441     -2.183      0.029
    SUBS#2            -0.818      0.907     -0.902      0.367

 Variances
    AGE                1.000      0.000    999.000    999.000
    SEX                1.000      0.000    999.000    999.000
    WHITE              1.000      0.000    999.000    999.000
    CHILD              1.000      0.000    999.000    999.000
    PREHABIT           1.000      0.000    999.000    999.000
    DISRUPT            1.000      0.000    999.000    999.000
    SREG               1.000      0.000    999.000    999.000

 Residual Variances
    INIT               0.332      0.038      8.626      0.000
    INHIB              0.767      0.042     18.214      0.000
    CONT               0.572      0.050     11.460      0.000
    BFI                0.226      0.041      5.550      0.000
    PSYEFFECT          0.461      0.091      5.086      0.000
    SCHED              0.460      0.095      4.837      0.000
    INSEC              0.704      0.057     12.441      0.000
    BEH                0.507      0.156      3.250      0.001


STD Standardization

                                                    Two-Tailed
                    Estimate       S.E.  Est./S.E.    P-Value

 DISRUPT  BY
    PSYEFFECT          0.689      0.066     10.422      0.000
    SCHED              0.714      0.070     10.150      0.000
    INSEC              0.703      0.072      9.706      0.000

 SREG     BY
    CONT               0.488      0.036     13.415      0.000
    INIT               0.792      0.037     21.610      0.000
    INHIB              0.336      0.035      9.612      0.000
    BFI                0.619      0.027     22.740      0.000

 BEH      BY
    SL#1               0.720      0.180      4.007      0.000
    SL#2               0.846      0.235      3.599      0.000
    EXER#1             0.588      0.217      2.703      0.007
    EXER#2             0.431      0.226      1.904      0.057
    DT#1               0.537      0.284      1.892      0.058
    DT#2               1.369      0.403      3.400      0.001
    SUBS#1             0.765      0.310      2.464      0.014
    SUBS#2             1.387      0.376      3.693      0.000

 BEH        ON
    SREG              -0.169      0.098     -1.721      0.085
    DISRUPT            0.618      0.136      4.544      0.000

 BEH        ON
    AGE               -0.004      0.007     -0.633      0.527
    SEX                0.030      0.157      0.193      0.847
    WHITE             -0.053      0.167     -0.318      0.750
    CHILD              0.231      0.190      1.216      0.224
    PREHABIT           0.082      0.128      0.642      0.521

 SREG     WITH
    DISRUPT           -0.138      0.066     -2.089      0.037

 AGE      WITH
    DISRUPT           -0.988      0.680     -1.452      0.146
    SREG               2.176      0.601      3.621      0.000

 SEX      WITH
    DISRUPT           -0.031      0.031     -1.026      0.305
    SREG              -0.059      0.026     -2.299      0.022

 WHITE    WITH
    DISRUPT           -0.040      0.029     -1.380      0.168
    SREG               0.030      0.024      1.234      0.217

 CHILD    WITH
    DISRUPT            0.082      0.039      2.122      0.034
    SREG               0.072      0.025      2.909      0.004

 PREHABIT WITH
    DISRUPT            0.110      0.038      2.916      0.004
    SREG               0.150      0.036      4.109      0.000

 SEX      WITH
    AGE               -0.342      0.265     -1.291      0.197

 WHITE    WITH
    AGE                0.745      0.245      3.045      0.002
    SEX               -0.018      0.011     -1.632      0.103

 CHILD    WITH
    AGE                1.071      0.261      4.107      0.000
    SEX                0.000      0.012     -0.031      0.975
    WHITE             -0.010      0.011     -0.928      0.354

 PREHABIT WITH
    AGE                1.005      0.371      2.706      0.007
    SEX               -0.024      0.016     -1.500      0.134
    WHITE             -0.020      0.015     -1.348      0.178
    CHILD              0.025      0.016      1.580      0.114

 Means
    AGE               34.643      0.558     62.129      0.000
    SEX                0.406      0.024     17.162      0.000
    WHITE              0.669      0.023     29.397      0.000
    CHILD              0.406      0.024     17.159      0.000
    PREHABIT           4.056      0.032    125.303      0.000

 Intercepts
    INIT               3.270      0.047     70.135      0.000
    INHIB              3.826      0.033    114.228      0.000
    CONT               3.448      0.036     96.067      0.000
    BFI                3.861      0.034    113.966      0.000
    PSYEFFECT          3.252      0.045     71.944      0.000
    SCHED              3.641      0.047     77.883      0.000
    INSEC              2.661      0.062     42.753      0.000
    SL#1               0.161      0.458      0.352      0.725
    SL#2               0.070      0.528      0.133      0.894
    EXER#1             0.199      0.371      0.537      0.592
    EXER#2            -0.264      0.278     -0.950      0.342
    DT#1               0.433      0.365      1.185      0.236
    DT#2               1.284      0.844      1.522      0.128
    SUBS#1            -0.963      0.441     -2.183      0.029
    SUBS#2            -0.818      0.907     -0.902      0.367

 Variances
    AGE              131.799     10.577     12.461      0.000
    SEX                0.241      0.004     54.254      0.000
    WHITE              0.221      0.008     28.623      0.000
    CHILD              0.241      0.004     54.226      0.000
    PREHABIT           0.452      0.032     13.989      0.000
    DISRUPT            1.000      0.000    999.000    999.000
    SREG               1.000      0.000    999.000    999.000

 Residual Variances
    INIT               0.312      0.034      9.081      0.000
    INHIB              0.371      0.025     14.975      0.000
    CONT               0.318      0.028     11.209      0.000
    BFI                0.112      0.020      5.719      0.000
    PSYEFFECT          0.407      0.077      5.294      0.000
    SCHED              0.435      0.091      4.803      0.000
    INSEC              1.175      0.097     12.154      0.000
    BEH                0.507      0.156      3.250      0.001


R-SQUARE

    Observed                                        Two-Tailed
    Variable        Estimate       S.E.  Est./S.E.    P-Value

    INIT               0.668      0.038     17.361      0.000
    INHIB              0.233      0.042      5.547      0.000
    CONT               0.428      0.050      8.576      0.000
    BFI                0.774      0.041     19.010      0.000
    PSYEFFEC           0.539      0.091      5.935      0.000
    SCHED              0.540      0.095      5.670      0.000
    INSEC              0.296      0.057      5.233      0.000

     Latent                                         Two-Tailed
    Variable        Estimate       S.E.  Est./S.E.    P-Value

    BEH                0.493      0.156      3.159      0.002


RESIDUAL OUTPUT


     ESTIMATED MODEL AND RESIDUALS (OBSERVED - ESTIMATED)


           Model Estimated Means
              INIT          INHIB         CONT          BFI           PSYEFFEC
              ________      ________      ________      ________      ________
                3.270         3.826         3.448         3.861         3.252


           Model Estimated Means
              SCHED         INSEC         AGE           SEX           WHITE
              ________      ________      ________      ________      ________
                3.641         2.661        34.643         0.406         0.669


           Model Estimated Means
              CHILD         PREHABIT
              ________      ________
                0.406         4.056


           Residuals for Means
              INIT          INHIB         CONT          BFI           PSYEFFEC
              ________      ________      ________      ________      ________
                0.000         0.000         0.000         0.000        -0.001


           Residuals for Means
              SCHED         INSEC         AGE           SEX           WHITE
              ________      ________      ________      ________      ________
               -0.001        -0.002        -0.019         0.000         0.000


           Residuals for Means
              CHILD         PREHABIT
              ________      ________
                0.000        -0.001


           Model Estimated Covariances
              INIT          INHIB         CONT          BFI           PSYEFFEC
              ________      ________      ________      ________      ________
 INIT           0.939
 INHIB          0.266         0.485
 CONT           0.387         0.164         0.556
 BFI            0.491         0.208         0.302         0.496
 PSYEFFEC      -0.075        -0.032        -0.046        -0.059         0.882
 SCHED         -0.078        -0.033        -0.048        -0.061         0.492
 INSEC         -0.077        -0.033        -0.047        -0.060         0.485
 AGE            1.723         0.732         1.062         1.348        -0.681
 SEX           -0.046        -0.020        -0.029        -0.036        -0.022
 WHITE          0.024         0.010         0.015         0.019        -0.028
 CHILD          0.057         0.024         0.035         0.045         0.056
 PREHABIT       0.118         0.050         0.073         0.093         0.076


           Model Estimated Covariances
              SCHED         INSEC         AGE           SEX           WHITE
              ________      ________      ________      ________      ________
 SCHED          0.944
 INSEC          0.502         1.669
 AGE           -0.705        -0.695       131.799
 SEX           -0.022        -0.022        -0.342         0.241
 WHITE         -0.029        -0.028         0.745        -0.018         0.221
 CHILD          0.058         0.058         1.071         0.000        -0.010
 PREHABIT       0.078         0.077         1.005        -0.024        -0.020


           Model Estimated Covariances
              CHILD         PREHABIT
              ________      ________
 CHILD          0.241
 PREHABIT       0.025         0.452


           Residuals for Covariances
              INIT          INHIB         CONT          BFI           PSYEFFEC
              ________      ________      ________      ________      ________
 INIT           0.000
 INHIB         -0.011         0.000
 CONT          -0.013         0.047         0.000
 BFI            0.006        -0.011        -0.002         0.000
 PSYEFFEC      -0.021        -0.014        -0.039         0.002         0.000
 SCHED          0.050        -0.005         0.025         0.054        -0.016
 INSEC         -0.111        -0.030        -0.089        -0.099         0.003
 AGE            0.560         0.484         0.751        -0.647         0.444
 SEX            0.004        -0.005         0.024        -0.008        -0.029
 WHITE         -0.002        -0.002         0.005         0.004         0.028
 CHILD          0.012        -0.008         0.014        -0.007        -0.041
 PREHABIT      -0.040         0.026        -0.022         0.006         0.007


           Residuals for Covariances
              SCHED         INSEC         AGE           SEX           WHITE
              ________      ________      ________      ________      ________
 SCHED          0.000
 INSEC          0.028         0.000
 AGE           -0.314        -0.472        -0.123
 SEX            0.016         0.046        -0.101         0.000
 WHITE         -0.018        -0.036        -0.138         0.000         0.000
 CHILD          0.069        -0.070        -0.078         0.001        -0.001
 PREHABIT      -0.015        -0.079         0.139         0.004        -0.005


           Residuals for Covariances
              CHILD         PREHABIT
              ________      ________
 CHILD          0.000
 PREHABIT       0.005         0.000


TECHNICAL 1 OUTPUT


     PARAMETER SPECIFICATION


           NU
              SL#1          SL#2          EXER#1        EXER#2        DT#1
              ________      ________      ________      ________      ________
                    1             2             3             4             5


           NU
              DT#2          SUBS#1        SUBS#2        INIT          INHIB
              ________      ________      ________      ________      ________
                    6             7             8             9            10


           NU
              CONT          BFI           PSYEFFEC      SCHED         INSEC
              ________      ________      ________      ________      ________
                   11            12            13            14            15


           NU
              AGE           SEX           WHITE         CHILD         PREHABIT
              ________      ________      ________      ________      ________
                    0             0             0             0             0


           LAMBDA
              DISRUPT       SREG          BEH           AGE           SEX
              ________      ________      ________      ________      ________
 SL#1               0             0             0             0             0
 SL#2               0             0            16             0             0
 EXER#1             0             0            17             0             0
 EXER#2             0             0            18             0             0
 DT#1               0             0            19             0             0
 DT#2               0             0            20             0             0
 SUBS#1             0             0            21             0             0
 SUBS#2             0             0            22             0             0
 INIT               0            23             0             0             0
 INHIB              0            24             0             0             0
 CONT               0             0             0             0             0
 BFI                0            25             0             0             0
 PSYEFFEC           0             0             0             0             0
 SCHED             26             0             0             0             0
 INSEC             27             0             0             0             0
 AGE                0             0             0             0             0
 SEX                0             0             0             0             0
 WHITE              0             0             0             0             0
 CHILD              0             0             0             0             0
 PREHABIT           0             0             0             0             0


           LAMBDA
              WHITE         CHILD         PREHABIT
              ________      ________      ________
 SL#1               0             0             0
 SL#2               0             0             0
 EXER#1             0             0             0
 EXER#2             0             0             0
 DT#1               0             0             0
 DT#2               0             0             0
 SUBS#1             0             0             0
 SUBS#2             0             0             0
 INIT               0             0             0
 INHIB              0             0             0
 CONT               0             0             0
 BFI                0             0             0
 PSYEFFEC           0             0             0
 SCHED              0             0             0
 INSEC              0             0             0
 AGE                0             0             0
 SEX                0             0             0
 WHITE              0             0             0
 CHILD              0             0             0
 PREHABIT           0             0             0


           THETA
              SL#1          SL#2          EXER#1        EXER#2        DT#1
              ________      ________      ________      ________      ________
 SL#1               0
 SL#2               0             0
 EXER#1             0             0             0
 EXER#2             0             0             0             0
 DT#1               0             0             0             0             0
 DT#2               0             0             0             0             0
 SUBS#1             0             0             0             0             0
 SUBS#2             0             0             0             0             0
 INIT               0             0             0             0             0
 INHIB              0             0             0             0             0
 CONT               0             0             0             0             0
 BFI                0             0             0             0             0
 PSYEFFEC           0             0             0             0             0
 SCHED              0             0             0             0             0
 INSEC              0             0             0             0             0
 AGE                0             0             0             0             0
 SEX                0             0             0             0             0
 WHITE              0             0             0             0             0
 CHILD              0             0             0             0             0
 PREHABIT           0             0             0             0             0


           THETA
              DT#2          SUBS#1        SUBS#2        INIT          INHIB
              ________      ________      ________      ________      ________
 DT#2               0
 SUBS#1             0             0
 SUBS#2             0             0             0
 INIT               0             0             0            28
 INHIB              0             0             0             0            29
 CONT               0             0             0             0             0
 BFI                0             0             0             0             0
 PSYEFFEC           0             0             0             0             0
 SCHED              0             0             0             0             0
 INSEC              0             0             0             0             0
 AGE                0             0             0             0             0
 SEX                0             0             0             0             0
 WHITE              0             0             0             0             0
 CHILD              0             0             0             0             0
 PREHABIT           0             0             0             0             0


           THETA
              CONT          BFI           PSYEFFEC      SCHED         INSEC
              ________      ________      ________      ________      ________
 CONT              30
 BFI                0            31
 PSYEFFEC           0             0            32
 SCHED              0             0             0            33
 INSEC              0             0             0             0            34
 AGE                0             0             0             0             0
 SEX                0             0             0             0             0
 WHITE              0             0             0             0             0
 CHILD              0             0             0             0             0
 PREHABIT           0             0             0             0             0


           THETA
              AGE           SEX           WHITE         CHILD         PREHABIT
              ________      ________      ________      ________      ________
 AGE                0
 SEX                0             0
 WHITE              0             0             0
 CHILD              0             0             0             0
 PREHABIT           0             0             0             0             0


           ALPHA
              DISRUPT       SREG          BEH           AGE           SEX
              ________      ________      ________      ________      ________
                    0             0             0            35            36


           ALPHA
              WHITE         CHILD         PREHABIT
              ________      ________      ________
                   37            38            39


           BETA
              DISRUPT       SREG          BEH           AGE           SEX
              ________      ________      ________      ________      ________
 DISRUPT            0             0             0             0             0
 SREG               0             0             0             0             0
 BEH               40            41             0            42            43
 AGE                0             0             0             0             0
 SEX                0             0             0             0             0
 WHITE              0             0             0             0             0
 CHILD              0             0             0             0             0
 PREHABIT           0             0             0             0             0


           BETA
              WHITE         CHILD         PREHABIT
              ________      ________      ________
 DISRUPT            0             0             0
 SREG               0             0             0
 BEH               44            45            46
 AGE                0             0             0
 SEX                0             0             0
 WHITE              0             0             0
 CHILD              0             0             0
 PREHABIT           0             0             0


           PSI
              DISRUPT       SREG          BEH           AGE           SEX
              ________      ________      ________      ________      ________
 DISRUPT           47
 SREG              48            49
 BEH                0             0            50
 AGE               51            52             0            53
 SEX               54            55             0            56            57
 WHITE             58            59             0            60            61
 CHILD             63            64             0            65            66
 PREHABIT          69            70             0            71            72


           PSI
              WHITE         CHILD         PREHABIT
              ________      ________      ________
 WHITE             62
 CHILD             67            68
 PREHABIT          73            74            75


     STARTING VALUES


           NU
              SL#1          SL#2          EXER#1        EXER#2        DT#1
              ________      ________      ________      ________      ________
                0.222         0.189         0.313        -0.212         0.270


           NU
              DT#2          SUBS#1        SUBS#2        INIT          INHIB
              ________      ________      ________      ________      ________
                1.328        -0.892        -0.360         3.270         3.826


           NU
              CONT          BFI           PSYEFFEC      SCHED         INSEC
              ________      ________      ________      ________      ________
                3.448         3.861         3.251         3.641         2.659


           NU
              AGE           SEX           WHITE         CHILD         PREHABIT
              ________      ________      ________      ________      ________
                0.000         0.000         0.000         0.000         0.000


           LAMBDA
              DISRUPT       SREG          BEH           AGE           SEX
              ________      ________      ________      ________      ________
 SL#1           0.000         0.000         1.000         0.000         0.000
 SL#2           0.000         0.000         1.000         0.000         0.000
 EXER#1         0.000         0.000         1.000         0.000         0.000
 EXER#2         0.000         0.000         1.000         0.000         0.000
 DT#1           0.000         0.000         1.000         0.000         0.000
 DT#2           0.000         0.000         1.000         0.000         0.000
 SUBS#1         0.000         0.000         1.000         0.000         0.000
 SUBS#2         0.000         0.000         1.000         0.000         0.000
 INIT           0.000         1.000         0.000         0.000         0.000
 INHIB          0.000         1.000         0.000         0.000         0.000
 CONT           0.000         1.000         0.000         0.000         0.000
 BFI            0.000         1.000         0.000         0.000         0.000
 PSYEFFEC       1.000         0.000         0.000         0.000         0.000
 SCHED          1.000         0.000         0.000         0.000         0.000
 INSEC          1.000         0.000         0.000         0.000         0.000
 AGE            0.000         0.000         0.000         1.000         0.000
 SEX            0.000         0.000         0.000         0.000         1.000
 WHITE          0.000         0.000         0.000         0.000         0.000
 CHILD          0.000         0.000         0.000         0.000         0.000
 PREHABIT       0.000         0.000         0.000         0.000         0.000


           LAMBDA
              WHITE         CHILD         PREHABIT
              ________      ________      ________
 SL#1           0.000         0.000         0.000
 SL#2           0.000         0.000         0.000
 EXER#1         0.000         0.000         0.000
 EXER#2         0.000         0.000         0.000
 DT#1           0.000         0.000         0.000
 DT#2           0.000         0.000         0.000
 SUBS#1         0.000         0.000         0.000
 SUBS#2         0.000         0.000         0.000
 INIT           0.000         0.000         0.000
 INHIB          0.000         0.000         0.000
 CONT           0.000         0.000         0.000
 BFI            0.000         0.000         0.000
 PSYEFFEC       0.000         0.000         0.000
 SCHED          0.000         0.000         0.000
 INSEC          0.000         0.000         0.000
 AGE            0.000         0.000         0.000
 SEX            0.000         0.000         0.000
 WHITE          1.000         0.000         0.000
 CHILD          0.000         1.000         0.000
 PREHABIT       0.000         0.000         1.000


           THETA
              SL#1          SL#2          EXER#1        EXER#2        DT#1
              ________      ________      ________      ________      ________
 SL#1           0.000
 SL#2           0.000         0.000
 EXER#1         0.000         0.000         0.000
 EXER#2         0.000         0.000         0.000         0.000
 DT#1           0.000         0.000         0.000         0.000         0.000
 DT#2           0.000         0.000         0.000         0.000         0.000
 SUBS#1         0.000         0.000         0.000         0.000         0.000
 SUBS#2         0.000         0.000         0.000         0.000         0.000
 INIT           0.000         0.000         0.000         0.000         0.000
 INHIB          0.000         0.000         0.000         0.000         0.000
 CONT           0.000         0.000         0.000         0.000         0.000
 BFI            0.000         0.000         0.000         0.000         0.000
 PSYEFFEC       0.000         0.000         0.000         0.000         0.000
 SCHED          0.000         0.000         0.000         0.000         0.000
 INSEC          0.000         0.000         0.000         0.000         0.000
 AGE            0.000         0.000         0.000         0.000         0.000
 SEX            0.000         0.000         0.000         0.000         0.000
 WHITE          0.000         0.000         0.000         0.000         0.000
 CHILD          0.000         0.000         0.000         0.000         0.000
 PREHABIT       0.000         0.000         0.000         0.000         0.000


           THETA
              DT#2          SUBS#1        SUBS#2        INIT          INHIB
              ________      ________      ________      ________      ________
 DT#2           0.000
 SUBS#1         0.000         0.000
 SUBS#2         0.000         0.000         0.000
 INIT           0.000         0.000         0.000         0.469
 INHIB          0.000         0.000         0.000         0.000         0.242
 CONT           0.000         0.000         0.000         0.000         0.000
 BFI            0.000         0.000         0.000         0.000         0.000
 PSYEFFEC       0.000         0.000         0.000         0.000         0.000
 SCHED          0.000         0.000         0.000         0.000         0.000
 INSEC          0.000         0.000         0.000         0.000         0.000
 AGE            0.000         0.000         0.000         0.000         0.000
 SEX            0.000         0.000         0.000         0.000         0.000
 WHITE          0.000         0.000         0.000         0.000         0.000
 CHILD          0.000         0.000         0.000         0.000         0.000
 PREHABIT       0.000         0.000         0.000         0.000         0.000


           THETA
              CONT          BFI           PSYEFFEC      SCHED         INSEC
              ________      ________      ________      ________      ________
 CONT           0.278
 BFI            0.000         0.248
 PSYEFFEC       0.000         0.000         0.441
 SCHED          0.000         0.000         0.000         0.472
 INSEC          0.000         0.000         0.000         0.000         0.834
 AGE            0.000         0.000         0.000         0.000         0.000
 SEX            0.000         0.000         0.000         0.000         0.000
 WHITE          0.000         0.000         0.000         0.000         0.000
 CHILD          0.000         0.000         0.000         0.000         0.000
 PREHABIT       0.000         0.000         0.000         0.000         0.000


           THETA
              AGE           SEX           WHITE         CHILD         PREHABIT
              ________      ________      ________      ________      ________
 AGE            0.000
 SEX            0.000         0.000
 WHITE          0.000         0.000         0.000
 CHILD          0.000         0.000         0.000         0.000
 PREHABIT       0.000         0.000         0.000         0.000         0.000


           ALPHA
              DISRUPT       SREG          BEH           AGE           SEX
              ________      ________      ________      ________      ________
                0.000         0.000         0.000        34.624         0.406


           ALPHA
              WHITE         CHILD         PREHABIT
              ________      ________      ________
                0.670         0.406         4.055


           BETA
              DISRUPT       SREG          BEH           AGE           SEX
              ________      ________      ________      ________      ________
 DISRUPT        0.000         0.000         0.000         0.000         0.000
 SREG           0.000         0.000         0.000         0.000         0.000
 BEH            0.000         0.000         0.000         0.000         0.000
 AGE            0.000         0.000         0.000         0.000         0.000
 SEX            0.000         0.000         0.000         0.000         0.000
 WHITE          0.000         0.000         0.000         0.000         0.000
 CHILD          0.000         0.000         0.000         0.000         0.000
 PREHABIT       0.000         0.000         0.000         0.000         0.000


           BETA
              WHITE         CHILD         PREHABIT
              ________      ________      ________
 DISRUPT        0.000         0.000         0.000
 SREG           0.000         0.000         0.000
 BEH            0.000         0.000         0.000
 AGE            0.000         0.000         0.000
 SEX            0.000         0.000         0.000
 WHITE          0.000         0.000         0.000
 CHILD          0.000         0.000         0.000
 PREHABIT       0.000         0.000         0.000


           PSI
              DISRUPT       SREG          BEH           AGE           SEX
              ________      ________      ________      ________      ________
 DISRUPT        0.050
 SREG           0.000         0.050
 BEH            0.000         0.000         0.050
 AGE            0.000         0.000         0.000        65.838
 SEX            0.000         0.000         0.000         0.000         0.121
 WHITE          0.000         0.000         0.000         0.000         0.000
 CHILD          0.000         0.000         0.000         0.000         0.000
 PREHABIT       0.000         0.000         0.000         0.000         0.000


           PSI
              WHITE         CHILD         PREHABIT
              ________      ________      ________
 WHITE          0.111
 CHILD          0.000         0.121
 PREHABIT       0.000         0.000         0.226


TECHNICAL 4 OUTPUT


     ESTIMATES DERIVED FROM THE MODEL


           ESTIMATED MEANS FOR THE LATENT VARIABLES
              DISRUPT       SREG          BEH           AGE           SEX
              ________      ________      ________      ________      ________
                0.000         0.000         0.187        34.643         0.406


           ESTIMATED MEANS FOR THE LATENT VARIABLES
              WHITE         CHILD         PREHABIT
              ________      ________      ________
                0.669         0.406         4.056


           S.E. FOR ESTIMATED MEANS FOR THE LATENT VARIABLES
              DISRUPT       SREG          BEH           AGE           SEX
              ________      ________      ________      ________      ________
                0.000         0.000         0.421         0.558         0.024


           S.E. FOR ESTIMATED MEANS FOR THE LATENT VARIABLES
              WHITE         CHILD         PREHABIT
              ________      ________      ________
                0.023         0.024         0.032


           EST./S.E. FOR ESTIMATED MEANS FOR THE LATENT VARIABLES
              DISRUPT       SREG          BEH           AGE           SEX
              ________      ________      ________      ________      ________
                0.000         0.000         0.445        62.129        17.162


           EST./S.E. FOR ESTIMATED MEANS FOR THE LATENT VARIABLES
              WHITE         CHILD         PREHABIT
              ________      ________      ________
               29.397        17.159       125.303


           TWO-TAILED P-VALUE FOR ESTIMATED MEANS FOR THE LATENT VARIABLES
              DISRUPT       SREG          BEH           AGE           SEX
              ________      ________      ________      ________      ________
                1.000         1.000         0.656         0.000         0.000


           TWO-TAILED P-VALUE FOR ESTIMATED MEANS FOR THE LATENT VARIABLES
              WHITE         CHILD         PREHABIT
              ________      ________      ________
                0.000         0.000         0.000


           ESTIMATED COVARIANCE MATRIX FOR THE LATENT VARIABLES
              DISRUPT       SREG          BEH           AGE           SEX
              ________      ________      ________      ________      ________
 DISRUPT        0.475
 SREG          -0.046         0.238
 BEH            0.335        -0.084         0.519
 AGE           -0.681         1.062        -0.897       131.799
 SEX           -0.022        -0.029        -0.001        -0.342         0.241
 WHITE         -0.028         0.015        -0.036         0.745        -0.018
 CHILD          0.056         0.035         0.066         1.071         0.000
 PREHABIT       0.076         0.073         0.059         1.005        -0.024


           ESTIMATED COVARIANCE MATRIX FOR THE LATENT VARIABLES
              WHITE         CHILD         PREHABIT
              ________      ________      ________
 WHITE          0.221
 CHILD         -0.010         0.241
 PREHABIT      -0.020         0.025         0.452


           S.E. FOR ESTIMATED COVARIANCE MATRIX FOR THE LATENT VARIABLES
              DISRUPT       SREG          BEH           AGE           SEX
              ________      ________      ________      ________      ________
 DISRUPT        0.091
 SREG           0.024         0.036
 BEH            0.136         0.035         0.259
 AGE            0.466         0.322         0.830        10.577
 SEX            0.022         0.012         0.029         0.265         0.004
 WHITE          0.019         0.012         0.031         0.245         0.011
 CHILD          0.023         0.013         0.029         0.261         0.012
 PREHABIT       0.028         0.018         0.039         0.371         0.016


           S.E. FOR ESTIMATED COVARIANCE MATRIX FOR THE LATENT VARIABLES
              WHITE         CHILD         PREHABIT
              ________      ________      ________
 WHITE          0.008
 CHILD          0.011         0.004
 PREHABIT       0.015         0.016         0.032


           EST./S.E. FOR ESTIMATED COVARIANCE MATRIX FOR THE LATENT VARIABLES
              DISRUPT       SREG          BEH           AGE           SEX
              ________      ________      ________      ________      ________
 DISRUPT        5.211
 SREG          -1.900         6.707
 BEH            2.457        -2.370         2.003
 AGE           -1.461         3.299        -1.080        12.461
 SEX           -0.979        -2.340        -0.044        -1.291        54.254
 WHITE         -1.455         1.232        -1.129         3.045        -1.632
 CHILD          2.400         2.712         2.262         4.107        -0.031
 PREHABIT       2.707         3.967         1.524         2.706        -1.500


           EST./S.E. FOR ESTIMATED COVARIANCE MATRIX FOR THE LATENT VARIABLES
              WHITE         CHILD         PREHABIT
              ________      ________      ________
 WHITE         28.623
 CHILD         -0.928        54.226
 PREHABIT      -1.348         1.580        13.989


           TWO-TAILED P-VALUE FOR ESTIMATED COVARIANCE MATRIX FOR THE LATENT VARIABLES
              DISRUPT       SREG          BEH           AGE           SEX
              ________      ________      ________      ________      ________
 DISRUPT        0.000
 SREG           0.057         0.000
 BEH            0.014         0.018         0.045
 AGE            0.144         0.001         0.280         0.000
 SEX            0.328         0.019         0.965         0.197         0.000
 WHITE          0.146         0.218         0.259         0.002         0.103
 CHILD          0.016         0.007         0.024         0.000         0.975
 PREHABIT       0.007         0.000         0.128         0.007         0.134


           TWO-TAILED P-VALUE FOR ESTIMATED COVARIANCE MATRIX FOR THE LATENT VARIABLES
              WHITE         CHILD         PREHABIT
              ________      ________      ________
 WHITE          0.000
 CHILD          0.354         0.000
 PREHABIT       0.178         0.114         0.000


           ESTIMATED CORRELATION MATRIX FOR THE LATENT VARIABLES
              DISRUPT       SREG          BEH           AGE           SEX
              ________      ________      ________      ________      ________
 DISRUPT        1.000
 SREG          -0.138         1.000
 BEH            0.675        -0.238         1.000
 AGE           -0.086         0.190        -0.108         1.000
 SEX           -0.064        -0.119        -0.004        -0.061         1.000
 WHITE         -0.085         0.064        -0.105         0.138        -0.080
 CHILD          0.167         0.147         0.188         0.190        -0.002
 PREHABIT       0.163         0.223         0.122         0.130        -0.072


           ESTIMATED CORRELATION MATRIX FOR THE LATENT VARIABLES
              WHITE         CHILD         PREHABIT
              ________      ________      ________
 WHITE          1.000
 CHILD         -0.045         1.000
 PREHABIT      -0.065         0.076         1.000


           S.E. FOR ESTIMATED CORRELATION MATRIX FOR THE LATENT VARIABLES
              DISRUPT       SREG          BEH           AGE           SEX
              ________      ________      ________      ________      ________
 DISRUPT        0.000
 SREG           0.066         0.000
 BEH            0.121         0.084         0.000
 AGE            0.058         0.051         0.087         0.000
 SEX            0.062         0.052         0.082         0.047         0.000
 WHITE          0.062         0.052         0.087         0.044         0.049
 CHILD          0.079         0.050         0.086         0.048         0.048
 PREHABIT       0.056         0.053         0.077         0.047         0.048


           S.E. FOR ESTIMATED CORRELATION MATRIX FOR THE LATENT VARIABLES
              WHITE         CHILD         PREHABIT
              ________      ________      ________
 WHITE          0.000
 CHILD          0.049         0.000
 PREHABIT       0.048         0.048         0.000


           EST./S.E. FOR ESTIMATED CORRELATION MATRIX FOR THE LATENT VARIABLES
              DISRUPT       SREG          BEH           AGE           SEX
              ________      ________      ________      ________      ________
 DISRUPT      999.000
 SREG          -2.089       999.000
 BEH            5.595        -2.814       999.000
 AGE           -1.481         3.703        -1.250       999.000
 SEX           -1.027        -2.301        -0.045        -1.299       999.000
 WHITE         -1.381         1.235        -1.206         3.141        -1.635
 CHILD          2.122         2.912         2.179         3.929        -0.031
 PREHABIT       2.911         4.168         1.588         2.788        -1.503


           EST./S.E. FOR ESTIMATED CORRELATION MATRIX FOR THE LATENT VARIABLES
              WHITE         CHILD         PREHABIT
              ________      ________      ________
 WHITE        999.000
 CHILD         -0.928       999.000
 PREHABIT      -1.351         1.582       999.000


           TWO-TAILED P-VALUE FOR ESTIMATED CORRELATION MATRIX FOR THE LATENT VARIABLES
              DISRUPT       SREG          BEH           AGE           SEX
              ________      ________      ________      ________      ________
 DISRUPT        0.000
 SREG           0.037         0.000
 BEH            0.000         0.005         0.000
 AGE            0.139         0.000         0.211         0.000
 SEX            0.305         0.021         0.964         0.194         0.000
 WHITE          0.167         0.217         0.228         0.002         0.102
 CHILD          0.034         0.004         0.029         0.000         0.975
 PREHABIT       0.004         0.000         0.112         0.005         0.133


           TWO-TAILED P-VALUE FOR ESTIMATED CORRELATION MATRIX FOR THE LATENT VARIABLES
              WHITE         CHILD         PREHABIT
              ________      ________      ________
 WHITE          0.000
 CHILD          0.353         0.000
 PREHABIT       0.177         0.114         0.000


     Beginning Time:  14:43:14
        Ending Time:  14:50:11
       Elapsed Time:  00:06:57



MUTHEN & MUTHEN
3463 Stoner Ave.
Los Angeles, CA  90066

Tel: (310) 391-9971
Fax: (310) 391-8971
Web: www.StatModel.com
Support: Support@StatModel.com

Copyright (c) 1998-2021 Muthen & Muthen
