Mplus VERSION 8.7
MUTHEN & MUTHEN
02/28/2022   2:42 PM

INPUT INSTRUCTIONS

  Title: Bifactor model of habit development measure;
  !bifactor CFA model with 2 factors

  Data:
  FILE = habit development.csv;

  Variable:
  NAMES = x1-x9;
  USEVARIABLES = x1-x9;
  MISSING = .;

  Analysis:
  ESTIMATOR = MLR;
  !using MLR bc of missing data

  Model:
  habitgen by x1-x9;
  !all items loading on global factor habitgen
  f1 by x1 x2 x3 x4 x5 x6;
  !items 1-6 loading on factor 1
  f2 by x7 x8 x9;
  !items 7-9 loading on factor 2

  !all factors are specified as orthogonal
  !corrs btwn factors constrained to be zero
  habitgen with f1@0;
  habitgen with f2@0;
  f1 with f2@0;

  Output:
  sampstat stdyx modindices;



*** WARNING
  Data set contains cases with missing on all variables.
  These cases were not included in the analysis.
  Number of cases with missing on all variables:  2
   1 WARNING(S) FOUND IN THE INPUT INSTRUCTIONS



Bifactor model of habit development measure;

SUMMARY OF ANALYSIS

Number of groups                                                 1
Number of observations                                         430

Number of dependent variables                                    9
!items
Number of independent variables                                  0
Number of continuous latent variables                            3
!the general factor + factor 1 + factor 2

Observed dependent variables

  Continuous
   X1          X2          X3          X4          X5          X6
   X7          X8          X9

Continuous latent variables
   HABITGEN    F1          F2


Estimator                                                      MLR
Information matrix                                        OBSERVED
Maximum number of iterations                                  1000
Convergence criterion                                    0.500D-04
Maximum number of steepest descent iterations                   20
Maximum number of iterations for H1                           2000
Convergence criterion for H1                             0.100D-03

Input data file(s)
  habit development.csv

Input data format  FREE


SUMMARY OF DATA

     Number of missing data patterns            40


COVARIANCE COVERAGE OF DATA

Minimum covariance coverage value   0.100


     PROPORTION OF DATA PRESENT


           Covariance Coverage
              X1            X2            X3            X4            X5
              ________      ________      ________      ________      ________
 X1             0.895
 X2             0.874         0.958
 X3             0.877         0.944         0.974
 X4             0.879         0.947         0.963         0.977
 X5             0.879         0.947         0.963         0.965         0.977
 X6             0.860         0.926         0.940         0.942         0.944
 X7             0.842         0.858         0.870         0.870         0.874
 X8             0.814         0.863         0.874         0.874         0.874
 X9             0.865         0.902         0.909         0.912         0.914


           Covariance Coverage
              X6            X7            X8            X9
              ________      ________      ________      ________
 X6             0.953
 X7             0.863         0.881
 X8             0.865         0.812         0.891
 X9             0.905         0.870         0.860         0.930


SAMPLE STATISTICS


     ESTIMATED SAMPLE STATISTICS


           Means
              X1            X2            X3            X4            X5
              ________      ________      ________      ________      ________
                3.403         3.229         2.909         3.078         3.266


           Means
              X6            X7            X8            X9
              ________      ________      ________      ________
                3.532         3.520         3.275         3.212


           Covariances
              X1            X2            X3            X4            X5
              ________      ________      ________      ________      ________
 X1             1.516
 X2             1.039         1.655
 X3             0.746         0.809         1.476
 X4             0.669         1.023         0.696         1.670
 X5             0.773         0.791         0.639         0.666         1.393
 X6             0.552         0.682         0.485         0.674         0.764
 X7             0.693         0.741         0.531         0.655         0.653
 X8             0.655         0.751         0.626         0.616         0.658
 X9             0.646         0.827         0.567         0.785         0.661


           Covariances
              X6            X7            X8            X9
              ________      ________      ________      ________
 X6             1.239
 X7             0.654         1.623
 X8             0.605         0.933         1.946
 X9             0.625         0.905         1.052         1.660


           Correlations
              X1            X2            X3            X4            X5
              ________      ________      ________      ________      ________
 X1             1.000
 X2             0.656         1.000
 X3             0.499         0.518         1.000
 X4             0.420         0.615         0.443         1.000
 X5             0.532         0.521         0.446         0.436         1.000
 X6             0.403         0.476         0.359         0.469         0.581
 X7             0.442         0.452         0.343         0.398         0.434
 X8             0.381         0.418         0.369         0.342         0.400
 X9             0.407         0.499         0.362         0.472         0.435


           Correlations
              X6            X7            X8            X9
              ________      ________      ________      ________
 X6             1.000
 X7             0.461         1.000
 X8             0.390         0.525         1.000
 X9             0.436         0.551         0.585         1.000


     MAXIMUM LOG-LIKELIHOOD VALUE FOR THE UNRESTRICTED (H1) MODEL IS -5185.458


UNIVARIATE SAMPLE STATISTICS


     UNIVARIATE HIGHER-ORDER MOMENT DESCRIPTIVE STATISTICS

         Variable/         Mean/     Skewness/   Minimum/ % with                Percentiles
        Sample Size      Variance    Kurtosis    Maximum  Min/Max      20%/60%    40%/80%    Median

     X1                    3.418      -0.371       1.000    8.05%       2.000      3.000      4.000
             385.000       1.532      -0.901       5.000   22.60%       4.000      5.000
     X2                    3.223      -0.224       1.000   12.38%       2.000      3.000      3.000
             412.000       1.664      -1.028       5.000   19.42%       4.000      4.000
     X3                    2.900       0.104       1.000   14.56%       2.000      3.000      3.000
             419.000       1.474      -0.861       5.000   11.93%       3.000      4.000
     X4                    3.076      -0.122       1.000   14.76%       2.000      3.000      3.000
             420.000       1.670      -1.091       5.000   15.48%       4.000      4.000
     X5                    3.262      -0.275       1.000    8.81%       2.000      3.000      3.000
             420.000       1.398      -0.812       5.000   15.48%       4.000      4.000
     X6                    3.539      -0.581       1.000    6.59%       3.000      3.000      4.000
             410.000       1.239      -0.242       5.000   20.24%       4.000      5.000
     X7                    3.536      -0.624       1.000   10.82%       2.000      3.000      4.000
             379.000       1.658      -0.686       5.000   26.65%       4.000      5.000
     X8                    3.279      -0.308       1.000   15.40%       2.000      3.000      4.000
             383.000       1.925      -1.170       5.000   24.28%       4.000      5.000
     X9                    3.200      -0.347       1.000   15.00%       2.000      3.000      3.000
             400.000       1.675      -0.992       5.000   16.00%       4.000      4.000


THE MODEL ESTIMATION TERMINATED NORMALLY



MODEL FIT INFORMATION

Number of Free Parameters                       36

Loglikelihood

          H0 Value                       -5206.468
          H0 Scaling Correction Factor      1.2630
            for MLR
          H1 Value                       -5185.458
          H1 Scaling Correction Factor      1.2542
            for MLR

Information Criteria

          Akaike (AIC)                   10484.936
          Bayesian (BIC)                 10631.233
          Sample-Size Adjusted BIC       10516.990
            (n* = (n + 2) / 24)

Chi-Square Test of Model Fit

          Value                             33.983*
          Degrees of Freedom                    18
          P-Value                           0.0127
          Scaling Correction Factor         1.2365
            for MLR

*   The chi-square value for MLM, MLMV, MLR, ULSMV, WLSM and WLSMV cannot be used
    for chi-square difference testing in the regular way.  MLM, MLR and WLSM
    chi-square difference testing is described on the Mplus website.  MLMV, WLSMV,
    and ULSMV difference testing is done using the DIFFTEST option.

RMSEA (Root Mean Square Error Of Approximation)

          Estimate                           0.045
          90 Percent C.I.                    0.021  0.069
          Probability RMSEA <= .05           0.594

CFI/TLI

          CFI                                0.984
          TLI                                0.968

Chi-Square Test of Model Fit for the Baseline Model

          Value                           1043.453
          Degrees of Freedom                    36
          P-Value                           0.0000

SRMR (Standardized Root Mean Square Residual)

          Value                              0.022

!these fit statistics match the output from R


MODEL RESULTS

                                                    Two-Tailed
                    Estimate       S.E.  Est./S.E.    P-Value

 HABITGEN BY
    X1                 1.000      0.000    999.000    999.000
    X2                 1.191      0.081     14.653      0.000
    X3                 0.843      0.077     10.940      0.000
    X4                 0.995      0.107      9.311      0.000
    X5                 0.945      0.137      6.888      0.000
    X6                 0.947      0.126      7.509      0.000
    X7                 0.855      0.117      7.331      0.000
    X8                 0.836      0.116      7.197      0.000
    X9                 0.885      0.116      7.627      0.000

 F1       BY
    X1                 1.000      0.000    999.000    999.000
    X2                 1.053      0.487      2.161      0.031
    X3                 0.690      0.303      2.277      0.023
    X4                 0.339      0.410      0.828      0.408
    X5                -0.375      0.412     -0.909      0.364
    X6                -2.012      2.643     -0.762      0.446

 F2       BY
    X7                 1.000      0.000    999.000    999.000
    X8                 1.492      0.323      4.619      0.000
    X9                 1.275      0.319      3.999      0.000

 HABITGEN WITH
    F1                 0.000      0.000    999.000    999.000
    F2                 0.000      0.000    999.000    999.000

 F1       WITH
    F2                 0.000      0.000    999.000    999.000

 Intercepts
    X1                 3.403      0.061     55.398      0.000
    X2                 3.231      0.063     51.311      0.000
    X3                 2.908      0.059     48.998      0.000
    X4                 3.083      0.063     49.095      0.000
    X5                 3.265      0.057     56.858      0.000
    X6                 3.532      0.055     64.735      0.000
    X7                 3.519      0.064     54.609      0.000
    X8                 3.275      0.070     46.746      0.000
    X9                 3.215      0.064     50.569      0.000

 Variances
    HABITGEN           0.777      0.145      5.363      0.000
    F1                 0.092      0.101      0.909      0.364
    F2                 0.252      0.099      2.539      0.011

 Residual Variances
    X1                 0.643      0.093      6.901      0.000
    X2                 0.452      0.103      4.393      0.000
    X3                 0.880      0.098      8.950      0.000
    X4                 0.887      0.093      9.529      0.000
    X5                 0.688      0.102      6.727      0.000
    X6                 0.170      0.612      0.278      0.781
    X7                 0.805      0.092      8.735      0.000
    X8                 0.840      0.141      5.944      0.000
    X9                 0.643      0.129      4.995      0.000


QUALITY OF NUMERICAL RESULTS

     Condition Number for the Information Matrix              0.308E-04
       (ratio of smallest to largest eigenvalue)


STANDARDIZED MODEL RESULTS


STDYX Standardization

                                                    Two-Tailed
                    Estimate       S.E.  Est./S.E.    P-Value

 HABITGEN BY
 !loadings on the general factor (note: all high, sig. diff from zero)
 !plug these into Excel sheet under the general factor
    X1                 0.717      0.061     11.658      0.000
    X2                 0.816      0.043     18.969      0.000
    X3                 0.612      0.054     11.277      0.000
    X4                 0.680      0.037     18.408      0.000
    X5                 0.705      0.053     13.392      0.000
    X6                 0.749      0.056     13.330      0.000
    X7                 0.591      0.047     12.470      0.000
    X8                 0.528      0.046     11.376      0.000
    X9                 0.605      0.044     13.748      0.000

 F1       BY
 !loadings on first group factor (none sig. diff from zero)
 !plug these into Excel sheet under specific factor 1
    X1                 0.247      0.136      1.820      0.069
    X2                 0.248      0.210      1.180      0.238
    X3                 0.172      0.091      1.903      0.057
    X4                 0.080      0.122      0.652      0.514
    X5                -0.096      0.080     -1.199      0.231
    X6                -0.549      0.448     -1.223      0.221

 F2       BY
 !loadings on second group factor (better than F1, sig. diff from zero)
 !plug these into Excel sheet under specific factor 2
    X7                 0.394      0.076      5.196      0.000
    X8                 0.537      0.070      7.648      0.000
    X9                 0.496      0.081      6.093      0.000

 HABITGEN WITH
 !recall we fixed these to zero
    F1                 0.000      0.000    999.000    999.000
    F2                 0.000      0.000    999.000    999.000

 F1       WITH
 !and this one as well
    F2                 0.000      0.000    999.000    999.000

 Intercepts
    X1                 2.767      0.100     27.646      0.000
    X2                 2.510      0.086     29.224      0.000
    X3                 2.393      0.075     31.864      0.000
    X4                 2.387      0.078     30.546      0.000
    X5                 2.765      0.098     28.329      0.000
    X6                 3.171      0.132     23.998      0.000
    X7                 2.760      0.114     24.253      0.000
    X8                 2.349      0.085     27.527      0.000
    X9                 2.494      0.092     27.260      0.000

 Variances
    HABITGEN           1.000      0.000    999.000    999.000
    F1                 1.000      0.000    999.000    999.000
    F2                 1.000      0.000    999.000    999.000

 Residual Variances
    X1                 0.425      0.063      6.781      0.000
    X2                 0.273      0.063      4.363      0.000
    X3                 0.596      0.061      9.713      0.000
    X4                 0.532      0.054      9.941      0.000
    X5                 0.493      0.075      6.555      0.000
    X6                 0.137      0.493      0.279      0.781
    X7                 0.495      0.057      8.646      0.000
    X8                 0.432      0.074      5.858      0.000
    X9                 0.387      0.076      5.069      0.000


R-SQUARE

    Observed                                        Two-Tailed
    Variable        Estimate       S.E.  Est./S.E.    P-Value

    X1                 0.575      0.063      9.166      0.000
    X2                 0.727      0.063     11.636      0.000
    X3                 0.404      0.061      6.575      0.000
    X4                 0.468      0.054      8.749      0.000
    X5                 0.507      0.075      6.728      0.000
    X6                 0.863      0.493      1.749      0.080
    X7                 0.505      0.057      8.805      0.000
    X8                 0.568      0.074      7.696      0.000
    X9                 0.613      0.076      8.030      0.000


MODEL MODIFICATION INDICES

NOTE:  Modification indices for direct effects of observed dependent variables
regressed on covariates may not be included.  To include these, request
MODINDICES (ALL).

Minimum M.I. value for printing the modification index    10.000

                                   M.I.     E.P.C.  Std E.P.C.  StdYX E.P.C.

WITH Statements

X4       WITH X1                  13.655    -0.214     -0.214       -0.283


DIAGRAM INFORMATION

  Use View Diagram under the Diagram menu in the Mplus Editor to view the diagram.
  If running Mplus from the Mplus Diagrammer, the diagram opens automatically.

  Diagram output
    c:\users\ekb8\box\spring 2022 sem lab\2022 materials\3.4.22 bifactor and esem\bifactor habit.dgm

     Beginning Time:  14:42:39
        Ending Time:  14:42:39
       Elapsed Time:  00:00:00



MUTHEN & MUTHEN
3463 Stoner Ave.
Los Angeles, CA  90066

Tel: (310) 391-9971
Fax: (310) 391-8971
Web: www.StatModel.com
Support: Support@StatModel.com

Copyright (c) 1998-2021 Muthen & Muthen
