Mplus VERSION 8.7
MUTHEN & MUTHEN
02/28/2022   4:30 PM

INPUT INSTRUCTIONS

  Title: Bifactor-ESEM model of habit development measure;

  Data:
  FILE = habit development.csv;

  Variable:
  NAMES = x1-x9;
  USEVARIABLES = x1-x9;
  MISSING = .;

  Analysis:
  ESTIMATOR = MLR;
  ROTATION = BI-GEOMIN (orthogonal .5);
  !here we are now specifying a bifactor ESEM using orthogonal rotation
  !(as opposed to geomin in the other ESEM example)


  Model:
  gf f1 f2 by x1-x9 (*1);
  !now requesting estimation of a global factor (gf) in addition to the others

  Output:
  sampstat stdyx modindices;



*** WARNING
  Data set contains cases with missing on all variables.
  These cases were not included in the analysis.
  Number of cases with missing on all variables:  2
   1 WARNING(S) FOUND IN THE INPUT INSTRUCTIONS



Bifactor-ESEM model of habit development measure;

SUMMARY OF ANALYSIS

Number of groups                                                 1
Number of observations                                         430

Number of dependent variables                                    9
Number of independent variables                                  0
Number of continuous latent variables                            3

Observed dependent variables

  Continuous
   X1          X2          X3          X4          X5          X6
   X7          X8          X9

Continuous latent variables

  EFA factors
  *1:   GF          F1          F2


Estimator                                                      MLR
Rotation                                                 BI-GEOMIN
Row standardization                                    CORRELATION
Type of rotation                                        ORTHOGONAL
Information matrix                                        OBSERVED
Maximum number of iterations                                  1000
Convergence criterion                                    0.500D-04
Maximum number of steepest descent iterations                   20
Maximum number of iterations for H1                           2000
Convergence criterion for H1                             0.100D-03
Optimization Specifications for the Exploratory Factor Analysis
Rotation Algorithm
  Number of random starts                                       30
  Maximum number of iterations                               10000
  Derivative convergence criterion                       0.100D-04

Input data file(s)
  habit development.csv

Input data format  FREE


SUMMARY OF DATA

     Number of missing data patterns            40


COVARIANCE COVERAGE OF DATA

Minimum covariance coverage value   0.100


     PROPORTION OF DATA PRESENT


           Covariance Coverage
              X1            X2            X3            X4            X5
              ________      ________      ________      ________      ________
 X1             0.895
 X2             0.874         0.958
 X3             0.877         0.944         0.974
 X4             0.879         0.947         0.963         0.977
 X5             0.879         0.947         0.963         0.965         0.977
 X6             0.860         0.926         0.940         0.942         0.944
 X7             0.842         0.858         0.870         0.870         0.874
 X8             0.814         0.863         0.874         0.874         0.874
 X9             0.865         0.902         0.909         0.912         0.914


           Covariance Coverage
              X6            X7            X8            X9
              ________      ________      ________      ________
 X6             0.953
 X7             0.863         0.881
 X8             0.865         0.812         0.891
 X9             0.905         0.870         0.860         0.930


SAMPLE STATISTICS


     ESTIMATED SAMPLE STATISTICS


           Means
              X1            X2            X3            X4            X5
              ________      ________      ________      ________      ________
                3.403         3.229         2.909         3.078         3.266


           Means
              X6            X7            X8            X9
              ________      ________      ________      ________
                3.532         3.520         3.275         3.212


           Covariances
              X1            X2            X3            X4            X5
              ________      ________      ________      ________      ________
 X1             1.516
 X2             1.039         1.655
 X3             0.746         0.809         1.476
 X4             0.669         1.023         0.696         1.670
 X5             0.773         0.791         0.639         0.666         1.393
 X6             0.552         0.682         0.485         0.674         0.764
 X7             0.693         0.741         0.531         0.655         0.653
 X8             0.655         0.751         0.626         0.616         0.658
 X9             0.646         0.827         0.567         0.785         0.661


           Covariances
              X6            X7            X8            X9
              ________      ________      ________      ________
 X6             1.239
 X7             0.654         1.623
 X8             0.605         0.933         1.946
 X9             0.625         0.905         1.052         1.660


           Correlations
              X1            X2            X3            X4            X5
              ________      ________      ________      ________      ________
 X1             1.000
 X2             0.656         1.000
 X3             0.499         0.518         1.000
 X4             0.420         0.615         0.443         1.000
 X5             0.532         0.521         0.446         0.436         1.000
 X6             0.403         0.476         0.359         0.469         0.581
 X7             0.442         0.452         0.343         0.398         0.434
 X8             0.381         0.418         0.369         0.342         0.400
 X9             0.407         0.499         0.362         0.472         0.435


           Correlations
              X6            X7            X8            X9
              ________      ________      ________      ________
 X6             1.000
 X7             0.461         1.000
 X8             0.390         0.525         1.000
 X9             0.436         0.551         0.585         1.000


     MAXIMUM LOG-LIKELIHOOD VALUE FOR THE UNRESTRICTED (H1) MODEL IS -5185.458


UNIVARIATE SAMPLE STATISTICS


     UNIVARIATE HIGHER-ORDER MOMENT DESCRIPTIVE STATISTICS

         Variable/         Mean/     Skewness/   Minimum/ % with                Percentiles
        Sample Size      Variance    Kurtosis    Maximum  Min/Max      20%/60%    40%/80%    Median

     X1                    3.418      -0.371       1.000    8.05%       2.000      3.000      4.000
             385.000       1.532      -0.901       5.000   22.60%       4.000      5.000
     X2                    3.223      -0.224       1.000   12.38%       2.000      3.000      3.000
             412.000       1.664      -1.028       5.000   19.42%       4.000      4.000
     X3                    2.900       0.104       1.000   14.56%       2.000      3.000      3.000
             419.000       1.474      -0.861       5.000   11.93%       3.000      4.000
     X4                    3.076      -0.122       1.000   14.76%       2.000      3.000      3.000
             420.000       1.670      -1.091       5.000   15.48%       4.000      4.000
     X5                    3.262      -0.275       1.000    8.81%       2.000      3.000      3.000
             420.000       1.398      -0.812       5.000   15.48%       4.000      4.000
     X6                    3.539      -0.581       1.000    6.59%       3.000      3.000      4.000
             410.000       1.239      -0.242       5.000   20.24%       4.000      5.000
     X7                    3.536      -0.624       1.000   10.82%       2.000      3.000      4.000
             379.000       1.658      -0.686       5.000   26.65%       4.000      5.000
     X8                    3.279      -0.308       1.000   15.40%       2.000      3.000      4.000
             383.000       1.925      -1.170       5.000   24.28%       4.000      5.000
     X9                    3.200      -0.347       1.000   15.00%       2.000      3.000      3.000
             400.000       1.675      -0.992       5.000   16.00%       4.000      4.000


THE MODEL ESTIMATION TERMINATED NORMALLY



MODEL FIT INFORMATION

Number of Free Parameters                       42

Loglikelihood

          H0 Value                       -5202.924
          H0 Scaling Correction Factor      1.3856
            for MLR
          H1 Value                       -5185.458
          H1 Scaling Correction Factor      1.2542
            for MLR

Information Criteria

          Akaike (AIC)                   10489.848
          Bayesian (BIC)                 10660.527
          Sample-Size Adjusted BIC       10527.244
            (n* = (n + 2) / 24)

Chi-Square Test of Model Fit

          Value                             43.992*
          Degrees of Freedom                    12
          P-Value                           0.0000
          Scaling Correction Factor         0.7941
            for MLR

*   The chi-square value for MLM, MLMV, MLR, ULSMV, WLSM and WLSMV cannot be used
    for chi-square difference testing in the regular way.  MLM, MLR and WLSM
    chi-square difference testing is described on the Mplus website.  MLMV, WLSMV,
    and ULSMV difference testing is done using the DIFFTEST option.

RMSEA (Root Mean Square Error Of Approximation)

          Estimate                           0.079
          90 Percent C.I.                    0.055  0.104
          Probability RMSEA <= .05           0.027

CFI/TLI

          CFI                                0.968
          TLI                                0.905

Chi-Square Test of Model Fit for the Baseline Model

          Value                           1043.453
          Degrees of Freedom                    36
          P-Value                           0.0000

SRMR (Standardized Root Mean Square Residual)

          Value                              0.021



MODEL RESULTS

                                                    Two-Tailed
                    Estimate       S.E.  Est./S.E.    P-Value

 GF       BY
    X1                 0.855      0.059     14.482      0.000
    X2                 1.056      0.054     19.691      0.000
    X3                 0.722      0.061     11.859      0.000
    X4                 0.857      0.054     16.012      0.000
    X5                 0.872      0.118      7.402      0.000
    X6                 0.719      0.071     10.063      0.000
    X7                 0.841      0.062     13.564      0.000
    X8                 0.893      0.065     13.814      0.000
    X9                 0.919      0.054     16.930      0.000

 F1       BY
    X1                 0.037      0.163      0.228      0.820
    X2                -0.209      0.153     -1.361      0.174
    X3                 0.015      0.185      0.079      0.937
    X4                -0.120      0.137     -0.876      0.381
    X5                 0.670      0.786      0.852      0.394
    X6                 0.205      0.288      0.711      0.477
    X7                -0.097      0.179     -0.543      0.587
    X8                -0.174      0.125     -1.393      0.164
    X9                -0.209      0.189     -1.108      0.268

 F2       BY
    X1                -0.270      0.079     -3.431      0.001
    X2                -0.481      0.200     -2.405      0.016
    X3                -0.155      0.101     -1.533      0.125
    X4                -0.176      0.088     -1.995      0.046
    X5                -0.020      0.057     -0.344      0.731
    X6                 0.067      0.080      0.844      0.399
    X7                 0.328      0.081      4.069      0.000
    X8                 0.477      0.117      4.085      0.000
    X9                 0.389      0.111      3.504      0.000

 F1       WITH
    GF                 0.000      0.000    999.000    999.000

 F2       WITH
    GF                 0.000      0.000    999.000    999.000
    F1                 0.000      0.000    999.000    999.000

 Intercepts
    X1                 3.406      0.061     55.405      0.000
    X2                 3.229      0.063     51.245      0.000
    X3                 2.907      0.059     49.009      0.000
    X4                 3.082      0.063     48.942      0.000
    X5                 3.266      0.058     56.795      0.000
    X6                 3.537      0.055     64.780      0.000
    X7                 3.515      0.064     54.572      0.000
    X8                 3.273      0.070     46.512      0.000
    X9                 3.213      0.064     50.476      0.000

 Variances
    GF                 1.000      0.000    999.000    999.000
    F1                 1.000      0.000    999.000    999.000
    F2                 1.000      0.000    999.000    999.000

 Residual Variances
    X1                 0.707      0.084      8.442      0.000
    X2                 0.265      0.306      0.868      0.386
    X3                 0.931      0.097      9.608      0.000
    X4                 0.889      0.108      8.230      0.000
    X5                 0.184      1.244      0.148      0.882
    X6                 0.676      0.193      3.509      0.000
    X7                 0.798      0.102      7.789      0.000
    X8                 0.892      0.134      6.680      0.000
    X9                 0.623      0.154      4.046      0.000


QUALITY OF NUMERICAL RESULTS

     Condition Number for the Information Matrix              0.850E-03
       (ratio of smallest to largest eigenvalue)


STANDARDIZED MODEL RESULTS


STDYX Standardization

                                                    Two-Tailed
                    Estimate       S.E.  Est./S.E.    P-Value

 GF       BY
    X1                 0.695      0.040     17.430      0.000
    X2                 0.821      0.034     24.124      0.000
    X3                 0.594      0.046     12.844      0.000
    X4                 0.663      0.037     18.006      0.000
    X5                 0.739      0.097      7.581      0.000
    X6                 0.646      0.056     11.490      0.000
    X7                 0.660      0.040     16.449      0.000
    X8                 0.640      0.041     15.795      0.000
    X9                 0.713      0.035     20.240      0.000

 F1       BY
    X1                 0.030      0.133      0.228      0.820
    X2                -0.162      0.119     -1.363      0.173
    X3                 0.012      0.152      0.079      0.937
    X4                -0.093      0.106     -0.874      0.382
    X5                 0.567      0.667      0.850      0.395
    X6                 0.184      0.259      0.712      0.476
    X7                -0.076      0.140     -0.544      0.587
    X8                -0.124      0.089     -1.395      0.163
    X9                -0.162      0.146     -1.110      0.267

 F2       BY
    X1                -0.220      0.064     -3.428      0.001
    X2                -0.374      0.156     -2.402      0.016
    X3                -0.127      0.083     -1.531      0.126
    X4                -0.136      0.068     -1.996      0.046
    X5                -0.017      0.048     -0.344      0.731
    X6                 0.061      0.072      0.844      0.399
    X7                 0.257      0.063      4.115      0.000
    X8                 0.342      0.083      4.113      0.000
    X9                 0.302      0.086      3.495      0.000

 F1       WITH
    GF                 0.000      0.000    999.000    999.000

 F2       WITH
    GF                 0.000      0.000    999.000    999.000
    F1                 0.000      0.000    999.000    999.000

 Intercepts
    X1                 2.770      0.100     27.653      0.000
    X2                 2.510      0.086     29.190      0.000
    X3                 2.392      0.075     31.873      0.000
    X4                 2.386      0.079     30.392      0.000
    X5                 2.767      0.098     28.307      0.000
    X6                 3.177      0.132     24.049      0.000
    X7                 2.759      0.114     24.202      0.000
    X8                 2.346      0.085     27.441      0.000
    X9                 2.492      0.091     27.281      0.000

 Variances
    GF                 1.000      0.000    999.000    999.000
    F1                 1.000      0.000    999.000    999.000
    F2                 1.000      0.000    999.000    999.000

 Residual Variances
    X1                 0.468      0.056      8.348      0.000
    X2                 0.160      0.185      0.868      0.386
    X3                 0.631      0.059     10.655      0.000
    X4                 0.533      0.061      8.706      0.000
    X5                 0.132      0.892      0.148      0.882
    X6                 0.546      0.156      3.494      0.000
    X7                 0.492      0.065      7.581      0.000
    X8                 0.458      0.070      6.574      0.000
    X9                 0.375      0.092      4.062      0.000


R-SQUARE

    Observed                                        Two-Tailed
    Variable        Estimate       S.E.  Est./S.E.    P-Value

    X1                 0.532      0.056      9.501      0.000
    X2                 0.840      0.185      4.550      0.000
    X3                 0.369      0.059      6.243      0.000
    X4                 0.467      0.061      7.633      0.000
    X5                 0.868      0.892      0.973      0.331
    X6                 0.454      0.156      2.910      0.004
    X7                 0.508      0.065      7.836      0.000
    X8                 0.542      0.070      7.773      0.000
    X9                 0.625      0.092      6.772      0.000


MODEL MODIFICATION INDICES

NOTE:  Modification indices for direct effects of observed dependent variables
regressed on covariates may not be included.  To include these, request
MODINDICES (ALL).

Minimum M.I. value for printing the modification index    10.000

                                   M.I.     E.P.C.  Std E.P.C.  StdYX E.P.C.

WITH Statements

X3       WITH X2                  10.315    -0.227     -0.227       -0.457
X4       WITH X1                  15.262    -0.218     -0.218       -0.276


DIAGRAM INFORMATION

  Use View Diagram under the Diagram menu in the Mplus Editor to view the diagram.
  If running Mplus from the Mplus Diagrammer, the diagram opens automatically.

  Diagram output
    c:\users\ekb8\box\spring 2022 sem lab\2022 materials\3.4.22 bifactor and esem\bifactor esem habit.dgm

     Beginning Time:  16:30:10
        Ending Time:  16:30:10
       Elapsed Time:  00:00:00



MUTHEN & MUTHEN
3463 Stoner Ave.
Los Angeles, CA  90066

Tel: (310) 391-9971
Fax: (310) 391-8971
Web: www.StatModel.com
Support: Support@StatModel.com

Copyright (c) 1998-2021 Muthen & Muthen
