Mplus VERSION 6.1
MUTHEN & MUTHEN
04/06/2016   1:40 PM

INPUT INSTRUCTIONS

  Title: Model 0, no interaction;

  Data: file=PCL_MR.dat;
  type is individual;

  Variable:
  NAMES ARE PANASNEG neurot AIMN ces ptgi closure pcl;
  !variables: PANAS negative affect (PANASNEG),
  !neuroticism (neurot), negative intensity/negative
  !affect (AIMN), centrality of events (ces - extent
  !to which a traumatic memory forms a central
  !component of personal identity), posttraumatic
  !growth (ptgi), closure (closure), PTSD checklist
  !(pcl)
  USEVARIABLES ARE PANASNEG neurot AIMN ces ptgi closure pcl;

  Analysis:

  Define: Standardize PANASNEG neurot AIMN ces ptgi closure pcl;

  Model:
  NA by PANASNEG neurot AIMN;
  !specifying negative affectivity factor
  Narr by ces ptgi closure;
  !specifying personal narrative factor

  !paths
  pcl on NA;
  pcl on Narr;

  !variances
  NA;
  narr;

  Output: sampstat tech1 tech4 residual standardized modindices;



INPUT READING TERMINATED NORMALLY



Model 0, no interaction;

SUMMARY OF ANALYSIS

Number of groups                                                 1
Number of observations                                         488

Number of dependent variables                                    7
Number of independent variables                                  0
Number of continuous latent variables                            2

Observed dependent variables

  Continuous
   PANASNEG    NEUROT      AIMN        CES         PTGI        CLOSURE
   PCL

Continuous latent variables
   NA          NARR


Estimator                                                       ML
Information matrix                                        OBSERVED
Maximum number of iterations                                  1000
Convergence criterion                                    0.500D-04
Maximum number of steepest descent iterations                   20

Input data file(s)
  PCL_MR.dat

Input data format  FREE


SAMPLE STATISTICS


     SAMPLE STATISTICS


           Means
              PANASNEG      NEUROT        AIMN          CES           PTGI
              ________      ________      ________      ________      ________
      1         0.000         0.000         0.000         0.000         0.000


           Means
              CLOSURE       PCL
              ________      ________
      1         0.000         0.000


           Covariances
              PANASNEG      NEUROT        AIMN          CES           PTGI
              ________      ________      ________      ________      ________
 PANASNEG       0.998
 NEUROT         0.517         0.998
 AIMN           0.464         0.700         0.998
 CES            0.184         0.197         0.192         0.998
 PTGI           0.039        -0.026        -0.006         0.590         0.998
 CLOSURE        0.200         0.209         0.193         0.456         0.215
 PCL            0.385         0.286         0.292         0.556         0.380


           Covariances
              CLOSURE       PCL
              ________      ________
 CLOSURE        0.998
 PCL            0.441         0.998


           Correlations
              PANASNEG      NEUROT        AIMN          CES           PTGI
              ________      ________      ________      ________      ________
 PANASNEG       1.000
 NEUROT         0.518         1.000
 AIMN           0.465         0.701         1.000
 CES            0.184         0.197         0.192         1.000
 PTGI           0.039        -0.026        -0.006         0.591         1.000
 CLOSURE        0.200         0.210         0.194         0.456         0.216
 PCL            0.386         0.286         0.293         0.558         0.381


           Correlations
              CLOSURE       PCL
              ________      ________
 CLOSURE        1.000
 PCL            0.441         1.000


THE MODEL ESTIMATION TERMINATED NORMALLY



MODEL FIT INFORMATION

Number of Free Parameters                       23

Loglikelihood

          H0 Value                       -4307.217
          H1 Value                       -4264.027

Information Criteria

          Akaike (AIC)                    8660.435
          Bayesian (BIC)                  8756.812
          Sample-Size Adjusted BIC        8683.811
            (n* = (n + 2) / 24)

Chi-Square Test of Model Fit

          Value                             86.381
          Degrees of Freedom                    12
          P-Value                           0.0000

RMSEA (Root Mean Square Error Of Approximation)

          Estimate                           0.113
          90 Percent C.I.                    0.091  0.136
          Probability RMSEA <= .05           0.000

CFI/TLI

          CFI                                0.935
          TLI                                0.886

Chi-Square Test of Model Fit for the Baseline Model

          Value                           1159.127
          Degrees of Freedom                    21
          P-Value                           0.0000

SRMR (Standardized Root Mean Square Residual)

          Value                              0.063



MODEL RESULTS

                                                    Two-Tailed
                    Estimate       S.E.  Est./S.E.    P-Value

 NA       BY
    PANASNEG           1.000      0.000    999.000    999.000
    NEUROT             1.415      0.111     12.790      0.000
    AIMN               1.327      0.105     12.681      0.000

 NARR     BY
    CES                1.000      0.000    999.000    999.000
    PTGI               0.690      0.053     12.999      0.000
    CLOSURE            0.552      0.056      9.821      0.000

 PCL      ON
    NA                 0.392      0.071      5.531      0.000
    NARR               0.619      0.060     10.336      0.000

 NARR     WITH
    NA                 0.136      0.032      4.274      0.000

 Intercepts
    PANASNEG           0.000      0.045      0.000      1.000
    NEUROT             0.000      0.045      0.000      1.000
    AIMN               0.000      0.045      0.000      1.000
    CES                0.000      0.045      0.000      1.000
    PTGI               0.000      0.045      0.000      1.000
    CLOSURE            0.000      0.045      0.000      1.000
    PCL                0.000      0.045      0.000      1.000

 Variances
    NA                 0.368      0.054      6.799      0.000
    NARR               0.834      0.081     10.305      0.000

 Residual Variances
    PANASNEG           0.630      0.046     13.743      0.000
    NEUROT             0.261      0.040      6.506      0.000
    AIMN               0.350      0.039      9.048      0.000
    CES                0.164      0.052      3.173      0.002
    PTGI               0.602      0.044     13.691      0.000
    CLOSURE            0.744      0.052     14.397      0.000
    PCL                0.556      0.045     12.383      0.000


STANDARDIZED MODEL RESULTS


STDYX Standardization

                                                    Two-Tailed
                    Estimate       S.E.  Est./S.E.    P-Value

 NA       BY
    PANASNEG           0.607      0.034     17.988      0.000
    NEUROT             0.859      0.024     35.352      0.000
    AIMN               0.806      0.025     32.001      0.000

 NARR     BY
    CES                0.914      0.029     31.749      0.000
    PTGI               0.630      0.032     19.665      0.000
    CLOSURE            0.504      0.039     12.863      0.000

 PCL      ON
 !these are your betas
    NA                 0.238      0.041      5.847      0.000
    NARR               0.566      0.039     14.371      0.000

 NARR     WITH
    NA                 0.246      0.051      4.847      0.000

 Intercepts
    PANASNEG           0.000      0.045      0.000      1.000
    NEUROT             0.000      0.045      0.000      1.000
    AIMN               0.000      0.045      0.000      1.000
    CES                0.000      0.045      0.000      1.000
    PTGI               0.000      0.045      0.000      1.000
    CLOSURE            0.000      0.045      0.000      1.000
    PCL                0.000      0.045      0.000      1.000

 Variances
    NA                 1.000      0.000    999.000    999.000
    NARR               1.000      0.000    999.000    999.000

 Residual Variances
    PANASNEG           0.631      0.041     15.395      0.000
    NEUROT             0.261      0.042      6.252      0.000
    AIMN               0.350      0.041      8.625      0.000
    CES                0.165      0.053      3.130      0.002
    PTGI               0.603      0.040     14.919      0.000
    CLOSURE            0.746      0.040     18.863      0.000
    PCL                0.557      0.043     12.853      0.000


STDY Standardization

                                                    Two-Tailed
                    Estimate       S.E.  Est./S.E.    P-Value

 NA       BY
    PANASNEG           0.607      0.034     17.988      0.000
    NEUROT             0.859      0.024     35.352      0.000
    AIMN               0.806      0.025     32.001      0.000

 NARR     BY
    CES                0.914      0.029     31.749      0.000
    PTGI               0.630      0.032     19.665      0.000
    CLOSURE            0.504      0.039     12.863      0.000

 PCL      ON
    NA                 0.238      0.041      5.847      0.000
    NARR               0.566      0.039     14.371      0.000

 NARR     WITH
    NA                 0.246      0.051      4.847      0.000

 Intercepts
    PANASNEG           0.000      0.045      0.000      1.000
    NEUROT             0.000      0.045      0.000      1.000
    AIMN               0.000      0.045      0.000      1.000
    CES                0.000      0.045      0.000      1.000
    PTGI               0.000      0.045      0.000      1.000
    CLOSURE            0.000      0.045      0.000      1.000
    PCL                0.000      0.045      0.000      1.000

 Variances
    NA                 1.000      0.000    999.000    999.000
    NARR               1.000      0.000    999.000    999.000

 Residual Variances
    PANASNEG           0.631      0.041     15.395      0.000
    NEUROT             0.261      0.042      6.252      0.000
    AIMN               0.350      0.041      8.625      0.000
    CES                0.165      0.053      3.130      0.002
    PTGI               0.603      0.040     14.919      0.000
    CLOSURE            0.746      0.040     18.863      0.000
    PCL                0.557      0.043     12.853      0.000


STD Standardization

                                                    Two-Tailed
                    Estimate       S.E.  Est./S.E.    P-Value

 NA       BY
    PANASNEG           0.607      0.045     13.597      0.000
    NEUROT             0.859      0.042     20.584      0.000
    AIMN               0.805      0.042     19.178      0.000

 NARR     BY
    CES                0.913      0.044     20.611      0.000
    PTGI               0.630      0.044     14.366      0.000
    CLOSURE            0.504      0.047     10.785      0.000

 PCL      ON
    NA                 0.238      0.042      5.698      0.000
    NARR               0.565      0.047     12.039      0.000

 NARR     WITH
    NA                 0.246      0.051      4.847      0.000

 Intercepts
    PANASNEG           0.000      0.045      0.000      1.000
    NEUROT             0.000      0.045      0.000      1.000
    AIMN               0.000      0.045      0.000      1.000
    CES                0.000      0.045      0.000      1.000
    PTGI               0.000      0.045      0.000      1.000
    CLOSURE            0.000      0.045      0.000      1.000
    PCL                0.000      0.045      0.000      1.000

 Variances
    NA                 1.000      0.000    999.000    999.000
    NARR               1.000      0.000    999.000    999.000

 Residual Variances
    PANASNEG           0.630      0.046     13.743      0.000
    NEUROT             0.261      0.040      6.506      0.000
    AIMN               0.350      0.039      9.048      0.000
    CES                0.164      0.052      3.173      0.002
    PTGI               0.602      0.044     13.691      0.000
    CLOSURE            0.744      0.052     14.397      0.000
    PCL                0.556      0.045     12.383      0.000


R-SQUARE

    Observed                                        Two-Tailed
    Variable        Estimate       S.E.  Est./S.E.    P-Value

    PANASNEG           0.369      0.041      8.994      0.000
    NEUROT             0.739      0.042     17.676      0.000
    AIMN               0.650      0.041     16.000      0.000
    CES                0.835      0.053     15.875      0.000
    PTGI               0.397      0.040      9.832      0.000
    CLOSURE            0.254      0.040      6.431      0.000
    PCL                0.443      0.043     10.219      0.000
    !this is your R-square for the no-interaction model


QUALITY OF NUMERICAL RESULTS

     Condition Number for the Information Matrix              0.224E-01
       (ratio of smallest to largest eigenvalue)


RESIDUAL OUTPUT


     ESTIMATED MODEL AND RESIDUALS (OBSERVED - ESTIMATED)


           Model Estimated Means/Intercepts/Thresholds
              PANASNEG      NEUROT        AIMN          CES           PTGI
              ________      ________      ________      ________      ________
      1         0.000         0.000         0.000         0.000         0.000


           Model Estimated Means/Intercepts/Thresholds
              CLOSURE       PCL
              ________      ________
      1         0.000         0.000


           Residuals for Means/Intercepts/Thresholds
              PANASNEG      NEUROT        AIMN          CES           PTGI
              ________      ________      ________      ________      ________
      1         0.000         0.000         0.000         0.000         0.000


           Residuals for Means/Intercepts/Thresholds
              CLOSURE       PCL
              ________      ________
      1         0.000         0.000


           Standardized Residuals (z-scores) for Means/Intercepts/Thresholds
              PANASNEG      NEUROT        AIMN          CES           PTGI
              ________      ________      ________      ________      ________
      1         0.000         0.000         0.000         0.000         0.000


           Standardized Residuals (z-scores) for Means/Intercepts/Thresholds
              CLOSURE       PCL
              ________      ________
      1         0.000         0.000


           Normalized Residuals for Means/Intercepts/Thresholds
              PANASNEG      NEUROT        AIMN          CES           PTGI
              ________      ________      ________      ________      ________
      1         0.000         0.000         0.000         0.000         0.000


           Normalized Residuals for Means/Intercepts/Thresholds
              CLOSURE       PCL
              ________      ________
      1         0.000         0.000


           Model Estimated Covariances/Correlations/Residual Correlations
              PANASNEG      NEUROT        AIMN          CES           PTGI
              ________      ________      ________      ________      ________
 PANASNEG       0.998
 NEUROT         0.521         0.998
 AIMN           0.488         0.691         0.998
 CES            0.136         0.193         0.181         0.998
 PTGI           0.094         0.133         0.125         0.575         0.998
 CLOSURE        0.075         0.107         0.100         0.460         0.317
 PCL            0.229         0.324         0.303         0.569         0.393


           Model Estimated Covariances/Correlations/Residual Correlations
              CLOSURE       PCL
              ________      ________
 CLOSURE        0.998
 PCL            0.314         0.998


           Residuals for Covariances/Correlations/Residual Correlations
              PANASNEG      NEUROT        AIMN          CES           PTGI
              ________      ________      ________      ________      ________
 PANASNEG       0.000
 NEUROT        -0.004         0.000
 AIMN          -0.024         0.009         0.000
 CES            0.048         0.004         0.011         0.000
 PTGI          -0.055        -0.159        -0.131         0.015         0.000
 CLOSURE        0.125         0.103         0.093        -0.004        -0.102
 PCL            0.156        -0.038        -0.011        -0.013        -0.013


           Residuals for Covariances/Correlations/Residual Correlations
              CLOSURE       PCL
              ________      ________
 CLOSURE        0.000
 PCL            0.126         0.000


           Standardized Residuals (z-scores) for Covariances/Correlations/Residual Corr
              PANASNEG      NEUROT        AIMN          CES           PTGI
              ________      ________      ________      ________      ________
 PANASNEG     999.000
 NEUROT        -0.636         0.000
 AIMN          -2.615       999.000         0.000
 CES            1.440         0.258         0.524         0.000
 PTGI          -1.402        -4.753        -3.760       999.000         0.000
 CLOSURE        2.959         2.675         2.389        -0.844        -4.308
 PCL            4.810        -3.033        -0.687        -6.306        -0.723


           Standardized Residuals (z-scores) for Covariances/Correlations/Residual Corr
              CLOSURE       PCL
              ________      ________
 CLOSURE        0.000
 PCL            4.930       999.000


           Normalized Residuals for Covariances/Correlations/Residual Correlations
              PANASNEG      NEUROT        AIMN          CES           PTGI
              ________      ________      ________      ________      ________
 PANASNEG       0.000
 NEUROT        -0.071         0.000
 AIMN          -0.490         0.156         0.000
 CES            1.035         0.086         0.234         0.000
 PTGI          -1.219        -3.521        -2.899         0.290         0.000
 CLOSURE        2.703         2.225         2.030        -0.088        -2.203
 PCL            3.226        -0.803        -0.240        -0.252        -0.261


           Normalized Residuals for Covariances/Correlations/Residual Correlations
              CLOSURE       PCL
              ________      ________
 CLOSURE        0.000
 PCL            2.559         0.000


MODEL MODIFICATION INDICES

NOTE:  Modification indices for direct effects of observed dependent variables
regressed on covariates may not be included.  To include these, request
MODINDICES (ALL).

Minimum M.I. value for printing the modification index    10.000

                            M.I.     E.P.C.  Std E.P.C.  StdYX E.P.C.

BY Statements

NA       BY PTGI           23.320    -0.345     -0.209       -0.209
NA       BY CLOSURE        11.709     0.260      0.158        0.158

WITH Statements

AIMN     WITH NEUROT       25.516     0.552      0.552        1.829
PTGI     WITH CES          25.664     0.342      0.342        1.086
CLOSURE  WITH PTGI         16.752    -0.151     -0.151       -0.226


TECHNICAL 1 OUTPUT


     PARAMETER SPECIFICATION


           NU
              PANASNEG      NEUROT        AIMN          CES           PTGI
              ________      ________      ________      ________      ________
      1           1             2             3             4             5


           NU
              CLOSURE       PCL
              ________      ________
      1           6             0


           LAMBDA
              NA            NARR          PCL
              ________      ________      ________
 PANASNEG           0             0             0
 NEUROT             7             0             0
 AIMN               8             0             0
 CES                0             0             0
 PTGI               0             9             0
 CLOSURE            0            10             0
 PCL                0             0             0


           THETA
              PANASNEG      NEUROT        AIMN          CES           PTGI
              ________      ________      ________      ________      ________
 PANASNEG          11
 NEUROT             0            12
 AIMN               0             0            13
 CES                0             0             0            14
 PTGI               0             0             0             0            15
 CLOSURE            0             0             0             0             0
 PCL                0             0             0             0             0


           THETA
              CLOSURE       PCL
              ________      ________
 CLOSURE           16
 PCL                0             0


           ALPHA
              NA            NARR          PCL
              ________      ________      ________
      1           0             0            17


           BETA
              NA            NARR          PCL
              ________      ________      ________
 NA                 0             0             0
 NARR               0             0             0
 PCL               18            19             0


           PSI
              NA            NARR          PCL
              ________      ________      ________
 NA                20
 NARR              21            22
 PCL                0             0            23


     STARTING VALUES


           NU
              PANASNEG      NEUROT        AIMN          CES           PTGI
              ________      ________      ________      ________      ________
      1         0.000         0.000         0.000         0.000         0.000


           NU
              CLOSURE       PCL
              ________      ________
      1         0.000         0.000


           LAMBDA
              NA            NARR          PCL
              ________      ________      ________
 PANASNEG       1.000         0.000         0.000
 NEUROT         1.225         0.000         0.000
 AIMN           1.174         0.000         0.000
 CES            0.000         1.000         0.000
 PTGI           0.000         0.615         0.000
 CLOSURE        0.000         0.558         0.000
 PCL            0.000         0.000         1.000


           THETA
              PANASNEG      NEUROT        AIMN          CES           PTGI
              ________      ________      ________      ________      ________
 PANASNEG       0.500
 NEUROT         0.000         0.500
 AIMN           0.000         0.000         0.500
 CES            0.000         0.000         0.000         0.500
 PTGI           0.000         0.000         0.000         0.000         0.500
 CLOSURE        0.000         0.000         0.000         0.000         0.000
 PCL            0.000         0.000         0.000         0.000         0.000


           THETA
              CLOSURE       PCL
              ________      ________
 CLOSURE        0.500
 PCL            0.000         0.000


           ALPHA
              NA            NARR          PCL
              ________      ________      ________
      1         0.000         0.000         0.000


           BETA
              NA            NARR          PCL
              ________      ________      ________
 NA             0.000         0.000         0.000
 NARR           0.000         0.000         0.000
 PCL            0.000         0.000         0.000


           PSI
              NA            NARR          PCL
              ________      ________      ________
 NA             0.050
 NARR           0.000         0.050
 PCL            0.000         0.000         0.500


TECHNICAL 4 OUTPUT


     ESTIMATES DERIVED FROM THE MODEL


           ESTIMATED MEANS FOR THE LATENT VARIABLES
              NA            NARR          PCL
              ________      ________      ________
      1         0.000         0.000         0.000


           ESTIMATED COVARIANCE MATRIX FOR THE LATENT VARIABLES
              NA            NARR          PCL
              ________      ________      ________
 NA             0.368
 NARR           0.136         0.834
 PCL            0.229         0.569         0.998


           ESTIMATED CORRELATION MATRIX FOR THE LATENT VARIABLES
              NA            NARR          PCL
              ________      ________      ________
 NA             1.000
 NARR           0.246         1.000
 PCL            0.377         0.624         1.000


     Beginning Time:  13:40:37
        Ending Time:  13:40:39
       Elapsed Time:  00:00:02



MUTHEN & MUTHEN
3463 Stoner Ave.
Los Angeles, CA  90066

Tel: (310) 391-9971
Fax: (310) 391-8971
Web: www.StatModel.com
Support: Support@StatModel.com

Copyright (c) 1998-2010 Muthen & Muthen
